[0.015s] Invoking command in '/workspace/bumperbot_ws/build/robot_nav2': CMAKE_PREFIX_PATH=${CMAKE_PREFIX_PATH}:/opt/ros/humble /usr/bin/cmake /workspace/bumperbot_ws/src/robot_nav2 -DCMAKE_INSTALL_PREFIX=/workspace/bumperbot_ws/install/robot_nav2
[0.451s] -- The C compiler identification is GNU 11.4.0
[0.687s] -- The CXX compiler identification is GNU 11.4.0
[0.700s] -- Detecting C compiler ABI info
[0.858s] -- Detecting C compiler ABI info - done
[0.868s] -- Check for working C compiler: /usr/bin/cc - skipped
[0.871s] -- Detecting C compile features
[0.872s] -- Detecting C compile features - done
[0.880s] -- Detecting CXX compiler ABI info
[1.089s] -- Detecting CXX compiler ABI info - done
[1.105s] -- Check for working CXX compiler: /usr/bin/c++ - skipped
[1.105s] -- Detecting CXX compile features
[1.106s] -- Detecting CXX compile features - done
[1.110s] -- Found ament_cmake: 1.3.11 (/opt/ros/humble/share/ament_cmake/cmake)
[1.479s] -- Found Python3: /usr/bin/python3 (found version "3.10.12") found components: Interpreter 
[1.747s] -- Found ament_lint_auto: 0.12.11 (/opt/ros/humble/share/ament_lint_auto/cmake)
[1.974s] -- Added test 'flake8' to check Python code syntax and style conventions
[1.975s] -- Added test 'lint_cmake' to check CMake code style
[1.976s] -- Added test 'pep257' to check Python code against some of the docstring style conventions in PEP 257
[1.980s] -- Added test 'xmllint' to check XML markup files
[1.984s] -- Configuring done
[1.993s] -- Generating done
[1.997s] -- Build files have been written to: /workspace/bumperbot_ws/build/robot_nav2
[2.013s] Invoked command in '/workspace/bumperbot_ws/build/robot_nav2' returned '0': CMAKE_PREFIX_PATH=${CMAKE_PREFIX_PATH}:/opt/ros/humble /usr/bin/cmake /workspace/bumperbot_ws/src/robot_nav2 -DCMAKE_INSTALL_PREFIX=/workspace/bumperbot_ws/install/robot_nav2
[2.014s] Invoking command in '/workspace/bumperbot_ws/build/robot_nav2': CMAKE_PREFIX_PATH=${CMAKE_PREFIX_PATH}:/opt/ros/humble /usr/bin/cmake --build /workspace/bumperbot_ws/build/robot_nav2 -- -j4 -l4
[2.141s] Invoked command in '/workspace/bumperbot_ws/build/robot_nav2' returned '0': CMAKE_PREFIX_PATH=${CMAKE_PREFIX_PATH}:/opt/ros/humble /usr/bin/cmake --build /workspace/bumperbot_ws/build/robot_nav2 -- -j4 -l4
[2.144s] Invoking command in '/workspace/bumperbot_ws/build/robot_nav2': CMAKE_PREFIX_PATH=${CMAKE_PREFIX_PATH}:/opt/ros/humble /usr/bin/cmake --install /workspace/bumperbot_ws/build/robot_nav2
[2.165s] -- Install configuration: ""
[2.165s] -- Installing: /workspace/bumperbot_ws/install/robot_nav2/share/robot_nav2//launch
[2.165s] -- Installing: /workspace/bumperbot_ws/install/robot_nav2/share/robot_nav2//launch/robot_nav2.launch.py
[2.166s] -- Installing: /workspace/bumperbot_ws/install/robot_nav2/share/robot_nav2//launch/nav2_bringup.launch.py
[2.167s] -- Installing: /workspace/bumperbot_ws/install/robot_nav2/share/robot_nav2//launch/robot_nav2_v1.launch.py
[2.168s] -- Installing: /workspace/bumperbot_ws/install/robot_nav2/share/robot_nav2//params
[2.168s] -- Installing: /workspace/bumperbot_ws/install/robot_nav2/share/robot_nav2//params/nav2_param_v1.yaml
[2.169s] -- Installing: /workspace/bumperbot_ws/install/robot_nav2/share/robot_nav2//params/nav2_param.yaml
[2.170s] -- Installing: /workspace/bumperbot_ws/install/robot_nav2/share/robot_nav2//rviz
[2.170s] -- Installing: /workspace/bumperbot_ws/install/robot_nav2/share/robot_nav2//maps
[2.170s] -- Installing: /workspace/bumperbot_ws/install/robot_nav2/share/robot_nav2//maps/map.pgm
[2.172s] -- Installing: /workspace/bumperbot_ws/install/robot_nav2/share/robot_nav2//maps/map.yaml
[2.174s] -- Installing: /workspace/bumperbot_ws/install/robot_nav2/share/ament_index/resource_index/package_run_dependencies/robot_nav2
[2.175s] -- Installing: /workspace/bumperbot_ws/install/robot_nav2/share/ament_index/resource_index/parent_prefix_path/robot_nav2
[2.175s] -- Installing: /workspace/bumperbot_ws/install/robot_nav2/share/robot_nav2/environment/ament_prefix_path.sh
[2.175s] -- Installing: /workspace/bumperbot_ws/install/robot_nav2/share/robot_nav2/environment/ament_prefix_path.dsv
[2.175s] -- Installing: /workspace/bumperbot_ws/install/robot_nav2/share/robot_nav2/environment/path.sh
[2.175s] -- Installing: /workspace/bumperbot_ws/install/robot_nav2/share/robot_nav2/environment/path.dsv
[2.175s] -- Installing: /workspace/bumperbot_ws/install/robot_nav2/share/robot_nav2/local_setup.bash
[2.176s] -- Installing: /workspace/bumperbot_ws/install/robot_nav2/share/robot_nav2/local_setup.sh
[2.176s] -- Installing: /workspace/bumperbot_ws/install/robot_nav2/share/robot_nav2/local_setup.zsh
[2.176s] -- Installing: /workspace/bumperbot_ws/install/robot_nav2/share/robot_nav2/local_setup.dsv
[2.178s] -- Installing: /workspace/bumperbot_ws/install/robot_nav2/share/robot_nav2/package.dsv
[2.178s] -- Installing: /workspace/bumperbot_ws/install/robot_nav2/share/ament_index/resource_index/packages/robot_nav2
[2.180s] -- Installing: /workspace/bumperbot_ws/install/robot_nav2/share/robot_nav2/cmake/robot_nav2Config.cmake
[2.180s] -- Installing: /workspace/bumperbot_ws/install/robot_nav2/share/robot_nav2/cmake/robot_nav2Config-version.cmake
[2.181s] -- Installing: /workspace/bumperbot_ws/install/robot_nav2/share/robot_nav2/package.xml
[2.182s] Invoked command in '/workspace/bumperbot_ws/build/robot_nav2' returned '0': CMAKE_PREFIX_PATH=${CMAKE_PREFIX_PATH}:/opt/ros/humble /usr/bin/cmake --install /workspace/bumperbot_ws/build/robot_nav2
