[01m[K/workspace/bumperbot_ws/src/rplidar_ros/sdk/src/arch/linux/net_serial.cpp:[m[K In member function ‘[01m[Kbool rp::arch::net::raw_serial::open(const char*, uint32_t, uint32_t)[m[K’:
[01m[K/workspace/bumperbot_ws/src/rplidar_ros/sdk/src/arch/linux/net_serial.cpp:97:74:[m[K [01;35m[Kwarning: [m[Kunused parameter ‘[01m[Kflags[m[K’ [[01;35m[K-Wunused-parameter[m[K]
   97 | bool raw_serial::open(const char * portname, uint32_t baudrate, [01;35m[Kuint32_t flags[m[K)
      |                                                                 [01;35m[K~~~~~~~~~^~~~~[m[K
[01m[K/workspace/bumperbot_ws/src/rplidar_ros/sdk/src/arch/linux/net_serial.cpp:[m[K In member function ‘[01m[Kvirtual void rp::arch::net::raw_serial::flush(_u32)[m[K’:
[01m[K/workspace/bumperbot_ws/src/rplidar_ros/sdk/src/arch/linux/net_serial.cpp:281:30:[m[K [01;35m[Kwarning: [m[Kunused parameter ‘[01m[Kflags[m[K’ [[01;35m[K-Wunused-parameter[m[K]
  281 | void raw_serial::flush( [01;35m[K_u32 flags[m[K)
      |                         [01;35m[K~~~~~^~~~~[m[K
[01m[K/workspace/bumperbot_ws/src/rplidar_ros/sdk/src/arch/linux/net_serial.cpp:[m[K In member function ‘[01m[Kvirtual int rp::arch::net::raw_serial::waitforsent(_u32, size_t*)[m[K’:
[01m[K/workspace/bumperbot_ws/src/rplidar_ros/sdk/src/arch/linux/net_serial.cpp:286:34:[m[K [01;35m[Kwarning: [m[Kunused parameter ‘[01m[Ktimeout[m[K’ [[01;35m[K-Wunused-parameter[m[K]
  286 | int raw_serial::waitforsent([01;35m[K_u32 timeout[m[K, size_t * returned_size)
      |                             [01;35m[K~~~~~^~~~~~~[m[K
[01m[K/workspace/bumperbot_ws/src/rplidar_ros/sdk/src/arch/linux/net_serial.cpp:[m[K In member function ‘[01m[Kvirtual int rp::arch::net::raw_serial::waitforrecv(_u32, size_t*)[m[K’:
[01m[K/workspace/bumperbot_ws/src/rplidar_ros/sdk/src/arch/linux/net_serial.cpp:292:34:[m[K [01;35m[Kwarning: [m[Kunused parameter ‘[01m[Ktimeout[m[K’ [[01;35m[K-Wunused-parameter[m[K]
  292 | int raw_serial::waitforrecv([01;35m[K_u32 timeout[m[K, size_t * returned_size)
      |                             [01;35m[K~~~~~^~~~~~~[m[K
[01m[K/workspace/bumperbot_ws/src/rplidar_ros/sdk/src/arch/linux/net_serial.cpp:[m[K In member function ‘[01m[Kvirtual void rp::arch::net::raw_serial::cancelOperation()[m[K’:
[01m[K/workspace/bumperbot_ws/src/rplidar_ros/sdk/src/arch/linux/net_serial.cpp:427:5:[m[K [01;35m[Kwarning: [m[Kvalue computed is not used [[01;35m[K-Wunused-value[m[K]
  427 |     [01;35m[K(int)::write(_selfpipe[1], "x", 1)[m[K;
      |     [01;35m[K^~~~~~~~~~~~~~~~~~~~~~~~~~~~~~~~~~[m[K
In file included from [01m[K/workspace/bumperbot_ws/src/rplidar_ros/./sdk/include/rplidar_protocol.h:36[m[K,
                 from [01m[K/workspace/bumperbot_ws/src/rplidar_ros/./sdk/include/rplidar.h:39[m[K,
                 from [01m[K/workspace/bumperbot_ws/src/rplidar_ros/./sdk/src/sdkcommon.h:49[m[K,
                 from [01m[K/workspace/bumperbot_ws/src/rplidar_ros/sdk/src/arch/linux/net_socket.cpp:10[m[K:
[01m[K/workspace/bumperbot_ws/src/rplidar_ros/./sdk/include/sl_lidar_protocol.h:66:16:[m[K [01;35m[Kwarning: [m[KISO C++ forbids zero-size array ‘[01m[Kdata[m[K’ [[01;35m[K-Wpedantic[m[K]
   66 |     sl_u8 data[[01;35m[K0[m[K];
      |                [01;35m[K^[m[K
In file included from [01m[K/workspace/bumperbot_ws/src/rplidar_ros/./sdk/include/rplidar_cmd.h:36[m[K,
                 from [01m[K/workspace/bumperbot_ws/src/rplidar_ros/./sdk/include/rplidar.h:40[m[K,
                 from [01m[K/workspace/bumperbot_ws/src/rplidar_ros/./sdk/src/sdkcommon.h:49[m[K,
                 from [01m[K/workspace/bumperbot_ws/src/rplidar_ros/sdk/src/arch/linux/net_socket.cpp:10[m[K:
[01m[K/workspace/bumperbot_ws/src/rplidar_ros/./sdk/include/sl_lidar_cmd.h:324:20:[m[K [01;35m[Kwarning: [m[KISO C++ forbids zero-size array ‘[01m[Kpayload[m[K’ [[01;35m[K-Wpedantic[m[K]
  324 |     sl_u8  payload[[01;35m[K0[m[K];
      |                    [01;35m[K^[m[K
In file included from [01m[K/workspace/bumperbot_ws/src/rplidar_ros/./sdk/src/arch/linux/arch_linux.h:42[m[K,
                 from [01m[K/workspace/bumperbot_ws/src/rplidar_ros/./sdk/src/sdkcommon.h:41[m[K,
                 from [01m[K/workspace/bumperbot_ws/src/rplidar_ros/sdk/src/arch/linux/net_socket.cpp:10[m[K:
[01m[K/workspace/bumperbot_ws/src/rplidar_ros/sdk/src/arch/linux/net_socket.cpp:[m[K In member function ‘[01m[Kvirtual u_result rp::arch::net::DGramSocketImpl::sendTo(const rp::net::SocketAddress*, const void*, size_t)[m[K’:
[01m[K/workspace/bumperbot_ws/src/rplidar_ros/sdk/src/arch/linux/net_socket.cpp:733:24:[m[K [01;35m[Kwarning: [m[Kcomparison of integer expressions of different signedness: ‘[01m[Kint[m[K’ and ‘[01m[Ksize_t[m[K’ {aka ‘[01m[Klong unsigned int[m[K’} [[01;35m[K-Wsign-compare[m[K]
  733 |             assert([01;35m[Kans == len[m[K);
      |                    [01;35m[K~~~~^~~~~~[m[K
In file included from [01m[K/workspace/bumperbot_ws/src/rplidar_ros/./sdk/include/rplidar_protocol.h:36[m[K,
                 from [01m[K/workspace/bumperbot_ws/src/rplidar_ros/./sdk/include/rplidar.h:39[m[K,
                 from [01m[K/workspace/bumperbot_ws/src/rplidar_ros/./sdk/src/sdkcommon.h:49[m[K,
                 from [01m[K/workspace/bumperbot_ws/src/rplidar_ros/sdk/src/dataunpacker/dataunnpacker_commondef.h:41[m[K,
                 from [01m[K/workspace/bumperbot_ws/src/rplidar_ros/sdk/src/dataunpacker/dataunpacker.cpp:39[m[K:
[01m[K/workspace/bumperbot_ws/src/rplidar_ros/./sdk/include/sl_lidar_protocol.h:66:16:[m[K [01;35m[Kwarning: [m[KISO C++ forbids zero-size array ‘[01m[Kdata[m[K’ [[01;35m[K-Wpedantic[m[K]
   66 |     sl_u8 data[[01;35m[K0[m[K];
      |                [01;35m[K^[m[K
In file included from [01m[K/workspace/bumperbot_ws/src/rplidar_ros/./sdk/include/rplidar_cmd.h:36[m[K,
                 from [01m[K/workspace/bumperbot_ws/src/rplidar_ros/./sdk/include/rplidar.h:40[m[K,
                 from [01m[K/workspace/bumperbot_ws/src/rplidar_ros/./sdk/src/sdkcommon.h:49[m[K,
                 from [01m[K/workspace/bumperbot_ws/src/rplidar_ros/sdk/src/dataunpacker/dataunnpacker_commondef.h:41[m[K,
                 from [01m[K/workspace/bumperbot_ws/src/rplidar_ros/sdk/src/dataunpacker/dataunpacker.cpp:39[m[K:
[01m[K/workspace/bumperbot_ws/src/rplidar_ros/./sdk/include/sl_lidar_cmd.h:324:20:[m[K [01;35m[Kwarning: [m[KISO C++ forbids zero-size array ‘[01m[Kpayload[m[K’ [[01;35m[K-Wpedantic[m[K]
  324 |     sl_u8  payload[[01;35m[K0[m[K];
      |                    [01;35m[K^[m[K
In file included from [01m[K/workspace/bumperbot_ws/src/rplidar_ros/sdk/src/dataunpacker/dataunpacker.cpp:40[m[K:
[01m[K/workspace/bumperbot_ws/src/rplidar_ros/sdk/src/dataunpacker/dataunpacker.h:[m[K In member function ‘[01m[Kvirtual void sl::internal::LIDARSampleDataListener::onCustomSampleDataDecoded(_u8, _u32, const void*, size_t)[m[K’:
[01m[K/workspace/bumperbot_ws/src/rplidar_ros/sdk/src/dataunpacker/dataunpacker.h:54:52:[m[K [01;35m[Kwarning: [m[Kunused parameter ‘[01m[KansType[m[K’ [[01;35m[K-Wunused-parameter[m[K]
   54 |         virtual void onCustomSampleDataDecoded([01;35m[K_u8 ansType[m[K, _u32 customCode, const void* data, size_t size) {}
      |                                                [01;35m[K~~~~^~~~~~~[m[K
[01m[K/workspace/bumperbot_ws/src/rplidar_ros/sdk/src/dataunpacker/dataunpacker.h:54:66:[m[K [01;35m[Kwarning: [m[Kunused parameter ‘[01m[KcustomCode[m[K’ [[01;35m[K-Wunused-parameter[m[K]
   54 |         virtual void onCustomSampleDataDecoded(_u8 ansType, [01;35m[K_u32 customCode[m[K, const void* data, size_t size) {}
      |                                                             [01;35m[K~~~~~^~~~~~~~~~[m[K
[01m[K/workspace/bumperbot_ws/src/rplidar_ros/sdk/src/dataunpacker/dataunpacker.h:54:90:[m[K [01;35m[Kwarning: [m[Kunused parameter ‘[01m[Kdata[m[K’ [[01;35m[K-Wunused-parameter[m[K]
   54 |         virtual void onCustomSampleDataDecoded(_u8 ansType, _u32 customCode, [01;35m[Kconst void* data[m[K, size_t size) {}
      |                                                                              [01;35m[K~~~~~~~~~~~~^~~~[m[K
[01m[K/workspace/bumperbot_ws/src/rplidar_ros/sdk/src/dataunpacker/dataunpacker.h:54:103:[m[K [01;35m[Kwarning: [m[Kunused parameter ‘[01m[Ksize[m[K’ [[01;35m[K-Wunused-parameter[m[K]
   54 |         virtual void onCustomSampleDataDecoded(_u8 ansType, _u32 customCode, const void* data, [01;35m[Ksize_t size[m[K) {}
      |                                                                                                [01;35m[K~~~~~~~^~~~[m[K
[01m[K/workspace/bumperbot_ws/src/rplidar_ros/sdk/src/dataunpacker/dataunpacker.h:[m[K In member function ‘[01m[Kvirtual void sl::internal::LIDARSampleDataListener::onDecodingError(int, _u8, const void*, size_t)[m[K’:
[01m[K/workspace/bumperbot_ws/src/rplidar_ros/sdk/src/dataunpacker/dataunpacker.h:56:42:[m[K [01;35m[Kwarning: [m[Kunused parameter ‘[01m[KerrMsg[m[K’ [[01;35m[K-Wunused-parameter[m[K]
   56 |         virtual void onDecodingError([01;35m[Kint errMsg[m[K, _u8 ansType, const void* payload, size_t size) {}
      |                                      [01;35m[K~~~~^~~~~~[m[K
[01m[K/workspace/bumperbot_ws/src/rplidar_ros/sdk/src/dataunpacker/dataunpacker.h:56:54:[m[K [01;35m[Kwarning: [m[Kunused parameter ‘[01m[KansType[m[K’ [[01;35m[K-Wunused-parameter[m[K]
   56 |         virtual void onDecodingError(int errMsg, [01;35m[K_u8 ansType[m[K, const void* payload, size_t size) {}
      |                                                  [01;35m[K~~~~^~~~~~~[m[K
[01m[K/workspace/bumperbot_ws/src/rplidar_ros/sdk/src/dataunpacker/dataunpacker.h:56:75:[m[K [01;35m[Kwarning: [m[Kunused parameter ‘[01m[Kpayload[m[K’ [[01;35m[K-Wunused-parameter[m[K]
   56 |         virtual void onDecodingError(int errMsg, _u8 ansType, [01;35m[Kconst void* payload[m[K, size_t size) {}
      |                                                               [01;35m[K~~~~~~~~~~~~^~~~~~~[m[K
[01m[K/workspace/bumperbot_ws/src/rplidar_ros/sdk/src/dataunpacker/dataunpacker.h:56:91:[m[K [01;35m[Kwarning: [m[Kunused parameter ‘[01m[Ksize[m[K’ [[01;35m[K-Wunused-parameter[m[K]
   56 |         virtual void onDecodingError(int errMsg, _u8 ansType, const void* payload, [01;35m[Ksize_t size[m[K) {}
      |                                                                                    [01;35m[K~~~~~~~^~~~[m[K
In file included from [01m[K/workspace/bumperbot_ws/src/rplidar_ros/./sdk/include/sl_lidar_cmd.h:41[m[K,
                 from [01m[K/workspace/bumperbot_ws/src/rplidar_ros/./sdk/include/sl_lidar_driver.h:54[m[K,
                 from [01m[K/workspace/bumperbot_ws/src/rplidar_ros/./sdk/include/sl_lidar.h:36[m[K,
                 from [01m[K/workspace/bumperbot_ws/src/rplidar_ros/src/rplidar_node.cpp:38[m[K:
[01m[K/workspace/bumperbot_ws/src/rplidar_ros/./sdk/include/sl_lidar_protocol.h:66:16:[m[K [01;35m[Kwarning: [m[KISO C++ forbids zero-size array ‘[01m[Kdata[m[K’ [[01;35m[K-Wpedantic[m[K]
   66 |     sl_u8 data[[01;35m[K0[m[K];
      |                [01;35m[K^[m[K
In file included from [01m[K/workspace/bumperbot_ws/src/rplidar_ros/./sdk/include/sl_lidar_driver.h:54[m[K,
                 from [01m[K/workspace/bumperbot_ws/src/rplidar_ros/./sdk/include/sl_lidar.h:36[m[K,
                 from [01m[K/workspace/bumperbot_ws/src/rplidar_ros/src/rplidar_node.cpp:38[m[K:
[01m[K/workspace/bumperbot_ws/src/rplidar_ros/./sdk/include/sl_lidar_cmd.h:324:20:[m[K [01;35m[Kwarning: [m[KISO C++ forbids zero-size array ‘[01m[Kpayload[m[K’ [[01;35m[K-Wpedantic[m[K]
  324 |     sl_u8  payload[[01;35m[K0[m[K];
      |                    [01;35m[K^[m[K
In file included from [01m[K/workspace/bumperbot_ws/src/rplidar_ros/./sdk/include/sl_lidar_cmd.h:41[m[K,
                 from [01m[K/workspace/bumperbot_ws/src/rplidar_ros/./sdk/include/sl_lidar_driver.h:54[m[K,
                 from [01m[K/workspace/bumperbot_ws/src/rplidar_ros/./sdk/include/sl_lidar.h:36[m[K,
                 from [01m[K/workspace/bumperbot_ws/src/rplidar_ros/src/rplidar_node.cpp:38[m[K:
[01m[K/workspace/bumperbot_ws/src/rplidar_ros/./sdk/include/sl_lidar_protocol.h:66:16:[m[K [01;35m[Kwarning: [m[KISO C++ forbids zero-size array ‘[01m[Kdata[m[K’ [[01;35m[K-Wpedantic[m[K]
   66 |     sl_u8 data[[01;35m[K0[m[K];
      |                [01;35m[K^[m[K
In file included from [01m[K/workspace/bumperbot_ws/src/rplidar_ros/./sdk/include/sl_lidar_driver.h:54[m[K,
                 from [01m[K/workspace/bumperbot_ws/src/rplidar_ros/./sdk/include/sl_lidar.h:36[m[K,
                 from [01m[K/workspace/bumperbot_ws/src/rplidar_ros/src/rplidar_node.cpp:38[m[K:
[01m[K/workspace/bumperbot_ws/src/rplidar_ros/./sdk/include/sl_lidar_cmd.h:324:20:[m[K [01;35m[Kwarning: [m[KISO C++ forbids zero-size array ‘[01m[Kpayload[m[K’ [[01;35m[K-Wpedantic[m[K]
  324 |     sl_u8  payload[[01;35m[K0[m[K];
      |                    [01;35m[K^[m[K
In file included from [01m[K/workspace/bumperbot_ws/src/rplidar_ros/./sdk/include/rplidar_protocol.h:36[m[K,
                 from [01m[K/workspace/bumperbot_ws/src/rplidar_ros/./sdk/include/rplidar.h:39[m[K,
                 from [01m[K/workspace/bumperbot_ws/src/rplidar_ros/./sdk/src/sdkcommon.h:49[m[K,
                 from [01m[K/workspace/bumperbot_ws/src/rplidar_ros/sdk/src/dataunpacker/unpacker/../dataunnpacker_commondef.h:41[m[K,
                 from [01m[K/workspace/bumperbot_ws/src/rplidar_ros/sdk/src/dataunpacker/unpacker/handler_capsules.cpp:39[m[K:
[01m[K/workspace/bumperbot_ws/src/rplidar_ros/./sdk/include/sl_lidar_protocol.h:66:16:[m[K [01;35m[Kwarning: [m[KISO C++ forbids zero-size array ‘[01m[Kdata[m[K’ [[01;35m[K-Wpedantic[m[K]
   66 |     sl_u8 data[[01;35m[K0[m[K];
      |                [01;35m[K^[m[K
In file included from [01m[K/workspace/bumperbot_ws/src/rplidar_ros/./sdk/include/rplidar_cmd.h:36[m[K,
                 from [01m[K/workspace/bumperbot_ws/src/rplidar_ros/./sdk/include/rplidar.h:40[m[K,
                 from [01m[K/workspace/bumperbot_ws/src/rplidar_ros/./sdk/src/sdkcommon.h:49[m[K,
                 from [01m[K/workspace/bumperbot_ws/src/rplidar_ros/sdk/src/dataunpacker/unpacker/../dataunnpacker_commondef.h:41[m[K,
                 from [01m[K/workspace/bumperbot_ws/src/rplidar_ros/sdk/src/dataunpacker/unpacker/handler_capsules.cpp:39[m[K:
[01m[K/workspace/bumperbot_ws/src/rplidar_ros/./sdk/include/sl_lidar_cmd.h:324:20:[m[K [01;35m[Kwarning: [m[KISO C++ forbids zero-size array ‘[01m[Kpayload[m[K’ [[01;35m[K-Wpedantic[m[K]
  324 |     sl_u8  payload[[01;35m[K0[m[K];
      |                    [01;35m[K^[m[K
In file included from [01m[K/workspace/bumperbot_ws/src/rplidar_ros/sdk/src/dataunpacker/unpacker/handler_capsules.cpp:40[m[K:
[01m[K/workspace/bumperbot_ws/src/rplidar_ros/sdk/src/dataunpacker/unpacker/../dataunpacker.h:[m[K In member function ‘[01m[Kvirtual void sl::internal::LIDARSampleDataListener::onCustomSampleDataDecoded(_u8, _u32, const void*, size_t)[m[K’:
[01m[K/workspace/bumperbot_ws/src/rplidar_ros/sdk/src/dataunpacker/unpacker/../dataunpacker.h:54:52:[m[K [01;35m[Kwarning: [m[Kunused parameter ‘[01m[KansType[m[K’ [[01;35m[K-Wunused-parameter[m[K]
   54 |         virtual void onCustomSampleDataDecoded([01;35m[K_u8 ansType[m[K, _u32 customCode, const void* data, size_t size) {}
      |                                                [01;35m[K~~~~^~~~~~~[m[K
[01m[K/workspace/bumperbot_ws/src/rplidar_ros/sdk/src/dataunpacker/unpacker/../dataunpacker.h:54:66:[m[K [01;35m[Kwarning: [m[Kunused parameter ‘[01m[KcustomCode[m[K’ [[01;35m[K-Wunused-parameter[m[K]
   54 |         virtual void onCustomSampleDataDecoded(_u8 ansType, [01;35m[K_u32 customCode[m[K, const void* data, size_t size) {}
      |                                                             [01;35m[K~~~~~^~~~~~~~~~[m[K
[01m[K/workspace/bumperbot_ws/src/rplidar_ros/sdk/src/dataunpacker/unpacker/../dataunpacker.h:54:90:[m[K [01;35m[Kwarning: [m[Kunused parameter ‘[01m[Kdata[m[K’ [[01;35m[K-Wunused-parameter[m[K]
   54 |         virtual void onCustomSampleDataDecoded(_u8 ansType, _u32 customCode, [01;35m[Kconst void* data[m[K, size_t size) {}
      |                                                                              [01;35m[K~~~~~~~~~~~~^~~~[m[K
[01m[K/workspace/bumperbot_ws/src/rplidar_ros/sdk/src/dataunpacker/unpacker/../dataunpacker.h:54:103:[m[K [01;35m[Kwarning: [m[Kunused parameter ‘[01m[Ksize[m[K’ [[01;35m[K-Wunused-parameter[m[K]
   54 |         virtual void onCustomSampleDataDecoded(_u8 ansType, _u32 customCode, const void* data, [01;35m[Ksize_t size[m[K) {}
      |                                                                                                [01;35m[K~~~~~~~^~~~[m[K
[01m[K/workspace/bumperbot_ws/src/rplidar_ros/sdk/src/dataunpacker/unpacker/../dataunpacker.h:[m[K In member function ‘[01m[Kvirtual void sl::internal::LIDARSampleDataListener::onDecodingError(int, _u8, const void*, size_t)[m[K’:
[01m[K/workspace/bumperbot_ws/src/rplidar_ros/sdk/src/dataunpacker/unpacker/../dataunpacker.h:56:42:[m[K [01;35m[Kwarning: [m[Kunused parameter ‘[01m[KerrMsg[m[K’ [[01;35m[K-Wunused-parameter[m[K]
   56 |         virtual void onDecodingError([01;35m[Kint errMsg[m[K, _u8 ansType, const void* payload, size_t size) {}
      |                                      [01;35m[K~~~~^~~~~~[m[K
[01m[K/workspace/bumperbot_ws/src/rplidar_ros/sdk/src/dataunpacker/unpacker/../dataunpacker.h:56:54:[m[K [01;35m[Kwarning: [m[Kunused parameter ‘[01m[KansType[m[K’ [[01;35m[K-Wunused-parameter[m[K]
   56 |         virtual void onDecodingError(int errMsg, [01;35m[K_u8 ansType[m[K, const void* payload, size_t size) {}
      |                                                  [01;35m[K~~~~^~~~~~~[m[K
[01m[K/workspace/bumperbot_ws/src/rplidar_ros/sdk/src/dataunpacker/unpacker/../dataunpacker.h:56:75:[m[K [01;35m[Kwarning: [m[Kunused parameter ‘[01m[Kpayload[m[K’ [[01;35m[K-Wunused-parameter[m[K]
   56 |         virtual void onDecodingError(int errMsg, _u8 ansType, [01;35m[Kconst void* payload[m[K, size_t size) {}
      |                                                               [01;35m[K~~~~~~~~~~~~^~~~~~~[m[K
[01m[K/workspace/bumperbot_ws/src/rplidar_ros/sdk/src/dataunpacker/unpacker/../dataunpacker.h:56:91:[m[K [01;35m[Kwarning: [m[Kunused parameter ‘[01m[Ksize[m[K’ [[01;35m[K-Wunused-parameter[m[K]
   56 |         virtual void onDecodingError(int errMsg, _u8 ansType, const void* payload, [01;35m[Ksize_t size[m[K) {}
      |                                                                                    [01;35m[K~~~~~~~^~~~[m[K
[01m[K/workspace/bumperbot_ws/src/rplidar_ros/sdk/src/dataunpacker/unpacker/handler_capsules.cpp:[m[K In member function ‘[01m[Kvoid sl::internal::unpacker::UnpackerHandler_DenseCapsuleNode::_onScanNodeDenseCapsuleData(rplidar_response_dense_capsule_measurement_nodes_t&, sl::internal::LIDARSampleDataUnpackerInner*)[m[K’:
[01m[K/workspace/bumperbot_ws/src/rplidar_ros/sdk/src/dataunpacker/unpacker/handler_capsules.cpp:763:30:[m[K [01;35m[Kwarning: [m[Ktype qualifiers ignored on cast result type [[01;35m[K-Wignored-qualifiers[m[K]
  763 |             const int dist = [01;35m[Kstatic_cast<const int>(_cached_previous_dense_capsuledata.cabins[pos].distance)[m[K;
      |                              [01;35m[K^~~~~~~~~~~~~~~~~~~~~~~~~~~~~~~~~~~~~~~~~~~~~~~~~~~~~~~~~~~~~~~~~~~~~~~~~~~~~~~[m[K
