[0.015s] Invoking command in '/workspace/bumperbot_ws/build/rplidar_ros': CMAKE_PREFIX_PATH=/opt/ros/humble /usr/bin/cmake /workspace/bumperbot_ws/src/rplidar_ros -DCMAKE_INSTALL_PREFIX=/workspace/bumperbot_ws/install/rplidar_ros
[0.181s] -- The C compiler identification is GNU 11.4.0
[0.339s] -- The CXX compiler identification is GNU 11.4.0
[0.356s] -- Detecting C compiler ABI info
[0.530s] -- Detecting C compiler ABI info - done
[0.546s] -- Check for working C compiler: /usr/bin/cc - skipped
[0.547s] -- Detecting C compile features
[0.548s] -- Detecting C compile features - done
[0.555s] -- Detecting CXX compiler ABI info
[0.809s] -- Detecting CXX compiler ABI info - done
[0.841s] -- Check for working CXX compiler: /usr/bin/c++ - skipped
[0.841s] -- Detecting CXX compile features
[0.845s] -- Detecting CXX compile features - done
[0.864s] -- Found ament_cmake: 1.3.11 (/opt/ros/humble/share/ament_cmake/cmake)
[1.197s] -- Found Python3: /usr/bin/python3 (found version "3.10.12") found components: Interpreter 
[1.479s] -- Found rclcpp: 16.0.11 (/opt/ros/humble/share/rclcpp/cmake)
[1.647s] -- Found rosidl_generator_c: 3.1.6 (/opt/ros/humble/share/rosidl_generator_c/cmake)
[1.671s] -- Found rosidl_adapter: 3.1.6 (/opt/ros/humble/share/rosidl_adapter/cmake)
[1.714s] -- Found rosidl_generator_cpp: 3.1.6 (/opt/ros/humble/share/rosidl_generator_cpp/cmake)
[1.771s] -- Using all available rosidl_typesupport_c: rosidl_typesupport_fastrtps_c;rosidl_typesupport_introspection_c
[1.842s] -- Using all available rosidl_typesupport_cpp: rosidl_typesupport_fastrtps_cpp;rosidl_typesupport_introspection_cpp
[2.034s] -- Found rmw_implementation_cmake: 6.1.2 (/opt/ros/humble/share/rmw_implementation_cmake/cmake)
[2.047s] -- Found rmw_fastrtps_cpp: 6.2.7 (/opt/ros/humble/share/rmw_fastrtps_cpp/cmake)
[2.469s] -- Found OpenSSL: /usr/lib/aarch64-linux-gnu/libcrypto.so (found version "3.0.2")  
[2.575s] -- Found FastRTPS: /opt/ros/humble/include  
[2.724s] -- Using RMW implementation 'rmw_fastrtps_cpp' as default
[2.777s] -- Looking for pthread.h
[3.061s] -- Looking for pthread.h - found
[3.062s] -- Performing Test CMAKE_HAVE_LIBC_PTHREAD
[3.309s] -- Performing Test CMAKE_HAVE_LIBC_PTHREAD - Success
[3.319s] -- Found Threads: TRUE  
[3.532s] -- Found sensor_msgs: 4.2.4 (/opt/ros/humble/share/sensor_msgs/cmake)
[3.680s] -- Found std_srvs: 4.2.4 (/opt/ros/humble/share/std_srvs/cmake)
[3.974s] -- Configuring done
[4.106s] -- Generating done
[4.141s] -- Build files have been written to: /workspace/bumperbot_ws/build/rplidar_ros
[4.197s] Invoked command in '/workspace/bumperbot_ws/build/rplidar_ros' returned '0': CMAKE_PREFIX_PATH=/opt/ros/humble /usr/bin/cmake /workspace/bumperbot_ws/src/rplidar_ros -DCMAKE_INSTALL_PREFIX=/workspace/bumperbot_ws/install/rplidar_ros
[4.197s] Invoking command in '/workspace/bumperbot_ws/build/rplidar_ros': CMAKE_PREFIX_PATH=/opt/ros/humble /usr/bin/cmake --build /workspace/bumperbot_ws/build/rplidar_ros -- -j4 -l4
[4.446s] [  2%] [32mBuilding CXX object CMakeFiles/rplidar_client.dir/src/rplidar_client.cpp.o[0m
[4.467s] [  5%] [32mBuilding CXX object CMakeFiles/rplidar_node.dir/src/rplidar_node.cpp.o[0m
[4.486s] [  7%] [32mBuilding CXX object CMakeFiles/rplidar_composition.dir/src/rplidar_node.cpp.o[0m
[4.493s] [ 10%] [32mBuilding CXX object CMakeFiles/rplidar_composition.dir/sdk/src/arch/linux/net_serial.cpp.o[0m
[7.064s] [01m[K/workspace/bumperbot_ws/src/rplidar_ros/sdk/src/arch/linux/net_serial.cpp:[m[K In member function ‘[01m[Kbool rp::arch::net::raw_serial::open(const char*, uint32_t, uint32_t)[m[K’:
[7.064s] [01m[K/workspace/bumperbot_ws/src/rplidar_ros/sdk/src/arch/linux/net_serial.cpp:97:74:[m[K [01;35m[Kwarning: [m[Kunused parameter ‘[01m[Kflags[m[K’ [[01;35m[K-Wunused-parameter[m[K]
[7.065s]    97 | bool raw_serial::open(const char * portname, uint32_t baudrate, [01;35m[Kuint32_t flags[m[K)
[7.065s]       |                                                                 [01;35m[K~~~~~~~~~^~~~~[m[K
[7.068s] [01m[K/workspace/bumperbot_ws/src/rplidar_ros/sdk/src/arch/linux/net_serial.cpp:[m[K In member function ‘[01m[Kvirtual void rp::arch::net::raw_serial::flush(_u32)[m[K’:
[7.068s] [01m[K/workspace/bumperbot_ws/src/rplidar_ros/sdk/src/arch/linux/net_serial.cpp:281:30:[m[K [01;35m[Kwarning: [m[Kunused parameter ‘[01m[Kflags[m[K’ [[01;35m[K-Wunused-parameter[m[K]
[7.068s]   281 | void raw_serial::flush( [01;35m[K_u32 flags[m[K)
[7.068s]       |                         [01;35m[K~~~~~^~~~~[m[K
[7.068s] [01m[K/workspace/bumperbot_ws/src/rplidar_ros/sdk/src/arch/linux/net_serial.cpp:[m[K In member function ‘[01m[Kvirtual int rp::arch::net::raw_serial::waitforsent(_u32, size_t*)[m[K’:
[7.068s] [01m[K/workspace/bumperbot_ws/src/rplidar_ros/sdk/src/arch/linux/net_serial.cpp:286:34:[m[K [01;35m[Kwarning: [m[Kunused parameter ‘[01m[Ktimeout[m[K’ [[01;35m[K-Wunused-parameter[m[K]
[7.069s]   286 | int raw_serial::waitforsent([01;35m[K_u32 timeout[m[K, size_t * returned_size)
[7.069s]       |                             [01;35m[K~~~~~^~~~~~~[m[K
[7.069s] [01m[K/workspace/bumperbot_ws/src/rplidar_ros/sdk/src/arch/linux/net_serial.cpp:[m[K In member function ‘[01m[Kvirtual int rp::arch::net::raw_serial::waitforrecv(_u32, size_t*)[m[K’:
[7.069s] [01m[K/workspace/bumperbot_ws/src/rplidar_ros/sdk/src/arch/linux/net_serial.cpp:292:34:[m[K [01;35m[Kwarning: [m[Kunused parameter ‘[01m[Ktimeout[m[K’ [[01;35m[K-Wunused-parameter[m[K]
[7.069s]   292 | int raw_serial::waitforrecv([01;35m[K_u32 timeout[m[K, size_t * returned_size)
[7.069s]       |                             [01;35m[K~~~~~^~~~~~~[m[K
[7.074s] [01m[K/workspace/bumperbot_ws/src/rplidar_ros/sdk/src/arch/linux/net_serial.cpp:[m[K In member function ‘[01m[Kvirtual void rp::arch::net::raw_serial::cancelOperation()[m[K’:
[7.074s] [01m[K/workspace/bumperbot_ws/src/rplidar_ros/sdk/src/arch/linux/net_serial.cpp:427:5:[m[K [01;35m[Kwarning: [m[Kvalue computed is not used [[01;35m[K-Wunused-value[m[K]
[7.074s]   427 |     [01;35m[K(int)::write(_selfpipe[1], "x", 1)[m[K;
[7.074s]       |     [01;35m[K^~~~~~~~~~~~~~~~~~~~~~~~~~~~~~~~~~[m[K
[7.516s] [ 13%] [32mBuilding CXX object CMakeFiles/rplidar_composition.dir/sdk/src/arch/linux/net_socket.cpp.o[0m
[9.060s] In file included from [01m[K/workspace/bumperbot_ws/src/rplidar_ros/./sdk/include/rplidar_protocol.h:36[m[K,
[9.066s]                  from [01m[K/workspace/bumperbot_ws/src/rplidar_ros/./sdk/include/rplidar.h:39[m[K,
[9.066s]                  from [01m[K/workspace/bumperbot_ws/src/rplidar_ros/./sdk/src/sdkcommon.h:49[m[K,
[9.066s]                  from [01m[K/workspace/bumperbot_ws/src/rplidar_ros/sdk/src/arch/linux/net_socket.cpp:10[m[K:
[9.066s] [01m[K/workspace/bumperbot_ws/src/rplidar_ros/./sdk/include/sl_lidar_protocol.h:66:16:[m[K [01;35m[Kwarning: [m[KISO C++ forbids zero-size array ‘[01m[Kdata[m[K’ [[01;35m[K-Wpedantic[m[K]
[9.066s]    66 |     sl_u8 data[[01;35m[K0[m[K];
[9.066s]       |                [01;35m[K^[m[K
[9.067s] In file included from [01m[K/workspace/bumperbot_ws/src/rplidar_ros/./sdk/include/rplidar_cmd.h:36[m[K,
[9.067s]                  from [01m[K/workspace/bumperbot_ws/src/rplidar_ros/./sdk/include/rplidar.h:40[m[K,
[9.067s]                  from [01m[K/workspace/bumperbot_ws/src/rplidar_ros/./sdk/src/sdkcommon.h:49[m[K,
[9.067s]                  from [01m[K/workspace/bumperbot_ws/src/rplidar_ros/sdk/src/arch/linux/net_socket.cpp:10[m[K:
[9.067s] [01m[K/workspace/bumperbot_ws/src/rplidar_ros/./sdk/include/sl_lidar_cmd.h:324:20:[m[K [01;35m[Kwarning: [m[KISO C++ forbids zero-size array ‘[01m[Kpayload[m[K’ [[01;35m[K-Wpedantic[m[K]
[9.067s]   324 |     sl_u8  payload[[01;35m[K0[m[K];
[9.067s]       |                    [01;35m[K^[m[K
[9.415s] In file included from [01m[K/workspace/bumperbot_ws/src/rplidar_ros/./sdk/src/arch/linux/arch_linux.h:42[m[K,
[9.421s]                  from [01m[K/workspace/bumperbot_ws/src/rplidar_ros/./sdk/src/sdkcommon.h:41[m[K,
[9.421s]                  from [01m[K/workspace/bumperbot_ws/src/rplidar_ros/sdk/src/arch/linux/net_socket.cpp:10[m[K:
[9.421s] [01m[K/workspace/bumperbot_ws/src/rplidar_ros/sdk/src/arch/linux/net_socket.cpp:[m[K In member function ‘[01m[Kvirtual u_result rp::arch::net::DGramSocketImpl::sendTo(const rp::net::SocketAddress*, const void*, size_t)[m[K’:
[9.421s] [01m[K/workspace/bumperbot_ws/src/rplidar_ros/sdk/src/arch/linux/net_socket.cpp:733:24:[m[K [01;35m[Kwarning: [m[Kcomparison of integer expressions of different signedness: ‘[01m[Kint[m[K’ and ‘[01m[Ksize_t[m[K’ {aka ‘[01m[Klong unsigned int[m[K’} [[01;35m[K-Wsign-compare[m[K]
[9.422s]   733 |             assert([01;35m[Kans == len[m[K);
[9.422s]       |                    [01;35m[K~~~~^~~~~~[m[K
[10.141s] [ 15%] [32mBuilding CXX object CMakeFiles/rplidar_composition.dir/sdk/src/arch/linux/timer.cpp.o[0m
[11.409s] [ 18%] [32mBuilding CXX object CMakeFiles/rplidar_composition.dir/sdk/src/dataunpacker/dataunpacker.cpp.o[0m
[13.188s] In file included from [01m[K/workspace/bumperbot_ws/src/rplidar_ros/./sdk/include/rplidar_protocol.h:36[m[K,
[13.188s]                  from [01m[K/workspace/bumperbot_ws/src/rplidar_ros/./sdk/include/rplidar.h:39[m[K,
[13.189s]                  from [01m[K/workspace/bumperbot_ws/src/rplidar_ros/./sdk/src/sdkcommon.h:49[m[K,
[13.189s]                  from [01m[K/workspace/bumperbot_ws/src/rplidar_ros/sdk/src/dataunpacker/dataunnpacker_commondef.h:41[m[K,
[13.189s]                  from [01m[K/workspace/bumperbot_ws/src/rplidar_ros/sdk/src/dataunpacker/dataunpacker.cpp:39[m[K:
[13.189s] [01m[K/workspace/bumperbot_ws/src/rplidar_ros/./sdk/include/sl_lidar_protocol.h:66:16:[m[K [01;35m[Kwarning: [m[KISO C++ forbids zero-size array ‘[01m[Kdata[m[K’ [[01;35m[K-Wpedantic[m[K]
[13.189s]    66 |     sl_u8 data[[01;35m[K0[m[K];
[13.189s]       |                [01;35m[K^[m[K
[13.195s] In file included from [01m[K/workspace/bumperbot_ws/src/rplidar_ros/./sdk/include/rplidar_cmd.h:36[m[K,
[13.195s]                  from [01m[K/workspace/bumperbot_ws/src/rplidar_ros/./sdk/include/rplidar.h:40[m[K,
[13.195s]                  from [01m[K/workspace/bumperbot_ws/src/rplidar_ros/./sdk/src/sdkcommon.h:49[m[K,
[13.196s]                  from [01m[K/workspace/bumperbot_ws/src/rplidar_ros/sdk/src/dataunpacker/dataunnpacker_commondef.h:41[m[K,
[13.196s]                  from [01m[K/workspace/bumperbot_ws/src/rplidar_ros/sdk/src/dataunpacker/dataunpacker.cpp:39[m[K:
[13.196s] [01m[K/workspace/bumperbot_ws/src/rplidar_ros/./sdk/include/sl_lidar_cmd.h:324:20:[m[K [01;35m[Kwarning: [m[KISO C++ forbids zero-size array ‘[01m[Kpayload[m[K’ [[01;35m[K-Wpedantic[m[K]
[13.196s]   324 |     sl_u8  payload[[01;35m[K0[m[K];
[13.196s]       |                    [01;35m[K^[m[K
[14.005s] In file included from [01m[K/workspace/bumperbot_ws/src/rplidar_ros/sdk/src/dataunpacker/dataunpacker.cpp:40[m[K:
[14.005s] [01m[K/workspace/bumperbot_ws/src/rplidar_ros/sdk/src/dataunpacker/dataunpacker.h:[m[K In member function ‘[01m[Kvirtual void sl::internal::LIDARSampleDataListener::onCustomSampleDataDecoded(_u8, _u32, const void*, size_t)[m[K’:
[14.005s] [01m[K/workspace/bumperbot_ws/src/rplidar_ros/sdk/src/dataunpacker/dataunpacker.h:54:52:[m[K [01;35m[Kwarning: [m[Kunused parameter ‘[01m[KansType[m[K’ [[01;35m[K-Wunused-parameter[m[K]
[14.005s]    54 |         virtual void onCustomSampleDataDecoded([01;35m[K_u8 ansType[m[K, _u32 customCode, const void* data, size_t size) {}
[14.005s]       |                                                [01;35m[K~~~~^~~~~~~[m[K
[14.005s] [01m[K/workspace/bumperbot_ws/src/rplidar_ros/sdk/src/dataunpacker/dataunpacker.h:54:66:[m[K [01;35m[Kwarning: [m[Kunused parameter ‘[01m[KcustomCode[m[K’ [[01;35m[K-Wunused-parameter[m[K]
[14.011s]    54 |         virtual void onCustomSampleDataDecoded(_u8 ansType, [01;35m[K_u32 customCode[m[K, const void* data, size_t size) {}
[14.012s]       |                                                             [01;35m[K~~~~~^~~~~~~~~~[m[K
[14.012s] [01m[K/workspace/bumperbot_ws/src/rplidar_ros/sdk/src/dataunpacker/dataunpacker.h:54:90:[m[K [01;35m[Kwarning: [m[Kunused parameter ‘[01m[Kdata[m[K’ [[01;35m[K-Wunused-parameter[m[K]
[14.012s]    54 |         virtual void onCustomSampleDataDecoded(_u8 ansType, _u32 customCode, [01;35m[Kconst void* data[m[K, size_t size) {}
[14.012s]       |                                                                              [01;35m[K~~~~~~~~~~~~^~~~[m[K
[14.012s] [01m[K/workspace/bumperbot_ws/src/rplidar_ros/sdk/src/dataunpacker/dataunpacker.h:54:103:[m[K [01;35m[Kwarning: [m[Kunused parameter ‘[01m[Ksize[m[K’ [[01;35m[K-Wunused-parameter[m[K]
[14.012s]    54 |         virtual void onCustomSampleDataDecoded(_u8 ansType, _u32 customCode, const void* data, [01;35m[Ksize_t size[m[K) {}
[14.013s]       |                                                                                                [01;35m[K~~~~~~~^~~~[m[K
[14.013s] [01m[K/workspace/bumperbot_ws/src/rplidar_ros/sdk/src/dataunpacker/dataunpacker.h:[m[K In member function ‘[01m[Kvirtual void sl::internal::LIDARSampleDataListener::onDecodingError(int, _u8, const void*, size_t)[m[K’:
[14.013s] [01m[K/workspace/bumperbot_ws/src/rplidar_ros/sdk/src/dataunpacker/dataunpacker.h:56:42:[m[K [01;35m[Kwarning: [m[Kunused parameter ‘[01m[KerrMsg[m[K’ [[01;35m[K-Wunused-parameter[m[K]
[14.013s]    56 |         virtual void onDecodingError([01;35m[Kint errMsg[m[K, _u8 ansType, const void* payload, size_t size) {}
[14.013s]       |                                      [01;35m[K~~~~^~~~~~[m[K
[14.013s] [01m[K/workspace/bumperbot_ws/src/rplidar_ros/sdk/src/dataunpacker/dataunpacker.h:56:54:[m[K [01;35m[Kwarning: [m[Kunused parameter ‘[01m[KansType[m[K’ [[01;35m[K-Wunused-parameter[m[K]
[14.013s]    56 |         virtual void onDecodingError(int errMsg, [01;35m[K_u8 ansType[m[K, const void* payload, size_t size) {}
[14.018s]       |                                                  [01;35m[K~~~~^~~~~~~[m[K
[14.018s] [01m[K/workspace/bumperbot_ws/src/rplidar_ros/sdk/src/dataunpacker/dataunpacker.h:56:75:[m[K [01;35m[Kwarning: [m[Kunused parameter ‘[01m[Kpayload[m[K’ [[01;35m[K-Wunused-parameter[m[K]
[14.018s]    56 |         virtual void onDecodingError(int errMsg, _u8 ansType, [01;35m[Kconst void* payload[m[K, size_t size) {}
[14.019s]       |                                                               [01;35m[K~~~~~~~~~~~~^~~~~~~[m[K
[14.019s] [01m[K/workspace/bumperbot_ws/src/rplidar_ros/sdk/src/dataunpacker/dataunpacker.h:56:91:[m[K [01;35m[Kwarning: [m[Kunused parameter ‘[01m[Ksize[m[K’ [[01;35m[K-Wunused-parameter[m[K]
[14.019s]    56 |         virtual void onDecodingError(int errMsg, _u8 ansType, const void* payload, [01;35m[Ksize_t size[m[K) {}
[14.019s]       |                                                                                    [01;35m[K~~~~~~~^~~~[m[K
[14.927s] [ 21%] [32mBuilding CXX object CMakeFiles/rplidar_composition.dir/sdk/src/dataunpacker/unpacker/handler_capsules.cpp.o[0m
[15.101s] In file included from [01m[K/workspace/bumperbot_ws/src/rplidar_ros/./sdk/include/sl_lidar_cmd.h:41[m[K,
[15.101s]                  from [01m[K/workspace/bumperbot_ws/src/rplidar_ros/./sdk/include/sl_lidar_driver.h:54[m[K,
[15.101s]                  from [01m[K/workspace/bumperbot_ws/src/rplidar_ros/./sdk/include/sl_lidar.h:36[m[K,
[15.102s]                  from [01m[K/workspace/bumperbot_ws/src/rplidar_ros/src/rplidar_node.cpp:38[m[K:
[15.102s] [01m[K/workspace/bumperbot_ws/src/rplidar_ros/./sdk/include/sl_lidar_protocol.h:66:16:[m[K [01;35m[Kwarning: [m[KISO C++ forbids zero-size array ‘[01m[Kdata[m[K’ [[01;35m[K-Wpedantic[m[K]
[15.102s]    66 |     sl_u8 data[[01;35m[K0[m[K];
[15.102s]       |                [01;35m[K^[m[K
[15.102s] In file included from [01m[K/workspace/bumperbot_ws/src/rplidar_ros/./sdk/include/sl_lidar_driver.h:54[m[K,
[15.102s]                  from [01m[K/workspace/bumperbot_ws/src/rplidar_ros/./sdk/include/sl_lidar.h:36[m[K,
[15.102s]                  from [01m[K/workspace/bumperbot_ws/src/rplidar_ros/src/rplidar_node.cpp:38[m[K:
[15.102s] [01m[K/workspace/bumperbot_ws/src/rplidar_ros/./sdk/include/sl_lidar_cmd.h:324:20:[m[K [01;35m[Kwarning: [m[KISO C++ forbids zero-size array ‘[01m[Kpayload[m[K’ [[01;35m[K-Wpedantic[m[K]
[15.102s]   324 |     sl_u8  payload[[01;35m[K0[m[K];
[15.103s]       |                    [01;35m[K^[m[K
[15.930s] In file included from [01m[K/workspace/bumperbot_ws/src/rplidar_ros/./sdk/include/sl_lidar_cmd.h:41[m[K,
[15.936s]                  from [01m[K/workspace/bumperbot_ws/src/rplidar_ros/./sdk/include/sl_lidar_driver.h:54[m[K,
[15.936s]                  from [01m[K/workspace/bumperbot_ws/src/rplidar_ros/./sdk/include/sl_lidar.h:36[m[K,
[15.936s]                  from [01m[K/workspace/bumperbot_ws/src/rplidar_ros/src/rplidar_node.cpp:38[m[K:
[15.936s] [01m[K/workspace/bumperbot_ws/src/rplidar_ros/./sdk/include/sl_lidar_protocol.h:66:16:[m[K [01;35m[Kwarning: [m[KISO C++ forbids zero-size array ‘[01m[Kdata[m[K’ [[01;35m[K-Wpedantic[m[K]
[15.936s]    66 |     sl_u8 data[[01;35m[K0[m[K];
[15.936s]       |                [01;35m[K^[m[K
[15.937s] In file included from [01m[K/workspace/bumperbot_ws/src/rplidar_ros/./sdk/include/sl_lidar_driver.h:54[m[K,
[15.937s]                  from [01m[K/workspace/bumperbot_ws/src/rplidar_ros/./sdk/include/sl_lidar.h:36[m[K,
[15.937s]                  from [01m[K/workspace/bumperbot_ws/src/rplidar_ros/src/rplidar_node.cpp:38[m[K:
[15.937s] [01m[K/workspace/bumperbot_ws/src/rplidar_ros/./sdk/include/sl_lidar_cmd.h:324:20:[m[K [01;35m[Kwarning: [m[KISO C++ forbids zero-size array ‘[01m[Kpayload[m[K’ [[01;35m[K-Wpedantic[m[K]
[15.937s]   324 |     sl_u8  payload[[01;35m[K0[m[K];
[15.937s]       |                    [01;35m[K^[m[K
[16.340s] In file included from [01m[K/workspace/bumperbot_ws/src/rplidar_ros/./sdk/include/rplidar_protocol.h:36[m[K,
[16.351s]                  from [01m[K/workspace/bumperbot_ws/src/rplidar_ros/./sdk/include/rplidar.h:39[m[K,
[16.351s]                  from [01m[K/workspace/bumperbot_ws/src/rplidar_ros/./sdk/src/sdkcommon.h:49[m[K,
[16.351s]                  from [01m[K/workspace/bumperbot_ws/src/rplidar_ros/sdk/src/dataunpacker/unpacker/../dataunnpacker_commondef.h:41[m[K,
[16.351s]                  from [01m[K/workspace/bumperbot_ws/src/rplidar_ros/sdk/src/dataunpacker/unpacker/handler_capsules.cpp:39[m[K:
[16.351s] [01m[K/workspace/bumperbot_ws/src/rplidar_ros/./sdk/include/sl_lidar_protocol.h:66:16:[m[K [01;35m[Kwarning: [m[KISO C++ forbids zero-size array ‘[01m[Kdata[m[K’ [[01;35m[K-Wpedantic[m[K]
[16.351s]    66 |     sl_u8 data[[01;35m[K0[m[K];
[16.351s]       |                [01;35m[K^[m[K
[16.351s] In file included from [01m[K/workspace/bumperbot_ws/src/rplidar_ros/./sdk/include/rplidar_cmd.h:36[m[K,
[16.351s]                  from [01m[K/workspace/bumperbot_ws/src/rplidar_ros/./sdk/include/rplidar.h:40[m[K,
[16.352s]                  from [01m[K/workspace/bumperbot_ws/src/rplidar_ros/./sdk/src/sdkcommon.h:49[m[K,
[16.352s]                  from [01m[K/workspace/bumperbot_ws/src/rplidar_ros/sdk/src/dataunpacker/unpacker/../dataunnpacker_commondef.h:41[m[K,
[16.352s]                  from [01m[K/workspace/bumperbot_ws/src/rplidar_ros/sdk/src/dataunpacker/unpacker/handler_capsules.cpp:39[m[K:
[16.352s] [01m[K/workspace/bumperbot_ws/src/rplidar_ros/./sdk/include/sl_lidar_cmd.h:324:20:[m[K [01;35m[Kwarning: [m[KISO C++ forbids zero-size array ‘[01m[Kpayload[m[K’ [[01;35m[K-Wpedantic[m[K]
[16.352s]   324 |     sl_u8  payload[[01;35m[K0[m[K];
[16.352s]       |                    [01;35m[K^[m[K
[17.456s] In file included from [01m[K/workspace/bumperbot_ws/src/rplidar_ros/sdk/src/dataunpacker/unpacker/handler_capsules.cpp:40[m[K:
[17.456s] [01m[K/workspace/bumperbot_ws/src/rplidar_ros/sdk/src/dataunpacker/unpacker/../dataunpacker.h:[m[K In member function ‘[01m[Kvirtual void sl::internal::LIDARSampleDataListener::onCustomSampleDataDecoded(_u8, _u32, const void*, size_t)[m[K’:
[17.456s] [01m[K/workspace/bumperbot_ws/src/rplidar_ros/sdk/src/dataunpacker/unpacker/../dataunpacker.h:54:52:[m[K [01;35m[Kwarning: [m[Kunused parameter ‘[01m[KansType[m[K’ [[01;35m[K-Wunused-parameter[m[K]
[17.456s]    54 |         virtual void onCustomSampleDataDecoded([01;35m[K_u8 ansType[m[K, _u32 customCode, const void* data, size_t size) {}
[17.457s]       |                                                [01;35m[K~~~~^~~~~~~[m[K
[17.457s] [01m[K/workspace/bumperbot_ws/src/rplidar_ros/sdk/src/dataunpacker/unpacker/../dataunpacker.h:54:66:[m[K [01;35m[Kwarning: [m[Kunused parameter ‘[01m[KcustomCode[m[K’ [[01;35m[K-Wunused-parameter[m[K]
[17.457s]    54 |         virtual void onCustomSampleDataDecoded(_u8 ansType, [01;35m[K_u32 customCode[m[K, const void* data, size_t size) {}
[17.457s]       |                                                             [01;35m[K~~~~~^~~~~~~~~~[m[K
[17.457s] [01m[K/workspace/bumperbot_ws/src/rplidar_ros/sdk/src/dataunpacker/unpacker/../dataunpacker.h:54:90:[m[K [01;35m[Kwarning: [m[Kunused parameter ‘[01m[Kdata[m[K’ [[01;35m[K-Wunused-parameter[m[K]
[17.457s]    54 |         virtual void onCustomSampleDataDecoded(_u8 ansType, _u32 customCode, [01;35m[Kconst void* data[m[K, size_t size) {}
[17.458s]       |                                                                              [01;35m[K~~~~~~~~~~~~^~~~[m[K
[17.459s] [01m[K/workspace/bumperbot_ws/src/rplidar_ros/sdk/src/dataunpacker/unpacker/../dataunpacker.h:54:103:[m[K [01;35m[Kwarning: [m[Kunused parameter ‘[01m[Ksize[m[K’ [[01;35m[K-Wunused-parameter[m[K]
[17.461s]    54 |         virtual void onCustomSampleDataDecoded(_u8 ansType, _u32 customCode, const void* data, [01;35m[Ksize_t size[m[K) {}
[17.463s]       |                                                                                                [01;35m[K~~~~~~~^~~~[m[K
[17.464s] [01m[K/workspace/bumperbot_ws/src/rplidar_ros/sdk/src/dataunpacker/unpacker/../dataunpacker.h:[m[K In member function ‘[01m[Kvirtual void sl::internal::LIDARSampleDataListener::onDecodingError(int, _u8, const void*, size_t)[m[K’:
[17.465s] [01m[K/workspace/bumperbot_ws/src/rplidar_ros/sdk/src/dataunpacker/unpacker/../dataunpacker.h:56:42:[m[K [01;35m[Kwarning: [m[Kunused parameter ‘[01m[KerrMsg[m[K’ [[01;35m[K-Wunused-parameter[m[K]
[17.465s]    56 |         virtual void onDecodingError([01;35m[Kint errMsg[m[K, _u8 ansType, const void* payload, size_t size) {}
[17.466s]       |                                      [01;35m[K~~~~^~~~~~[m[K
[17.467s] [01m[K/workspace/bumperbot_ws/src/rplidar_ros/sdk/src/dataunpacker/unpacker/../dataunpacker.h:56:54:[m[K [01;35m[Kwarning: [m[Kunused parameter ‘[01m[KansType[m[K’ [[01;35m[K-Wunused-parameter[m[K]
[17.467s]    56 |         virtual void onDecodingError(int errMsg, [01;35m[K_u8 ansType[m[K, const void* payload, size_t size) {}
[17.467s]       |                                                  [01;35m[K~~~~^~~~~~~[m[K
[17.467s] [01m[K/workspace/bumperbot_ws/src/rplidar_ros/sdk/src/dataunpacker/unpacker/../dataunpacker.h:56:75:[m[K [01;35m[Kwarning: [m[Kunused parameter ‘[01m[Kpayload[m[K’ [[01;35m[K-Wunused-parameter[m[K]
[17.467s]    56 |         virtual void onDecodingError(int errMsg, _u8 ansType, [01;35m[Kconst void* payload[m[K, size_t size) {}
[17.467s]       |                                                               [01;35m[K~~~~~~~~~~~~^~~~~~~[m[K
[17.468s] [01m[K/workspace/bumperbot_ws/src/rplidar_ros/sdk/src/dataunpacker/unpacker/../dataunpacker.h:56:91:[m[K [01;35m[Kwarning: [m[Kunused parameter ‘[01m[Ksize[m[K’ [[01;35m[K-Wunused-parameter[m[K]
[17.469s]    56 |         virtual void onDecodingError(int errMsg, _u8 ansType, const void* payload, [01;35m[Ksize_t size[m[K) {}
[17.469s]       |                                                                                    [01;35m[K~~~~~~~^~~~[m[K
[17.522s] [01m[K/workspace/bumperbot_ws/src/rplidar_ros/sdk/src/dataunpacker/unpacker/handler_capsules.cpp:[m[K In member function ‘[01m[Kvoid sl::internal::unpacker::UnpackerHandler_DenseCapsuleNode::_onScanNodeDenseCapsuleData(rplidar_response_dense_capsule_measurement_nodes_t&, sl::internal::LIDARSampleDataUnpackerInner*)[m[K’:
[17.522s] [01m[K/workspace/bumperbot_ws/src/rplidar_ros/sdk/src/dataunpacker/unpacker/handler_capsules.cpp:763:30:[m[K [01;35m[Kwarning: [m[Ktype qualifiers ignored on cast result type [[01;35m[K-Wignored-qualifiers[m[K]
[17.522s]   763 |             const int dist = [01;35m[Kstatic_cast<const int>(_cached_previous_dense_capsuledata.cabins[pos].distance)[m[K;
[17.522s]       |                              [01;35m[K^~~~~~~~~~~~~~~~~~~~~~~~~~~~~~~~~~~~~~~~~~~~~~~~~~~~~~~~~~~~~~~~~~~~~~~~~~~~~~~[m[K
[17.969s] [ 23%] [32mBuilding CXX object CMakeFiles/rplidar_node.dir/sdk/src/arch/linux/net_serial.cpp.o[0m
