-- The C compiler identification is GNU 14.2.0
-- The CXX compiler identification is GNU 14.2.0
-- Detecting C compiler ABI info
-- Detecting C compiler ABI info - done
-- Check for working C compiler: /usr/bin/cc - skipped
-- Detecting C compile features
-- Detecting C compile features - done
-- Detecting CXX compiler ABI info
-- Detecting CXX compiler ABI info - done
-- Check for working CXX compiler: /usr/bin/c++ - skipped
-- Detecting CXX compile features
-- Detecting CXX compile features - done
-- Found ament_cmake: 1.3.11 (/home/pi/ros2_humble/install/ament_cmake/share/ament_cmake/cmake)
-- Found Python3: /usr/bin/python3 (found version "3.12.7") found components: Interpreter
-- Override CMake install command with custom implementation using symlinks instead of copying resources
-- Found nav2_common: 1.3.5 (/home/pi/bumperbot_ws/install/nav2_common/share/nav2_common/cmake)
-- Found builtin_interfaces: 1.2.1 (/home/pi/ros2_humble/install/builtin_interfaces/share/builtin_interfaces/cmake)
-- Found rosidl_generator_c: 3.1.6 (/home/pi/ros2_humble/install/rosidl_generator_c/share/rosidl_generator_c/cmake)
-- Found rosidl_adapter: 3.1.6 (/home/pi/ros2_humble/install/rosidl_adapter/share/rosidl_adapter/cmake)
-- Found rosidl_generator_cpp: 3.1.6 (/home/pi/ros2_humble/install/rosidl_generator_cpp/share/rosidl_generator_cpp/cmake)
-- Using all available rosidl_typesupport_c: rosidl_typesupport_introspection_c;rosidl_typesupport_fastrtps_c
-- Using all available rosidl_typesupport_cpp: rosidl_typesupport_introspection_cpp;rosidl_typesupport_fastrtps_cpp
-- Found nav_msgs: 4.2.4 (/home/pi/ros2_humble/install/nav_msgs/share/nav_msgs/cmake)
-- Found rosidl_default_generators: 1.2.0 (/home/pi/ros2_humble/install/rosidl_default_generators/share/rosidl_default_generators/cmake)
[33mCMake Warning at CMakeLists.txt:11 (find_package):
  By not providing "Findgeographic_msgs.cmake" in CMAKE_MODULE_PATH this
  project has asked CMake to find a package configuration file provided by
  "geographic_msgs", but CMake did not find one.

  Could not find a package configuration file provided by "geographic_msgs"
  with any of the following names:

    geographic_msgsConfig.cmake
    geographic_msgs-config.cmake

  Add the installation prefix of "geographic_msgs" to CMAKE_PREFIX_PATH or
  set "geographic_msgs_DIR" to a directory containing one of the above files.
  If "geographic_msgs" provides a separate development package or SDK, be
  sure it has been installed.

[0m
-- Found action_msgs: 1.2.1 (/home/pi/ros2_humble/install/action_msgs/share/action_msgs/cmake)
-- Setting build type to Release as none was specified.
[31mCMake Error at /home/pi/ros2_humble/install/rosidl_cmake/share/rosidl_cmake/cmake/rosidl_generate_interfaces.cmake:162 (message):
  rosidl_generate_interfaces() the passed dependency 'geographic_msgs' has
  not been found before using find_package()
Call Stack (most recent call first):
  CMakeLists.txt:19 (rosidl_generate_interfaces)

[0m
-- Configuring incomplete, errors occurred!
