[0.050s] Invoking command in '/workspace/bumperbot_ws/build/bumperbot_msgs': CMAKE_PREFIX_PATH=/opt/ros/humble /usr/bin/cmake /workspace/bumperbot_ws/src/bumperbot_msgs -DCMAKE_INSTALL_PREFIX=/workspace/bumperbot_ws/install/bumperbot_msgs
[0.626s] -- The C compiler identification is GNU 11.4.0
[1.039s] -- The CXX compiler identification is GNU 11.4.0
[1.066s] -- Detecting C compiler ABI info
[1.304s] -- Detecting C compiler ABI info - done
[1.320s] -- Check for working C compiler: /usr/bin/cc - skipped
[1.323s] -- Detecting C compile features
[1.327s] -- Detecting C compile features - done
[1.338s] -- Detecting CXX compiler ABI info
[1.565s] -- Detecting CXX compiler ABI info - done
[1.584s] -- Check for working CXX compiler: /usr/bin/c++ - skipped
[1.585s] -- Detecting CXX compile features
[1.587s] -- Detecting CXX compile features - done
[1.609s] -- Found ament_cmake: 1.3.11 (/opt/ros/humble/share/ament_cmake/cmake)
[2.001s] -- Found Python3: /usr/bin/python3 (found version "3.10.12") found components: Interpreter 
[2.317s] -- Found geometry_msgs: 4.2.4 (/opt/ros/humble/share/geometry_msgs/cmake)
[2.476s] -- Found rosidl_generator_c: 3.1.6 (/opt/ros/humble/share/rosidl_generator_c/cmake)
[2.498s] -- Found rosidl_adapter: 3.1.6 (/opt/ros/humble/share/rosidl_adapter/cmake)
[2.526s] -- Found rosidl_generator_cpp: 3.1.6 (/opt/ros/humble/share/rosidl_generator_cpp/cmake)
[2.575s] -- Using all available rosidl_typesupport_c: rosidl_typesupport_fastrtps_c;rosidl_typesupport_introspection_c
[2.625s] -- Using all available rosidl_typesupport_cpp: rosidl_typesupport_fastrtps_cpp;rosidl_typesupport_introspection_cpp
[2.776s] -- Found rosidl_default_generators: 1.2.0 (/opt/ros/humble/share/rosidl_default_generators/cmake)
[3.667s] -- Found ament_cmake_ros: 0.10.0 (/opt/ros/humble/share/ament_cmake_ros/cmake)
[4.922s] -- Using all available rosidl_typesupport_c: rosidl_typesupport_fastrtps_c;rosidl_typesupport_introspection_c
[5.263s] -- Using all available rosidl_typesupport_cpp: rosidl_typesupport_fastrtps_cpp;rosidl_typesupport_introspection_cpp
[5.313s] -- Found PythonInterp: /usr/bin/python3 (found suitable version "3.10.12", minimum required is "3.6") 
[5.321s] -- Found python_cmake_module: 0.10.0 (/opt/ros/humble/share/python_cmake_module/cmake)
[5.370s] -- Found PythonLibs: /usr/lib/aarch64-linux-gnu/libpython3.10.so (found suitable version "3.10.12", minimum required is "3.5") 
[5.371s] -- Using PYTHON_EXECUTABLE: /usr/bin/python3
[5.371s] -- Using PYTHON_INCLUDE_DIRS: /usr/include/python3.10
[5.373s] -- Using PYTHON_LIBRARIES: /usr/lib/aarch64-linux-gnu/libpython3.10.so
[5.409s] -- Found PythonExtra: .so  
[5.550s] -- Configuring done
[5.639s] -- Generating done
[5.668s] -- Build files have been written to: /workspace/bumperbot_ws/build/bumperbot_msgs
[5.712s] Invoked command in '/workspace/bumperbot_ws/build/bumperbot_msgs' returned '0': CMAKE_PREFIX_PATH=/opt/ros/humble /usr/bin/cmake /workspace/bumperbot_ws/src/bumperbot_msgs -DCMAKE_INSTALL_PREFIX=/workspace/bumperbot_ws/install/bumperbot_msgs
[5.713s] Invoking command in '/workspace/bumperbot_ws/build/bumperbot_msgs': CMAKE_PREFIX_PATH=/opt/ros/humble /usr/bin/cmake --build /workspace/bumperbot_ws/build/bumperbot_msgs -- -j4 -l4
[5.854s] [  2%] [34m[1mGenerating C code for ROS interfaces[0m
[5.942s] [  4%] [34m[1mGenerating C++ code for ROS interfaces[0m
[5.975s] [  4%] Built target ament_cmake_python_copy_bumperbot_msgs
[6.618s] running egg_info
[6.618s] creating bumperbot_msgs.egg-info
[6.618s] writing bumperbot_msgs.egg-info/PKG-INFO
[6.618s] writing dependency_links to bumperbot_msgs.egg-info/dependency_links.txt
[6.618s] writing top-level names to bumperbot_msgs.egg-info/top_level.txt
[6.618s] writing manifest file 'bumperbot_msgs.egg-info/SOURCES.txt'
[6.623s] reading manifest file 'bumperbot_msgs.egg-info/SOURCES.txt'
[6.623s] writing manifest file 'bumperbot_msgs.egg-info/SOURCES.txt'
[6.729s] [  4%] Built target ament_cmake_python_build_bumperbot_msgs_egg
[8.371s] [  6%] [32mBuilding C object CMakeFiles/bumperbot_msgs__rosidl_generator_c.dir/rosidl_generator_c/bumperbot_msgs/action/detail/fibonacci__functions.c.o[0m
[8.371s] [  8%] [32mBuilding C object CMakeFiles/bumperbot_msgs__rosidl_generator_c.dir/rosidl_generator_c/bumperbot_msgs/srv/detail/add_two_ints__functions.c.o[0m
[8.391s] [ 10%] [32mBuilding C object CMakeFiles/bumperbot_msgs__rosidl_generator_c.dir/rosidl_generator_c/bumperbot_msgs/srv/detail/get_transform__functions.c.o[0m
[8.957s] [ 10%] Built target bumperbot_msgs__cpp
[9.018s] [ 12%] [34m[1mGenerating C++ type support for eProsima Fast-RTPS[0m
[9.025s] [ 14%] [34m[1mGenerating C++ introspection for ROS interfaces[0m
[9.026s] [ 17%] [34m[1mGenerating C++ type support dispatch for ROS interfaces[0m
[9.330s] [ 19%] [32m[1mLinking C shared library libbumperbot_msgs__rosidl_generator_c.so[0m
[9.551s] [ 19%] Built target bumperbot_msgs__rosidl_generator_c
[9.604s] [ 21%] [34m[1mGenerating C type support for eProsima Fast-RTPS[0m
[18.880s] [ 23%] [32mBuilding CXX object CMakeFiles/bumperbot_msgs__rosidl_typesupport_cpp.dir/rosidl_typesupport_cpp/bumperbot_msgs/action/fibonacci__type_support.cpp.o[0m
[20.022s] [ 25%] [32mBuilding CXX object CMakeFiles/bumperbot_msgs__rosidl_typesupport_fastrtps_cpp.dir/rosidl_typesupport_fastrtps_cpp/bumperbot_msgs/action/detail/dds_fastrtps/fibonacci__type_support.cpp.o[0m
[20.503s] [ 27%] [32mBuilding CXX object CMakeFiles/bumperbot_msgs__rosidl_typesupport_fastrtps_c.dir/rosidl_typesupport_fastrtps_c/bumperbot_msgs/action/detail/fibonacci__type_support_c.cpp.o[0m
[20.966s] [ 29%] [32mBuilding CXX object CMakeFiles/bumperbot_msgs__rosidl_typesupport_introspection_cpp.dir/rosidl_typesupport_introspection_cpp/bumperbot_msgs/action/detail/fibonacci__type_support.cpp.o[0m
[21.731s] [ 31%] [32mBuilding CXX object CMakeFiles/bumperbot_msgs__rosidl_typesupport_cpp.dir/rosidl_typesupport_cpp/bumperbot_msgs/srv/add_two_ints__type_support.cpp.o[0m
[23.101s] [ 34%] [32mBuilding CXX object CMakeFiles/bumperbot_msgs__rosidl_typesupport_cpp.dir/rosidl_typesupport_cpp/bumperbot_msgs/srv/get_transform__type_support.cpp.o[0m
