[0.080s] Invoking command in '/workspace/bumperbot_ws/build/robot_bringup': CMAKE_PREFIX_PATH=${CMAKE_PREFIX_PATH}:/workspace/bumperbot_ws/install/bumperbot_py_examples:/opt/ros/humble /usr/bin/cmake --build /workspace/bumperbot_ws/build/robot_bringup -- -j4 -l4
[0.188s] Invoked command in '/workspace/bumperbot_ws/build/robot_bringup' returned '0': CMAKE_PREFIX_PATH=${CMAKE_PREFIX_PATH}:/workspace/bumperbot_ws/install/bumperbot_py_examples:/opt/ros/humble /usr/bin/cmake --build /workspace/bumperbot_ws/build/robot_bringup -- -j4 -l4
[0.191s] Invoking command in '/workspace/bumperbot_ws/build/robot_bringup': CMAKE_PREFIX_PATH=${CMAKE_PREFIX_PATH}:/workspace/bumperbot_ws/install/bumperbot_py_examples:/opt/ros/humble /usr/bin/cmake --install /workspace/bumperbot_ws/build/robot_bringup
[0.216s] -- Install configuration: ""
[0.217s] -- Up-to-date: /workspace/bumperbot_ws/install/robot_bringup/share/robot_bringup//launch
[0.217s] -- Up-to-date: /workspace/bumperbot_ws/install/robot_bringup/share/robot_bringup//launch/robot_bringup.launch.py
[0.217s] -- Up-to-date: /workspace/bumperbot_ws/install/robot_bringup/lib/robot_bringup/cal_odom.py
[0.217s] -- Up-to-date: /workspace/bumperbot_ws/install/robot_bringup/lib/robot_bringup/control_vel_mortor.py
[0.217s] -- Up-to-date: /workspace/bumperbot_ws/install/robot_bringup/lib/robot_bringup/simple_serial_receiver.py
[0.221s] -- Up-to-date: /workspace/bumperbot_ws/install/robot_bringup/share/ament_index/resource_index/package_run_dependencies/robot_bringup
[0.221s] -- Up-to-date: /workspace/bumperbot_ws/install/robot_bringup/share/ament_index/resource_index/parent_prefix_path/robot_bringup
[0.221s] -- Up-to-date: /workspace/bumperbot_ws/install/robot_bringup/share/robot_bringup/environment/ament_prefix_path.sh
[0.221s] -- Up-to-date: /workspace/bumperbot_ws/install/robot_bringup/share/robot_bringup/environment/ament_prefix_path.dsv
[0.221s] -- Up-to-date: /workspace/bumperbot_ws/install/robot_bringup/share/robot_bringup/environment/path.sh
[0.222s] -- Up-to-date: /workspace/bumperbot_ws/install/robot_bringup/share/robot_bringup/environment/path.dsv
[0.222s] -- Up-to-date: /workspace/bumperbot_ws/install/robot_bringup/share/robot_bringup/local_setup.bash
[0.222s] -- Up-to-date: /workspace/bumperbot_ws/install/robot_bringup/share/robot_bringup/local_setup.sh
[0.222s] -- Up-to-date: /workspace/bumperbot_ws/install/robot_bringup/share/robot_bringup/local_setup.zsh
[0.222s] -- Up-to-date: /workspace/bumperbot_ws/install/robot_bringup/share/robot_bringup/local_setup.dsv
[0.222s] -- Installing: /workspace/bumperbot_ws/install/robot_bringup/share/robot_bringup/package.dsv
[0.230s] -- Up-to-date: /workspace/bumperbot_ws/install/robot_bringup/share/ament_index/resource_index/packages/robot_bringup
[0.230s] -- Up-to-date: /workspace/bumperbot_ws/install/robot_bringup/share/robot_bringup/cmake/robot_bringupConfig.cmake
[0.230s] -- Up-to-date: /workspace/bumperbot_ws/install/robot_bringup/share/robot_bringup/cmake/robot_bringupConfig-version.cmake
[0.230s] -- Up-to-date: /workspace/bumperbot_ws/install/robot_bringup/share/robot_bringup/package.xml
[0.241s] Invoked command in '/workspace/bumperbot_ws/build/robot_bringup' returned '0': CMAKE_PREFIX_PATH=${CMAKE_PREFIX_PATH}:/workspace/bumperbot_ws/install/bumperbot_py_examples:/opt/ros/humble /usr/bin/cmake --install /workspace/bumperbot_ws/build/robot_bringup
