[0.023s] Invoking command in '/workspace/bumperbot_ws/build/robot_bringup': CMAKE_PREFIX_PATH=/opt/ros/humble /usr/bin/cmake --build /workspace/bumperbot_ws/build/robot_bringup -- -j4 -l4
[0.144s] Invoked command in '/workspace/bumperbot_ws/build/robot_bringup' returned '0': CMAKE_PREFIX_PATH=/opt/ros/humble /usr/bin/cmake --build /workspace/bumperbot_ws/build/robot_bringup -- -j4 -l4
[0.150s] Invoking command in '/workspace/bumperbot_ws/build/robot_bringup': CMAKE_PREFIX_PATH=/opt/ros/humble /usr/bin/cmake --install /workspace/bumperbot_ws/build/robot_bringup
[0.169s] -- Install configuration: ""
[0.169s] -- Up-to-date: /workspace/bumperbot_ws/install/robot_bringup/share/robot_bringup//launch
[0.170s] -- Up-to-date: /workspace/bumperbot_ws/install/robot_bringup/share/robot_bringup//launch/robot_bringup.launch.py
[0.170s] -- Up-to-date: /workspace/bumperbot_ws/install/robot_bringup/lib/robot_bringup/cal_odom.py
[0.170s] -- Up-to-date: /workspace/bumperbot_ws/install/robot_bringup/lib/robot_bringup/control_vel_mortor.py
[0.170s] -- Up-to-date: /workspace/bumperbot_ws/install/robot_bringup/lib/robot_bringup/simple_serial_receiver.py
[0.170s] -- Up-to-date: /workspace/bumperbot_ws/install/robot_bringup/share/ament_index/resource_index/package_run_dependencies/robot_bringup
[0.170s] -- Up-to-date: /workspace/bumperbot_ws/install/robot_bringup/share/ament_index/resource_index/parent_prefix_path/robot_bringup
[0.170s] -- Up-to-date: /workspace/bumperbot_ws/install/robot_bringup/share/robot_bringup/environment/ament_prefix_path.sh
[0.170s] -- Up-to-date: /workspace/bumperbot_ws/install/robot_bringup/share/robot_bringup/environment/ament_prefix_path.dsv
[0.170s] -- Up-to-date: /workspace/bumperbot_ws/install/robot_bringup/share/robot_bringup/environment/path.sh
[0.171s] -- Up-to-date: /workspace/bumperbot_ws/install/robot_bringup/share/robot_bringup/environment/path.dsv
[0.171s] -- Up-to-date: /workspace/bumperbot_ws/install/robot_bringup/share/robot_bringup/local_setup.bash
[0.171s] -- Up-to-date: /workspace/bumperbot_ws/install/robot_bringup/share/robot_bringup/local_setup.sh
[0.171s] -- Up-to-date: /workspace/bumperbot_ws/install/robot_bringup/share/robot_bringup/local_setup.zsh
[0.171s] -- Up-to-date: /workspace/bumperbot_ws/install/robot_bringup/share/robot_bringup/local_setup.dsv
[0.171s] -- Installing: /workspace/bumperbot_ws/install/robot_bringup/share/robot_bringup/package.dsv
[0.171s] -- Up-to-date: /workspace/bumperbot_ws/install/robot_bringup/share/ament_index/resource_index/packages/robot_bringup
[0.171s] -- Up-to-date: /workspace/bumperbot_ws/install/robot_bringup/share/robot_bringup/cmake/robot_bringupConfig.cmake
[0.171s] -- Up-to-date: /workspace/bumperbot_ws/install/robot_bringup/share/robot_bringup/cmake/robot_bringupConfig-version.cmake
[0.172s] -- Up-to-date: /workspace/bumperbot_ws/install/robot_bringup/share/robot_bringup/package.xml
[0.220s] Invoked command in '/workspace/bumperbot_ws/build/robot_bringup' returned '0': CMAKE_PREFIX_PATH=/opt/ros/humble /usr/bin/cmake --install /workspace/bumperbot_ws/build/robot_bringup
