2025-02-26 02:42:29.090 [info] (Client) Pylance async client (2025.2.1) started with python extension (2025.0.0)
2025-02-26 02:42:29.576 [info] [Info  - 2:42:29 AM] (4353) Server root directory: file:///home/pi/.vscode-server/extensions/ms-python.vscode-pylance-2025.2.1/dist
2025-02-26 02:42:29.577 [info] [Info  - 2:42:29 AM] (4353) Pylance language server 2025.2.1 (pyright version 1.1.393, commit 3763156f) starting
2025-02-26 02:42:29.577 [info] [Info  - 2:42:29 AM] (4353) Starting service instance "pi"
2025-02-26 02:42:29.681 [info] [Info  - 2:42:29 AM] (4353) Setting environmentName for service "pi": "python"
2025-02-26 02:42:29.682 [info] [Info  - 2:42:29 AM] (4353) No include entries specified; assuming /home/pi
2025-02-26 02:42:29.683 [info] [Info  - 2:42:29 AM] (4353) Auto-excluding **/node_modules
2025-02-26 02:42:29.684 [info] [Info  - 2:42:29 AM] (4353) Auto-excluding **/__pycache__
2025-02-26 02:42:29.684 [info] [Info  - 2:42:29 AM] (4353) Auto-excluding **/.*
2025-02-26 02:42:29.735 [info] [Info  - 2:42:29 AM] (4353) Assuming Python version 3.12.7.final.0
2025-02-26 02:42:32.460 [info] [Info  - 2:42:32 AM] (4353) Found 2283 source files
2025-02-26 02:42:33.276 [info] [Info  - 2:42:33 AM] (4353) Background analysis(1) root directory: file:///home/pi/.vscode-server/extensions/ms-python.vscode-pylance-2025.2.1/dist
2025-02-26 02:42:33.277 [info] [Info  - 2:42:33 AM] (4353) Background analysis(1) started
2025-02-26 02:42:33.766 [info] [Info  - 2:42:33 AM] (4353) Indexer background runner(2) root directory: file:///home/pi/.vscode-server/extensions/ms-python.vscode-pylance-2025.2.1/dist (index)
2025-02-26 02:42:33.766 [info] [Info  - 2:42:33 AM] (4353) Indexing(2) started
2025-02-26 02:42:36.346 [info] [Info  - 2:42:36 AM] (4353) [IDX(2)] Long operation: scan packages file:///home/pi (2299ms)
2025-02-26 02:42:36.346 [info] [Info  - 2:42:36 AM] (4353) scanned(2) 314 files over 1 exec env
2025-02-26 02:42:37.187 [info] [Info  - 2:42:37 AM] (4353) indexed(2) 314 files over 1 exec env
2025-02-26 02:42:37.438 [info] [Info  - 2:42:37 AM] (4353) Indexing finished(2).
2025-02-26 02:42:47.180 [info] [Warn  - 2:42:47 AM] (4353) Workspace indexing has hit its upper limit: 2000 files
