[0.191s] Invoking command in '/workspace/bumperbot_ws/build/rplidar_ros': CMAKE_PREFIX_PATH=${CMAKE_PREFIX_PATH}:/workspace/bumperbot_ws/install/bumperbot_py_examples:/opt/ros/humble /usr/bin/cmake --build /workspace/bumperbot_ws/build/rplidar_ros -- -j4 -l4
[0.424s] [  5%] Built target rplidar_client
[0.469s] [ 52%] Built target rplidar_node
[0.485s] [100%] Built target rplidar_composition
[0.660s] Invoked command in '/workspace/bumperbot_ws/build/rplidar_ros' returned '0': CMAKE_PREFIX_PATH=${CMAKE_PREFIX_PATH}:/workspace/bumperbot_ws/install/bumperbot_py_examples:/opt/ros/humble /usr/bin/cmake --build /workspace/bumperbot_ws/build/rplidar_ros -- -j4 -l4
[0.680s] Invoking command in '/workspace/bumperbot_ws/build/rplidar_ros': CMAKE_PREFIX_PATH=${CMAKE_PREFIX_PATH}:/workspace/bumperbot_ws/install/bumperbot_py_examples:/opt/ros/humble /usr/bin/cmake --install /workspace/bumperbot_ws/build/rplidar_ros
[0.696s] -- Install configuration: ""
[0.712s] -- Up-to-date: /workspace/bumperbot_ws/install/rplidar_ros/share/rplidar_ros/launch
[0.716s] -- Up-to-date: /workspace/bumperbot_ws/install/rplidar_ros/share/rplidar_ros/launch/view_rplidar_s3_launch.py
[0.717s] -- Up-to-date: /workspace/bumperbot_ws/install/rplidar_ros/share/rplidar_ros/launch/rplidar_a2m12_launch.py
[0.717s] -- Up-to-date: /workspace/bumperbot_ws/install/rplidar_ros/share/rplidar_ros/launch/rplidar_s2e_launch.py
[0.717s] -- Up-to-date: /workspace/bumperbot_ws/install/rplidar_ros/share/rplidar_ros/launch/view_rplidar_a1_launch.py
[0.717s] -- Up-to-date: /workspace/bumperbot_ws/install/rplidar_ros/share/rplidar_ros/launch/rplidar_s1_launch.py
[0.717s] -- Up-to-date: /workspace/bumperbot_ws/install/rplidar_ros/share/rplidar_ros/launch/rplidar_s3_launch.py
[0.717s] -- Up-to-date: /workspace/bumperbot_ws/install/rplidar_ros/share/rplidar_ros/launch/view_rplidar_a2m12_launch.py
[0.718s] -- Up-to-date: /workspace/bumperbot_ws/install/rplidar_ros/share/rplidar_ros/launch/rplidar_a2m7_launch.py
[0.718s] -- Up-to-date: /workspace/bumperbot_ws/install/rplidar_ros/share/rplidar_ros/launch/view_rplidar_s1_launch.py
[0.722s] -- Up-to-date: /workspace/bumperbot_ws/install/rplidar_ros/share/rplidar_ros/launch/view_rplidar_a2m8_launch.py
[0.722s] -- Up-to-date: /workspace/bumperbot_ws/install/rplidar_ros/share/rplidar_ros/launch/rplidar_a2m8_launch.py
[0.722s] -- Up-to-date: /workspace/bumperbot_ws/install/rplidar_ros/share/rplidar_ros/launch/view_rplidar_a3_launch.py
[0.722s] -- Up-to-date: /workspace/bumperbot_ws/install/rplidar_ros/share/rplidar_ros/launch/rplidar_c1_launch.py
[0.723s] -- Up-to-date: /workspace/bumperbot_ws/install/rplidar_ros/share/rplidar_ros/launch/view_rplidar_t1_launch.py
[0.723s] -- Up-to-date: /workspace/bumperbot_ws/install/rplidar_ros/share/rplidar_ros/launch/view_rplidar_a2m7_launch.py
[0.723s] -- Up-to-date: /workspace/bumperbot_ws/install/rplidar_ros/share/rplidar_ros/launch/rplidar_s1_tcp_launch.py
[0.723s] -- Up-to-date: /workspace/bumperbot_ws/install/rplidar_ros/share/rplidar_ros/launch/view_rplidar_c1_launch.py
[0.723s] -- Up-to-date: /workspace/bumperbot_ws/install/rplidar_ros/share/rplidar_ros/launch/rplidar_a1_launch.py
[0.723s] -- Up-to-date: /workspace/bumperbot_ws/install/rplidar_ros/share/rplidar_ros/launch/view_rplidar_s1_tcp_launch.py
[0.723s] -- Up-to-date: /workspace/bumperbot_ws/install/rplidar_ros/share/rplidar_ros/launch/rplidar_a3_launch.py
[0.723s] -- Up-to-date: /workspace/bumperbot_ws/install/rplidar_ros/share/rplidar_ros/launch/view_rplidar_s2e_launch.py
[0.724s] -- Up-to-date: /workspace/bumperbot_ws/install/rplidar_ros/share/rplidar_ros/launch/rplidar_s2_launch.py
[0.724s] -- Up-to-date: /workspace/bumperbot_ws/install/rplidar_ros/share/rplidar_ros/launch/view_rplidar_s2_launch.py
[0.732s] -- Up-to-date: /workspace/bumperbot_ws/install/rplidar_ros/share/rplidar_ros/launch/rplidar_t1_launch.py
[0.732s] -- Up-to-date: /workspace/bumperbot_ws/install/rplidar_ros/share/rplidar_ros/rviz
[0.732s] -- Up-to-date: /workspace/bumperbot_ws/install/rplidar_ros/share/rplidar_ros/rviz/rplidar_ros.rviz
[0.733s] -- Up-to-date: /workspace/bumperbot_ws/install/rplidar_ros/lib/rplidar_ros/rplidar_node
[0.733s] -- Up-to-date: /workspace/bumperbot_ws/install/rplidar_ros/lib/rplidar_ros/rplidar_composition
[0.733s] -- Up-to-date: /workspace/bumperbot_ws/install/rplidar_ros/lib/rplidar_ros/rplidar_client
[0.733s] -- Up-to-date: /workspace/bumperbot_ws/install/rplidar_ros/share/ament_index/resource_index/package_run_dependencies/rplidar_ros
[0.733s] -- Up-to-date: /workspace/bumperbot_ws/install/rplidar_ros/share/ament_index/resource_index/parent_prefix_path/rplidar_ros
[0.733s] -- Up-to-date: /workspace/bumperbot_ws/install/rplidar_ros/share/rplidar_ros/environment/ament_prefix_path.sh
[0.733s] -- Up-to-date: /workspace/bumperbot_ws/install/rplidar_ros/share/rplidar_ros/environment/ament_prefix_path.dsv
[0.733s] -- Up-to-date: /workspace/bumperbot_ws/install/rplidar_ros/share/rplidar_ros/environment/path.sh
[0.734s] -- Up-to-date: /workspace/bumperbot_ws/install/rplidar_ros/share/rplidar_ros/environment/path.dsv
[0.734s] -- Up-to-date: /workspace/bumperbot_ws/install/rplidar_ros/share/rplidar_ros/local_setup.bash
[0.734s] -- Up-to-date: /workspace/bumperbot_ws/install/rplidar_ros/share/rplidar_ros/local_setup.sh
[0.734s] -- Up-to-date: /workspace/bumperbot_ws/install/rplidar_ros/share/rplidar_ros/local_setup.zsh
[0.734s] -- Up-to-date: /workspace/bumperbot_ws/install/rplidar_ros/share/rplidar_ros/local_setup.dsv
[0.734s] -- Installing: /workspace/bumperbot_ws/install/rplidar_ros/share/rplidar_ros/package.dsv
[0.734s] -- Up-to-date: /workspace/bumperbot_ws/install/rplidar_ros/share/ament_index/resource_index/packages/rplidar_ros
[0.734s] -- Up-to-date: /workspace/bumperbot_ws/install/rplidar_ros/share/rplidar_ros/cmake/ament_cmake_export_dependencies-extras.cmake
[0.734s] -- Up-to-date: /workspace/bumperbot_ws/install/rplidar_ros/share/rplidar_ros/cmake/ament_cmake_export_include_directories-extras.cmake
[0.734s] -- Up-to-date: /workspace/bumperbot_ws/install/rplidar_ros/share/rplidar_ros/cmake/rplidar_rosConfig.cmake
[0.735s] -- Up-to-date: /workspace/bumperbot_ws/install/rplidar_ros/share/rplidar_ros/cmake/rplidar_rosConfig-version.cmake
[0.735s] -- Up-to-date: /workspace/bumperbot_ws/install/rplidar_ros/share/rplidar_ros/package.xml
[0.739s] Invoked command in '/workspace/bumperbot_ws/build/rplidar_ros' returned '0': CMAKE_PREFIX_PATH=${CMAKE_PREFIX_PATH}:/workspace/bumperbot_ws/install/bumperbot_py_examples:/opt/ros/humble /usr/bin/cmake --install /workspace/bumperbot_ws/build/rplidar_ros
