[0.071s] Invoking command in '/workspace/bumperbot_ws/build/robot_bringup': CMAKE_PREFIX_PATH=${CMAKE_PREFIX_PATH}:/workspace/bumperbot_ws/install/bumperbot_py_examples:/opt/ros/humble /usr/bin/cmake --build /workspace/bumperbot_ws/build/robot_bringup -- -j4 -l4
[0.135s] -- Found ament_cmake: 1.3.11 (/opt/ros/humble/share/ament_cmake/cmake)
[0.471s] -- Found ament_lint_auto: 0.12.11 (/opt/ros/humble/share/ament_lint_auto/cmake)
[0.748s] -- Added test 'flake8' to check Python code syntax and style conventions
[0.748s] -- Added test 'lint_cmake' to check CMake code style
[0.748s] -- Added test 'pep257' to check Python code against some of the docstring style conventions in PEP 257
[0.753s] -- Added test 'xmllint' to check XML markup files
[0.761s] -- Configuring done
[0.815s] -- Generating done
[0.839s] -- Build files have been written to: /workspace/bumperbot_ws/build/robot_bringup
[0.946s] Invoked command in '/workspace/bumperbot_ws/build/robot_bringup' returned '0': CMAKE_PREFIX_PATH=${CMAKE_PREFIX_PATH}:/workspace/bumperbot_ws/install/bumperbot_py_examples:/opt/ros/humble /usr/bin/cmake --build /workspace/bumperbot_ws/build/robot_bringup -- -j4 -l4
[0.952s] Invoking command in '/workspace/bumperbot_ws/build/robot_bringup': CMAKE_PREFIX_PATH=${CMAKE_PREFIX_PATH}:/workspace/bumperbot_ws/install/bumperbot_py_examples:/opt/ros/humble /usr/bin/cmake --install /workspace/bumperbot_ws/build/robot_bringup
[0.975s] -- Install configuration: ""
[0.975s] -- Up-to-date: /workspace/bumperbot_ws/install/robot_bringup/share/robot_bringup//launch
[0.976s] -- Installing: /workspace/bumperbot_ws/install/robot_bringup/share/robot_bringup//launch/robot_bringup.launch.py
[0.976s] -- Up-to-date: /workspace/bumperbot_ws/install/robot_bringup/lib/robot_bringup/cal_odom.py
[0.976s] -- Installing: /workspace/bumperbot_ws/install/robot_bringup/lib/robot_bringup/control_vel_mortor.py
[0.976s] -- Installing: /workspace/bumperbot_ws/install/robot_bringup/lib/robot_bringup/simple_serial_receiver.py
[0.976s] -- Up-to-date: /workspace/bumperbot_ws/install/robot_bringup/share/ament_index/resource_index/package_run_dependencies/robot_bringup
[0.976s] -- Installing: /workspace/bumperbot_ws/install/robot_bringup/share/ament_index/resource_index/parent_prefix_path/robot_bringup
[0.976s] -- Up-to-date: /workspace/bumperbot_ws/install/robot_bringup/share/robot_bringup/environment/ament_prefix_path.sh
[0.976s] -- Installing: /workspace/bumperbot_ws/install/robot_bringup/share/robot_bringup/environment/ament_prefix_path.dsv
[0.977s] -- Up-to-date: /workspace/bumperbot_ws/install/robot_bringup/share/robot_bringup/environment/path.sh
[0.977s] -- Installing: /workspace/bumperbot_ws/install/robot_bringup/share/robot_bringup/environment/path.dsv
[0.977s] -- Up-to-date: /workspace/bumperbot_ws/install/robot_bringup/share/robot_bringup/local_setup.bash
[0.977s] -- Up-to-date: /workspace/bumperbot_ws/install/robot_bringup/share/robot_bringup/local_setup.sh
[0.977s] -- Up-to-date: /workspace/bumperbot_ws/install/robot_bringup/share/robot_bringup/local_setup.zsh
[0.977s] -- Installing: /workspace/bumperbot_ws/install/robot_bringup/share/robot_bringup/local_setup.dsv
[0.977s] -- Installing: /workspace/bumperbot_ws/install/robot_bringup/share/robot_bringup/package.dsv
[0.977s] -- Up-to-date: /workspace/bumperbot_ws/install/robot_bringup/share/ament_index/resource_index/packages/robot_bringup
[0.977s] -- Up-to-date: /workspace/bumperbot_ws/install/robot_bringup/share/robot_bringup/cmake/robot_bringupConfig.cmake
[0.977s] -- Up-to-date: /workspace/bumperbot_ws/install/robot_bringup/share/robot_bringup/cmake/robot_bringupConfig-version.cmake
[0.977s] -- Up-to-date: /workspace/bumperbot_ws/install/robot_bringup/share/robot_bringup/package.xml
[0.984s] Invoked command in '/workspace/bumperbot_ws/build/robot_bringup' returned '0': CMAKE_PREFIX_PATH=${CMAKE_PREFIX_PATH}:/workspace/bumperbot_ws/install/bumperbot_py_examples:/opt/ros/humble /usr/bin/cmake --install /workspace/bumperbot_ws/build/robot_bringup
