-- Install configuration: ""
-- Up-to-date: /workspace/bumperbot_ws/install/robot_nav2/share/robot_nav2//launch
-- Up-to-date: /workspace/bumperbot_ws/install/robot_nav2/share/robot_nav2//launch/robot_nav2.launch.py
-- Up-to-date: /workspace/bumperbot_ws/install/robot_nav2/share/robot_nav2//launch/nav2_bringup.launch.py
-- Up-to-date: /workspace/bumperbot_ws/install/robot_nav2/share/robot_nav2//launch/robot_nav2_v1.launch.py
-- Up-to-date: /workspace/bumperbot_ws/install/robot_nav2/share/robot_nav2//params
-- Up-to-date: /workspace/bumperbot_ws/install/robot_nav2/share/robot_nav2//params/nav2_param_v1.yaml
-- Up-to-date: /workspace/bumperbot_ws/install/robot_nav2/share/robot_nav2//params/nav2_param.yaml
-- Up-to-date: /workspace/bumperbot_ws/install/robot_nav2/share/robot_nav2//rviz
-- Up-to-date: /workspace/bumperbot_ws/install/robot_nav2/share/robot_nav2//maps
-- Up-to-date: /workspace/bumperbot_ws/install/robot_nav2/share/robot_nav2//maps/map.pgm
-- Up-to-date: /workspace/bumperbot_ws/install/robot_nav2/share/robot_nav2//maps/map.yaml
-- Up-to-date: /workspace/bumperbot_ws/install/robot_nav2/share/ament_index/resource_index/package_run_dependencies/robot_nav2
-- Up-to-date: /workspace/bumperbot_ws/install/robot_nav2/share/ament_index/resource_index/parent_prefix_path/robot_nav2
-- Up-to-date: /workspace/bumperbot_ws/install/robot_nav2/share/robot_nav2/environment/ament_prefix_path.sh
-- Up-to-date: /workspace/bumperbot_ws/install/robot_nav2/share/robot_nav2/environment/ament_prefix_path.dsv
-- Up-to-date: /workspace/bumperbot_ws/install/robot_nav2/share/robot_nav2/environment/path.sh
-- Up-to-date: /workspace/bumperbot_ws/install/robot_nav2/share/robot_nav2/environment/path.dsv
-- Up-to-date: /workspace/bumperbot_ws/install/robot_nav2/share/robot_nav2/local_setup.bash
-- Up-to-date: /workspace/bumperbot_ws/install/robot_nav2/share/robot_nav2/local_setup.sh
-- Up-to-date: /workspace/bumperbot_ws/install/robot_nav2/share/robot_nav2/local_setup.zsh
-- Up-to-date: /workspace/bumperbot_ws/install/robot_nav2/share/robot_nav2/local_setup.dsv
-- Installing: /workspace/bumperbot_ws/install/robot_nav2/share/robot_nav2/package.dsv
-- Up-to-date: /workspace/bumperbot_ws/install/robot_nav2/share/ament_index/resource_index/packages/robot_nav2
-- Up-to-date: /workspace/bumperbot_ws/install/robot_nav2/share/robot_nav2/cmake/robot_nav2Config.cmake
-- Up-to-date: /workspace/bumperbot_ws/install/robot_nav2/share/robot_nav2/cmake/robot_nav2Config-version.cmake
-- Up-to-date: /workspace/bumperbot_ws/install/robot_nav2/share/robot_nav2/package.xml
