[0.039s] Invoking command in '/workspace/bumperbot_ws/build/bumperbot_cpp_examples': AMENT_PREFIX_PATH=/workspace/bumperbot_ws/install/bumperbot_msgs:${AMENT_PREFIX_PATH} CMAKE_PREFIX_PATH=/workspace/bumperbot_ws/install/bumperbot_msgs:/opt/ros/humble LD_LIBRARY_PATH=/workspace/bumperbot_ws/install/bumperbot_msgs/lib:${LD_LIBRARY_PATH} PYTHONPATH=/workspace/bumperbot_ws/install/bumperbot_msgs/local/lib/python3.10/dist-packages:${PYTHONPATH} /usr/bin/cmake --build /workspace/bumperbot_ws/build/bumperbot_cpp_examples -- -j4 -l4
[0.293s] [  7%] Built target simple_subscriber
[0.300s] [ 14%] Built target simple_publisher
[0.313s] [ 21%] Built target simple_turtlesim_kinematics
[0.314s] [ 28%] Built target simple_parameter
[0.385s] [ 35%] Built target simple_lifecycle_node
[0.394s] [ 50%] Built target simple_tf_kinematics
[0.394s] [ 57%] Built target simple_service_client
[0.395s] [ 57%] Built target simple_service_server
[0.467s] [ 64%] Built target simple_qos_subscriber
[0.475s] [ 71%] Built target simple_action_server_node
[0.483s] [ 78%] Built target simple_qos_publisher
[0.495s] [ 85%] Built target simple_action_server
[0.534s] [ 92%] Built target simple_action_client_node
[0.535s] [100%] Built target simple_action_client
[0.632s] Invoked command in '/workspace/bumperbot_ws/build/bumperbot_cpp_examples' returned '0': AMENT_PREFIX_PATH=/workspace/bumperbot_ws/install/bumperbot_msgs:${AMENT_PREFIX_PATH} CMAKE_PREFIX_PATH=/workspace/bumperbot_ws/install/bumperbot_msgs:/opt/ros/humble LD_LIBRARY_PATH=/workspace/bumperbot_ws/install/bumperbot_msgs/lib:${LD_LIBRARY_PATH} PYTHONPATH=/workspace/bumperbot_ws/install/bumperbot_msgs/local/lib/python3.10/dist-packages:${PYTHONPATH} /usr/bin/cmake --build /workspace/bumperbot_ws/build/bumperbot_cpp_examples -- -j4 -l4
[0.636s] Invoking command in '/workspace/bumperbot_ws/build/bumperbot_cpp_examples': AMENT_PREFIX_PATH=/workspace/bumperbot_ws/install/bumperbot_msgs:${AMENT_PREFIX_PATH} CMAKE_PREFIX_PATH=/workspace/bumperbot_ws/install/bumperbot_msgs:/opt/ros/humble LD_LIBRARY_PATH=/workspace/bumperbot_ws/install/bumperbot_msgs/lib:${LD_LIBRARY_PATH} PYTHONPATH=/workspace/bumperbot_ws/install/bumperbot_msgs/local/lib/python3.10/dist-packages:${PYTHONPATH} /usr/bin/cmake --install /workspace/bumperbot_ws/build/bumperbot_cpp_examples
[0.658s] -- Install configuration: ""
[0.661s] -- Up-to-date: /workspace/bumperbot_ws/install/bumperbot_cpp_examples/lib/bumperbot_cpp_examples/simple_action_server_node
[0.666s] -- Up-to-date: /workspace/bumperbot_ws/install/bumperbot_cpp_examples/lib/bumperbot_cpp_examples/simple_action_client_node
[0.666s] -- Up-to-date: /workspace/bumperbot_ws/install/bumperbot_cpp_examples/include/include
[0.666s] -- Up-to-date: /workspace/bumperbot_ws/install/bumperbot_cpp_examples/include/include/bumperbot_cpp_examples
[0.667s] -- Up-to-date: /workspace/bumperbot_ws/install/bumperbot_cpp_examples/include/include/bumperbot_cpp_examples/simple_turtlesim_kinematics.hpp
[0.667s] -- Up-to-date: /workspace/bumperbot_ws/install/bumperbot_cpp_examples/include/include/bumperbot_cpp_examples/simple_tf_kinematics.hpp
[0.668s] -- Up-to-date: /workspace/bumperbot_ws/install/bumperbot_cpp_examples/lib/bumperbot_cpp_examples/simple_publisher
[0.673s] -- Up-to-date: /workspace/bumperbot_ws/install/bumperbot_cpp_examples/lib/bumperbot_cpp_examples/simple_subscriber
[0.676s] -- Up-to-date: /workspace/bumperbot_ws/install/bumperbot_cpp_examples/lib/bumperbot_cpp_examples/simple_parameter
[0.679s] -- Up-to-date: /workspace/bumperbot_ws/install/bumperbot_cpp_examples/lib/bumperbot_cpp_examples/simple_turtlesim_kinematics
[0.683s] -- Up-to-date: /workspace/bumperbot_ws/install/bumperbot_cpp_examples/lib/bumperbot_cpp_examples/simple_service_server
[0.687s] -- Up-to-date: /workspace/bumperbot_ws/install/bumperbot_cpp_examples/lib/bumperbot_cpp_examples/simple_service_client
[0.690s] -- Up-to-date: /workspace/bumperbot_ws/install/bumperbot_cpp_examples/lib/bumperbot_cpp_examples/simple_tf_kinematics
[0.695s] -- Up-to-date: /workspace/bumperbot_ws/install/bumperbot_cpp_examples/lib/bumperbot_cpp_examples/simple_lifecycle_node
[0.697s] -- Up-to-date: /workspace/bumperbot_ws/install/bumperbot_cpp_examples/lib/bumperbot_cpp_examples/simple_qos_publisher
[0.701s] -- Up-to-date: /workspace/bumperbot_ws/install/bumperbot_cpp_examples/lib/bumperbot_cpp_examples/simple_qos_subscriber
[0.705s] -- Up-to-date: /workspace/bumperbot_ws/install/bumperbot_cpp_examples/lib/libsimple_action_server.so
[0.709s] -- Up-to-date: /workspace/bumperbot_ws/install/bumperbot_cpp_examples/lib/libsimple_action_client.so
[0.711s] -- Up-to-date: /workspace/bumperbot_ws/install/bumperbot_cpp_examples/share/ament_index/resource_index/package_run_dependencies/bumperbot_cpp_examples
[0.713s] -- Up-to-date: /workspace/bumperbot_ws/install/bumperbot_cpp_examples/share/ament_index/resource_index/parent_prefix_path/bumperbot_cpp_examples
[0.716s] -- Up-to-date: /workspace/bumperbot_ws/install/bumperbot_cpp_examples/share/bumperbot_cpp_examples/environment/ament_prefix_path.sh
[0.719s] -- Up-to-date: /workspace/bumperbot_ws/install/bumperbot_cpp_examples/share/bumperbot_cpp_examples/environment/ament_prefix_path.dsv
[0.721s] -- Up-to-date: /workspace/bumperbot_ws/install/bumperbot_cpp_examples/share/bumperbot_cpp_examples/environment/path.sh
[0.725s] -- Up-to-date: /workspace/bumperbot_ws/install/bumperbot_cpp_examples/share/bumperbot_cpp_examples/environment/path.dsv
[0.725s] -- Up-to-date: /workspace/bumperbot_ws/install/bumperbot_cpp_examples/share/bumperbot_cpp_examples/local_setup.bash
[0.725s] -- Up-to-date: /workspace/bumperbot_ws/install/bumperbot_cpp_examples/share/bumperbot_cpp_examples/local_setup.sh
[0.726s] -- Up-to-date: /workspace/bumperbot_ws/install/bumperbot_cpp_examples/share/bumperbot_cpp_examples/local_setup.zsh
[0.726s] -- Up-to-date: /workspace/bumperbot_ws/install/bumperbot_cpp_examples/share/bumperbot_cpp_examples/local_setup.dsv
[0.726s] -- Installing: /workspace/bumperbot_ws/install/bumperbot_cpp_examples/share/bumperbot_cpp_examples/package.dsv
[0.726s] -- Up-to-date: /workspace/bumperbot_ws/install/bumperbot_cpp_examples/share/ament_index/resource_index/packages/bumperbot_cpp_examples
[0.726s] -- Up-to-date: /workspace/bumperbot_ws/install/bumperbot_cpp_examples/share/ament_index/resource_index/rclcpp_components/bumperbot_cpp_examples
[0.726s] -- Up-to-date: /workspace/bumperbot_ws/install/bumperbot_cpp_examples/share/bumperbot_cpp_examples/cmake/bumperbot_cpp_examplesConfig.cmake
[0.726s] -- Up-to-date: /workspace/bumperbot_ws/install/bumperbot_cpp_examples/share/bumperbot_cpp_examples/cmake/bumperbot_cpp_examplesConfig-version.cmake
[0.726s] -- Up-to-date: /workspace/bumperbot_ws/install/bumperbot_cpp_examples/share/bumperbot_cpp_examples/package.xml
[0.734s] Invoked command in '/workspace/bumperbot_ws/build/bumperbot_cpp_examples' returned '0': AMENT_PREFIX_PATH=/workspace/bumperbot_ws/install/bumperbot_msgs:${AMENT_PREFIX_PATH} CMAKE_PREFIX_PATH=/workspace/bumperbot_ws/install/bumperbot_msgs:/opt/ros/humble LD_LIBRARY_PATH=/workspace/bumperbot_ws/install/bumperbot_msgs/lib:${LD_LIBRARY_PATH} PYTHONPATH=/workspace/bumperbot_ws/install/bumperbot_msgs/local/lib/python3.10/dist-packages:${PYTHONPATH} /usr/bin/cmake --install /workspace/bumperbot_ws/build/bumperbot_cpp_examples
