[0.045s] Invoking command in '/workspace/bumperbot_ws/build/bumperbot_controller': CMAKE_PREFIX_PATH=${CMAKE_PREFIX_PATH}:/workspace/bumperbot_ws/install/bumperbot_py_examples:/opt/ros/humble /usr/bin/cmake --build /workspace/bumperbot_ws/build/bumperbot_controller -- -j4 -l4
[0.293s] [ 33%] Built target noisy_controller
[0.300s] [ 33%] Built target ament_cmake_python_copy_bumperbot_controller
[0.316s] [ 66%] Built target simple_controller
[0.330s] [100%] Built target twist_relay
[1.064s] running egg_info
[1.070s] writing bumperbot_controller.egg-info/PKG-INFO
[1.072s] writing dependency_links to bumperbot_controller.egg-info/dependency_links.txt
[1.074s] writing top-level names to bumperbot_controller.egg-info/top_level.txt
[1.086s] reading manifest file 'bumperbot_controller.egg-info/SOURCES.txt'
[1.089s] writing manifest file 'bumperbot_controller.egg-info/SOURCES.txt'
[1.198s] [100%] Built target ament_cmake_python_build_bumperbot_controller_egg
[1.228s] Invoked command in '/workspace/bumperbot_ws/build/bumperbot_controller' returned '0': CMAKE_PREFIX_PATH=${CMAKE_PREFIX_PATH}:/workspace/bumperbot_ws/install/bumperbot_py_examples:/opt/ros/humble /usr/bin/cmake --build /workspace/bumperbot_ws/build/bumperbot_controller -- -j4 -l4
[1.231s] Invoking command in '/workspace/bumperbot_ws/build/bumperbot_controller': CMAKE_PREFIX_PATH=${CMAKE_PREFIX_PATH}:/workspace/bumperbot_ws/install/bumperbot_py_examples:/opt/ros/humble /usr/bin/cmake --install /workspace/bumperbot_ws/build/bumperbot_controller
[1.254s] -- Install configuration: ""
[1.257s] -- Up-to-date: /workspace/bumperbot_ws/install/bumperbot_controller/share/bumperbot_controller/environment/pythonpath.sh
[1.257s] -- Up-to-date: /workspace/bumperbot_ws/install/bumperbot_controller/share/bumperbot_controller/environment/pythonpath.dsv
[1.258s] -- Up-to-date: /workspace/bumperbot_ws/install/bumperbot_controller/local/lib/python3.10/dist-packages/bumperbot_controller-0.0.0-py3.10.egg-info
[1.258s] -- Installing: /workspace/bumperbot_ws/install/bumperbot_controller/local/lib/python3.10/dist-packages/bumperbot_controller-0.0.0-py3.10.egg-info/SOURCES.txt
[1.258s] -- Installing: /workspace/bumperbot_ws/install/bumperbot_controller/local/lib/python3.10/dist-packages/bumperbot_controller-0.0.0-py3.10.egg-info/PKG-INFO
[1.258s] -- Installing: /workspace/bumperbot_ws/install/bumperbot_controller/local/lib/python3.10/dist-packages/bumperbot_controller-0.0.0-py3.10.egg-info/dependency_links.txt
[1.258s] -- Installing: /workspace/bumperbot_ws/install/bumperbot_controller/local/lib/python3.10/dist-packages/bumperbot_controller-0.0.0-py3.10.egg-info/top_level.txt
[1.259s] -- Up-to-date: /workspace/bumperbot_ws/install/bumperbot_controller/local/lib/python3.10/dist-packages/bumperbot_controller
[1.259s] -- Up-to-date: /workspace/bumperbot_ws/install/bumperbot_controller/local/lib/python3.10/dist-packages/bumperbot_controller/simple_controller.py
[1.259s] -- Up-to-date: /workspace/bumperbot_ws/install/bumperbot_controller/local/lib/python3.10/dist-packages/bumperbot_controller/noisy_controller.py
[1.259s] -- Up-to-date: /workspace/bumperbot_ws/install/bumperbot_controller/local/lib/python3.10/dist-packages/bumperbot_controller/twist_relay.py
[1.259s] -- Up-to-date: /workspace/bumperbot_ws/install/bumperbot_controller/local/lib/python3.10/dist-packages/bumperbot_controller/__init__.py
[1.366s] Listing '/workspace/bumperbot_ws/install/bumperbot_controller/local/lib/python3.10/dist-packages/bumperbot_controller'...
[1.385s] -- Up-to-date: /workspace/bumperbot_ws/install/bumperbot_controller/include/include
[1.386s] -- Up-to-date: /workspace/bumperbot_ws/install/bumperbot_controller/include/include/bumperbot_controller
[1.386s] -- Up-to-date: /workspace/bumperbot_ws/install/bumperbot_controller/include/include/bumperbot_controller/noisy_controller.hpp
[1.386s] -- Up-to-date: /workspace/bumperbot_ws/install/bumperbot_controller/include/include/bumperbot_controller/simple_controller.hpp
[1.391s] -- Up-to-date: /workspace/bumperbot_ws/install/bumperbot_controller/lib/bumperbot_controller/simple_controller
[1.392s] -- Up-to-date: /workspace/bumperbot_ws/install/bumperbot_controller/lib/bumperbot_controller/noisy_controller
[1.392s] -- Up-to-date: /workspace/bumperbot_ws/install/bumperbot_controller/lib/bumperbot_controller/twist_relay
[1.394s] -- Up-to-date: /workspace/bumperbot_ws/install/bumperbot_controller/share/bumperbot_controller/launch
[1.394s] -- Up-to-date: /workspace/bumperbot_ws/install/bumperbot_controller/share/bumperbot_controller/launch/controller.launch.py
[1.394s] -- Up-to-date: /workspace/bumperbot_ws/install/bumperbot_controller/share/bumperbot_controller/launch/joystick_teleop.launch.py
[1.394s] -- Up-to-date: /workspace/bumperbot_ws/install/bumperbot_controller/share/bumperbot_controller/config
[1.395s] -- Up-to-date: /workspace/bumperbot_ws/install/bumperbot_controller/share/bumperbot_controller/config/twist_mux_topics.yaml
[1.395s] -- Up-to-date: /workspace/bumperbot_ws/install/bumperbot_controller/share/bumperbot_controller/config/bumperbot_controllers.yaml
[1.395s] -- Up-to-date: /workspace/bumperbot_ws/install/bumperbot_controller/share/bumperbot_controller/config/twist_mux_joy.yaml
[1.395s] -- Up-to-date: /workspace/bumperbot_ws/install/bumperbot_controller/share/bumperbot_controller/config/twist_mux_locks.yaml
[1.395s] -- Up-to-date: /workspace/bumperbot_ws/install/bumperbot_controller/share/bumperbot_controller/config/joy_teleop.yaml
[1.395s] -- Up-to-date: /workspace/bumperbot_ws/install/bumperbot_controller/share/bumperbot_controller/config/joy_config.yaml
[1.395s] -- Up-to-date: /workspace/bumperbot_ws/install/bumperbot_controller/lib/bumperbot_controller/simple_controller.py
[1.395s] -- Up-to-date: /workspace/bumperbot_ws/install/bumperbot_controller/lib/bumperbot_controller/noisy_controller.py
[1.396s] -- Up-to-date: /workspace/bumperbot_ws/install/bumperbot_controller/lib/bumperbot_controller/twist_relay.py
[1.396s] -- Up-to-date: /workspace/bumperbot_ws/install/bumperbot_controller/share/ament_index/resource_index/package_run_dependencies/bumperbot_controller
[1.396s] -- Up-to-date: /workspace/bumperbot_ws/install/bumperbot_controller/share/ament_index/resource_index/parent_prefix_path/bumperbot_controller
[1.396s] -- Up-to-date: /workspace/bumperbot_ws/install/bumperbot_controller/share/bumperbot_controller/environment/ament_prefix_path.sh
[1.396s] -- Up-to-date: /workspace/bumperbot_ws/install/bumperbot_controller/share/bumperbot_controller/environment/ament_prefix_path.dsv
[1.396s] -- Up-to-date: /workspace/bumperbot_ws/install/bumperbot_controller/share/bumperbot_controller/environment/path.sh
[1.396s] -- Up-to-date: /workspace/bumperbot_ws/install/bumperbot_controller/share/bumperbot_controller/environment/path.dsv
[1.396s] -- Up-to-date: /workspace/bumperbot_ws/install/bumperbot_controller/share/bumperbot_controller/local_setup.bash
[1.396s] -- Up-to-date: /workspace/bumperbot_ws/install/bumperbot_controller/share/bumperbot_controller/local_setup.sh
[1.397s] -- Up-to-date: /workspace/bumperbot_ws/install/bumperbot_controller/share/bumperbot_controller/local_setup.zsh
[1.397s] -- Up-to-date: /workspace/bumperbot_ws/install/bumperbot_controller/share/bumperbot_controller/local_setup.dsv
[1.399s] -- Installing: /workspace/bumperbot_ws/install/bumperbot_controller/share/bumperbot_controller/package.dsv
[1.400s] -- Up-to-date: /workspace/bumperbot_ws/install/bumperbot_controller/share/ament_index/resource_index/packages/bumperbot_controller
[1.400s] -- Up-to-date: /workspace/bumperbot_ws/install/bumperbot_controller/share/bumperbot_controller/cmake/bumperbot_controllerConfig.cmake
[1.400s] -- Up-to-date: /workspace/bumperbot_ws/install/bumperbot_controller/share/bumperbot_controller/cmake/bumperbot_controllerConfig-version.cmake
[1.400s] -- Up-to-date: /workspace/bumperbot_ws/install/bumperbot_controller/share/bumperbot_controller/package.xml
[1.404s] Invoked command in '/workspace/bumperbot_ws/build/bumperbot_controller' returned '0': CMAKE_PREFIX_PATH=${CMAKE_PREFIX_PATH}:/workspace/bumperbot_ws/install/bumperbot_py_examples:/opt/ros/humble /usr/bin/cmake --install /workspace/bumperbot_ws/build/bumperbot_controller
