[0.074s] Invoking command in '/workspace/bumperbot_ws/build/bumperbot_mapping': CMAKE_PREFIX_PATH=/opt/ros/humble /usr/bin/cmake --build /workspace/bumperbot_ws/build/bumperbot_mapping -- -j4 -l4
[0.243s] [  0%] Built target ament_cmake_python_copy_bumperbot_mapping
[0.259s] [100%] Built target mapping_with_known_poses
[0.768s] running egg_info
[0.770s] writing bumperbot_mapping.egg-info/PKG-INFO
[0.772s] writing dependency_links to bumperbot_mapping.egg-info/dependency_links.txt
[0.773s] writing top-level names to bumperbot_mapping.egg-info/top_level.txt
[0.778s] reading manifest file 'bumperbot_mapping.egg-info/SOURCES.txt'
[0.782s] writing manifest file 'bumperbot_mapping.egg-info/SOURCES.txt'
[0.873s] [100%] Built target ament_cmake_python_build_bumperbot_mapping_egg
[1.431s] Invoked command in '/workspace/bumperbot_ws/build/bumperbot_mapping' returned '0': CMAKE_PREFIX_PATH=/opt/ros/humble /usr/bin/cmake --build /workspace/bumperbot_ws/build/bumperbot_mapping -- -j4 -l4
[1.435s] Invoking command in '/workspace/bumperbot_ws/build/bumperbot_mapping': CMAKE_PREFIX_PATH=/opt/ros/humble /usr/bin/cmake --install /workspace/bumperbot_ws/build/bumperbot_mapping
[1.459s] -- Install configuration: ""
[1.460s] -- Up-to-date: /workspace/bumperbot_ws/install/bumperbot_mapping/share/bumperbot_mapping/environment/pythonpath.sh
[1.460s] -- Up-to-date: /workspace/bumperbot_ws/install/bumperbot_mapping/share/bumperbot_mapping/environment/pythonpath.dsv
[1.460s] -- Up-to-date: /workspace/bumperbot_ws/install/bumperbot_mapping/local/lib/python3.10/dist-packages/bumperbot_mapping-0.0.0-py3.10.egg-info
[1.460s] -- Installing: /workspace/bumperbot_ws/install/bumperbot_mapping/local/lib/python3.10/dist-packages/bumperbot_mapping-0.0.0-py3.10.egg-info/SOURCES.txt
[1.460s] -- Installing: /workspace/bumperbot_ws/install/bumperbot_mapping/local/lib/python3.10/dist-packages/bumperbot_mapping-0.0.0-py3.10.egg-info/PKG-INFO
[1.460s] -- Installing: /workspace/bumperbot_ws/install/bumperbot_mapping/local/lib/python3.10/dist-packages/bumperbot_mapping-0.0.0-py3.10.egg-info/dependency_links.txt
[1.460s] -- Installing: /workspace/bumperbot_ws/install/bumperbot_mapping/local/lib/python3.10/dist-packages/bumperbot_mapping-0.0.0-py3.10.egg-info/top_level.txt
[1.461s] -- Up-to-date: /workspace/bumperbot_ws/install/bumperbot_mapping/local/lib/python3.10/dist-packages/bumperbot_mapping
[1.461s] -- Up-to-date: /workspace/bumperbot_ws/install/bumperbot_mapping/local/lib/python3.10/dist-packages/bumperbot_mapping/mapping_with_known_poses.py
[1.461s] -- Up-to-date: /workspace/bumperbot_ws/install/bumperbot_mapping/local/lib/python3.10/dist-packages/bumperbot_mapping/__init__.py
[1.530s] Listing '/workspace/bumperbot_ws/install/bumperbot_mapping/local/lib/python3.10/dist-packages/bumperbot_mapping'...
[1.549s] -- Up-to-date: /workspace/bumperbot_ws/install/bumperbot_mapping/include/include
[1.550s] -- Up-to-date: /workspace/bumperbot_ws/install/bumperbot_mapping/include/include/bumperbot_mapping
[1.551s] -- Up-to-date: /workspace/bumperbot_ws/install/bumperbot_mapping/include/include/bumperbot_mapping/mapping_with_known_poses.hpp
[1.551s] -- Up-to-date: /workspace/bumperbot_ws/install/bumperbot_mapping/lib/bumperbot_mapping/mapping_with_known_poses
[1.553s] -- Up-to-date: /workspace/bumperbot_ws/install/bumperbot_mapping/share/bumperbot_mapping/config
[1.553s] -- Up-to-date: /workspace/bumperbot_ws/install/bumperbot_mapping/share/bumperbot_mapping/config/slam_toolbox.yaml
[1.553s] -- Up-to-date: /workspace/bumperbot_ws/install/bumperbot_mapping/share/bumperbot_mapping/launch
[1.553s] -- Up-to-date: /workspace/bumperbot_ws/install/bumperbot_mapping/share/bumperbot_mapping/launch/slam.launch.py
[1.553s] -- Up-to-date: /workspace/bumperbot_ws/install/bumperbot_mapping/share/bumperbot_mapping/maps
[1.554s] -- Up-to-date: /workspace/bumperbot_ws/install/bumperbot_mapping/share/bumperbot_mapping/maps/small_house
[1.554s] -- Up-to-date: /workspace/bumperbot_ws/install/bumperbot_mapping/share/bumperbot_mapping/maps/small_house/map.pgm
[1.554s] -- Up-to-date: /workspace/bumperbot_ws/install/bumperbot_mapping/share/bumperbot_mapping/maps/small_house/map.yaml
[1.554s] -- Up-to-date: /workspace/bumperbot_ws/install/bumperbot_mapping/share/bumperbot_mapping/maps/small_warehouse
[1.554s] -- Up-to-date: /workspace/bumperbot_ws/install/bumperbot_mapping/share/bumperbot_mapping/maps/small_warehouse/map.pgm
[1.554s] -- Up-to-date: /workspace/bumperbot_ws/install/bumperbot_mapping/share/bumperbot_mapping/maps/small_warehouse/map.yaml
[1.555s] -- Up-to-date: /workspace/bumperbot_ws/install/bumperbot_mapping/share/bumperbot_mapping/rviz
[1.555s] -- Up-to-date: /workspace/bumperbot_ws/install/bumperbot_mapping/share/bumperbot_mapping/rviz/slam.rviz
[1.555s] -- Up-to-date: /workspace/bumperbot_ws/install/bumperbot_mapping/lib/bumperbot_mapping/mapping_with_known_poses.py
[1.555s] -- Up-to-date: /workspace/bumperbot_ws/install/bumperbot_mapping/share/ament_index/resource_index/package_run_dependencies/bumperbot_mapping
[1.555s] -- Up-to-date: /workspace/bumperbot_ws/install/bumperbot_mapping/share/ament_index/resource_index/parent_prefix_path/bumperbot_mapping
[1.555s] -- Up-to-date: /workspace/bumperbot_ws/install/bumperbot_mapping/share/bumperbot_mapping/environment/ament_prefix_path.sh
[1.555s] -- Up-to-date: /workspace/bumperbot_ws/install/bumperbot_mapping/share/bumperbot_mapping/environment/ament_prefix_path.dsv
[1.555s] -- Up-to-date: /workspace/bumperbot_ws/install/bumperbot_mapping/share/bumperbot_mapping/environment/path.sh
[1.555s] -- Up-to-date: /workspace/bumperbot_ws/install/bumperbot_mapping/share/bumperbot_mapping/environment/path.dsv
[1.556s] -- Up-to-date: /workspace/bumperbot_ws/install/bumperbot_mapping/share/bumperbot_mapping/local_setup.bash
[1.556s] -- Up-to-date: /workspace/bumperbot_ws/install/bumperbot_mapping/share/bumperbot_mapping/local_setup.sh
[1.556s] -- Up-to-date: /workspace/bumperbot_ws/install/bumperbot_mapping/share/bumperbot_mapping/local_setup.zsh
[1.556s] -- Up-to-date: /workspace/bumperbot_ws/install/bumperbot_mapping/share/bumperbot_mapping/local_setup.dsv
[1.556s] -- Installing: /workspace/bumperbot_ws/install/bumperbot_mapping/share/bumperbot_mapping/package.dsv
[1.561s] -- Up-to-date: /workspace/bumperbot_ws/install/bumperbot_mapping/share/ament_index/resource_index/packages/bumperbot_mapping
[1.561s] -- Up-to-date: /workspace/bumperbot_ws/install/bumperbot_mapping/share/bumperbot_mapping/cmake/bumperbot_mappingConfig.cmake
[1.562s] -- Up-to-date: /workspace/bumperbot_ws/install/bumperbot_mapping/share/bumperbot_mapping/cmake/bumperbot_mappingConfig-version.cmake
[1.565s] -- Up-to-date: /workspace/bumperbot_ws/install/bumperbot_mapping/share/bumperbot_mapping/package.xml
[1.582s] Invoked command in '/workspace/bumperbot_ws/build/bumperbot_mapping' returned '0': CMAKE_PREFIX_PATH=/opt/ros/humble /usr/bin/cmake --install /workspace/bumperbot_ws/build/bumperbot_mapping
