2025-02-26 04:21:58.482 [info] Experiment 'pythonaa' is active
2025-02-26 04:21:58.482 [info] Experiment 'pythonRecommendTensorboardExt' is active
2025-02-26 04:21:58.482 [info] Experiment 'pythonTerminalEnvVarActivation' is active
2025-02-26 04:21:58.482 [info] Experiment 'pythonTestAdapter' is active
2025-02-26 04:21:58.482 [info] Native locator: Refresh started
2025-02-26 04:21:58.482 [info] Native locator: Refresh started
2025-02-26 04:21:58.482 [info] > pyenv which python
2025-02-26 04:21:58.482 [info] cwd: .
2025-02-26 04:21:58.607 [info] Native locator: Refresh finished in 1996 ms
2025-02-26 04:21:58.626 [info] > python -c "import sys;print(sys.executable)"
2025-02-26 04:21:58.628 [error] [Error: Command failed: python -c "import sys;print(sys.executable)"
/bin/sh: 1: python: not found

	at genericNodeError (node:internal/errors:984:15)
	at wrappedFn (node:internal/errors:538:14)
	at ChildProcess.exithandler (node:child_process:422:12)
	at ChildProcess.emit (node:events:530:35)
	at maybeClose (node:internal/child_process:1104:16)
	at Socket.<anonymous> (node:internal/child_process:456:11)
	at Socket.emit (node:events:518:28)
	at Pipe.<anonymous> (node:net:343:12)] {
  code: 127,
  killed: false,
  signal: null,
  cmd: 'python -c "import sys;print(sys.executable)"'
}
2025-02-26 04:21:58.711 [info] > pyenv which python
2025-02-26 04:21:58.711 [info] cwd: .
2025-02-26 04:22:00.055 [info] Starting Pylance language server.
