[0.024s] Invoking command in '/workspace/bumperbot_ws/build/robot_nav2': CMAKE_PREFIX_PATH=/opt/ros/humble /usr/bin/cmake --build /workspace/bumperbot_ws/build/robot_nav2 -- -j4 -l4
[0.123s] Invoked command in '/workspace/bumperbot_ws/build/robot_nav2' returned '0': CMAKE_PREFIX_PATH=/opt/ros/humble /usr/bin/cmake --build /workspace/bumperbot_ws/build/robot_nav2 -- -j4 -l4
[0.130s] Invoking command in '/workspace/bumperbot_ws/build/robot_nav2': CMAKE_PREFIX_PATH=/opt/ros/humble /usr/bin/cmake --install /workspace/bumperbot_ws/build/robot_nav2
[0.157s] -- Install configuration: ""
[0.157s] -- Up-to-date: /workspace/bumperbot_ws/install/robot_nav2/share/robot_nav2//launch
[0.157s] -- Installing: /workspace/bumperbot_ws/install/robot_nav2/share/robot_nav2//launch/robot_nav2.launch.py
[0.157s] -- Up-to-date: /workspace/bumperbot_ws/install/robot_nav2/share/robot_nav2//launch/nav2_bringup.launch.py
[0.157s] -- Up-to-date: /workspace/bumperbot_ws/install/robot_nav2/share/robot_nav2//launch/robot_nav2_v1.launch.py
[0.157s] -- Up-to-date: /workspace/bumperbot_ws/install/robot_nav2/share/robot_nav2//params
[0.158s] -- Up-to-date: /workspace/bumperbot_ws/install/robot_nav2/share/robot_nav2//params/nav2_param_v1.yaml
[0.158s] -- Up-to-date: /workspace/bumperbot_ws/install/robot_nav2/share/robot_nav2//params/nav2_param.yaml
[0.158s] -- Up-to-date: /workspace/bumperbot_ws/install/robot_nav2/share/robot_nav2//rviz
[0.158s] -- Up-to-date: /workspace/bumperbot_ws/install/robot_nav2/share/robot_nav2//maps
[0.158s] -- Up-to-date: /workspace/bumperbot_ws/install/robot_nav2/share/robot_nav2//maps/map_v2.yaml
[0.158s] -- Up-to-date: /workspace/bumperbot_ws/install/robot_nav2/share/robot_nav2//maps/map.pgm
[0.158s] -- Installing: /workspace/bumperbot_ws/install/robot_nav2/share/robot_nav2//maps/map_v3.pgm
[0.159s] -- Up-to-date: /workspace/bumperbot_ws/install/robot_nav2/share/robot_nav2//maps/map.yaml
[0.159s] -- Up-to-date: /workspace/bumperbot_ws/install/robot_nav2/share/robot_nav2//maps/map_v2.pgm
[0.159s] -- Installing: /workspace/bumperbot_ws/install/robot_nav2/share/robot_nav2//maps/map_v3.yaml
[0.159s] -- Up-to-date: /workspace/bumperbot_ws/install/robot_nav2/share/ament_index/resource_index/package_run_dependencies/robot_nav2
[0.160s] -- Up-to-date: /workspace/bumperbot_ws/install/robot_nav2/share/ament_index/resource_index/parent_prefix_path/robot_nav2
[0.160s] -- Up-to-date: /workspace/bumperbot_ws/install/robot_nav2/share/robot_nav2/environment/ament_prefix_path.sh
[0.160s] -- Up-to-date: /workspace/bumperbot_ws/install/robot_nav2/share/robot_nav2/environment/ament_prefix_path.dsv
[0.160s] -- Up-to-date: /workspace/bumperbot_ws/install/robot_nav2/share/robot_nav2/environment/path.sh
[0.160s] -- Up-to-date: /workspace/bumperbot_ws/install/robot_nav2/share/robot_nav2/environment/path.dsv
[0.160s] -- Up-to-date: /workspace/bumperbot_ws/install/robot_nav2/share/robot_nav2/local_setup.bash
[0.160s] -- Up-to-date: /workspace/bumperbot_ws/install/robot_nav2/share/robot_nav2/local_setup.sh
[0.160s] -- Up-to-date: /workspace/bumperbot_ws/install/robot_nav2/share/robot_nav2/local_setup.zsh
[0.161s] -- Up-to-date: /workspace/bumperbot_ws/install/robot_nav2/share/robot_nav2/local_setup.dsv
[0.161s] -- Installing: /workspace/bumperbot_ws/install/robot_nav2/share/robot_nav2/package.dsv
[0.163s] -- Up-to-date: /workspace/bumperbot_ws/install/robot_nav2/share/ament_index/resource_index/packages/robot_nav2
[0.164s] -- Up-to-date: /workspace/bumperbot_ws/install/robot_nav2/share/robot_nav2/cmake/robot_nav2Config.cmake
[0.164s] -- Up-to-date: /workspace/bumperbot_ws/install/robot_nav2/share/robot_nav2/cmake/robot_nav2Config-version.cmake
[0.164s] -- Up-to-date: /workspace/bumperbot_ws/install/robot_nav2/share/robot_nav2/package.xml
[0.166s] Invoked command in '/workspace/bumperbot_ws/build/robot_nav2' returned '0': CMAKE_PREFIX_PATH=/opt/ros/humble /usr/bin/cmake --install /workspace/bumperbot_ws/build/robot_nav2
