2025-02-26 02:41:15.635 [info] [main] Log level: Info
2025-02-26 02:41:15.635 [info] [main] Validating found git in: "git"
2025-02-26 02:41:15.635 [info] [main] Using git "2.45.2" from "git"
2025-02-26 02:41:15.635 [info] [Model][doInitialScan] Initial repository scan started
2025-02-26 02:41:15.635 [info] > git rev-parse --show-toplevel [8ms]
2025-02-26 02:41:15.635 [info] fatal: not a git repository (or any of the parent directories): .git
2025-02-26 02:41:15.635 [info] > git rev-parse --show-toplevel [2ms]
2025-02-26 02:41:15.635 [info] fatal: not a git repository (or any of the parent directories): .git
2025-02-26 02:41:15.635 [info] > git rev-parse --show-toplevel [3ms]
2025-02-26 02:41:15.635 [info] fatal: not a git repository (or any of the parent directories): .git
2025-02-26 02:41:15.635 [info] > git rev-parse --show-toplevel [2ms]
2025-02-26 02:41:15.635 [info] fatal: not a git repository (or any of the parent directories): .git
2025-02-26 02:41:15.635 [info] > git rev-parse --show-toplevel [2ms]
2025-02-26 02:41:15.635 [info] fatal: not a git repository (or any of the parent directories): .git
2025-02-26 02:41:15.635 [info] > git rev-parse --show-toplevel [2ms]
2025-02-26 02:41:15.635 [info] fatal: not a git repository (or any of the parent directories): .git
2025-02-26 02:41:15.635 [info] > git rev-parse --show-toplevel [3ms]
2025-02-26 02:41:15.635 [info] fatal: not a git repository (or any of the parent directories): .git
2025-02-26 02:41:15.635 [info] > git rev-parse --show-toplevel [2ms]
2025-02-26 02:41:15.635 [info] fatal: not a git repository (or any of the parent directories): .git
2025-02-26 02:41:15.635 [info] > git rev-parse --show-toplevel [2ms]
2025-02-26 02:41:15.635 [info] fatal: not a git repository (or any of the parent directories): .git
2025-02-26 02:41:15.635 [info] > git rev-parse --show-toplevel [3ms]
2025-02-26 02:41:15.635 [info] fatal: not a git repository (or any of the parent directories): .git
2025-02-26 02:41:15.635 [info] [Model][doInitialScan] Initial repository scan completed - repositories (0), closed repositories (0), parent repositories (0), unsafe repositories (0)
2025-02-26 02:41:17.965 [info] > git rev-parse --show-toplevel [4ms]
2025-02-26 02:41:17.965 [info] fatal: not a git repository (or any of the parent directories): .git
2025-02-26 02:41:40.220 [info] > git rev-parse --show-toplevel [3ms]
2025-02-26 02:41:40.220 [info] fatal: not a git repository (or any of the parent directories): .git
2025-02-26 02:41:44.160 [info] > git rev-parse --show-toplevel [3ms]
2025-02-26 02:41:44.160 [info] fatal: not a git repository (or any of the parent directories): .git
2025-02-26 02:41:46.188 [info] > git rev-parse --show-toplevel [3ms]
2025-02-26 02:41:46.188 [info] fatal: not a git repository (or any of the parent directories): .git
2025-02-26 02:42:26.417 [info] > git rev-parse --show-toplevel [2ms]
2025-02-26 02:42:26.417 [info] fatal: not a git repository (or any of the parent directories): .git
