[0.077s] Invoking command in '/workspace/bumperbot_ws/build/bumperbot_firmware': CMAKE_PREFIX_PATH=${CMAKE_PREFIX_PATH}:/workspace/bumperbot_ws/install/bumperbot_py_examples:/opt/ros/humble /usr/bin/cmake --build /workspace/bumperbot_ws/build/bumperbot_firmware -- -j4 -l4
[0.380s] [ 33%] Built target simple_serial_transmitter
[0.390s] [ 66%] Built target bumperbot_firmware
[0.406s] [100%] Built target simple_serial_receiver
[0.495s] [100%] Built target ament_cmake_python_copy_bumperbot_firmware
[1.097s] running egg_info
[1.099s] writing bumperbot_firmware.egg-info/PKG-INFO
[1.099s] writing dependency_links to bumperbot_firmware.egg-info/dependency_links.txt
[1.102s] writing top-level names to bumperbot_firmware.egg-info/top_level.txt
[1.112s] reading manifest file 'bumperbot_firmware.egg-info/SOURCES.txt'
[1.115s] writing manifest file 'bumperbot_firmware.egg-info/SOURCES.txt'
[1.219s] [100%] Built target ament_cmake_python_build_bumperbot_firmware_egg
[1.266s] Invoked command in '/workspace/bumperbot_ws/build/bumperbot_firmware' returned '0': CMAKE_PREFIX_PATH=${CMAKE_PREFIX_PATH}:/workspace/bumperbot_ws/install/bumperbot_py_examples:/opt/ros/humble /usr/bin/cmake --build /workspace/bumperbot_ws/build/bumperbot_firmware -- -j4 -l4
[1.267s] Invoking command in '/workspace/bumperbot_ws/build/bumperbot_firmware': CMAKE_PREFIX_PATH=${CMAKE_PREFIX_PATH}:/workspace/bumperbot_ws/install/bumperbot_py_examples:/opt/ros/humble /usr/bin/cmake --install /workspace/bumperbot_ws/build/bumperbot_firmware
[1.289s] -- Install configuration: ""
[1.291s] -- Up-to-date: /workspace/bumperbot_ws/install/bumperbot_firmware/share/bumperbot_firmware/environment/pythonpath.sh
[1.291s] -- Up-to-date: /workspace/bumperbot_ws/install/bumperbot_firmware/share/bumperbot_firmware/environment/pythonpath.dsv
[1.291s] -- Up-to-date: /workspace/bumperbot_ws/install/bumperbot_firmware/local/lib/python3.10/dist-packages/bumperbot_firmware-0.0.0-py3.10.egg-info
[1.291s] -- Installing: /workspace/bumperbot_ws/install/bumperbot_firmware/local/lib/python3.10/dist-packages/bumperbot_firmware-0.0.0-py3.10.egg-info/SOURCES.txt
[1.292s] -- Installing: /workspace/bumperbot_ws/install/bumperbot_firmware/local/lib/python3.10/dist-packages/bumperbot_firmware-0.0.0-py3.10.egg-info/PKG-INFO
[1.292s] -- Installing: /workspace/bumperbot_ws/install/bumperbot_firmware/local/lib/python3.10/dist-packages/bumperbot_firmware-0.0.0-py3.10.egg-info/dependency_links.txt
[1.292s] -- Installing: /workspace/bumperbot_ws/install/bumperbot_firmware/local/lib/python3.10/dist-packages/bumperbot_firmware-0.0.0-py3.10.egg-info/top_level.txt
[1.292s] -- Up-to-date: /workspace/bumperbot_ws/install/bumperbot_firmware/local/lib/python3.10/dist-packages/bumperbot_firmware
[1.292s] -- Up-to-date: /workspace/bumperbot_ws/install/bumperbot_firmware/local/lib/python3.10/dist-packages/bumperbot_firmware/simple_serial_receiver.py
[1.292s] -- Up-to-date: /workspace/bumperbot_ws/install/bumperbot_firmware/local/lib/python3.10/dist-packages/bumperbot_firmware/mpu6050_driver.py
[1.295s] -- Up-to-date: /workspace/bumperbot_ws/install/bumperbot_firmware/local/lib/python3.10/dist-packages/bumperbot_firmware/__init__.py
[1.295s] -- Up-to-date: /workspace/bumperbot_ws/install/bumperbot_firmware/local/lib/python3.10/dist-packages/bumperbot_firmware/simple_serial_transmitter.py
[1.387s] Listing '/workspace/bumperbot_ws/install/bumperbot_firmware/local/lib/python3.10/dist-packages/bumperbot_firmware'...
[1.418s] -- Up-to-date: /workspace/bumperbot_ws/install/bumperbot_firmware/share/bumperbot_firmware/bumperbot_interface.xml
[1.418s] -- Up-to-date: /workspace/bumperbot_ws/install/bumperbot_firmware/lib/libbumperbot_firmware.so
[1.418s] -- Up-to-date: /workspace/bumperbot_ws/install/bumperbot_firmware/include/include
[1.419s] -- Up-to-date: /workspace/bumperbot_ws/install/bumperbot_firmware/include/include/bumperbot_firmware
[1.419s] -- Up-to-date: /workspace/bumperbot_ws/install/bumperbot_firmware/include/include/bumperbot_firmware/bumperbot_interface.hpp
[1.419s] -- Up-to-date: /workspace/bumperbot_ws/install/bumperbot_firmware/share/bumperbot_firmware/launch
[1.419s] -- Up-to-date: /workspace/bumperbot_ws/install/bumperbot_firmware/share/bumperbot_firmware/launch/hardware_interface.launch.py
[1.420s] -- Up-to-date: /workspace/bumperbot_ws/install/bumperbot_firmware/lib/bumperbot_firmware/simple_serial_transmitter.py
[1.420s] -- Up-to-date: /workspace/bumperbot_ws/install/bumperbot_firmware/lib/bumperbot_firmware/simple_serial_receiver.py
[1.420s] -- Up-to-date: /workspace/bumperbot_ws/install/bumperbot_firmware/lib/bumperbot_firmware/mpu6050_driver.py
[1.421s] -- Up-to-date: /workspace/bumperbot_ws/install/bumperbot_firmware/lib/bumperbot_firmware/simple_serial_receiver
[1.421s] -- Up-to-date: /workspace/bumperbot_ws/install/bumperbot_firmware/lib/bumperbot_firmware/simple_serial_transmitter
[1.421s] -- Up-to-date: /workspace/bumperbot_ws/install/bumperbot_firmware/share/bumperbot_firmware/environment/library_path.sh
[1.421s] -- Up-to-date: /workspace/bumperbot_ws/install/bumperbot_firmware/share/bumperbot_firmware/environment/library_path.dsv
[1.421s] -- Up-to-date: /workspace/bumperbot_ws/install/bumperbot_firmware/share/ament_index/resource_index/package_run_dependencies/bumperbot_firmware
[1.422s] -- Up-to-date: /workspace/bumperbot_ws/install/bumperbot_firmware/share/ament_index/resource_index/parent_prefix_path/bumperbot_firmware
[1.422s] -- Up-to-date: /workspace/bumperbot_ws/install/bumperbot_firmware/share/bumperbot_firmware/environment/ament_prefix_path.sh
[1.422s] -- Up-to-date: /workspace/bumperbot_ws/install/bumperbot_firmware/share/bumperbot_firmware/environment/ament_prefix_path.dsv
[1.422s] -- Up-to-date: /workspace/bumperbot_ws/install/bumperbot_firmware/share/bumperbot_firmware/environment/path.sh
[1.422s] -- Up-to-date: /workspace/bumperbot_ws/install/bumperbot_firmware/share/bumperbot_firmware/environment/path.dsv
[1.422s] -- Up-to-date: /workspace/bumperbot_ws/install/bumperbot_firmware/share/bumperbot_firmware/local_setup.bash
[1.422s] -- Up-to-date: /workspace/bumperbot_ws/install/bumperbot_firmware/share/bumperbot_firmware/local_setup.sh
[1.422s] -- Up-to-date: /workspace/bumperbot_ws/install/bumperbot_firmware/share/bumperbot_firmware/local_setup.zsh
[1.423s] -- Up-to-date: /workspace/bumperbot_ws/install/bumperbot_firmware/share/bumperbot_firmware/local_setup.dsv
[1.423s] -- Installing: /workspace/bumperbot_ws/install/bumperbot_firmware/share/bumperbot_firmware/package.dsv
[1.423s] -- Up-to-date: /workspace/bumperbot_ws/install/bumperbot_firmware/share/ament_index/resource_index/packages/bumperbot_firmware
[1.423s] -- Up-to-date: /workspace/bumperbot_ws/install/bumperbot_firmware/share/ament_index/resource_index/hardware_interface__pluginlib__plugin/bumperbot_firmware
[1.423s] -- Up-to-date: /workspace/bumperbot_ws/install/bumperbot_firmware/share/bumperbot_firmware/cmake/ament_cmake_export_include_directories-extras.cmake
[1.423s] -- Up-to-date: /workspace/bumperbot_ws/install/bumperbot_firmware/share/bumperbot_firmware/cmake/ament_cmake_export_libraries-extras.cmake
[1.423s] -- Up-to-date: /workspace/bumperbot_ws/install/bumperbot_firmware/share/bumperbot_firmware/cmake/ament_cmake_export_dependencies-extras.cmake
[1.423s] -- Up-to-date: /workspace/bumperbot_ws/install/bumperbot_firmware/share/bumperbot_firmware/cmake/bumperbot_firmwareConfig.cmake
[1.423s] -- Up-to-date: /workspace/bumperbot_ws/install/bumperbot_firmware/share/bumperbot_firmware/cmake/bumperbot_firmwareConfig-version.cmake
[1.423s] -- Up-to-date: /workspace/bumperbot_ws/install/bumperbot_firmware/share/bumperbot_firmware/package.xml
[1.485s] Invoked command in '/workspace/bumperbot_ws/build/bumperbot_firmware' returned '0': CMAKE_PREFIX_PATH=${CMAKE_PREFIX_PATH}:/workspace/bumperbot_ws/install/bumperbot_py_examples:/opt/ros/humble /usr/bin/cmake --install /workspace/bumperbot_ws/build/bumperbot_firmware
