[0.052s] Invoking command in '/workspace/bumperbot_ws/build/bumperbot_cpp_examples': AMENT_PREFIX_PATH=/workspace/bumperbot_ws/install/bumperbot_msgs:${AMENT_PREFIX_PATH} CMAKE_PREFIX_PATH=/workspace/bumperbot_ws/install/bumperbot_msgs:/opt/ros/humble LD_LIBRARY_PATH=/workspace/bumperbot_ws/install/bumperbot_msgs/lib:${LD_LIBRARY_PATH} PYTHONPATH=/workspace/bumperbot_ws/install/bumperbot_msgs/local/lib/python3.10/dist-packages:${PYTHONPATH} /usr/bin/cmake --build /workspace/bumperbot_ws/build/bumperbot_cpp_examples -- -j4 -l4
[0.241s] [  7%] Built target simple_subscriber
[0.254s] [ 14%] Built target simple_publisher
[0.260s] [ 21%] Built target simple_turtlesim_kinematics
[0.260s] [ 28%] Built target simple_parameter
[0.327s] [ 35%] Built target simple_service_server
[0.342s] [ 42%] Built target simple_service_client
[0.343s] [ 50%] Built target simple_tf_kinematics
[0.354s] [ 57%] Built target simple_lifecycle_node
[0.403s] [ 64%] Built target simple_qos_publisher
[0.431s] [ 71%] Built target simple_qos_subscriber
[0.447s] [ 85%] Built target simple_action_server
[0.447s] [ 85%] Built target simple_action_server_node
[0.491s] [ 92%] Built target simple_action_client
[0.494s] [100%] Built target simple_action_client_node
[0.580s] Invoked command in '/workspace/bumperbot_ws/build/bumperbot_cpp_examples' returned '0': AMENT_PREFIX_PATH=/workspace/bumperbot_ws/install/bumperbot_msgs:${AMENT_PREFIX_PATH} CMAKE_PREFIX_PATH=/workspace/bumperbot_ws/install/bumperbot_msgs:/opt/ros/humble LD_LIBRARY_PATH=/workspace/bumperbot_ws/install/bumperbot_msgs/lib:${LD_LIBRARY_PATH} PYTHONPATH=/workspace/bumperbot_ws/install/bumperbot_msgs/local/lib/python3.10/dist-packages:${PYTHONPATH} /usr/bin/cmake --build /workspace/bumperbot_ws/build/bumperbot_cpp_examples -- -j4 -l4
[0.587s] Invoking command in '/workspace/bumperbot_ws/build/bumperbot_cpp_examples': AMENT_PREFIX_PATH=/workspace/bumperbot_ws/install/bumperbot_msgs:${AMENT_PREFIX_PATH} CMAKE_PREFIX_PATH=/workspace/bumperbot_ws/install/bumperbot_msgs:/opt/ros/humble LD_LIBRARY_PATH=/workspace/bumperbot_ws/install/bumperbot_msgs/lib:${LD_LIBRARY_PATH} PYTHONPATH=/workspace/bumperbot_ws/install/bumperbot_msgs/local/lib/python3.10/dist-packages:${PYTHONPATH} /usr/bin/cmake --install /workspace/bumperbot_ws/build/bumperbot_cpp_examples
[0.610s] -- Install configuration: ""
[0.613s] -- Up-to-date: /workspace/bumperbot_ws/install/bumperbot_cpp_examples/lib/bumperbot_cpp_examples/simple_action_server_node
[0.614s] -- Up-to-date: /workspace/bumperbot_ws/install/bumperbot_cpp_examples/lib/bumperbot_cpp_examples/simple_action_client_node
[0.617s] -- Up-to-date: /workspace/bumperbot_ws/install/bumperbot_cpp_examples/include/include
[0.618s] -- Up-to-date: /workspace/bumperbot_ws/install/bumperbot_cpp_examples/include/include/bumperbot_cpp_examples
[0.618s] -- Up-to-date: /workspace/bumperbot_ws/install/bumperbot_cpp_examples/include/include/bumperbot_cpp_examples/simple_turtlesim_kinematics.hpp
[0.618s] -- Up-to-date: /workspace/bumperbot_ws/install/bumperbot_cpp_examples/include/include/bumperbot_cpp_examples/simple_tf_kinematics.hpp
[0.623s] -- Up-to-date: /workspace/bumperbot_ws/install/bumperbot_cpp_examples/lib/bumperbot_cpp_examples/simple_publisher
[0.626s] -- Up-to-date: /workspace/bumperbot_ws/install/bumperbot_cpp_examples/lib/bumperbot_cpp_examples/simple_subscriber
[0.629s] -- Up-to-date: /workspace/bumperbot_ws/install/bumperbot_cpp_examples/lib/bumperbot_cpp_examples/simple_parameter
[0.633s] -- Up-to-date: /workspace/bumperbot_ws/install/bumperbot_cpp_examples/lib/bumperbot_cpp_examples/simple_turtlesim_kinematics
[0.637s] -- Up-to-date: /workspace/bumperbot_ws/install/bumperbot_cpp_examples/lib/bumperbot_cpp_examples/simple_service_server
[0.640s] -- Up-to-date: /workspace/bumperbot_ws/install/bumperbot_cpp_examples/lib/bumperbot_cpp_examples/simple_service_client
[0.642s] -- Up-to-date: /workspace/bumperbot_ws/install/bumperbot_cpp_examples/lib/bumperbot_cpp_examples/simple_tf_kinematics
[0.648s] -- Up-to-date: /workspace/bumperbot_ws/install/bumperbot_cpp_examples/lib/bumperbot_cpp_examples/simple_lifecycle_node
[0.651s] -- Up-to-date: /workspace/bumperbot_ws/install/bumperbot_cpp_examples/lib/bumperbot_cpp_examples/simple_qos_publisher
[0.656s] -- Up-to-date: /workspace/bumperbot_ws/install/bumperbot_cpp_examples/lib/bumperbot_cpp_examples/simple_qos_subscriber
[0.666s] -- Up-to-date: /workspace/bumperbot_ws/install/bumperbot_cpp_examples/lib/libsimple_action_server.so
[0.672s] -- Up-to-date: /workspace/bumperbot_ws/install/bumperbot_cpp_examples/lib/libsimple_action_client.so
[0.673s] -- Up-to-date: /workspace/bumperbot_ws/install/bumperbot_cpp_examples/share/ament_index/resource_index/package_run_dependencies/bumperbot_cpp_examples
[0.675s] -- Up-to-date: /workspace/bumperbot_ws/install/bumperbot_cpp_examples/share/ament_index/resource_index/parent_prefix_path/bumperbot_cpp_examples
[0.675s] -- Up-to-date: /workspace/bumperbot_ws/install/bumperbot_cpp_examples/share/bumperbot_cpp_examples/environment/ament_prefix_path.sh
[0.675s] -- Up-to-date: /workspace/bumperbot_ws/install/bumperbot_cpp_examples/share/bumperbot_cpp_examples/environment/ament_prefix_path.dsv
[0.675s] -- Up-to-date: /workspace/bumperbot_ws/install/bumperbot_cpp_examples/share/bumperbot_cpp_examples/environment/path.sh
[0.675s] -- Up-to-date: /workspace/bumperbot_ws/install/bumperbot_cpp_examples/share/bumperbot_cpp_examples/environment/path.dsv
[0.675s] -- Up-to-date: /workspace/bumperbot_ws/install/bumperbot_cpp_examples/share/bumperbot_cpp_examples/local_setup.bash
[0.680s] -- Up-to-date: /workspace/bumperbot_ws/install/bumperbot_cpp_examples/share/bumperbot_cpp_examples/local_setup.sh
[0.680s] -- Up-to-date: /workspace/bumperbot_ws/install/bumperbot_cpp_examples/share/bumperbot_cpp_examples/local_setup.zsh
[0.680s] -- Up-to-date: /workspace/bumperbot_ws/install/bumperbot_cpp_examples/share/bumperbot_cpp_examples/local_setup.dsv
[0.681s] -- Installing: /workspace/bumperbot_ws/install/bumperbot_cpp_examples/share/bumperbot_cpp_examples/package.dsv
[0.681s] -- Up-to-date: /workspace/bumperbot_ws/install/bumperbot_cpp_examples/share/ament_index/resource_index/packages/bumperbot_cpp_examples
[0.681s] -- Up-to-date: /workspace/bumperbot_ws/install/bumperbot_cpp_examples/share/ament_index/resource_index/rclcpp_components/bumperbot_cpp_examples
[0.681s] -- Up-to-date: /workspace/bumperbot_ws/install/bumperbot_cpp_examples/share/bumperbot_cpp_examples/cmake/bumperbot_cpp_examplesConfig.cmake
[0.683s] -- Up-to-date: /workspace/bumperbot_ws/install/bumperbot_cpp_examples/share/bumperbot_cpp_examples/cmake/bumperbot_cpp_examplesConfig-version.cmake
[0.684s] -- Up-to-date: /workspace/bumperbot_ws/install/bumperbot_cpp_examples/share/bumperbot_cpp_examples/package.xml
[0.687s] Invoked command in '/workspace/bumperbot_ws/build/bumperbot_cpp_examples' returned '0': AMENT_PREFIX_PATH=/workspace/bumperbot_ws/install/bumperbot_msgs:${AMENT_PREFIX_PATH} CMAKE_PREFIX_PATH=/workspace/bumperbot_ws/install/bumperbot_msgs:/opt/ros/humble LD_LIBRARY_PATH=/workspace/bumperbot_ws/install/bumperbot_msgs/lib:${LD_LIBRARY_PATH} PYTHONPATH=/workspace/bumperbot_ws/install/bumperbot_msgs/local/lib/python3.10/dist-packages:${PYTHONPATH} /usr/bin/cmake --install /workspace/bumperbot_ws/build/bumperbot_cpp_examples
