[0.043s] Invoking command in '/workspace/bumperbot_ws/build/bumperbot_controller': CMAKE_PREFIX_PATH=/opt/ros/humble /usr/bin/cmake --build /workspace/bumperbot_ws/build/bumperbot_controller -- -j4 -l4
[0.644s] [  0%] Built target ament_cmake_python_copy_bumperbot_controller
[1.020s] [ 33%] Built target twist_relay
[1.020s] [ 66%] Built target noisy_controller
[1.021s] [100%] Built target simple_controller
[1.614s] running egg_info
[1.622s] writing bumperbot_controller.egg-info/PKG-INFO
[1.624s] writing dependency_links to bumperbot_controller.egg-info/dependency_links.txt
[1.624s] writing top-level names to bumperbot_controller.egg-info/top_level.txt
[1.633s] reading manifest file 'bumperbot_controller.egg-info/SOURCES.txt'
[1.641s] writing manifest file 'bumperbot_controller.egg-info/SOURCES.txt'
[1.766s] [100%] Built target ament_cmake_python_build_bumperbot_controller_egg
[1.825s] Invoked command in '/workspace/bumperbot_ws/build/bumperbot_controller' returned '0': CMAKE_PREFIX_PATH=/opt/ros/humble /usr/bin/cmake --build /workspace/bumperbot_ws/build/bumperbot_controller -- -j4 -l4
[1.828s] Invoking command in '/workspace/bumperbot_ws/build/bumperbot_controller': CMAKE_PREFIX_PATH=/opt/ros/humble /usr/bin/cmake --install /workspace/bumperbot_ws/build/bumperbot_controller
[1.879s] -- Install configuration: ""
[1.880s] -- Up-to-date: /workspace/bumperbot_ws/install/bumperbot_controller/share/bumperbot_controller/environment/pythonpath.sh
[1.880s] -- Up-to-date: /workspace/bumperbot_ws/install/bumperbot_controller/share/bumperbot_controller/environment/pythonpath.dsv
[1.887s] -- Up-to-date: /workspace/bumperbot_ws/install/bumperbot_controller/local/lib/python3.10/dist-packages/bumperbot_controller-0.0.0-py3.10.egg-info
[1.887s] -- Installing: /workspace/bumperbot_ws/install/bumperbot_controller/local/lib/python3.10/dist-packages/bumperbot_controller-0.0.0-py3.10.egg-info/SOURCES.txt
[1.888s] -- Installing: /workspace/bumperbot_ws/install/bumperbot_controller/local/lib/python3.10/dist-packages/bumperbot_controller-0.0.0-py3.10.egg-info/PKG-INFO
[1.888s] -- Installing: /workspace/bumperbot_ws/install/bumperbot_controller/local/lib/python3.10/dist-packages/bumperbot_controller-0.0.0-py3.10.egg-info/dependency_links.txt
[1.892s] -- Installing: /workspace/bumperbot_ws/install/bumperbot_controller/local/lib/python3.10/dist-packages/bumperbot_controller-0.0.0-py3.10.egg-info/top_level.txt
[1.892s] -- Up-to-date: /workspace/bumperbot_ws/install/bumperbot_controller/local/lib/python3.10/dist-packages/bumperbot_controller
[1.908s] -- Up-to-date: /workspace/bumperbot_ws/install/bumperbot_controller/local/lib/python3.10/dist-packages/bumperbot_controller/simple_controller.py
[1.908s] -- Up-to-date: /workspace/bumperbot_ws/install/bumperbot_controller/local/lib/python3.10/dist-packages/bumperbot_controller/noisy_controller.py
[1.908s] -- Up-to-date: /workspace/bumperbot_ws/install/bumperbot_controller/local/lib/python3.10/dist-packages/bumperbot_controller/twist_relay.py
[1.924s] -- Up-to-date: /workspace/bumperbot_ws/install/bumperbot_controller/local/lib/python3.10/dist-packages/bumperbot_controller/__init__.py
[1.956s] Listing '/workspace/bumperbot_ws/install/bumperbot_controller/local/lib/python3.10/dist-packages/bumperbot_controller'...
[1.973s] -- Up-to-date: /workspace/bumperbot_ws/install/bumperbot_controller/include/include
[1.975s] -- Up-to-date: /workspace/bumperbot_ws/install/bumperbot_controller/include/include/bumperbot_controller
[1.976s] -- Up-to-date: /workspace/bumperbot_ws/install/bumperbot_controller/include/include/bumperbot_controller/noisy_controller.hpp
[1.976s] -- Up-to-date: /workspace/bumperbot_ws/install/bumperbot_controller/include/include/bumperbot_controller/simple_controller.hpp
[1.985s] -- Up-to-date: /workspace/bumperbot_ws/install/bumperbot_controller/lib/bumperbot_controller/simple_controller
[1.993s] -- Up-to-date: /workspace/bumperbot_ws/install/bumperbot_controller/lib/bumperbot_controller/noisy_controller
[2.005s] -- Up-to-date: /workspace/bumperbot_ws/install/bumperbot_controller/lib/bumperbot_controller/twist_relay
[2.006s] -- Up-to-date: /workspace/bumperbot_ws/install/bumperbot_controller/share/bumperbot_controller/launch
[2.006s] -- Up-to-date: /workspace/bumperbot_ws/install/bumperbot_controller/share/bumperbot_controller/launch/controller.launch.py
[2.006s] -- Up-to-date: /workspace/bumperbot_ws/install/bumperbot_controller/share/bumperbot_controller/launch/joystick_teleop.launch.py
[2.006s] -- Up-to-date: /workspace/bumperbot_ws/install/bumperbot_controller/share/bumperbot_controller/config
[2.006s] -- Up-to-date: /workspace/bumperbot_ws/install/bumperbot_controller/share/bumperbot_controller/config/twist_mux_topics.yaml
[2.006s] -- Up-to-date: /workspace/bumperbot_ws/install/bumperbot_controller/share/bumperbot_controller/config/bumperbot_controllers.yaml
[2.006s] -- Up-to-date: /workspace/bumperbot_ws/install/bumperbot_controller/share/bumperbot_controller/config/twist_mux_joy.yaml
[2.006s] -- Up-to-date: /workspace/bumperbot_ws/install/bumperbot_controller/share/bumperbot_controller/config/twist_mux_locks.yaml
[2.007s] -- Up-to-date: /workspace/bumperbot_ws/install/bumperbot_controller/share/bumperbot_controller/config/joy_teleop.yaml
[2.007s] -- Up-to-date: /workspace/bumperbot_ws/install/bumperbot_controller/share/bumperbot_controller/config/joy_config.yaml
[2.007s] -- Up-to-date: /workspace/bumperbot_ws/install/bumperbot_controller/lib/bumperbot_controller/simple_controller.py
[2.007s] -- Up-to-date: /workspace/bumperbot_ws/install/bumperbot_controller/lib/bumperbot_controller/noisy_controller.py
[2.007s] -- Up-to-date: /workspace/bumperbot_ws/install/bumperbot_controller/lib/bumperbot_controller/twist_relay.py
[2.007s] -- Up-to-date: /workspace/bumperbot_ws/install/bumperbot_controller/share/ament_index/resource_index/package_run_dependencies/bumperbot_controller
[2.007s] -- Up-to-date: /workspace/bumperbot_ws/install/bumperbot_controller/share/ament_index/resource_index/parent_prefix_path/bumperbot_controller
[2.007s] -- Up-to-date: /workspace/bumperbot_ws/install/bumperbot_controller/share/bumperbot_controller/environment/ament_prefix_path.sh
[2.007s] -- Up-to-date: /workspace/bumperbot_ws/install/bumperbot_controller/share/bumperbot_controller/environment/ament_prefix_path.dsv
[2.007s] -- Up-to-date: /workspace/bumperbot_ws/install/bumperbot_controller/share/bumperbot_controller/environment/path.sh
[2.008s] -- Up-to-date: /workspace/bumperbot_ws/install/bumperbot_controller/share/bumperbot_controller/environment/path.dsv
[2.008s] -- Up-to-date: /workspace/bumperbot_ws/install/bumperbot_controller/share/bumperbot_controller/local_setup.bash
[2.011s] -- Up-to-date: /workspace/bumperbot_ws/install/bumperbot_controller/share/bumperbot_controller/local_setup.sh
[2.011s] -- Up-to-date: /workspace/bumperbot_ws/install/bumperbot_controller/share/bumperbot_controller/local_setup.zsh
[2.011s] -- Up-to-date: /workspace/bumperbot_ws/install/bumperbot_controller/share/bumperbot_controller/local_setup.dsv
[2.011s] -- Installing: /workspace/bumperbot_ws/install/bumperbot_controller/share/bumperbot_controller/package.dsv
[2.011s] -- Up-to-date: /workspace/bumperbot_ws/install/bumperbot_controller/share/ament_index/resource_index/packages/bumperbot_controller
[2.011s] -- Up-to-date: /workspace/bumperbot_ws/install/bumperbot_controller/share/bumperbot_controller/cmake/bumperbot_controllerConfig.cmake
[2.011s] -- Up-to-date: /workspace/bumperbot_ws/install/bumperbot_controller/share/bumperbot_controller/cmake/bumperbot_controllerConfig-version.cmake
[2.012s] -- Up-to-date: /workspace/bumperbot_ws/install/bumperbot_controller/share/bumperbot_controller/package.xml
[2.033s] Invoked command in '/workspace/bumperbot_ws/build/bumperbot_controller' returned '0': CMAKE_PREFIX_PATH=/opt/ros/humble /usr/bin/cmake --install /workspace/bumperbot_ws/build/bumperbot_controller
