2025-02-25 17:18:28.066 [info] [main] Log level: Info
2025-02-25 17:18:28.066 [info] [main] Validating found git in: "git"
2025-02-25 17:18:28.066 [info] [main] Using git "2.45.2" from "git"
2025-02-25 17:18:28.066 [info] [Model][doInitialScan] Initial repository scan started
2025-02-25 17:18:28.066 [info] > git rev-parse --show-toplevel [54ms]
2025-02-25 17:18:28.066 [info] fatal: not a git repository (or any of the parent directories): .git
2025-02-25 17:18:28.066 [info] > git rev-parse --show-toplevel [5ms]
2025-02-25 17:18:28.066 [info] fatal: not a git repository (or any of the parent directories): .git
2025-02-25 17:18:28.068 [info] > git rev-parse --show-toplevel [2ms]
2025-02-25 17:18:28.068 [info] fatal: not a git repository (or any of the parent directories): .git
2025-02-25 17:18:28.073 [info] [Model][doInitialScan] Initial repository scan completed - repositories (0), closed repositories (0), parent repositories (0), unsafe repositories (0)
2025-02-25 17:18:28.378 [info] > git rev-parse --show-toplevel [2ms]
2025-02-25 17:18:28.378 [info] fatal: not a git repository (or any of the parent directories): .git
2025-02-25 17:18:31.998 [info] > git rev-parse --show-toplevel [2ms]
2025-02-25 17:18:31.998 [info] fatal: not a git repository (or any of the parent directories): .git
2025-02-25 17:18:55.127 [info] > git rev-parse --show-toplevel [2ms]
2025-02-25 17:18:55.127 [info] fatal: not a git repository (or any of the parent directories): .git
2025-02-25 17:18:56.663 [info] > git rev-parse --show-toplevel [2ms]
2025-02-25 17:18:56.695 [info] fatal: not a git repository (or any of the parent directories): .git
2025-02-25 17:19:06.674 [info] > git rev-parse --show-toplevel [7ms]
2025-02-25 17:19:06.677 [info] fatal: not a git repository (or any of the parent directories): .git
