[1.380s] Invoking command in '/workspace/bumperbot_ws/src/bumperbot_py_examples': CMAKE_PREFIX_PATH=/workspace/bumperbot_ws/install/bumperbot_msgs:/workspace/bumperbot_ws/install/bumperbot_bringup:/workspace/bumperbot_ws/install/rplidar_ros:/workspace/bumperbot_ws/install/robot_nav2:/workspace/bumperbot_ws/install/robot_bringup:/workspace/bumperbot_ws/install/bumperbot_utils:/workspace/bumperbot_ws/install/bumperbot_cpp_examples:/workspace/bumperbot_ws/install/bumperbot_mapping:/workspace/bumperbot_ws/install/bumperbot_localization:/workspace/bumperbot_ws/install/bumperbot_firmware:/workspace/bumperbot_ws/install/bumperbot_description:/workspace/bumperbot_ws/install/bumperbot_controller LD_LIBRARY_PATH=/workspace/bumperbot_ws/install/bumperbot_msgs/lib:/workspace/bumperbot_ws/install/bumperbot_cpp_examples/lib:/workspace/bumperbot_ws/install/bumperbot_firmware/lib:/opt/ros/humble/opt/rviz_ogre_vendor/lib:/opt/ros/humble/lib/aarch64-linux-gnu:/opt/ros/humble/lib PYTHONPATH=/workspace/bumperbot_ws/build/bumperbot_py_examples/prefix_override:/usr/lib/python3/dist-packages/colcon_core/task/python/colcon_distutils_commands:/workspace/bumperbot_ws/install/bumperbot_py_examples/lib/python3.10/site-packages:${PYTHONPATH} /usr/bin/python3 -W ignore:setup.py install is deprecated -W ignore:easy_install command is deprecated setup.py egg_info --egg-base ../../build/bumperbot_py_examples build --build-base /workspace/bumperbot_ws/build/bumperbot_py_examples/build install --record /workspace/bumperbot_ws/build/bumperbot_py_examples/install.log --single-version-externally-managed install_data
[1.646s] running egg_info
[1.647s] writing ../../build/bumperbot_py_examples/bumperbot_py_examples.egg-info/PKG-INFO
[1.647s] writing dependency_links to ../../build/bumperbot_py_examples/bumperbot_py_examples.egg-info/dependency_links.txt
[1.650s] writing entry points to ../../build/bumperbot_py_examples/bumperbot_py_examples.egg-info/entry_points.txt
[1.654s] writing requirements to ../../build/bumperbot_py_examples/bumperbot_py_examples.egg-info/requires.txt
[1.687s] writing top-level names to ../../build/bumperbot_py_examples/bumperbot_py_examples.egg-info/top_level.txt
[1.691s] reading manifest file '../../build/bumperbot_py_examples/bumperbot_py_examples.egg-info/SOURCES.txt'
[1.692s] writing manifest file '../../build/bumperbot_py_examples/bumperbot_py_examples.egg-info/SOURCES.txt'
[1.693s] running build
[1.693s] running build_py
[1.694s] running install
[1.694s] running install_lib
[1.697s] running install_data
[1.697s] running install_egg_info
[1.699s] removing '/workspace/bumperbot_ws/install/bumperbot_py_examples/lib/python3.10/site-packages/bumperbot_py_examples-0.0.0-py3.10.egg-info' (and everything under it)
[1.700s] Copying ../../build/bumperbot_py_examples/bumperbot_py_examples.egg-info to /workspace/bumperbot_ws/install/bumperbot_py_examples/lib/python3.10/site-packages/bumperbot_py_examples-0.0.0-py3.10.egg-info
[1.701s] running install_scripts
[1.731s] Installing simple_action_client script to /workspace/bumperbot_ws/install/bumperbot_py_examples/lib/bumperbot_py_examples
[1.731s] Installing simple_action_server script to /workspace/bumperbot_ws/install/bumperbot_py_examples/lib/bumperbot_py_examples
[1.734s] Installing simple_lifecycle_node script to /workspace/bumperbot_ws/install/bumperbot_py_examples/lib/bumperbot_py_examples
[1.735s] Installing simple_parameter script to /workspace/bumperbot_ws/install/bumperbot_py_examples/lib/bumperbot_py_examples
[1.736s] Installing simple_publisher script to /workspace/bumperbot_ws/install/bumperbot_py_examples/lib/bumperbot_py_examples
[1.737s] Installing simple_qos_publisher script to /workspace/bumperbot_ws/install/bumperbot_py_examples/lib/bumperbot_py_examples
[1.738s] Installing simple_qos_subscriber script to /workspace/bumperbot_ws/install/bumperbot_py_examples/lib/bumperbot_py_examples
[1.739s] Installing simple_service_client script to /workspace/bumperbot_ws/install/bumperbot_py_examples/lib/bumperbot_py_examples
[1.740s] Installing simple_service_server script to /workspace/bumperbot_ws/install/bumperbot_py_examples/lib/bumperbot_py_examples
[1.741s] Installing simple_subscriber script to /workspace/bumperbot_ws/install/bumperbot_py_examples/lib/bumperbot_py_examples
[1.742s] Installing simple_tf_kinematics script to /workspace/bumperbot_ws/install/bumperbot_py_examples/lib/bumperbot_py_examples
[1.743s] Installing simple_turtlesim_kinematics script to /workspace/bumperbot_ws/install/bumperbot_py_examples/lib/bumperbot_py_examples
[1.745s] writing list of installed files to '/workspace/bumperbot_ws/build/bumperbot_py_examples/install.log'
[1.802s] Invoked command in '/workspace/bumperbot_ws/src/bumperbot_py_examples' returned '0': CMAKE_PREFIX_PATH=/workspace/bumperbot_ws/install/bumperbot_msgs:/workspace/bumperbot_ws/install/bumperbot_bringup:/workspace/bumperbot_ws/install/rplidar_ros:/workspace/bumperbot_ws/install/robot_nav2:/workspace/bumperbot_ws/install/robot_bringup:/workspace/bumperbot_ws/install/bumperbot_utils:/workspace/bumperbot_ws/install/bumperbot_cpp_examples:/workspace/bumperbot_ws/install/bumperbot_mapping:/workspace/bumperbot_ws/install/bumperbot_localization:/workspace/bumperbot_ws/install/bumperbot_firmware:/workspace/bumperbot_ws/install/bumperbot_description:/workspace/bumperbot_ws/install/bumperbot_controller LD_LIBRARY_PATH=/workspace/bumperbot_ws/install/bumperbot_msgs/lib:/workspace/bumperbot_ws/install/bumperbot_cpp_examples/lib:/workspace/bumperbot_ws/install/bumperbot_firmware/lib:/opt/ros/humble/opt/rviz_ogre_vendor/lib:/opt/ros/humble/lib/aarch64-linux-gnu:/opt/ros/humble/lib PYTHONPATH=/workspace/bumperbot_ws/build/bumperbot_py_examples/prefix_override:/usr/lib/python3/dist-packages/colcon_core/task/python/colcon_distutils_commands:/workspace/bumperbot_ws/install/bumperbot_py_examples/lib/python3.10/site-packages:${PYTHONPATH} /usr/bin/python3 -W ignore:setup.py install is deprecated -W ignore:easy_install command is deprecated setup.py egg_info --egg-base ../../build/bumperbot_py_examples build --build-base /workspace/bumperbot_ws/build/bumperbot_py_examples/build install --record /workspace/bumperbot_ws/build/bumperbot_py_examples/install.log --single-version-externally-managed install_data
