-- Install configuration: ""
-- Up-to-date: /workspace/bumperbot_ws/install/robot_bringup/share/robot_bringup//launch
-- Up-to-date: /workspace/bumperbot_ws/install/robot_bringup/share/robot_bringup//launch/robot_bringup.launch.py
-- Up-to-date: /workspace/bumperbot_ws/install/robot_bringup/lib/robot_bringup/cal_odom.py
-- Up-to-date: /workspace/bumperbot_ws/install/robot_bringup/lib/robot_bringup/control_vel_mortor.py
-- Up-to-date: /workspace/bumperbot_ws/install/robot_bringup/lib/robot_bringup/simple_serial_receiver.py
-- Up-to-date: /workspace/bumperbot_ws/install/robot_bringup/share/ament_index/resource_index/package_run_dependencies/robot_bringup
-- Up-to-date: /workspace/bumperbot_ws/install/robot_bringup/share/ament_index/resource_index/parent_prefix_path/robot_bringup
-- Up-to-date: /workspace/bumperbot_ws/install/robot_bringup/share/robot_bringup/environment/ament_prefix_path.sh
-- Up-to-date: /workspace/bumperbot_ws/install/robot_bringup/share/robot_bringup/environment/ament_prefix_path.dsv
-- Up-to-date: /workspace/bumperbot_ws/install/robot_bringup/share/robot_bringup/environment/path.sh
-- Up-to-date: /workspace/bumperbot_ws/install/robot_bringup/share/robot_bringup/environment/path.dsv
-- Up-to-date: /workspace/bumperbot_ws/install/robot_bringup/share/robot_bringup/local_setup.bash
-- Up-to-date: /workspace/bumperbot_ws/install/robot_bringup/share/robot_bringup/local_setup.sh
-- Up-to-date: /workspace/bumperbot_ws/install/robot_bringup/share/robot_bringup/local_setup.zsh
-- Up-to-date: /workspace/bumperbot_ws/install/robot_bringup/share/robot_bringup/local_setup.dsv
-- Up-to-date: /workspace/bumperbot_ws/install/robot_bringup/share/robot_bringup/package.dsv
-- Up-to-date: /workspace/bumperbot_ws/install/robot_bringup/share/ament_index/resource_index/packages/robot_bringup
-- Up-to-date: /workspace/bumperbot_ws/install/robot_bringup/share/robot_bringup/cmake/robot_bringupConfig.cmake
-- Up-to-date: /workspace/bumperbot_ws/install/robot_bringup/share/robot_bringup/cmake/robot_bringupConfig-version.cmake
-- Up-to-date: /workspace/bumperbot_ws/install/robot_bringup/share/robot_bringup/package.xml
