2025-02-25 14:35:35.841 [info] Experiment 'pythonaa' is active
2025-02-25 14:35:35.841 [info] Experiment 'pythonRecommendTensorboardExt' is active
2025-02-25 14:35:35.841 [info] Experiment 'pythonTerminalEnvVarActivation' is active
2025-02-25 14:35:35.841 [info] Experiment 'pythonTestAdapter' is active
2025-02-25 14:35:35.841 [info] Native locator: Refresh started
2025-02-25 14:35:35.841 [info] Native locator: Refresh started
2025-02-25 14:35:35.841 [info] > pyenv which python
2025-02-25 14:35:35.841 [info] cwd: .
2025-02-25 14:35:35.867 [info] Native locator: Refresh finished in 1437 ms
2025-02-25 14:35:35.884 [info] > python -c "import sys;print(sys.executable)"
2025-02-25 14:35:35.886 [error] [Error: Command failed: python -c "import sys;print(sys.executable)"
/bin/sh: 1: python: not found

	at genericNodeError (node:internal/errors:984:15)
	at wrappedFn (node:internal/errors:538:14)
	at ChildProcess.exithandler (node:child_process:422:12)
	at ChildProcess.emit (node:events:530:35)
	at maybeClose (node:internal/child_process:1104:16)
	at Socket.<anonymous> (node:internal/child_process:456:11)
	at Socket.emit (node:events:518:28)
	at Pipe.<anonymous> (node:net:343:12)] {
  code: 127,
  killed: false,
  signal: null,
  cmd: 'python -c "import sys;print(sys.executable)"'
}
2025-02-25 14:35:35.897 [info] > pyenv which python
2025-02-25 14:35:35.897 [info] cwd: .
2025-02-25 14:35:37.491 [info] Starting Pylance language server.
2025-02-25 14:36:58.619 [info] Discover tests for workspace name: humble_docker - uri: /home/pi/humble_docker/bumperbot_ws/src/robot_bringup/scripts/cal_odom.py
2025-02-25 14:37:16.969 [info] Discover tests for workspace name: humble_docker - uri: /home/pi/humble_docker/bumperbot_ws/src/robot_bringup/scripts/cal_odom.py
2025-02-25 14:38:08.189 [info] Discover tests for workspace name: humble_docker - uri: /home/pi/humble_docker/bumperbot_ws/src/robot_bringup/scripts/cal_odom.py
2025-02-25 14:38:23.011 [info] Discover tests for workspace name: humble_docker - uri: /home/pi/humble_docker/bumperbot_ws/src/robot_bringup/scripts/cal_odom.py
2025-02-25 14:38:42.278 [info] Discover tests for workspace name: humble_docker - uri: /home/pi/humble_docker/bumperbot_ws/src/robot_bringup/scripts/cal_odom.py
2025-02-25 14:38:47.065 [info] Discover tests for workspace name: humble_docker - uri: /home/pi/humble_docker/bumperbot_ws/src/robot_bringup/scripts/cal_odom.py
2025-02-25 14:39:47.113 [info] Discover tests for workspace name: humble_docker - uri: /home/pi/humble_docker/bumperbot_ws/src/robot_bringup/scripts/cal_odom.py
2025-02-25 14:39:55.051 [info] Discover tests for workspace name: humble_docker - uri: /home/pi/humble_docker/bumperbot_ws/src/robot_bringup/scripts/cal_odom.py
2025-02-25 14:39:55.376 [info] Discover tests for workspace name: humble_docker - uri: /home/pi/humble_docker/bumperbot_ws/src/robot_bringup/scripts/cal_odom.py
2025-02-25 14:41:07.080 [info] Discover tests for workspace name: humble_docker - uri: /home/pi/humble_docker/bumperbot_ws/src/robot_bringup/scripts/cal_odom.py
2025-02-25 14:42:08.032 [info] Discover tests for workspace name: humble_docker - uri: /home/pi/humble_docker/bumperbot_ws/src/robot_bringup/scripts/cal_odom.py
2025-02-25 14:56:17.624 [info] Discover tests for workspace name: humble_docker - uri: /home/pi/humble_docker/bumperbot_ws/src/robot_bringup/scripts/cal_odom.py
2025-02-25 14:57:23.434 [info] Discover tests for workspace name: humble_docker - uri: /home/pi/humble_docker/bumperbot_ws/src/robot_bringup/scripts/cal_odom.py
2025-02-25 14:58:19.803 [info] Discover tests for workspace name: humble_docker - uri: /home/pi/humble_docker/bumperbot_ws/src/robot_bringup/scripts/cal_odom.py
