2025-02-25 14:35:37.037 [info] (Client) Pylance async client (2025.2.1) started with python extension (2025.0.0)
2025-02-25 14:35:37.464 [info] [Info  - 2:35:37 PM] (2534) Server root directory: file:///home/pi/.vscode-server/extensions/ms-python.vscode-pylance-2025.2.1/dist
2025-02-25 14:35:37.465 [info] [Info  - 2:35:37 PM] (2534) Pylance language server 2025.2.1 (pyright version 1.1.393, commit 3763156f) starting
2025-02-25 14:35:37.465 [info] [Info  - 2:35:37 PM] (2534) Starting service instance "humble_docker"
2025-02-25 14:35:37.552 [info] [Info  - 2:35:37 PM] (2534) Setting environmentName for service "humble_docker": "python"
2025-02-25 14:35:37.553 [info] [Info  - 2:35:37 PM] (2534) No include entries specified; assuming /home/pi/humble_docker
2025-02-25 14:35:37.554 [info] [Info  - 2:35:37 PM] (2534) Auto-excluding **/node_modules
2025-02-25 14:35:37.555 [info] [Info  - 2:35:37 PM] (2534) Auto-excluding **/__pycache__
2025-02-25 14:35:37.555 [info] [Info  - 2:35:37 PM] (2534) Auto-excluding **/.*
2025-02-25 14:35:37.597 [info] [Info  - 2:35:37 PM] (2534) Assuming Python version 3.12.7.final.0
2025-02-25 14:35:38.656 [info] [Info  - 2:35:38 PM] (2534) Found 213 source files
2025-02-25 14:35:39.582 [info] [Info  - 2:35:39 PM] (2534) Background analysis(1) root directory: file:///home/pi/.vscode-server/extensions/ms-python.vscode-pylance-2025.2.1/dist
2025-02-25 14:35:39.582 [info] [Info  - 2:35:39 PM] (2534) Background analysis(1) started
2025-02-25 14:35:39.990 [info] [Info  - 2:35:39 PM] (2534) Indexer background runner(2) root directory: file:///home/pi/.vscode-server/extensions/ms-python.vscode-pylance-2025.2.1/dist (index)
2025-02-25 14:35:40.005 [info] [Info  - 2:35:40 PM] (2534) Indexing(2) started
2025-02-25 14:35:42.916 [info] [Info  - 2:35:42 PM] (2534) [IDX(2)] Long operation: scan packages file:///home/pi/humble_docker (2605ms)
2025-02-25 14:35:42.916 [info] [Info  - 2:35:42 PM] (2534) scanned(2) 314 files over 1 exec env
2025-02-25 14:35:43.637 [info] [Info  - 2:35:43 PM] (2534) indexed(2) 314 files over 1 exec env
2025-02-25 14:35:43.834 [info] [Info  - 2:35:43 PM] (2534) Indexing finished(2).
2025-02-25 14:39:46.216 [info] [Info  - 2:39:46 PM] (2534) Starting service instance "<default>"
2025-02-25 14:39:46.280 [info] [Info  - 2:39:46 PM] (2534) Setting environmentName for service "<default>": "python"
2025-02-25 14:39:46.280 [info] [Info  - 2:39:46 PM] (2534) No include entries specified; assuming /<default workspace root>
2025-02-25 14:39:46.282 [info] [Info  - 2:39:46 PM] (2534) Auto-excluding **/node_modules
2025-02-25 14:39:46.282 [info] [Info  - 2:39:46 PM] (2534) Auto-excluding **/__pycache__
2025-02-25 14:39:46.282 [info] [Info  - 2:39:46 PM] (2534) Auto-excluding **/.*
2025-02-25 14:39:46.344 [info] [Info  - 2:39:46 PM] (2534) Assuming Python version 3.12.7.final.0
2025-02-25 14:39:46.511 [info] [Error - 2:39:46 PM] (2534) File or directory "/<default workspace root>" does not exist.
2025-02-25 14:39:46.514 [info] [Info  - 2:39:46 PM] (2534) No source files found.
2025-02-25 14:39:47.437 [info] [Info  - 2:39:47 PM] (2534) Background analysis(3) root directory: file:///home/pi/.vscode-server/extensions/ms-python.vscode-pylance-2025.2.1/dist
2025-02-25 14:39:47.442 [info] [Info  - 2:39:47 PM] (2534) Background analysis(3) started
