[0.093s] Invoking command in '/workspace/bumperbot_ws/build/bumperbot_firmware': CMAKE_PREFIX_PATH=${CMAKE_PREFIX_PATH}:/workspace/bumperbot_ws/install/bumperbot_py_examples:/opt/ros/humble /usr/bin/cmake --build /workspace/bumperbot_ws/build/bumperbot_firmware -- -j4 -l4
[0.488s] [  0%] Built target ament_cmake_python_copy_bumperbot_firmware
[0.605s] [ 33%] Built target simple_serial_receiver
[0.610s] [ 66%] Built target bumperbot_firmware
[0.611s] [100%] Built target simple_serial_transmitter
[1.246s] running egg_info
[1.248s] writing bumperbot_firmware.egg-info/PKG-INFO
[1.249s] writing dependency_links to bumperbot_firmware.egg-info/dependency_links.txt
[1.252s] writing top-level names to bumperbot_firmware.egg-info/top_level.txt
[1.262s] reading manifest file 'bumperbot_firmware.egg-info/SOURCES.txt'
[1.262s] writing manifest file 'bumperbot_firmware.egg-info/SOURCES.txt'
[1.384s] [100%] Built target ament_cmake_python_build_bumperbot_firmware_egg
[1.422s] Invoked command in '/workspace/bumperbot_ws/build/bumperbot_firmware' returned '0': CMAKE_PREFIX_PATH=${CMAKE_PREFIX_PATH}:/workspace/bumperbot_ws/install/bumperbot_py_examples:/opt/ros/humble /usr/bin/cmake --build /workspace/bumperbot_ws/build/bumperbot_firmware -- -j4 -l4
[1.426s] Invoking command in '/workspace/bumperbot_ws/build/bumperbot_firmware': CMAKE_PREFIX_PATH=${CMAKE_PREFIX_PATH}:/workspace/bumperbot_ws/install/bumperbot_py_examples:/opt/ros/humble /usr/bin/cmake --install /workspace/bumperbot_ws/build/bumperbot_firmware
[1.459s] -- Install configuration: ""
[1.462s] -- Up-to-date: /workspace/bumperbot_ws/install/bumperbot_firmware/share/bumperbot_firmware/environment/pythonpath.sh
[1.469s] -- Up-to-date: /workspace/bumperbot_ws/install/bumperbot_firmware/share/bumperbot_firmware/environment/pythonpath.dsv
[1.472s] -- Up-to-date: /workspace/bumperbot_ws/install/bumperbot_firmware/local/lib/python3.10/dist-packages/bumperbot_firmware-0.0.0-py3.10.egg-info
[1.472s] -- Installing: /workspace/bumperbot_ws/install/bumperbot_firmware/local/lib/python3.10/dist-packages/bumperbot_firmware-0.0.0-py3.10.egg-info/SOURCES.txt
[1.472s] -- Installing: /workspace/bumperbot_ws/install/bumperbot_firmware/local/lib/python3.10/dist-packages/bumperbot_firmware-0.0.0-py3.10.egg-info/PKG-INFO
[1.473s] -- Installing: /workspace/bumperbot_ws/install/bumperbot_firmware/local/lib/python3.10/dist-packages/bumperbot_firmware-0.0.0-py3.10.egg-info/dependency_links.txt
[1.475s] -- Installing: /workspace/bumperbot_ws/install/bumperbot_firmware/local/lib/python3.10/dist-packages/bumperbot_firmware-0.0.0-py3.10.egg-info/top_level.txt
[1.488s] -- Up-to-date: /workspace/bumperbot_ws/install/bumperbot_firmware/local/lib/python3.10/dist-packages/bumperbot_firmware
[1.488s] -- Up-to-date: /workspace/bumperbot_ws/install/bumperbot_firmware/local/lib/python3.10/dist-packages/bumperbot_firmware/simple_serial_receiver.py
[1.488s] -- Up-to-date: /workspace/bumperbot_ws/install/bumperbot_firmware/local/lib/python3.10/dist-packages/bumperbot_firmware/mpu6050_driver.py
[1.488s] -- Up-to-date: /workspace/bumperbot_ws/install/bumperbot_firmware/local/lib/python3.10/dist-packages/bumperbot_firmware/__init__.py
[1.488s] -- Up-to-date: /workspace/bumperbot_ws/install/bumperbot_firmware/local/lib/python3.10/dist-packages/bumperbot_firmware/simple_serial_transmitter.py
[1.578s] Listing '/workspace/bumperbot_ws/install/bumperbot_firmware/local/lib/python3.10/dist-packages/bumperbot_firmware'...
[1.594s] -- Up-to-date: /workspace/bumperbot_ws/install/bumperbot_firmware/share/bumperbot_firmware/bumperbot_interface.xml
[1.594s] -- Up-to-date: /workspace/bumperbot_ws/install/bumperbot_firmware/lib/libbumperbot_firmware.so
[1.594s] -- Up-to-date: /workspace/bumperbot_ws/install/bumperbot_firmware/include/include
[1.595s] -- Up-to-date: /workspace/bumperbot_ws/install/bumperbot_firmware/include/include/bumperbot_firmware
[1.595s] -- Up-to-date: /workspace/bumperbot_ws/install/bumperbot_firmware/include/include/bumperbot_firmware/bumperbot_interface.hpp
[1.595s] -- Up-to-date: /workspace/bumperbot_ws/install/bumperbot_firmware/share/bumperbot_firmware/launch
[1.595s] -- Up-to-date: /workspace/bumperbot_ws/install/bumperbot_firmware/share/bumperbot_firmware/launch/hardware_interface.launch.py
[1.595s] -- Up-to-date: /workspace/bumperbot_ws/install/bumperbot_firmware/lib/bumperbot_firmware/simple_serial_transmitter.py
[1.595s] -- Up-to-date: /workspace/bumperbot_ws/install/bumperbot_firmware/lib/bumperbot_firmware/simple_serial_receiver.py
[1.595s] -- Up-to-date: /workspace/bumperbot_ws/install/bumperbot_firmware/lib/bumperbot_firmware/mpu6050_driver.py
[1.595s] -- Up-to-date: /workspace/bumperbot_ws/install/bumperbot_firmware/lib/bumperbot_firmware/simple_serial_receiver
[1.596s] -- Up-to-date: /workspace/bumperbot_ws/install/bumperbot_firmware/lib/bumperbot_firmware/simple_serial_transmitter
[1.596s] -- Up-to-date: /workspace/bumperbot_ws/install/bumperbot_firmware/share/bumperbot_firmware/environment/library_path.sh
[1.596s] -- Up-to-date: /workspace/bumperbot_ws/install/bumperbot_firmware/share/bumperbot_firmware/environment/library_path.dsv
[1.597s] -- Up-to-date: /workspace/bumperbot_ws/install/bumperbot_firmware/share/ament_index/resource_index/package_run_dependencies/bumperbot_firmware
[1.598s] -- Up-to-date: /workspace/bumperbot_ws/install/bumperbot_firmware/share/ament_index/resource_index/parent_prefix_path/bumperbot_firmware
[1.598s] -- Up-to-date: /workspace/bumperbot_ws/install/bumperbot_firmware/share/bumperbot_firmware/environment/ament_prefix_path.sh
[1.598s] -- Up-to-date: /workspace/bumperbot_ws/install/bumperbot_firmware/share/bumperbot_firmware/environment/ament_prefix_path.dsv
[1.598s] -- Up-to-date: /workspace/bumperbot_ws/install/bumperbot_firmware/share/bumperbot_firmware/environment/path.sh
[1.599s] -- Up-to-date: /workspace/bumperbot_ws/install/bumperbot_firmware/share/bumperbot_firmware/environment/path.dsv
[1.599s] -- Up-to-date: /workspace/bumperbot_ws/install/bumperbot_firmware/share/bumperbot_firmware/local_setup.bash
[1.599s] -- Up-to-date: /workspace/bumperbot_ws/install/bumperbot_firmware/share/bumperbot_firmware/local_setup.sh
[1.599s] -- Up-to-date: /workspace/bumperbot_ws/install/bumperbot_firmware/share/bumperbot_firmware/local_setup.zsh
[1.599s] -- Up-to-date: /workspace/bumperbot_ws/install/bumperbot_firmware/share/bumperbot_firmware/local_setup.dsv
[1.599s] -- Installing: /workspace/bumperbot_ws/install/bumperbot_firmware/share/bumperbot_firmware/package.dsv
[1.599s] -- Up-to-date: /workspace/bumperbot_ws/install/bumperbot_firmware/share/ament_index/resource_index/packages/bumperbot_firmware
[1.599s] -- Up-to-date: /workspace/bumperbot_ws/install/bumperbot_firmware/share/ament_index/resource_index/hardware_interface__pluginlib__plugin/bumperbot_firmware
[1.600s] -- Up-to-date: /workspace/bumperbot_ws/install/bumperbot_firmware/share/bumperbot_firmware/cmake/ament_cmake_export_include_directories-extras.cmake
[1.600s] -- Up-to-date: /workspace/bumperbot_ws/install/bumperbot_firmware/share/bumperbot_firmware/cmake/ament_cmake_export_libraries-extras.cmake
[1.600s] -- Up-to-date: /workspace/bumperbot_ws/install/bumperbot_firmware/share/bumperbot_firmware/cmake/ament_cmake_export_dependencies-extras.cmake
[1.600s] -- Up-to-date: /workspace/bumperbot_ws/install/bumperbot_firmware/share/bumperbot_firmware/cmake/bumperbot_firmwareConfig.cmake
[1.600s] -- Up-to-date: /workspace/bumperbot_ws/install/bumperbot_firmware/share/bumperbot_firmware/cmake/bumperbot_firmwareConfig-version.cmake
[1.600s] -- Up-to-date: /workspace/bumperbot_ws/install/bumperbot_firmware/share/bumperbot_firmware/package.xml
[1.645s] Invoked command in '/workspace/bumperbot_ws/build/bumperbot_firmware' returned '0': CMAKE_PREFIX_PATH=${CMAKE_PREFIX_PATH}:/workspace/bumperbot_ws/install/bumperbot_py_examples:/opt/ros/humble /usr/bin/cmake --install /workspace/bumperbot_ws/build/bumperbot_firmware
