[0.091s] Invoking command in '/workspace/bumperbot_ws/build/bumperbot_firmware': CMAKE_PREFIX_PATH=${CMAKE_PREFIX_PATH}:/workspace/bumperbot_ws/install/bumperbot_py_examples:/opt/ros/humble /usr/bin/cmake --build /workspace/bumperbot_ws/build/bumperbot_firmware -- -j4 -l4
[0.628s] [  0%] Built target ament_cmake_python_copy_bumperbot_firmware
[0.860s] [ 33%] Built target simple_serial_receiver
[0.888s] [ 66%] Built target simple_serial_transmitter
[0.920s] [100%] Built target bumperbot_firmware
[1.401s] running egg_info
[1.404s] writing bumperbot_firmware.egg-info/PKG-INFO
[1.405s] writing dependency_links to bumperbot_firmware.egg-info/dependency_links.txt
[1.407s] writing top-level names to bumperbot_firmware.egg-info/top_level.txt
[1.433s] reading manifest file 'bumperbot_firmware.egg-info/SOURCES.txt'
[1.434s] writing manifest file 'bumperbot_firmware.egg-info/SOURCES.txt'
[1.651s] [100%] Built target ament_cmake_python_build_bumperbot_firmware_egg
[1.707s] Invoked command in '/workspace/bumperbot_ws/build/bumperbot_firmware' returned '0': CMAKE_PREFIX_PATH=${CMAKE_PREFIX_PATH}:/workspace/bumperbot_ws/install/bumperbot_py_examples:/opt/ros/humble /usr/bin/cmake --build /workspace/bumperbot_ws/build/bumperbot_firmware -- -j4 -l4
[1.730s] Invoking command in '/workspace/bumperbot_ws/build/bumperbot_firmware': CMAKE_PREFIX_PATH=${CMAKE_PREFIX_PATH}:/workspace/bumperbot_ws/install/bumperbot_py_examples:/opt/ros/humble /usr/bin/cmake --install /workspace/bumperbot_ws/build/bumperbot_firmware
[1.760s] -- Install configuration: ""
[1.764s] -- Up-to-date: /workspace/bumperbot_ws/install/bumperbot_firmware/share/bumperbot_firmware/environment/pythonpath.sh
[1.764s] -- Up-to-date: /workspace/bumperbot_ws/install/bumperbot_firmware/share/bumperbot_firmware/environment/pythonpath.dsv
[1.764s] -- Up-to-date: /workspace/bumperbot_ws/install/bumperbot_firmware/local/lib/python3.10/dist-packages/bumperbot_firmware-0.0.0-py3.10.egg-info
[1.764s] -- Installing: /workspace/bumperbot_ws/install/bumperbot_firmware/local/lib/python3.10/dist-packages/bumperbot_firmware-0.0.0-py3.10.egg-info/SOURCES.txt
[1.770s] -- Installing: /workspace/bumperbot_ws/install/bumperbot_firmware/local/lib/python3.10/dist-packages/bumperbot_firmware-0.0.0-py3.10.egg-info/PKG-INFO
[1.770s] -- Installing: /workspace/bumperbot_ws/install/bumperbot_firmware/local/lib/python3.10/dist-packages/bumperbot_firmware-0.0.0-py3.10.egg-info/dependency_links.txt
[1.771s] -- Installing: /workspace/bumperbot_ws/install/bumperbot_firmware/local/lib/python3.10/dist-packages/bumperbot_firmware-0.0.0-py3.10.egg-info/top_level.txt
[1.771s] -- Up-to-date: /workspace/bumperbot_ws/install/bumperbot_firmware/local/lib/python3.10/dist-packages/bumperbot_firmware
[1.771s] -- Up-to-date: /workspace/bumperbot_ws/install/bumperbot_firmware/local/lib/python3.10/dist-packages/bumperbot_firmware/simple_serial_receiver.py
[1.771s] -- Up-to-date: /workspace/bumperbot_ws/install/bumperbot_firmware/local/lib/python3.10/dist-packages/bumperbot_firmware/mpu6050_driver.py
[1.771s] -- Up-to-date: /workspace/bumperbot_ws/install/bumperbot_firmware/local/lib/python3.10/dist-packages/bumperbot_firmware/__init__.py
[1.771s] -- Up-to-date: /workspace/bumperbot_ws/install/bumperbot_firmware/local/lib/python3.10/dist-packages/bumperbot_firmware/simple_serial_transmitter.py
[1.870s] Listing '/workspace/bumperbot_ws/install/bumperbot_firmware/local/lib/python3.10/dist-packages/bumperbot_firmware'...
[1.871s] -- Up-to-date: /workspace/bumperbot_ws/install/bumperbot_firmware/share/bumperbot_firmware/bumperbot_interface.xml
[1.875s] -- Up-to-date: /workspace/bumperbot_ws/install/bumperbot_firmware/lib/libbumperbot_firmware.so
[1.875s] -- Up-to-date: /workspace/bumperbot_ws/install/bumperbot_firmware/include/include
[1.875s] -- Up-to-date: /workspace/bumperbot_ws/install/bumperbot_firmware/include/include/bumperbot_firmware
[1.875s] -- Up-to-date: /workspace/bumperbot_ws/install/bumperbot_firmware/include/include/bumperbot_firmware/bumperbot_interface.hpp
[1.876s] -- Up-to-date: /workspace/bumperbot_ws/install/bumperbot_firmware/share/bumperbot_firmware/launch
[1.876s] -- Up-to-date: /workspace/bumperbot_ws/install/bumperbot_firmware/share/bumperbot_firmware/launch/hardware_interface.launch.py
[1.879s] -- Up-to-date: /workspace/bumperbot_ws/install/bumperbot_firmware/lib/bumperbot_firmware/simple_serial_transmitter.py
[1.880s] -- Up-to-date: /workspace/bumperbot_ws/install/bumperbot_firmware/lib/bumperbot_firmware/simple_serial_receiver.py
[1.880s] -- Up-to-date: /workspace/bumperbot_ws/install/bumperbot_firmware/lib/bumperbot_firmware/mpu6050_driver.py
[1.880s] -- Up-to-date: /workspace/bumperbot_ws/install/bumperbot_firmware/lib/bumperbot_firmware/simple_serial_receiver
[1.880s] -- Up-to-date: /workspace/bumperbot_ws/install/bumperbot_firmware/lib/bumperbot_firmware/simple_serial_transmitter
[1.881s] -- Up-to-date: /workspace/bumperbot_ws/install/bumperbot_firmware/share/bumperbot_firmware/environment/library_path.sh
[1.881s] -- Up-to-date: /workspace/bumperbot_ws/install/bumperbot_firmware/share/bumperbot_firmware/environment/library_path.dsv
[1.881s] -- Up-to-date: /workspace/bumperbot_ws/install/bumperbot_firmware/share/ament_index/resource_index/package_run_dependencies/bumperbot_firmware
[1.881s] -- Up-to-date: /workspace/bumperbot_ws/install/bumperbot_firmware/share/ament_index/resource_index/parent_prefix_path/bumperbot_firmware
[1.881s] -- Up-to-date: /workspace/bumperbot_ws/install/bumperbot_firmware/share/bumperbot_firmware/environment/ament_prefix_path.sh
[1.882s] -- Up-to-date: /workspace/bumperbot_ws/install/bumperbot_firmware/share/bumperbot_firmware/environment/ament_prefix_path.dsv
[1.882s] -- Up-to-date: /workspace/bumperbot_ws/install/bumperbot_firmware/share/bumperbot_firmware/environment/path.sh
[1.882s] -- Up-to-date: /workspace/bumperbot_ws/install/bumperbot_firmware/share/bumperbot_firmware/environment/path.dsv
[1.882s] -- Up-to-date: /workspace/bumperbot_ws/install/bumperbot_firmware/share/bumperbot_firmware/local_setup.bash
[1.882s] -- Up-to-date: /workspace/bumperbot_ws/install/bumperbot_firmware/share/bumperbot_firmware/local_setup.sh
[1.882s] -- Up-to-date: /workspace/bumperbot_ws/install/bumperbot_firmware/share/bumperbot_firmware/local_setup.zsh
[1.882s] -- Up-to-date: /workspace/bumperbot_ws/install/bumperbot_firmware/share/bumperbot_firmware/local_setup.dsv
[1.882s] -- Installing: /workspace/bumperbot_ws/install/bumperbot_firmware/share/bumperbot_firmware/package.dsv
[1.888s] -- Up-to-date: /workspace/bumperbot_ws/install/bumperbot_firmware/share/ament_index/resource_index/packages/bumperbot_firmware
[1.889s] -- Up-to-date: /workspace/bumperbot_ws/install/bumperbot_firmware/share/ament_index/resource_index/hardware_interface__pluginlib__plugin/bumperbot_firmware
[1.889s] -- Up-to-date: /workspace/bumperbot_ws/install/bumperbot_firmware/share/bumperbot_firmware/cmake/ament_cmake_export_include_directories-extras.cmake
[1.889s] -- Up-to-date: /workspace/bumperbot_ws/install/bumperbot_firmware/share/bumperbot_firmware/cmake/ament_cmake_export_libraries-extras.cmake
[1.889s] -- Up-to-date: /workspace/bumperbot_ws/install/bumperbot_firmware/share/bumperbot_firmware/cmake/ament_cmake_export_dependencies-extras.cmake
[1.889s] -- Up-to-date: /workspace/bumperbot_ws/install/bumperbot_firmware/share/bumperbot_firmware/cmake/bumperbot_firmwareConfig.cmake
[1.889s] -- Up-to-date: /workspace/bumperbot_ws/install/bumperbot_firmware/share/bumperbot_firmware/cmake/bumperbot_firmwareConfig-version.cmake
[1.889s] -- Up-to-date: /workspace/bumperbot_ws/install/bumperbot_firmware/share/bumperbot_firmware/package.xml
[1.899s] Invoked command in '/workspace/bumperbot_ws/build/bumperbot_firmware' returned '0': CMAKE_PREFIX_PATH=${CMAKE_PREFIX_PATH}:/workspace/bumperbot_ws/install/bumperbot_py_examples:/opt/ros/humble /usr/bin/cmake --install /workspace/bumperbot_ws/build/bumperbot_firmware
