[0.050s] Invoking command in '/workspace/bumperbot_ws/build/bumperbot_utils': CMAKE_PREFIX_PATH=${CMAKE_PREFIX_PATH}:/workspace/bumperbot_ws/install/bumperbot_py_examples:/opt/ros/humble /usr/bin/cmake --build /workspace/bumperbot_ws/build/bumperbot_utils -- -j4 -l4
[0.310s] [  0%] Built target ament_cmake_python_copy_bumperbot_utils
[0.326s] [100%] Built target safety_stop
[0.803s] running egg_info
[0.805s] writing bumperbot_utils.egg-info/PKG-INFO
[0.807s] writing dependency_links to bumperbot_utils.egg-info/dependency_links.txt
[0.807s] writing top-level names to bumperbot_utils.egg-info/top_level.txt
[0.816s] reading manifest file 'bumperbot_utils.egg-info/SOURCES.txt'
[0.823s] writing manifest file 'bumperbot_utils.egg-info/SOURCES.txt'
[0.914s] [100%] Built target ament_cmake_python_build_bumperbot_utils_egg
[1.412s] Invoked command in '/workspace/bumperbot_ws/build/bumperbot_utils' returned '0': CMAKE_PREFIX_PATH=${CMAKE_PREFIX_PATH}:/workspace/bumperbot_ws/install/bumperbot_py_examples:/opt/ros/humble /usr/bin/cmake --build /workspace/bumperbot_ws/build/bumperbot_utils -- -j4 -l4
[1.417s] Invoking command in '/workspace/bumperbot_ws/build/bumperbot_utils': CMAKE_PREFIX_PATH=${CMAKE_PREFIX_PATH}:/workspace/bumperbot_ws/install/bumperbot_py_examples:/opt/ros/humble /usr/bin/cmake --install /workspace/bumperbot_ws/build/bumperbot_utils
[1.440s] -- Install configuration: ""
[1.440s] -- Up-to-date: /workspace/bumperbot_ws/install/bumperbot_utils/share/bumperbot_utils/environment/pythonpath.sh
[1.440s] -- Up-to-date: /workspace/bumperbot_ws/install/bumperbot_utils/share/bumperbot_utils/environment/pythonpath.dsv
[1.450s] -- Up-to-date: /workspace/bumperbot_ws/install/bumperbot_utils/local/lib/python3.10/dist-packages/bumperbot_utils-0.0.0-py3.10.egg-info
[1.450s] -- Installing: /workspace/bumperbot_ws/install/bumperbot_utils/local/lib/python3.10/dist-packages/bumperbot_utils-0.0.0-py3.10.egg-info/SOURCES.txt
[1.450s] -- Installing: /workspace/bumperbot_ws/install/bumperbot_utils/local/lib/python3.10/dist-packages/bumperbot_utils-0.0.0-py3.10.egg-info/PKG-INFO
[1.451s] -- Installing: /workspace/bumperbot_ws/install/bumperbot_utils/local/lib/python3.10/dist-packages/bumperbot_utils-0.0.0-py3.10.egg-info/dependency_links.txt
[1.452s] -- Installing: /workspace/bumperbot_ws/install/bumperbot_utils/local/lib/python3.10/dist-packages/bumperbot_utils-0.0.0-py3.10.egg-info/top_level.txt
[1.452s] -- Up-to-date: /workspace/bumperbot_ws/install/bumperbot_utils/local/lib/python3.10/dist-packages/bumperbot_utils
[1.453s] -- Up-to-date: /workspace/bumperbot_ws/install/bumperbot_utils/local/lib/python3.10/dist-packages/bumperbot_utils/safety_stop.py
[1.453s] -- Up-to-date: /workspace/bumperbot_ws/install/bumperbot_utils/local/lib/python3.10/dist-packages/bumperbot_utils/__init__.py
[1.546s] Listing '/workspace/bumperbot_ws/install/bumperbot_utils/local/lib/python3.10/dist-packages/bumperbot_utils'...
[1.576s] -- Up-to-date: /workspace/bumperbot_ws/install/bumperbot_utils/lib/bumperbot_utils/safety_stop
[1.576s] -- Up-to-date: /workspace/bumperbot_ws/install/bumperbot_utils/lib/bumperbot_utils/safety_stop.py
[1.577s] -- Up-to-date: /workspace/bumperbot_ws/install/bumperbot_utils/share/ament_index/resource_index/package_run_dependencies/bumperbot_utils
[1.577s] -- Up-to-date: /workspace/bumperbot_ws/install/bumperbot_utils/share/ament_index/resource_index/parent_prefix_path/bumperbot_utils
[1.577s] -- Up-to-date: /workspace/bumperbot_ws/install/bumperbot_utils/share/bumperbot_utils/environment/ament_prefix_path.sh
[1.577s] -- Up-to-date: /workspace/bumperbot_ws/install/bumperbot_utils/share/bumperbot_utils/environment/ament_prefix_path.dsv
[1.578s] -- Up-to-date: /workspace/bumperbot_ws/install/bumperbot_utils/share/bumperbot_utils/environment/path.sh
[1.579s] -- Up-to-date: /workspace/bumperbot_ws/install/bumperbot_utils/share/bumperbot_utils/environment/path.dsv
[1.579s] -- Up-to-date: /workspace/bumperbot_ws/install/bumperbot_utils/share/bumperbot_utils/local_setup.bash
[1.579s] -- Up-to-date: /workspace/bumperbot_ws/install/bumperbot_utils/share/bumperbot_utils/local_setup.sh
[1.580s] -- Up-to-date: /workspace/bumperbot_ws/install/bumperbot_utils/share/bumperbot_utils/local_setup.zsh
[1.581s] -- Up-to-date: /workspace/bumperbot_ws/install/bumperbot_utils/share/bumperbot_utils/local_setup.dsv
[1.581s] -- Installing: /workspace/bumperbot_ws/install/bumperbot_utils/share/bumperbot_utils/package.dsv
[1.582s] -- Up-to-date: /workspace/bumperbot_ws/install/bumperbot_utils/share/ament_index/resource_index/packages/bumperbot_utils
[1.582s] -- Up-to-date: /workspace/bumperbot_ws/install/bumperbot_utils/share/bumperbot_utils/cmake/bumperbot_utilsConfig.cmake
[1.582s] -- Up-to-date: /workspace/bumperbot_ws/install/bumperbot_utils/share/bumperbot_utils/cmake/bumperbot_utilsConfig-version.cmake
[1.583s] -- Up-to-date: /workspace/bumperbot_ws/install/bumperbot_utils/share/bumperbot_utils/package.xml
[1.625s] Invoked command in '/workspace/bumperbot_ws/build/bumperbot_utils' returned '0': CMAKE_PREFIX_PATH=${CMAKE_PREFIX_PATH}:/workspace/bumperbot_ws/install/bumperbot_py_examples:/opt/ros/humble /usr/bin/cmake --install /workspace/bumperbot_ws/build/bumperbot_utils
