[0.030s] Invoking command in '/workspace/bumperbot_ws/build/bumperbot_bringup': CMAKE_PREFIX_PATH=/workspace/bumperbot_ws/install/rplidar_ros:/workspace/bumperbot_ws/install/bumperbot_mapping:/workspace/bumperbot_ws/install/bumperbot_localization:/workspace/bumperbot_ws/install/bumperbot_firmware:/workspace/bumperbot_ws/install/bumperbot_description:/workspace/bumperbot_ws/install/bumperbot_controller:/workspace/bumperbot_ws/install/bumperbot_bringup:/workspace/bumperbot_ws/install/robot_nav2:/workspace/bumperbot_ws/install/robot_bringup:/workspace/bumperbot_ws/install/bumperbot_utils:/workspace/bumperbot_ws/install/bumperbot_cpp_examples:/workspace/bumperbot_ws/install/bumperbot_msgs:/workspace/bumperbot_ws/install/bumperbot_py_examples:/opt/ros/humble LD_LIBRARY_PATH=/workspace/bumperbot_ws/install/bumperbot_firmware/lib:/workspace/bumperbot_ws/install/bumperbot_cpp_examples/lib:/workspace/bumperbot_ws/install/bumperbot_msgs/lib:/opt/ros/humble/opt/rviz_ogre_vendor/lib:/opt/ros/humble/lib/aarch64-linux-gnu:/opt/ros/humble/lib /usr/bin/cmake --build /workspace/bumperbot_ws/build/bumperbot_bringup -- -j4 -l4
[0.097s] Invoked command in '/workspace/bumperbot_ws/build/bumperbot_bringup' returned '0': CMAKE_PREFIX_PATH=/workspace/bumperbot_ws/install/rplidar_ros:/workspace/bumperbot_ws/install/bumperbot_mapping:/workspace/bumperbot_ws/install/bumperbot_localization:/workspace/bumperbot_ws/install/bumperbot_firmware:/workspace/bumperbot_ws/install/bumperbot_description:/workspace/bumperbot_ws/install/bumperbot_controller:/workspace/bumperbot_ws/install/bumperbot_bringup:/workspace/bumperbot_ws/install/robot_nav2:/workspace/bumperbot_ws/install/robot_bringup:/workspace/bumperbot_ws/install/bumperbot_utils:/workspace/bumperbot_ws/install/bumperbot_cpp_examples:/workspace/bumperbot_ws/install/bumperbot_msgs:/workspace/bumperbot_ws/install/bumperbot_py_examples:/opt/ros/humble LD_LIBRARY_PATH=/workspace/bumperbot_ws/install/bumperbot_firmware/lib:/workspace/bumperbot_ws/install/bumperbot_cpp_examples/lib:/workspace/bumperbot_ws/install/bumperbot_msgs/lib:/opt/ros/humble/opt/rviz_ogre_vendor/lib:/opt/ros/humble/lib/aarch64-linux-gnu:/opt/ros/humble/lib /usr/bin/cmake --build /workspace/bumperbot_ws/build/bumperbot_bringup -- -j4 -l4
[0.102s] Invoking command in '/workspace/bumperbot_ws/build/bumperbot_bringup': CMAKE_PREFIX_PATH=/workspace/bumperbot_ws/install/rplidar_ros:/workspace/bumperbot_ws/install/bumperbot_mapping:/workspace/bumperbot_ws/install/bumperbot_localization:/workspace/bumperbot_ws/install/bumperbot_firmware:/workspace/bumperbot_ws/install/bumperbot_description:/workspace/bumperbot_ws/install/bumperbot_controller:/workspace/bumperbot_ws/install/bumperbot_bringup:/workspace/bumperbot_ws/install/robot_nav2:/workspace/bumperbot_ws/install/robot_bringup:/workspace/bumperbot_ws/install/bumperbot_utils:/workspace/bumperbot_ws/install/bumperbot_cpp_examples:/workspace/bumperbot_ws/install/bumperbot_msgs:/workspace/bumperbot_ws/install/bumperbot_py_examples:/opt/ros/humble LD_LIBRARY_PATH=/workspace/bumperbot_ws/install/bumperbot_firmware/lib:/workspace/bumperbot_ws/install/bumperbot_cpp_examples/lib:/workspace/bumperbot_ws/install/bumperbot_msgs/lib:/opt/ros/humble/opt/rviz_ogre_vendor/lib:/opt/ros/humble/lib/aarch64-linux-gnu:/opt/ros/humble/lib /usr/bin/cmake --install /workspace/bumperbot_ws/build/bumperbot_bringup
[0.116s] -- Install configuration: ""
[0.116s] -- Up-to-date: /workspace/bumperbot_ws/install/bumperbot_bringup/share/bumperbot_bringup/config
[0.120s] -- Up-to-date: /workspace/bumperbot_ws/install/bumperbot_bringup/share/bumperbot_bringup/config/rplidar_a1.yaml
[0.120s] -- Up-to-date: /workspace/bumperbot_ws/install/bumperbot_bringup/share/bumperbot_bringup/launch
[0.120s] -- Up-to-date: /workspace/bumperbot_ws/install/bumperbot_bringup/share/bumperbot_bringup/launch/simulated_robot.launch.py
[0.120s] -- Up-to-date: /workspace/bumperbot_ws/install/bumperbot_bringup/share/bumperbot_bringup/launch/real_robot.launch.py
[0.121s] -- Up-to-date: /workspace/bumperbot_ws/install/bumperbot_bringup/share/ament_index/resource_index/package_run_dependencies/bumperbot_bringup
[0.121s] -- Up-to-date: /workspace/bumperbot_ws/install/bumperbot_bringup/share/ament_index/resource_index/parent_prefix_path/bumperbot_bringup
[0.121s] -- Up-to-date: /workspace/bumperbot_ws/install/bumperbot_bringup/share/bumperbot_bringup/environment/ament_prefix_path.sh
[0.121s] -- Up-to-date: /workspace/bumperbot_ws/install/bumperbot_bringup/share/bumperbot_bringup/environment/ament_prefix_path.dsv
[0.122s] -- Up-to-date: /workspace/bumperbot_ws/install/bumperbot_bringup/share/bumperbot_bringup/environment/path.sh
[0.122s] -- Up-to-date: /workspace/bumperbot_ws/install/bumperbot_bringup/share/bumperbot_bringup/environment/path.dsv
[0.122s] -- Up-to-date: /workspace/bumperbot_ws/install/bumperbot_bringup/share/bumperbot_bringup/local_setup.bash
[0.122s] -- Up-to-date: /workspace/bumperbot_ws/install/bumperbot_bringup/share/bumperbot_bringup/local_setup.sh
[0.122s] -- Up-to-date: /workspace/bumperbot_ws/install/bumperbot_bringup/share/bumperbot_bringup/local_setup.zsh
[0.122s] -- Up-to-date: /workspace/bumperbot_ws/install/bumperbot_bringup/share/bumperbot_bringup/local_setup.dsv
[0.122s] -- Installing: /workspace/bumperbot_ws/install/bumperbot_bringup/share/bumperbot_bringup/package.dsv
[0.122s] -- Up-to-date: /workspace/bumperbot_ws/install/bumperbot_bringup/share/ament_index/resource_index/packages/bumperbot_bringup
[0.122s] -- Up-to-date: /workspace/bumperbot_ws/install/bumperbot_bringup/share/bumperbot_bringup/cmake/bumperbot_bringupConfig.cmake
[0.122s] -- Up-to-date: /workspace/bumperbot_ws/install/bumperbot_bringup/share/bumperbot_bringup/cmake/bumperbot_bringupConfig-version.cmake
[0.122s] -- Up-to-date: /workspace/bumperbot_ws/install/bumperbot_bringup/share/bumperbot_bringup/package.xml
[0.129s] Invoked command in '/workspace/bumperbot_ws/build/bumperbot_bringup' returned '0': CMAKE_PREFIX_PATH=/workspace/bumperbot_ws/install/rplidar_ros:/workspace/bumperbot_ws/install/bumperbot_mapping:/workspace/bumperbot_ws/install/bumperbot_localization:/workspace/bumperbot_ws/install/bumperbot_firmware:/workspace/bumperbot_ws/install/bumperbot_description:/workspace/bumperbot_ws/install/bumperbot_controller:/workspace/bumperbot_ws/install/bumperbot_bringup:/workspace/bumperbot_ws/install/robot_nav2:/workspace/bumperbot_ws/install/robot_bringup:/workspace/bumperbot_ws/install/bumperbot_utils:/workspace/bumperbot_ws/install/bumperbot_cpp_examples:/workspace/bumperbot_ws/install/bumperbot_msgs:/workspace/bumperbot_ws/install/bumperbot_py_examples:/opt/ros/humble LD_LIBRARY_PATH=/workspace/bumperbot_ws/install/bumperbot_firmware/lib:/workspace/bumperbot_ws/install/bumperbot_cpp_examples/lib:/workspace/bumperbot_ws/install/bumperbot_msgs/lib:/opt/ros/humble/opt/rviz_ogre_vendor/lib:/opt/ros/humble/lib/aarch64-linux-gnu:/opt/ros/humble/lib /usr/bin/cmake --install /workspace/bumperbot_ws/build/bumperbot_bringup
