[0.049s] Invoking command in '/workspace/bumperbot_ws/build/bumperbot_bringup': CMAKE_PREFIX_PATH=/workspace/bumperbot_ws/install/rplidar_ros:/workspace/bumperbot_ws/install/bumperbot_mapping:/workspace/bumperbot_ws/install/bumperbot_localization:/workspace/bumperbot_ws/install/bumperbot_firmware:/workspace/bumperbot_ws/install/bumperbot_description:/workspace/bumperbot_ws/install/bumperbot_controller:/workspace/bumperbot_ws/install/bumperbot_msgs:/opt/ros/humble LD_LIBRARY_PATH=/workspace/bumperbot_ws/install/bumperbot_firmware/lib:/workspace/bumperbot_ws/install/bumperbot_msgs/lib:/opt/ros/humble/opt/rviz_ogre_vendor/lib:/opt/ros/humble/lib/aarch64-linux-gnu:/opt/ros/humble/lib /usr/bin/cmake /workspace/bumperbot_ws/src/bumperbot_bringup -DCMAKE_INSTALL_PREFIX=/workspace/bumperbot_ws/install/bumperbot_bringup
[0.208s] -- The C compiler identification is GNU 11.4.0
[0.372s] -- The CXX compiler identification is GNU 11.4.0
[0.387s] -- Detecting C compiler ABI info
[0.566s] -- Detecting C compiler ABI info - done
[0.578s] -- Check for working C compiler: /usr/bin/cc - skipped
[0.579s] -- Detecting C compile features
[0.580s] -- Detecting C compile features - done
[0.587s] -- Detecting CXX compiler ABI info
[0.784s] -- Detecting CXX compiler ABI info - done
[0.797s] -- Check for working CXX compiler: /usr/bin/c++ - skipped
[0.798s] -- Detecting CXX compile features
[0.798s] -- Detecting CXX compile features - done
[0.811s] -- Found ament_cmake: 1.3.11 (/opt/ros/humble/share/ament_cmake/cmake)
[1.176s] -- Found Python3: /usr/bin/python3 (found version "3.10.12") found components: Interpreter 
[1.629s] -- Configuring done
[1.631s] -- Generating done
[1.635s] -- Build files have been written to: /workspace/bumperbot_ws/build/bumperbot_bringup
[1.650s] Invoked command in '/workspace/bumperbot_ws/build/bumperbot_bringup' returned '0': CMAKE_PREFIX_PATH=/workspace/bumperbot_ws/install/rplidar_ros:/workspace/bumperbot_ws/install/bumperbot_mapping:/workspace/bumperbot_ws/install/bumperbot_localization:/workspace/bumperbot_ws/install/bumperbot_firmware:/workspace/bumperbot_ws/install/bumperbot_description:/workspace/bumperbot_ws/install/bumperbot_controller:/workspace/bumperbot_ws/install/bumperbot_msgs:/opt/ros/humble LD_LIBRARY_PATH=/workspace/bumperbot_ws/install/bumperbot_firmware/lib:/workspace/bumperbot_ws/install/bumperbot_msgs/lib:/opt/ros/humble/opt/rviz_ogre_vendor/lib:/opt/ros/humble/lib/aarch64-linux-gnu:/opt/ros/humble/lib /usr/bin/cmake /workspace/bumperbot_ws/src/bumperbot_bringup -DCMAKE_INSTALL_PREFIX=/workspace/bumperbot_ws/install/bumperbot_bringup
[1.656s] Invoking command in '/workspace/bumperbot_ws/build/bumperbot_bringup': CMAKE_PREFIX_PATH=/workspace/bumperbot_ws/install/rplidar_ros:/workspace/bumperbot_ws/install/bumperbot_mapping:/workspace/bumperbot_ws/install/bumperbot_localization:/workspace/bumperbot_ws/install/bumperbot_firmware:/workspace/bumperbot_ws/install/bumperbot_description:/workspace/bumperbot_ws/install/bumperbot_controller:/workspace/bumperbot_ws/install/bumperbot_msgs:/opt/ros/humble LD_LIBRARY_PATH=/workspace/bumperbot_ws/install/bumperbot_firmware/lib:/workspace/bumperbot_ws/install/bumperbot_msgs/lib:/opt/ros/humble/opt/rviz_ogre_vendor/lib:/opt/ros/humble/lib/aarch64-linux-gnu:/opt/ros/humble/lib /usr/bin/cmake --build /workspace/bumperbot_ws/build/bumperbot_bringup -- -j4 -l4
[1.742s] Invoked command in '/workspace/bumperbot_ws/build/bumperbot_bringup' returned '0': CMAKE_PREFIX_PATH=/workspace/bumperbot_ws/install/rplidar_ros:/workspace/bumperbot_ws/install/bumperbot_mapping:/workspace/bumperbot_ws/install/bumperbot_localization:/workspace/bumperbot_ws/install/bumperbot_firmware:/workspace/bumperbot_ws/install/bumperbot_description:/workspace/bumperbot_ws/install/bumperbot_controller:/workspace/bumperbot_ws/install/bumperbot_msgs:/opt/ros/humble LD_LIBRARY_PATH=/workspace/bumperbot_ws/install/bumperbot_firmware/lib:/workspace/bumperbot_ws/install/bumperbot_msgs/lib:/opt/ros/humble/opt/rviz_ogre_vendor/lib:/opt/ros/humble/lib/aarch64-linux-gnu:/opt/ros/humble/lib /usr/bin/cmake --build /workspace/bumperbot_ws/build/bumperbot_bringup -- -j4 -l4
[1.743s] Invoking command in '/workspace/bumperbot_ws/build/bumperbot_bringup': CMAKE_PREFIX_PATH=/workspace/bumperbot_ws/install/rplidar_ros:/workspace/bumperbot_ws/install/bumperbot_mapping:/workspace/bumperbot_ws/install/bumperbot_localization:/workspace/bumperbot_ws/install/bumperbot_firmware:/workspace/bumperbot_ws/install/bumperbot_description:/workspace/bumperbot_ws/install/bumperbot_controller:/workspace/bumperbot_ws/install/bumperbot_msgs:/opt/ros/humble LD_LIBRARY_PATH=/workspace/bumperbot_ws/install/bumperbot_firmware/lib:/workspace/bumperbot_ws/install/bumperbot_msgs/lib:/opt/ros/humble/opt/rviz_ogre_vendor/lib:/opt/ros/humble/lib/aarch64-linux-gnu:/opt/ros/humble/lib /usr/bin/cmake --install /workspace/bumperbot_ws/build/bumperbot_bringup
[1.762s] -- Install configuration: ""
[1.762s] -- Installing: /workspace/bumperbot_ws/install/bumperbot_bringup/share/bumperbot_bringup/config
[1.765s] -- Installing: /workspace/bumperbot_ws/install/bumperbot_bringup/share/bumperbot_bringup/config/rplidar_a1.yaml
[1.767s] -- Installing: /workspace/bumperbot_ws/install/bumperbot_bringup/share/bumperbot_bringup/launch
[1.768s] -- Installing: /workspace/bumperbot_ws/install/bumperbot_bringup/share/bumperbot_bringup/launch/simulated_robot.launch.py
[1.770s] -- Installing: /workspace/bumperbot_ws/install/bumperbot_bringup/share/bumperbot_bringup/launch/real_robot.launch.py
[1.771s] -- Installing: /workspace/bumperbot_ws/install/bumperbot_bringup/share/ament_index/resource_index/package_run_dependencies/bumperbot_bringup
[1.772s] -- Installing: /workspace/bumperbot_ws/install/bumperbot_bringup/share/ament_index/resource_index/parent_prefix_path/bumperbot_bringup
[1.773s] -- Installing: /workspace/bumperbot_ws/install/bumperbot_bringup/share/bumperbot_bringup/environment/ament_prefix_path.sh
[1.773s] -- Installing: /workspace/bumperbot_ws/install/bumperbot_bringup/share/bumperbot_bringup/environment/ament_prefix_path.dsv
[1.775s] -- Installing: /workspace/bumperbot_ws/install/bumperbot_bringup/share/bumperbot_bringup/environment/path.sh
[1.775s] -- Installing: /workspace/bumperbot_ws/install/bumperbot_bringup/share/bumperbot_bringup/environment/path.dsv
[1.776s] -- Installing: /workspace/bumperbot_ws/install/bumperbot_bringup/share/bumperbot_bringup/local_setup.bash
[1.776s] -- Installing: /workspace/bumperbot_ws/install/bumperbot_bringup/share/bumperbot_bringup/local_setup.sh
[1.777s] -- Installing: /workspace/bumperbot_ws/install/bumperbot_bringup/share/bumperbot_bringup/local_setup.zsh
[1.777s] -- Installing: /workspace/bumperbot_ws/install/bumperbot_bringup/share/bumperbot_bringup/local_setup.dsv
[1.779s] -- Installing: /workspace/bumperbot_ws/install/bumperbot_bringup/share/bumperbot_bringup/package.dsv
[1.779s] -- Installing: /workspace/bumperbot_ws/install/bumperbot_bringup/share/ament_index/resource_index/packages/bumperbot_bringup
[1.780s] -- Installing: /workspace/bumperbot_ws/install/bumperbot_bringup/share/bumperbot_bringup/cmake/bumperbot_bringupConfig.cmake
[1.780s] -- Installing: /workspace/bumperbot_ws/install/bumperbot_bringup/share/bumperbot_bringup/cmake/bumperbot_bringupConfig-version.cmake
[1.783s] -- Installing: /workspace/bumperbot_ws/install/bumperbot_bringup/share/bumperbot_bringup/package.xml
[1.785s] Invoked command in '/workspace/bumperbot_ws/build/bumperbot_bringup' returned '0': CMAKE_PREFIX_PATH=/workspace/bumperbot_ws/install/rplidar_ros:/workspace/bumperbot_ws/install/bumperbot_mapping:/workspace/bumperbot_ws/install/bumperbot_localization:/workspace/bumperbot_ws/install/bumperbot_firmware:/workspace/bumperbot_ws/install/bumperbot_description:/workspace/bumperbot_ws/install/bumperbot_controller:/workspace/bumperbot_ws/install/bumperbot_msgs:/opt/ros/humble LD_LIBRARY_PATH=/workspace/bumperbot_ws/install/bumperbot_firmware/lib:/workspace/bumperbot_ws/install/bumperbot_msgs/lib:/opt/ros/humble/opt/rviz_ogre_vendor/lib:/opt/ros/humble/lib/aarch64-linux-gnu:/opt/ros/humble/lib /usr/bin/cmake --install /workspace/bumperbot_ws/build/bumperbot_bringup
