[0.005s] Invoking command in '/workspace/bumperbot_ws/build/bumperbot_localization': CMAKE_PREFIX_PATH=${CMAKE_PREFIX_PATH}:/workspace/bumperbot_ws/install/bumperbot_py_examples:/opt/ros/humble /usr/bin/cmake --build /workspace/bumperbot_ws/build/bumperbot_localization -- -j4 -l4
[0.211s] [ 33%] Built target kalman_filter
[0.231s] [ 66%] Built target odometry_motion_model
[0.243s] [ 66%] Built target ament_cmake_python_copy_bumperbot_localization
[0.252s] [100%] Built target imu_republisher
[0.935s] running egg_info
[0.938s] writing bumperbot_localization.egg-info/PKG-INFO
[0.940s] writing dependency_links to bumperbot_localization.egg-info/dependency_links.txt
[0.940s] writing top-level names to bumperbot_localization.egg-info/top_level.txt
[0.955s] reading manifest file 'bumperbot_localization.egg-info/SOURCES.txt'
[0.955s] writing manifest file 'bumperbot_localization.egg-info/SOURCES.txt'
[1.056s] [100%] Built target ament_cmake_python_build_bumperbot_localization_egg
[1.173s] Invoked command in '/workspace/bumperbot_ws/build/bumperbot_localization' returned '0': CMAKE_PREFIX_PATH=${CMAKE_PREFIX_PATH}:/workspace/bumperbot_ws/install/bumperbot_py_examples:/opt/ros/humble /usr/bin/cmake --build /workspace/bumperbot_ws/build/bumperbot_localization -- -j4 -l4
[1.177s] Invoking command in '/workspace/bumperbot_ws/build/bumperbot_localization': CMAKE_PREFIX_PATH=${CMAKE_PREFIX_PATH}:/workspace/bumperbot_ws/install/bumperbot_py_examples:/opt/ros/humble /usr/bin/cmake --install /workspace/bumperbot_ws/build/bumperbot_localization
[1.199s] -- Install configuration: ""
[1.200s] -- Up-to-date: /workspace/bumperbot_ws/install/bumperbot_localization/share/bumperbot_localization/environment/pythonpath.sh
[1.202s] -- Up-to-date: /workspace/bumperbot_ws/install/bumperbot_localization/share/bumperbot_localization/environment/pythonpath.dsv
[1.202s] -- Up-to-date: /workspace/bumperbot_ws/install/bumperbot_localization/local/lib/python3.10/dist-packages/bumperbot_localization-0.0.0-py3.10.egg-info
[1.202s] -- Installing: /workspace/bumperbot_ws/install/bumperbot_localization/local/lib/python3.10/dist-packages/bumperbot_localization-0.0.0-py3.10.egg-info/SOURCES.txt
[1.203s] -- Installing: /workspace/bumperbot_ws/install/bumperbot_localization/local/lib/python3.10/dist-packages/bumperbot_localization-0.0.0-py3.10.egg-info/PKG-INFO
[1.203s] -- Installing: /workspace/bumperbot_ws/install/bumperbot_localization/local/lib/python3.10/dist-packages/bumperbot_localization-0.0.0-py3.10.egg-info/dependency_links.txt
[1.205s] -- Installing: /workspace/bumperbot_ws/install/bumperbot_localization/local/lib/python3.10/dist-packages/bumperbot_localization-0.0.0-py3.10.egg-info/top_level.txt
[1.207s] -- Up-to-date: /workspace/bumperbot_ws/install/bumperbot_localization/local/lib/python3.10/dist-packages/bumperbot_localization
[1.208s] -- Up-to-date: /workspace/bumperbot_ws/install/bumperbot_localization/local/lib/python3.10/dist-packages/bumperbot_localization/kalman_filter.py
[1.209s] -- Up-to-date: /workspace/bumperbot_ws/install/bumperbot_localization/local/lib/python3.10/dist-packages/bumperbot_localization/odometry_motion_model.py
[1.210s] -- Up-to-date: /workspace/bumperbot_ws/install/bumperbot_localization/local/lib/python3.10/dist-packages/bumperbot_localization/__init__.py
[1.210s] -- Up-to-date: /workspace/bumperbot_ws/install/bumperbot_localization/local/lib/python3.10/dist-packages/bumperbot_localization/imu_republisher.py
[1.291s] Listing '/workspace/bumperbot_ws/install/bumperbot_localization/local/lib/python3.10/dist-packages/bumperbot_localization'...
[1.311s] -- Up-to-date: /workspace/bumperbot_ws/install/bumperbot_localization/include/include
[1.313s] -- Up-to-date: /workspace/bumperbot_ws/install/bumperbot_localization/include/include/bumperbot_localization
[1.315s] -- Up-to-date: /workspace/bumperbot_ws/install/bumperbot_localization/include/include/bumperbot_localization/kalman_filter.hpp
[1.318s] -- Up-to-date: /workspace/bumperbot_ws/install/bumperbot_localization/include/include/bumperbot_localization/odometry_motion_model.hpp
[1.329s] -- Up-to-date: /workspace/bumperbot_ws/install/bumperbot_localization/bin/odometry_motion_model
[1.331s] -- Up-to-date: /workspace/bumperbot_ws/install/bumperbot_localization/lib/bumperbot_localization/kalman_filter
[1.331s] -- Up-to-date: /workspace/bumperbot_ws/install/bumperbot_localization/lib/bumperbot_localization/imu_republisher
[1.331s] -- Up-to-date: /workspace/bumperbot_ws/install/bumperbot_localization/lib/bumperbot_localization/odometry_motion_model
[1.331s] -- Up-to-date: /workspace/bumperbot_ws/install/bumperbot_localization/share/bumperbot_localization/launch
[1.331s] -- Up-to-date: /workspace/bumperbot_ws/install/bumperbot_localization/share/bumperbot_localization/launch/local_localization.launch.py
[1.332s] -- Up-to-date: /workspace/bumperbot_ws/install/bumperbot_localization/share/bumperbot_localization/launch/global_localization.launch.py
[1.332s] -- Up-to-date: /workspace/bumperbot_ws/install/bumperbot_localization/share/bumperbot_localization/config
[1.339s] -- Up-to-date: /workspace/bumperbot_ws/install/bumperbot_localization/share/bumperbot_localization/config/odometry_motion_model.rviz
[1.340s] -- Up-to-date: /workspace/bumperbot_ws/install/bumperbot_localization/share/bumperbot_localization/config/ekf.yaml
[1.340s] -- Up-to-date: /workspace/bumperbot_ws/install/bumperbot_localization/share/bumperbot_localization/config/amcl.yaml
[1.342s] -- Up-to-date: /workspace/bumperbot_ws/install/bumperbot_localization/share/bumperbot_localization/rviz
[1.343s] -- Up-to-date: /workspace/bumperbot_ws/install/bumperbot_localization/share/bumperbot_localization/rviz/global_localization.rviz
[1.343s] -- Up-to-date: /workspace/bumperbot_ws/install/bumperbot_localization/lib/bumperbot_localization/kalman_filter.py
[1.343s] -- Up-to-date: /workspace/bumperbot_ws/install/bumperbot_localization/lib/bumperbot_localization/imu_republisher.py
[1.344s] -- Up-to-date: /workspace/bumperbot_ws/install/bumperbot_localization/lib/bumperbot_localization/odometry_motion_model.py
[1.344s] -- Up-to-date: /workspace/bumperbot_ws/install/bumperbot_localization/share/ament_index/resource_index/package_run_dependencies/bumperbot_localization
[1.347s] -- Up-to-date: /workspace/bumperbot_ws/install/bumperbot_localization/share/ament_index/resource_index/parent_prefix_path/bumperbot_localization
[1.348s] -- Up-to-date: /workspace/bumperbot_ws/install/bumperbot_localization/share/bumperbot_localization/environment/ament_prefix_path.sh
[1.349s] -- Up-to-date: /workspace/bumperbot_ws/install/bumperbot_localization/share/bumperbot_localization/environment/ament_prefix_path.dsv
[1.349s] -- Up-to-date: /workspace/bumperbot_ws/install/bumperbot_localization/share/bumperbot_localization/environment/path.sh
[1.349s] -- Up-to-date: /workspace/bumperbot_ws/install/bumperbot_localization/share/bumperbot_localization/environment/path.dsv
[1.349s] -- Up-to-date: /workspace/bumperbot_ws/install/bumperbot_localization/share/bumperbot_localization/local_setup.bash
[1.349s] -- Up-to-date: /workspace/bumperbot_ws/install/bumperbot_localization/share/bumperbot_localization/local_setup.sh
[1.349s] -- Up-to-date: /workspace/bumperbot_ws/install/bumperbot_localization/share/bumperbot_localization/local_setup.zsh
[1.349s] -- Up-to-date: /workspace/bumperbot_ws/install/bumperbot_localization/share/bumperbot_localization/local_setup.dsv
[1.350s] -- Installing: /workspace/bumperbot_ws/install/bumperbot_localization/share/bumperbot_localization/package.dsv
[1.350s] -- Up-to-date: /workspace/bumperbot_ws/install/bumperbot_localization/share/ament_index/resource_index/packages/bumperbot_localization
[1.358s] -- Up-to-date: /workspace/bumperbot_ws/install/bumperbot_localization/share/bumperbot_localization/cmake/bumperbot_localizationConfig.cmake
[1.364s] -- Up-to-date: /workspace/bumperbot_ws/install/bumperbot_localization/share/bumperbot_localization/cmake/bumperbot_localizationConfig-version.cmake
[1.364s] -- Up-to-date: /workspace/bumperbot_ws/install/bumperbot_localization/share/bumperbot_localization/package.xml
[1.365s] Invoked command in '/workspace/bumperbot_ws/build/bumperbot_localization' returned '0': CMAKE_PREFIX_PATH=${CMAKE_PREFIX_PATH}:/workspace/bumperbot_ws/install/bumperbot_py_examples:/opt/ros/humble /usr/bin/cmake --install /workspace/bumperbot_ws/build/bumperbot_localization
