2025-02-26 03:17:30.243 [info] [main] Log level: Info
2025-02-26 03:17:30.243 [info] [main] Validating found git in: "git"
2025-02-26 03:17:30.243 [info] [main] Using git "2.45.2" from "git"
2025-02-26 03:17:30.243 [info] [Model][doInitialScan] Initial repository scan started
2025-02-26 03:17:30.243 [info] > git rev-parse --show-toplevel [22ms]
2025-02-26 03:17:30.243 [info] fatal: not a git repository (or any of the parent directories): .git
2025-02-26 03:17:30.243 [info] > git rev-parse --show-toplevel [5ms]
2025-02-26 03:17:30.243 [info] fatal: not a git repository (or any of the parent directories): .git
2025-02-26 03:17:30.261 [info] > git rev-parse --show-toplevel [11ms]
2025-02-26 03:17:30.261 [info] fatal: not a git repository (or any of the parent directories): .git
2025-02-26 03:17:30.270 [info] > git rev-parse --show-toplevel [3ms]
2025-02-26 03:17:30.270 [info] fatal: not a git repository (or any of the parent directories): .git
2025-02-26 03:17:30.349 [info] > git rev-parse --show-toplevel [30ms]
2025-02-26 03:17:30.349 [info] fatal: not a git repository (or any of the parent directories): .git
2025-02-26 03:17:30.359 [info] > git rev-parse --show-toplevel [4ms]
2025-02-26 03:17:30.359 [info] fatal: not a git repository (or any of the parent directories): .git
2025-02-26 03:17:30.368 [info] > git rev-parse --show-toplevel [3ms]
2025-02-26 03:17:30.369 [info] fatal: not a git repository (or any of the parent directories): .git
2025-02-26 03:17:30.403 [info] > git rev-parse --show-toplevel [27ms]
2025-02-26 03:17:30.403 [info] fatal: not a git repository (or any of the parent directories): .git
2025-02-26 03:17:30.414 [info] > git rev-parse --show-toplevel [2ms]
2025-02-26 03:17:30.414 [info] fatal: not a git repository (or any of the parent directories): .git
2025-02-26 03:17:30.438 [info] > git rev-parse --show-toplevel [17ms]
2025-02-26 03:17:30.438 [info] fatal: not a git repository (or any of the parent directories): .git
2025-02-26 03:17:30.456 [info] > git rev-parse --show-toplevel [8ms]
2025-02-26 03:17:30.456 [info] fatal: not a git repository (or any of the parent directories): .git
2025-02-26 03:17:30.460 [info] [Model][doInitialScan] Initial repository scan completed - repositories (0), closed repositories (0), parent repositories (0), unsafe repositories (0)
2025-02-26 03:17:31.162 [info] > git rev-parse --show-toplevel [3ms]
2025-02-26 03:17:31.162 [info] fatal: not a git repository (or any of the parent directories): .git
2025-02-26 03:18:28.166 [info] > git rev-parse --show-toplevel [3ms]
2025-02-26 03:18:28.166 [info] fatal: not a git repository (or any of the parent directories): .git
2025-02-26 03:18:32.926 [info] > git rev-parse --show-toplevel [5ms]
2025-02-26 03:18:32.926 [info] fatal: not a git repository (or any of the parent directories): .git
2025-02-26 03:18:33.038 [info] > git rev-parse --show-toplevel [3ms]
2025-02-26 03:18:33.038 [info] fatal: not a git repository (or any of the parent directories): .git
2025-02-26 03:18:37.089 [info] > git rev-parse --show-toplevel [4ms]
2025-02-26 03:18:37.089 [info] fatal: not a git repository (or any of the parent directories): .git
