[0.024s] Invoking command in '/workspace/bumperbot_ws/build/bumperbot_localization': CMAKE_PREFIX_PATH=/opt/ros/humble /usr/bin/cmake --build /workspace/bumperbot_ws/build/bumperbot_localization -- -j4 -l4
[0.329s] [ 33%] Built target imu_republisher
[0.390s] [ 33%] Built target ament_cmake_python_copy_bumperbot_localization
[0.407s] [ 66%] Built target kalman_filter
[0.502s] [100%] Built target odometry_motion_model
[1.052s] running egg_info
[1.054s] writing bumperbot_localization.egg-info/PKG-INFO
[1.054s] writing dependency_links to bumperbot_localization.egg-info/dependency_links.txt
[1.056s] writing top-level names to bumperbot_localization.egg-info/top_level.txt
[1.065s] reading manifest file 'bumperbot_localization.egg-info/SOURCES.txt'
[1.066s] writing manifest file 'bumperbot_localization.egg-info/SOURCES.txt'
[1.162s] [100%] Built target ament_cmake_python_build_bumperbot_localization_egg
[1.212s] Invoked command in '/workspace/bumperbot_ws/build/bumperbot_localization' returned '0': CMAKE_PREFIX_PATH=/opt/ros/humble /usr/bin/cmake --build /workspace/bumperbot_ws/build/bumperbot_localization -- -j4 -l4
[1.221s] Invoking command in '/workspace/bumperbot_ws/build/bumperbot_localization': CMAKE_PREFIX_PATH=/opt/ros/humble /usr/bin/cmake --install /workspace/bumperbot_ws/build/bumperbot_localization
[1.250s] -- Install configuration: ""
[1.250s] -- Up-to-date: /workspace/bumperbot_ws/install/bumperbot_localization/share/bumperbot_localization/environment/pythonpath.sh
[1.251s] -- Up-to-date: /workspace/bumperbot_ws/install/bumperbot_localization/share/bumperbot_localization/environment/pythonpath.dsv
[1.251s] -- Up-to-date: /workspace/bumperbot_ws/install/bumperbot_localization/local/lib/python3.10/dist-packages/bumperbot_localization-0.0.0-py3.10.egg-info
[1.251s] -- Installing: /workspace/bumperbot_ws/install/bumperbot_localization/local/lib/python3.10/dist-packages/bumperbot_localization-0.0.0-py3.10.egg-info/SOURCES.txt
[1.251s] -- Installing: /workspace/bumperbot_ws/install/bumperbot_localization/local/lib/python3.10/dist-packages/bumperbot_localization-0.0.0-py3.10.egg-info/PKG-INFO
[1.251s] -- Installing: /workspace/bumperbot_ws/install/bumperbot_localization/local/lib/python3.10/dist-packages/bumperbot_localization-0.0.0-py3.10.egg-info/dependency_links.txt
[1.251s] -- Installing: /workspace/bumperbot_ws/install/bumperbot_localization/local/lib/python3.10/dist-packages/bumperbot_localization-0.0.0-py3.10.egg-info/top_level.txt
[1.252s] -- Up-to-date: /workspace/bumperbot_ws/install/bumperbot_localization/local/lib/python3.10/dist-packages/bumperbot_localization
[1.252s] -- Up-to-date: /workspace/bumperbot_ws/install/bumperbot_localization/local/lib/python3.10/dist-packages/bumperbot_localization/kalman_filter.py
[1.252s] -- Up-to-date: /workspace/bumperbot_ws/install/bumperbot_localization/local/lib/python3.10/dist-packages/bumperbot_localization/odometry_motion_model.py
[1.259s] -- Up-to-date: /workspace/bumperbot_ws/install/bumperbot_localization/local/lib/python3.10/dist-packages/bumperbot_localization/__init__.py
[1.259s] -- Up-to-date: /workspace/bumperbot_ws/install/bumperbot_localization/local/lib/python3.10/dist-packages/bumperbot_localization/imu_republisher.py
[1.373s] Listing '/workspace/bumperbot_ws/install/bumperbot_localization/local/lib/python3.10/dist-packages/bumperbot_localization'...
[1.402s] -- Up-to-date: /workspace/bumperbot_ws/install/bumperbot_localization/include/include
[1.402s] -- Up-to-date: /workspace/bumperbot_ws/install/bumperbot_localization/include/include/bumperbot_localization
[1.402s] -- Up-to-date: /workspace/bumperbot_ws/install/bumperbot_localization/include/include/bumperbot_localization/kalman_filter.hpp
[1.402s] -- Up-to-date: /workspace/bumperbot_ws/install/bumperbot_localization/include/include/bumperbot_localization/odometry_motion_model.hpp
[1.403s] -- Up-to-date: /workspace/bumperbot_ws/install/bumperbot_localization/bin/odometry_motion_model
[1.404s] -- Up-to-date: /workspace/bumperbot_ws/install/bumperbot_localization/lib/bumperbot_localization/kalman_filter
[1.410s] -- Up-to-date: /workspace/bumperbot_ws/install/bumperbot_localization/lib/bumperbot_localization/imu_republisher
[1.415s] -- Up-to-date: /workspace/bumperbot_ws/install/bumperbot_localization/lib/bumperbot_localization/odometry_motion_model
[1.417s] -- Up-to-date: /workspace/bumperbot_ws/install/bumperbot_localization/share/bumperbot_localization/launch
[1.417s] -- Up-to-date: /workspace/bumperbot_ws/install/bumperbot_localization/share/bumperbot_localization/launch/local_localization.launch.py
[1.418s] -- Up-to-date: /workspace/bumperbot_ws/install/bumperbot_localization/share/bumperbot_localization/launch/global_localization.launch.py
[1.418s] -- Up-to-date: /workspace/bumperbot_ws/install/bumperbot_localization/share/bumperbot_localization/config
[1.418s] -- Up-to-date: /workspace/bumperbot_ws/install/bumperbot_localization/share/bumperbot_localization/config/odometry_motion_model.rviz
[1.418s] -- Up-to-date: /workspace/bumperbot_ws/install/bumperbot_localization/share/bumperbot_localization/config/ekf.yaml
[1.419s] -- Up-to-date: /workspace/bumperbot_ws/install/bumperbot_localization/share/bumperbot_localization/config/amcl.yaml
[1.419s] -- Up-to-date: /workspace/bumperbot_ws/install/bumperbot_localization/share/bumperbot_localization/rviz
[1.419s] -- Up-to-date: /workspace/bumperbot_ws/install/bumperbot_localization/share/bumperbot_localization/rviz/global_localization.rviz
[1.419s] -- Up-to-date: /workspace/bumperbot_ws/install/bumperbot_localization/lib/bumperbot_localization/kalman_filter.py
[1.422s] -- Up-to-date: /workspace/bumperbot_ws/install/bumperbot_localization/lib/bumperbot_localization/imu_republisher.py
[1.422s] -- Up-to-date: /workspace/bumperbot_ws/install/bumperbot_localization/lib/bumperbot_localization/odometry_motion_model.py
[1.422s] -- Up-to-date: /workspace/bumperbot_ws/install/bumperbot_localization/share/ament_index/resource_index/package_run_dependencies/bumperbot_localization
[1.422s] -- Up-to-date: /workspace/bumperbot_ws/install/bumperbot_localization/share/ament_index/resource_index/parent_prefix_path/bumperbot_localization
[1.422s] -- Up-to-date: /workspace/bumperbot_ws/install/bumperbot_localization/share/bumperbot_localization/environment/ament_prefix_path.sh
[1.423s] -- Up-to-date: /workspace/bumperbot_ws/install/bumperbot_localization/share/bumperbot_localization/environment/ament_prefix_path.dsv
[1.423s] -- Up-to-date: /workspace/bumperbot_ws/install/bumperbot_localization/share/bumperbot_localization/environment/path.sh
[1.423s] -- Up-to-date: /workspace/bumperbot_ws/install/bumperbot_localization/share/bumperbot_localization/environment/path.dsv
[1.425s] -- Up-to-date: /workspace/bumperbot_ws/install/bumperbot_localization/share/bumperbot_localization/local_setup.bash
[1.425s] -- Up-to-date: /workspace/bumperbot_ws/install/bumperbot_localization/share/bumperbot_localization/local_setup.sh
[1.426s] -- Up-to-date: /workspace/bumperbot_ws/install/bumperbot_localization/share/bumperbot_localization/local_setup.zsh
[1.426s] -- Up-to-date: /workspace/bumperbot_ws/install/bumperbot_localization/share/bumperbot_localization/local_setup.dsv
[1.426s] -- Installing: /workspace/bumperbot_ws/install/bumperbot_localization/share/bumperbot_localization/package.dsv
[1.429s] -- Up-to-date: /workspace/bumperbot_ws/install/bumperbot_localization/share/ament_index/resource_index/packages/bumperbot_localization
[1.429s] -- Up-to-date: /workspace/bumperbot_ws/install/bumperbot_localization/share/bumperbot_localization/cmake/bumperbot_localizationConfig.cmake
[1.429s] -- Up-to-date: /workspace/bumperbot_ws/install/bumperbot_localization/share/bumperbot_localization/cmake/bumperbot_localizationConfig-version.cmake
[1.429s] -- Up-to-date: /workspace/bumperbot_ws/install/bumperbot_localization/share/bumperbot_localization/package.xml
[1.441s] Invoked command in '/workspace/bumperbot_ws/build/bumperbot_localization' returned '0': CMAKE_PREFIX_PATH=/opt/ros/humble /usr/bin/cmake --install /workspace/bumperbot_ws/build/bumperbot_localization
