[0.019s] Invoking command in '/workspace/bumperbot_ws/build/bumperbot_controller': CMAKE_PREFIX_PATH=/opt/ros/humble /usr/bin/cmake --build /workspace/bumperbot_ws/build/bumperbot_controller -- -j4 -l4
[0.111s] [35m[1mConsolidate compiler generated dependencies of target simple_controller[0m
[0.157s] [ 33%] Built target simple_controller
[0.217s] [ 33%] Built target ament_cmake_python_copy_bumperbot_controller
[0.240s] [35m[1mConsolidate compiler generated dependencies of target twist_relay[0m
[0.276s] [ 66%] Built target twist_relay
[0.658s] running egg_info
[0.659s] writing bumperbot_controller.egg-info/PKG-INFO
[0.660s] writing dependency_links to bumperbot_controller.egg-info/dependency_links.txt
[0.696s] writing top-level names to bumperbot_controller.egg-info/top_level.txt
[0.700s] reading manifest file 'bumperbot_controller.egg-info/SOURCES.txt'
[0.702s] writing manifest file 'bumperbot_controller.egg-info/SOURCES.txt'
[0.773s] [ 66%] Built target ament_cmake_python_build_bumperbot_controller_egg
[0.831s] [100%] Built target noisy_controller
[0.856s] Invoked command in '/workspace/bumperbot_ws/build/bumperbot_controller' returned '0': CMAKE_PREFIX_PATH=/opt/ros/humble /usr/bin/cmake --build /workspace/bumperbot_ws/build/bumperbot_controller -- -j4 -l4
[0.877s] Invoking command in '/workspace/bumperbot_ws/build/bumperbot_controller': CMAKE_PREFIX_PATH=/opt/ros/humble /usr/bin/cmake --install /workspace/bumperbot_ws/build/bumperbot_controller
[0.893s] -- Install configuration: ""
[0.893s] -- Up-to-date: /workspace/bumperbot_ws/install/bumperbot_controller/share/bumperbot_controller/environment/pythonpath.sh
[0.893s] -- Up-to-date: /workspace/bumperbot_ws/install/bumperbot_controller/share/bumperbot_controller/environment/pythonpath.dsv
[0.893s] -- Up-to-date: /workspace/bumperbot_ws/install/bumperbot_controller/local/lib/python3.10/dist-packages/bumperbot_controller-0.0.0-py3.10.egg-info
[0.893s] -- Installing: /workspace/bumperbot_ws/install/bumperbot_controller/local/lib/python3.10/dist-packages/bumperbot_controller-0.0.0-py3.10.egg-info/SOURCES.txt
[0.893s] -- Installing: /workspace/bumperbot_ws/install/bumperbot_controller/local/lib/python3.10/dist-packages/bumperbot_controller-0.0.0-py3.10.egg-info/PKG-INFO
[0.894s] -- Installing: /workspace/bumperbot_ws/install/bumperbot_controller/local/lib/python3.10/dist-packages/bumperbot_controller-0.0.0-py3.10.egg-info/dependency_links.txt
[0.894s] -- Installing: /workspace/bumperbot_ws/install/bumperbot_controller/local/lib/python3.10/dist-packages/bumperbot_controller-0.0.0-py3.10.egg-info/top_level.txt
[0.894s] -- Up-to-date: /workspace/bumperbot_ws/install/bumperbot_controller/local/lib/python3.10/dist-packages/bumperbot_controller
[0.894s] -- Up-to-date: /workspace/bumperbot_ws/install/bumperbot_controller/local/lib/python3.10/dist-packages/bumperbot_controller/simple_controller.py
[0.894s] -- Up-to-date: /workspace/bumperbot_ws/install/bumperbot_controller/local/lib/python3.10/dist-packages/bumperbot_controller/noisy_controller.py
[0.894s] -- Up-to-date: /workspace/bumperbot_ws/install/bumperbot_controller/local/lib/python3.10/dist-packages/bumperbot_controller/twist_relay.py
[0.894s] -- Up-to-date: /workspace/bumperbot_ws/install/bumperbot_controller/local/lib/python3.10/dist-packages/bumperbot_controller/__init__.py
[0.954s] Listing '/workspace/bumperbot_ws/install/bumperbot_controller/local/lib/python3.10/dist-packages/bumperbot_controller'...
[0.966s] -- Up-to-date: /workspace/bumperbot_ws/install/bumperbot_controller/include/include
[0.966s] -- Up-to-date: /workspace/bumperbot_ws/install/bumperbot_controller/include/include/bumperbot_controller
[0.966s] -- Up-to-date: /workspace/bumperbot_ws/install/bumperbot_controller/include/include/bumperbot_controller/noisy_controller.hpp
[0.966s] -- Up-to-date: /workspace/bumperbot_ws/install/bumperbot_controller/include/include/bumperbot_controller/simple_controller.hpp
[0.967s] -- Up-to-date: /workspace/bumperbot_ws/install/bumperbot_controller/lib/bumperbot_controller/simple_controller
[0.967s] -- Up-to-date: /workspace/bumperbot_ws/install/bumperbot_controller/lib/bumperbot_controller/noisy_controller
[0.968s] -- Up-to-date: /workspace/bumperbot_ws/install/bumperbot_controller/lib/bumperbot_controller/twist_relay
[0.968s] -- Up-to-date: /workspace/bumperbot_ws/install/bumperbot_controller/share/bumperbot_controller/launch
[0.969s] -- Up-to-date: /workspace/bumperbot_ws/install/bumperbot_controller/share/bumperbot_controller/launch/controller.launch.py
[0.969s] -- Up-to-date: /workspace/bumperbot_ws/install/bumperbot_controller/share/bumperbot_controller/launch/joystick_teleop.launch.py
[0.969s] -- Up-to-date: /workspace/bumperbot_ws/install/bumperbot_controller/share/bumperbot_controller/config
[0.969s] -- Up-to-date: /workspace/bumperbot_ws/install/bumperbot_controller/share/bumperbot_controller/config/twist_mux_topics.yaml
[0.969s] -- Up-to-date: /workspace/bumperbot_ws/install/bumperbot_controller/share/bumperbot_controller/config/bumperbot_controllers.yaml
[0.969s] -- Up-to-date: /workspace/bumperbot_ws/install/bumperbot_controller/share/bumperbot_controller/config/twist_mux_joy.yaml
[0.969s] -- Up-to-date: /workspace/bumperbot_ws/install/bumperbot_controller/share/bumperbot_controller/config/twist_mux_locks.yaml
[0.970s] -- Up-to-date: /workspace/bumperbot_ws/install/bumperbot_controller/share/bumperbot_controller/config/joy_teleop.yaml
[0.970s] -- Up-to-date: /workspace/bumperbot_ws/install/bumperbot_controller/share/bumperbot_controller/config/joy_config.yaml
[0.970s] -- Up-to-date: /workspace/bumperbot_ws/install/bumperbot_controller/lib/bumperbot_controller/simple_controller.py
[0.970s] -- Up-to-date: /workspace/bumperbot_ws/install/bumperbot_controller/lib/bumperbot_controller/noisy_controller.py
[0.970s] -- Up-to-date: /workspace/bumperbot_ws/install/bumperbot_controller/lib/bumperbot_controller/twist_relay.py
[0.970s] -- Up-to-date: /workspace/bumperbot_ws/install/bumperbot_controller/share/ament_index/resource_index/package_run_dependencies/bumperbot_controller
[0.970s] -- Up-to-date: /workspace/bumperbot_ws/install/bumperbot_controller/share/ament_index/resource_index/parent_prefix_path/bumperbot_controller
[0.970s] -- Up-to-date: /workspace/bumperbot_ws/install/bumperbot_controller/share/bumperbot_controller/environment/ament_prefix_path.sh
[0.970s] -- Up-to-date: /workspace/bumperbot_ws/install/bumperbot_controller/share/bumperbot_controller/environment/ament_prefix_path.dsv
[0.971s] -- Up-to-date: /workspace/bumperbot_ws/install/bumperbot_controller/share/bumperbot_controller/environment/path.sh
[0.971s] -- Up-to-date: /workspace/bumperbot_ws/install/bumperbot_controller/share/bumperbot_controller/environment/path.dsv
[0.971s] -- Up-to-date: /workspace/bumperbot_ws/install/bumperbot_controller/share/bumperbot_controller/local_setup.bash
[0.971s] -- Up-to-date: /workspace/bumperbot_ws/install/bumperbot_controller/share/bumperbot_controller/local_setup.sh
[0.971s] -- Up-to-date: /workspace/bumperbot_ws/install/bumperbot_controller/share/bumperbot_controller/local_setup.zsh
[0.971s] -- Up-to-date: /workspace/bumperbot_ws/install/bumperbot_controller/share/bumperbot_controller/local_setup.dsv
[0.971s] -- Installing: /workspace/bumperbot_ws/install/bumperbot_controller/share/bumperbot_controller/package.dsv
[0.971s] -- Up-to-date: /workspace/bumperbot_ws/install/bumperbot_controller/share/ament_index/resource_index/packages/bumperbot_controller
[0.971s] -- Up-to-date: /workspace/bumperbot_ws/install/bumperbot_controller/share/bumperbot_controller/cmake/bumperbot_controllerConfig.cmake
[0.972s] -- Up-to-date: /workspace/bumperbot_ws/install/bumperbot_controller/share/bumperbot_controller/cmake/bumperbot_controllerConfig-version.cmake
[0.972s] -- Up-to-date: /workspace/bumperbot_ws/install/bumperbot_controller/share/bumperbot_controller/package.xml
[0.975s] Invoked command in '/workspace/bumperbot_ws/build/bumperbot_controller' returned '0': CMAKE_PREFIX_PATH=/opt/ros/humble /usr/bin/cmake --install /workspace/bumperbot_ws/build/bumperbot_controller
