[0.137s] Invoking command in '/workspace/bumperbot_ws/build/bumperbot_mapping': CMAKE_PREFIX_PATH=${CMAKE_PREFIX_PATH}:/workspace/bumperbot_ws/install/bumperbot_py_examples:/opt/ros/humble /usr/bin/cmake --build /workspace/bumperbot_ws/build/bumperbot_mapping -- -j4 -l4
[0.368s] [100%] Built target mapping_with_known_poses
[0.401s] [100%] Built target ament_cmake_python_copy_bumperbot_mapping
[0.820s] running egg_info
[0.822s] writing bumperbot_mapping.egg-info/PKG-INFO
[0.824s] writing dependency_links to bumperbot_mapping.egg-info/dependency_links.txt
[0.827s] writing top-level names to bumperbot_mapping.egg-info/top_level.txt
[0.840s] reading manifest file 'bumperbot_mapping.egg-info/SOURCES.txt'
[0.841s] writing manifest file 'bumperbot_mapping.egg-info/SOURCES.txt'
[0.950s] [100%] Built target ament_cmake_python_build_bumperbot_mapping_egg
[1.025s] Invoked command in '/workspace/bumperbot_ws/build/bumperbot_mapping' returned '0': CMAKE_PREFIX_PATH=${CMAKE_PREFIX_PATH}:/workspace/bumperbot_ws/install/bumperbot_py_examples:/opt/ros/humble /usr/bin/cmake --build /workspace/bumperbot_ws/build/bumperbot_mapping -- -j4 -l4
[1.030s] Invoking command in '/workspace/bumperbot_ws/build/bumperbot_mapping': CMAKE_PREFIX_PATH=${CMAKE_PREFIX_PATH}:/workspace/bumperbot_ws/install/bumperbot_py_examples:/opt/ros/humble /usr/bin/cmake --install /workspace/bumperbot_ws/build/bumperbot_mapping
[1.051s] -- Install configuration: ""
[1.053s] -- Up-to-date: /workspace/bumperbot_ws/install/bumperbot_mapping/share/bumperbot_mapping/environment/pythonpath.sh
[1.057s] -- Up-to-date: /workspace/bumperbot_ws/install/bumperbot_mapping/share/bumperbot_mapping/environment/pythonpath.dsv
[1.061s] -- Up-to-date: /workspace/bumperbot_ws/install/bumperbot_mapping/local/lib/python3.10/dist-packages/bumperbot_mapping-0.0.0-py3.10.egg-info
[1.066s] -- Installing: /workspace/bumperbot_ws/install/bumperbot_mapping/local/lib/python3.10/dist-packages/bumperbot_mapping-0.0.0-py3.10.egg-info/SOURCES.txt
[1.066s] -- Installing: /workspace/bumperbot_ws/install/bumperbot_mapping/local/lib/python3.10/dist-packages/bumperbot_mapping-0.0.0-py3.10.egg-info/PKG-INFO
[1.066s] -- Installing: /workspace/bumperbot_ws/install/bumperbot_mapping/local/lib/python3.10/dist-packages/bumperbot_mapping-0.0.0-py3.10.egg-info/dependency_links.txt
[1.066s] -- Installing: /workspace/bumperbot_ws/install/bumperbot_mapping/local/lib/python3.10/dist-packages/bumperbot_mapping-0.0.0-py3.10.egg-info/top_level.txt
[1.066s] -- Up-to-date: /workspace/bumperbot_ws/install/bumperbot_mapping/local/lib/python3.10/dist-packages/bumperbot_mapping
[1.066s] -- Up-to-date: /workspace/bumperbot_ws/install/bumperbot_mapping/local/lib/python3.10/dist-packages/bumperbot_mapping/mapping_with_known_poses.py
[1.071s] -- Up-to-date: /workspace/bumperbot_ws/install/bumperbot_mapping/local/lib/python3.10/dist-packages/bumperbot_mapping/__init__.py
[1.189s] Listing '/workspace/bumperbot_ws/install/bumperbot_mapping/local/lib/python3.10/dist-packages/bumperbot_mapping'...
[1.225s] -- Up-to-date: /workspace/bumperbot_ws/install/bumperbot_mapping/include/include
[1.225s] -- Up-to-date: /workspace/bumperbot_ws/install/bumperbot_mapping/include/include/bumperbot_mapping
[1.225s] -- Up-to-date: /workspace/bumperbot_ws/install/bumperbot_mapping/include/include/bumperbot_mapping/mapping_with_known_poses.hpp
[1.225s] -- Up-to-date: /workspace/bumperbot_ws/install/bumperbot_mapping/lib/bumperbot_mapping/mapping_with_known_poses
[1.226s] -- Up-to-date: /workspace/bumperbot_ws/install/bumperbot_mapping/share/bumperbot_mapping/config
[1.226s] -- Up-to-date: /workspace/bumperbot_ws/install/bumperbot_mapping/share/bumperbot_mapping/config/slam_toolbox.yaml
[1.226s] -- Up-to-date: /workspace/bumperbot_ws/install/bumperbot_mapping/share/bumperbot_mapping/launch
[1.226s] -- Up-to-date: /workspace/bumperbot_ws/install/bumperbot_mapping/share/bumperbot_mapping/launch/slam.launch.py
[1.231s] -- Up-to-date: /workspace/bumperbot_ws/install/bumperbot_mapping/share/bumperbot_mapping/maps
[1.232s] -- Up-to-date: /workspace/bumperbot_ws/install/bumperbot_mapping/share/bumperbot_mapping/maps/small_house
[1.232s] -- Up-to-date: /workspace/bumperbot_ws/install/bumperbot_mapping/share/bumperbot_mapping/maps/small_house/map.pgm
[1.232s] -- Up-to-date: /workspace/bumperbot_ws/install/bumperbot_mapping/share/bumperbot_mapping/maps/small_house/map.yaml
[1.232s] -- Up-to-date: /workspace/bumperbot_ws/install/bumperbot_mapping/share/bumperbot_mapping/maps/small_warehouse
[1.232s] -- Up-to-date: /workspace/bumperbot_ws/install/bumperbot_mapping/share/bumperbot_mapping/maps/small_warehouse/map.pgm
[1.233s] -- Up-to-date: /workspace/bumperbot_ws/install/bumperbot_mapping/share/bumperbot_mapping/maps/small_warehouse/map.yaml
[1.233s] -- Up-to-date: /workspace/bumperbot_ws/install/bumperbot_mapping/share/bumperbot_mapping/rviz
[1.233s] -- Up-to-date: /workspace/bumperbot_ws/install/bumperbot_mapping/share/bumperbot_mapping/rviz/slam.rviz
[1.233s] -- Up-to-date: /workspace/bumperbot_ws/install/bumperbot_mapping/lib/bumperbot_mapping/mapping_with_known_poses.py
[1.233s] -- Up-to-date: /workspace/bumperbot_ws/install/bumperbot_mapping/share/ament_index/resource_index/package_run_dependencies/bumperbot_mapping
[1.233s] -- Up-to-date: /workspace/bumperbot_ws/install/bumperbot_mapping/share/ament_index/resource_index/parent_prefix_path/bumperbot_mapping
[1.233s] -- Up-to-date: /workspace/bumperbot_ws/install/bumperbot_mapping/share/bumperbot_mapping/environment/ament_prefix_path.sh
[1.233s] -- Up-to-date: /workspace/bumperbot_ws/install/bumperbot_mapping/share/bumperbot_mapping/environment/ament_prefix_path.dsv
[1.233s] -- Up-to-date: /workspace/bumperbot_ws/install/bumperbot_mapping/share/bumperbot_mapping/environment/path.sh
[1.234s] -- Up-to-date: /workspace/bumperbot_ws/install/bumperbot_mapping/share/bumperbot_mapping/environment/path.dsv
[1.234s] -- Up-to-date: /workspace/bumperbot_ws/install/bumperbot_mapping/share/bumperbot_mapping/local_setup.bash
[1.234s] -- Up-to-date: /workspace/bumperbot_ws/install/bumperbot_mapping/share/bumperbot_mapping/local_setup.sh
[1.234s] -- Up-to-date: /workspace/bumperbot_ws/install/bumperbot_mapping/share/bumperbot_mapping/local_setup.zsh
[1.234s] -- Up-to-date: /workspace/bumperbot_ws/install/bumperbot_mapping/share/bumperbot_mapping/local_setup.dsv
[1.235s] -- Installing: /workspace/bumperbot_ws/install/bumperbot_mapping/share/bumperbot_mapping/package.dsv
[1.235s] -- Up-to-date: /workspace/bumperbot_ws/install/bumperbot_mapping/share/ament_index/resource_index/packages/bumperbot_mapping
[1.236s] -- Up-to-date: /workspace/bumperbot_ws/install/bumperbot_mapping/share/bumperbot_mapping/cmake/bumperbot_mappingConfig.cmake
[1.236s] -- Up-to-date: /workspace/bumperbot_ws/install/bumperbot_mapping/share/bumperbot_mapping/cmake/bumperbot_mappingConfig-version.cmake
[1.236s] -- Up-to-date: /workspace/bumperbot_ws/install/bumperbot_mapping/share/bumperbot_mapping/package.xml
[1.247s] Invoked command in '/workspace/bumperbot_ws/build/bumperbot_mapping' returned '0': CMAKE_PREFIX_PATH=${CMAKE_PREFIX_PATH}:/workspace/bumperbot_ws/install/bumperbot_py_examples:/opt/ros/humble /usr/bin/cmake --install /workspace/bumperbot_ws/build/bumperbot_mapping
