[0.041s] Invoking command in '/workspace/bumperbot_ws/build/bumperbot_msgs': /usr/bin/cmake --build /workspace/bumperbot_ws/build/bumperbot_msgs -- -j4 -l4
[0.636s] [35m[1mConsolidate compiler generated dependencies of target bumperbot_msgs__rosidl_generator_c[0m
[0.647s] [  2%] Built target bumperbot_msgs__cpp
[0.676s] [  2%] Built target ament_cmake_python_copy_bumperbot_msgs
[0.876s] [35m[1mConsolidate compiler generated dependencies of target bumperbot_msgs__rosidl_typesupport_cpp[0m
[0.901s] [  4%] [32mBuilding CXX object CMakeFiles/bumperbot_msgs__rosidl_typesupport_fastrtps_cpp.dir/rosidl_typesupport_fastrtps_cpp/bumperbot_msgs/action/detail/dds_fastrtps/fibonacci__type_support.cpp.o[0m
[0.903s] [  6%] [32mBuilding CXX object CMakeFiles/bumperbot_msgs__rosidl_typesupport_introspection_cpp.dir/rosidl_typesupport_introspection_cpp/bumperbot_msgs/action/detail/fibonacci__type_support.cpp.o[0m
[0.903s] [ 17%] Built target bumperbot_msgs__rosidl_generator_c
[0.916s] [ 19%] [32mBuilding CXX object CMakeFiles/bumperbot_msgs__rosidl_typesupport_cpp.dir/rosidl_typesupport_cpp/bumperbot_msgs/srv/get_transform__type_support.cpp.o[0m
[1.307s] running egg_info
[1.316s] writing bumperbot_msgs.egg-info/PKG-INFO
[1.317s] writing dependency_links to bumperbot_msgs.egg-info/dependency_links.txt
[1.317s] writing top-level names to bumperbot_msgs.egg-info/top_level.txt
[1.317s] reading manifest file 'bumperbot_msgs.egg-info/SOURCES.txt'
[1.461s] writing manifest file 'bumperbot_msgs.egg-info/SOURCES.txt'
[1.718s] [ 19%] Built target ament_cmake_python_build_bumperbot_msgs_egg
[1.868s] [ 21%] [32mBuilding CXX object CMakeFiles/bumperbot_msgs__rosidl_typesupport_fastrtps_c.dir/rosidl_typesupport_fastrtps_c/bumperbot_msgs/action/detail/fibonacci__type_support_c.cpp.o[0m
[3.877s] [ 23%] [32m[1mLinking CXX shared library libbumperbot_msgs__rosidl_typesupport_cpp.so[0m
[4.272s] [ 29%] Built target bumperbot_msgs__rosidl_typesupport_cpp
[4.333s] [ 31%] [34m[1mGenerating C introspection for ROS interfaces[0m
[4.496s] Traceback (most recent call last):
[4.496s]   File "/opt/ros/humble/lib/rosidl_typesupport_introspection_c/rosidl_typesupport_introspection_c", line 6, in <module>
[4.496s]     from rosidl_typesupport_introspection_c import generate_c
[4.496s] ModuleNotFoundError: No module named 'rosidl_typesupport_introspection_c'
[4.546s] gmake[2]: *** [CMakeFiles/bumperbot_msgs__rosidl_typesupport_introspection_c.dir/build.make:151: rosidl_typesupport_introspection_c/bumperbot_msgs/action/detail/fibonacci__rosidl_typesupport_introspection_c.h] Error 1
[4.546s] gmake[1]: *** [CMakeFiles/Makefile2:316: CMakeFiles/bumperbot_msgs__rosidl_typesupport_introspection_c.dir/all] Error 2
[4.546s] gmake[1]: *** Waiting for unfinished jobs....
[4.570s] [ 34%] [32mBuilding CXX object CMakeFiles/bumperbot_msgs__rosidl_typesupport_fastrtps_cpp.dir/rosidl_typesupport_fastrtps_cpp/bumperbot_msgs/srv/detail/dds_fastrtps/add_two_ints__type_support.cpp.o[0m
[4.694s] [ 36%] [32mBuilding CXX object CMakeFiles/bumperbot_msgs__rosidl_typesupport_fastrtps_c.dir/rosidl_typesupport_fastrtps_c/bumperbot_msgs/srv/detail/add_two_ints__type_support_c.cpp.o[0m
[5.154s] [ 38%] [32mBuilding CXX object CMakeFiles/bumperbot_msgs__rosidl_typesupport_fastrtps_cpp.dir/rosidl_typesupport_fastrtps_cpp/bumperbot_msgs/srv/detail/dds_fastrtps/get_transform__type_support.cpp.o[0m
[5.889s] [ 40%] [32mBuilding CXX object CMakeFiles/bumperbot_msgs__rosidl_typesupport_introspection_cpp.dir/rosidl_typesupport_introspection_cpp/bumperbot_msgs/srv/detail/add_two_ints__type_support.cpp.o[0m
[7.203s] [ 42%] [32mBuilding CXX object CMakeFiles/bumperbot_msgs__rosidl_typesupport_introspection_cpp.dir/rosidl_typesupport_introspection_cpp/bumperbot_msgs/srv/detail/get_transform__type_support.cpp.o[0m
[7.501s] [ 44%] [32mBuilding CXX object CMakeFiles/bumperbot_msgs__rosidl_typesupport_fastrtps_c.dir/rosidl_typesupport_fastrtps_c/bumperbot_msgs/srv/detail/get_transform__type_support_c.cpp.o[0m
[8.649s] [ 46%] [32m[1mLinking CXX shared library libbumperbot_msgs__rosidl_typesupport_fastrtps_cpp.so[0m
[9.181s] [ 48%] Built target bumperbot_msgs__rosidl_typesupport_fastrtps_cpp
[9.998s] [ 51%] [32m[1mLinking CXX shared library libbumperbot_msgs__rosidl_typesupport_introspection_cpp.so[0m
[10.042s] [ 53%] [32m[1mLinking CXX shared library libbumperbot_msgs__rosidl_typesupport_fastrtps_c.so[0m
[10.567s] [ 55%] Built target bumperbot_msgs__rosidl_typesupport_introspection_cpp
[10.627s] [ 57%] Built target bumperbot_msgs__rosidl_typesupport_fastrtps_c
[10.632s] gmake: *** [Makefile:146: all] Error 2
[10.641s] Invoked command in '/workspace/bumperbot_ws/build/bumperbot_msgs' returned '2': /usr/bin/cmake --build /workspace/bumperbot_ws/build/bumperbot_msgs -- -j4 -l4
