[0.037s] Invoking command in '/workspace/bumperbot_ws/build/bumperbot_controller': CMAKE_PREFIX_PATH=/opt/ros/humble /usr/bin/cmake /workspace/bumperbot_ws/src/bumperbot_controller -DCMAKE_INSTALL_PREFIX=/workspace/bumperbot_ws/install/bumperbot_controller
[0.602s] -- The C compiler identification is GNU 11.4.0
[1.018s] -- The CXX compiler identification is GNU 11.4.0
[1.041s] -- Detecting C compiler ABI info
[1.281s] -- Detecting C compiler ABI info - done
[1.297s] -- Check for working C compiler: /usr/bin/cc - skipped
[1.299s] -- Detecting C compile features
[1.303s] -- Detecting C compile features - done
[1.314s] -- Detecting CXX compiler ABI info
[1.545s] -- Detecting CXX compiler ABI info - done
[1.561s] -- Check for working CXX compiler: /usr/bin/c++ - skipped
[1.562s] -- Detecting CXX compile features
[1.563s] -- Detecting CXX compile features - done
[1.584s] -- Found ament_cmake: 1.3.11 (/opt/ros/humble/share/ament_cmake/cmake)
[1.976s] -- Found Python3: /usr/bin/python3 (found version "3.10.12") found components: Interpreter 
[2.298s] -- Found rclcpp: 16.0.11 (/opt/ros/humble/share/rclcpp/cmake)
[2.452s] -- Found rosidl_generator_c: 3.1.6 (/opt/ros/humble/share/rosidl_generator_c/cmake)
[2.473s] -- Found rosidl_adapter: 3.1.6 (/opt/ros/humble/share/rosidl_adapter/cmake)
[2.502s] -- Found rosidl_generator_cpp: 3.1.6 (/opt/ros/humble/share/rosidl_generator_cpp/cmake)
[2.550s] -- Using all available rosidl_typesupport_c: rosidl_typesupport_fastrtps_c;rosidl_typesupport_introspection_c
[2.603s] -- Using all available rosidl_typesupport_cpp: rosidl_typesupport_fastrtps_cpp;rosidl_typesupport_introspection_cpp
[2.776s] -- Found rmw_implementation_cmake: 6.1.2 (/opt/ros/humble/share/rmw_implementation_cmake/cmake)
[2.785s] -- Found rmw_fastrtps_cpp: 6.2.7 (/opt/ros/humble/share/rmw_fastrtps_cpp/cmake)
[3.067s] -- Found OpenSSL: /usr/lib/aarch64-linux-gnu/libcrypto.so (found version "3.0.2")  
[3.141s] -- Found FastRTPS: /opt/ros/humble/include  
[3.236s] -- Using RMW implementation 'rmw_fastrtps_cpp' as default
[3.326s] -- Looking for pthread.h
[3.630s] -- Looking for pthread.h - found
[3.631s] -- Performing Test CMAKE_HAVE_LIBC_PTHREAD
[3.814s] -- Performing Test CMAKE_HAVE_LIBC_PTHREAD - Success
[3.815s] -- Found Threads: TRUE  
[4.007s] -- Found rclpy: 3.3.15 (/opt/ros/humble/share/rclpy/cmake)
[4.010s] -- Found geometry_msgs: 4.2.4 (/opt/ros/humble/share/geometry_msgs/cmake)
[4.046s] -- Found sensor_msgs: 4.2.4 (/opt/ros/humble/share/sensor_msgs/cmake)
[4.621s] -- Found nav_msgs: 4.2.4 (/opt/ros/humble/share/nav_msgs/cmake)
[4.691s] -- Found tf2_ros: 0.25.11 (/opt/ros/humble/share/tf2_ros/cmake)
[5.439s] -- Configuring done
[5.500s] -- Generating done
[5.516s] -- Build files have been written to: /workspace/bumperbot_ws/build/bumperbot_controller
[5.540s] Invoked command in '/workspace/bumperbot_ws/build/bumperbot_controller' returned '0': CMAKE_PREFIX_PATH=/opt/ros/humble /usr/bin/cmake /workspace/bumperbot_ws/src/bumperbot_controller -DCMAKE_INSTALL_PREFIX=/workspace/bumperbot_ws/install/bumperbot_controller
[5.545s] Invoking command in '/workspace/bumperbot_ws/build/bumperbot_controller': CMAKE_PREFIX_PATH=/opt/ros/humble /usr/bin/cmake --build /workspace/bumperbot_ws/build/bumperbot_controller -- -j4 -l4
[5.679s] [ 16%] [32mBuilding CXX object CMakeFiles/twist_relay.dir/src/twist_relay.cpp.o[0m
[5.696s] [ 33%] [32mBuilding CXX object CMakeFiles/noisy_controller.dir/src/noisy_controller.cpp.o[0m
[5.696s] [ 50%] [32mBuilding CXX object CMakeFiles/simple_controller.dir/src/simple_controller.cpp.o[0m
[5.738s] [ 50%] Built target ament_cmake_python_copy_bumperbot_controller
[6.335s] running egg_info
[6.335s] creating bumperbot_controller.egg-info
[6.337s] writing bumperbot_controller.egg-info/PKG-INFO
[6.337s] writing dependency_links to bumperbot_controller.egg-info/dependency_links.txt
[6.337s] writing top-level names to bumperbot_controller.egg-info/top_level.txt
[6.339s] writing manifest file 'bumperbot_controller.egg-info/SOURCES.txt'
[6.355s] reading manifest file 'bumperbot_controller.egg-info/SOURCES.txt'
[6.355s] writing manifest file 'bumperbot_controller.egg-info/SOURCES.txt'
[6.737s] [ 50%] Built target ament_cmake_python_build_bumperbot_controller_egg
