[0.012s] Invoking command in '/workspace/bumperbot_ws/build/bumperbot_mapping': CMAKE_PREFIX_PATH=/opt/ros/humble /usr/bin/cmake /workspace/bumperbot_ws/src/bumperbot_mapping -DCMAKE_INSTALL_PREFIX=/workspace/bumperbot_ws/install/bumperbot_mapping
[0.467s] -- The C compiler identification is GNU 11.4.0
[0.651s] -- The CXX compiler identification is GNU 11.4.0
[0.680s] -- Detecting C compiler ABI info
[0.879s] -- Detecting C compiler ABI info - done
[0.911s] -- Check for working C compiler: /usr/bin/cc - skipped
[0.913s] -- Detecting C compile features
[0.914s] -- Detecting C compile features - done
[0.934s] -- Detecting CXX compiler ABI info
[1.170s] -- Detecting CXX compiler ABI info - done
[1.190s] -- Check for working CXX compiler: /usr/bin/c++ - skipped
[1.191s] -- Detecting CXX compile features
[1.193s] -- Detecting CXX compile features - done
[1.205s] -- Found ament_cmake: 1.3.11 (/opt/ros/humble/share/ament_cmake/cmake)
[1.728s] -- Found Python3: /usr/bin/python3 (found version "3.10.12") found components: Interpreter 
[2.275s] -- Found rclcpp: 16.0.11 (/opt/ros/humble/share/rclcpp/cmake)
[2.569s] -- Found rosidl_generator_c: 3.1.6 (/opt/ros/humble/share/rosidl_generator_c/cmake)
[2.594s] -- Found rosidl_adapter: 3.1.6 (/opt/ros/humble/share/rosidl_adapter/cmake)
[2.636s] -- Found rosidl_generator_cpp: 3.1.6 (/opt/ros/humble/share/rosidl_generator_cpp/cmake)
[2.687s] -- Using all available rosidl_typesupport_c: rosidl_typesupport_fastrtps_c;rosidl_typesupport_introspection_c
[2.764s] -- Using all available rosidl_typesupport_cpp: rosidl_typesupport_fastrtps_cpp;rosidl_typesupport_introspection_cpp
[2.955s] -- Found rmw_implementation_cmake: 6.1.2 (/opt/ros/humble/share/rmw_implementation_cmake/cmake)
[2.970s] -- Found rmw_fastrtps_cpp: 6.2.7 (/opt/ros/humble/share/rmw_fastrtps_cpp/cmake)
[3.391s] -- Found OpenSSL: /usr/lib/aarch64-linux-gnu/libcrypto.so (found version "3.0.2")  
[3.498s] -- Found FastRTPS: /opt/ros/humble/include  
[3.660s] -- Using RMW implementation 'rmw_fastrtps_cpp' as default
[3.699s] -- Looking for pthread.h
[3.940s] -- Looking for pthread.h - found
[3.944s] -- Performing Test CMAKE_HAVE_LIBC_PTHREAD
[4.173s] -- Performing Test CMAKE_HAVE_LIBC_PTHREAD - Success
[4.180s] -- Found Threads: TRUE  
[4.451s] -- Found rclpy: 3.3.15 (/opt/ros/humble/share/rclpy/cmake)
[4.458s] -- Found sensor_msgs: 4.2.4 (/opt/ros/humble/share/sensor_msgs/cmake)
[4.599s] -- Found nav_msgs: 4.2.4 (/opt/ros/humble/share/nav_msgs/cmake)
[4.725s] -- Found tf2_ros: 0.25.11 (/opt/ros/humble/share/tf2_ros/cmake)
[6.007s] -- Configuring done
[6.044s] -- Generating done
[6.085s] -- Build files have been written to: /workspace/bumperbot_ws/build/bumperbot_mapping
[6.147s] Invoked command in '/workspace/bumperbot_ws/build/bumperbot_mapping' returned '0': CMAKE_PREFIX_PATH=/opt/ros/humble /usr/bin/cmake /workspace/bumperbot_ws/src/bumperbot_mapping -DCMAKE_INSTALL_PREFIX=/workspace/bumperbot_ws/install/bumperbot_mapping
[6.147s] Invoking command in '/workspace/bumperbot_ws/build/bumperbot_mapping': CMAKE_PREFIX_PATH=/opt/ros/humble /usr/bin/cmake --build /workspace/bumperbot_ws/build/bumperbot_mapping -- -j4 -l4
[6.343s] [ 50%] [32mBuilding CXX object CMakeFiles/mapping_with_known_poses.dir/src/mapping_with_known_poses.cpp.o[0m
[6.391s] [ 50%] Built target ament_cmake_python_copy_bumperbot_mapping
[7.004s] running egg_info
[7.006s] creating bumperbot_mapping.egg-info
[7.007s] writing bumperbot_mapping.egg-info/PKG-INFO
[7.008s] writing dependency_links to bumperbot_mapping.egg-info/dependency_links.txt
[7.009s] writing top-level names to bumperbot_mapping.egg-info/top_level.txt
[7.012s] writing manifest file 'bumperbot_mapping.egg-info/SOURCES.txt'
[7.017s] reading manifest file 'bumperbot_mapping.egg-info/SOURCES.txt'
[7.017s] writing manifest file 'bumperbot_mapping.egg-info/SOURCES.txt'
[7.119s] [ 50%] Built target ament_cmake_python_build_bumperbot_mapping_egg
