[0.055s] Invoking command in '/workspace/bumperbot_ws/build/bumperbot_msgs': CMAKE_PREFIX_PATH=/opt/ros/humble /usr/bin/cmake --build /workspace/bumperbot_ws/build/bumperbot_msgs -- -j4 -l4
[0.403s] [  2%] Built target bumperbot_msgs__cpp
[0.485s] [  2%] Built target ament_cmake_python_copy_bumperbot_msgs
[0.564s] [35m[1mConsolidate compiler generated dependencies of target bumperbot_msgs__rosidl_typesupport_cpp[0m
[0.567s] [35m[1mConsolidate compiler generated dependencies of target bumperbot_msgs__rosidl_typesupport_fastrtps_cpp[0m
[0.645s] [35m[1mConsolidate compiler generated dependencies of target bumperbot_msgs__rosidl_typesupport_introspection_cpp[0m
[0.702s] [ 12%] Built target bumperbot_msgs__rosidl_generator_c
[0.713s] [ 34%] Built target bumperbot_msgs__rosidl_typesupport_cpp
[0.719s] [ 34%] Built target bumperbot_msgs__rosidl_typesupport_fastrtps_cpp
[0.748s] [ 44%] Built target bumperbot_msgs__rosidl_typesupport_introspection_cpp
[0.801s] [ 46%] [34m[1mGenerating C introspection for ROS interfaces[0m
[0.834s] [35m[1mConsolidate compiler generated dependencies of target bumperbot_msgs__rosidl_typesupport_fastrtps_c[0m
[0.857s] [ 48%] [34m[1mGenerating C type support dispatch for ROS interfaces[0m
[0.918s] [ 59%] Built target bumperbot_msgs__rosidl_typesupport_fastrtps_c
[1.446s] running egg_info
[1.448s] writing bumperbot_msgs.egg-info/PKG-INFO
[1.451s] writing dependency_links to bumperbot_msgs.egg-info/dependency_links.txt
[1.453s] writing top-level names to bumperbot_msgs.egg-info/top_level.txt
[1.464s] reading manifest file 'bumperbot_msgs.egg-info/SOURCES.txt'
[1.468s] writing manifest file 'bumperbot_msgs.egg-info/SOURCES.txt'
[1.584s] [ 59%] Built target ament_cmake_python_build_bumperbot_msgs_egg
[2.455s] [ 61%] [32mBuilding CXX object CMakeFiles/bumperbot_msgs__rosidl_typesupport_c.dir/rosidl_typesupport_c/bumperbot_msgs/srv/get_transform__type_support.cpp.o[0m
[2.457s] [ 63%] [32mBuilding CXX object CMakeFiles/bumperbot_msgs__rosidl_typesupport_c.dir/rosidl_typesupport_c/bumperbot_msgs/action/fibonacci__type_support.cpp.o[0m
[2.468s] [ 65%] [32mBuilding C object CMakeFiles/bumperbot_msgs__rosidl_typesupport_introspection_c.dir/rosidl_typesupport_introspection_c/bumperbot_msgs/action/detail/fibonacci__type_support.c.o[0m
[2.472s] [ 68%] [32mBuilding CXX object CMakeFiles/bumperbot_msgs__rosidl_typesupport_c.dir/rosidl_typesupport_c/bumperbot_msgs/srv/add_two_ints__type_support.cpp.o[0m
[2.680s] [ 70%] [32mBuilding C object CMakeFiles/bumperbot_msgs__rosidl_typesupport_introspection_c.dir/rosidl_typesupport_introspection_c/bumperbot_msgs/srv/detail/add_two_ints__type_support.c.o[0m
[2.680s] [ 72%] [32mBuilding C object CMakeFiles/bumperbot_msgs__rosidl_typesupport_introspection_c.dir/rosidl_typesupport_introspection_c/bumperbot_msgs/srv/detail/get_transform__type_support.c.o[0m
[2.729s] [ 74%] [32m[1mLinking CXX shared library libbumperbot_msgs__rosidl_typesupport_c.so[0m
[2.852s] [ 74%] Built target bumperbot_msgs__rosidl_typesupport_c
[3.036s] [ 76%] [32m[1mLinking C shared library libbumperbot_msgs__rosidl_typesupport_introspection_c.so[0m
[3.130s] [ 76%] Built target bumperbot_msgs__rosidl_typesupport_introspection_c
[3.199s] [ 76%] Built target bumperbot_msgs
[3.259s] [ 78%] [34m[1mGenerating Python code for ROS interfaces[0m
[6.139s] [ 78%] Built target bumperbot_msgs__py
[6.221s] [ 80%] [32mBuilding C object CMakeFiles/bumperbot_msgs__rosidl_generator_py.dir/rosidl_generator_py/bumperbot_msgs/action/_fibonacci_s.c.o[0m
[6.225s] [ 82%] [32mBuilding C object CMakeFiles/bumperbot_msgs__rosidl_generator_py.dir/rosidl_generator_py/bumperbot_msgs/srv/_add_two_ints_s.c.o[0m
[6.230s] [ 85%] [32mBuilding C object CMakeFiles/bumperbot_msgs__rosidl_generator_py.dir/rosidl_generator_py/bumperbot_msgs/srv/_get_transform_s.c.o[0m
[6.929s] [ 87%] [32m[1mLinking C shared library rosidl_generator_py/bumperbot_msgs/libbumperbot_msgs__rosidl_generator_py.so[0m
[7.044s] [ 87%] Built target bumperbot_msgs__rosidl_generator_py
[7.131s] [ 89%] [32mBuilding C object CMakeFiles/bumperbot_msgs__rosidl_typesupport_fastrtps_c__pyext.dir/rosidl_generator_py/bumperbot_msgs/_bumperbot_msgs_s.ep.rosidl_typesupport_fastrtps_c.c.o[0m
[7.138s] [ 91%] [32mBuilding C object CMakeFiles/bumperbot_msgs__rosidl_typesupport_c__pyext.dir/rosidl_generator_py/bumperbot_msgs/_bumperbot_msgs_s.ep.rosidl_typesupport_c.c.o[0m
[7.139s] [ 93%] [32mBuilding C object CMakeFiles/bumperbot_msgs__rosidl_typesupport_introspection_c__pyext.dir/rosidl_generator_py/bumperbot_msgs/_bumperbot_msgs_s.ep.rosidl_typesupport_introspection_c.c.o[0m
[7.655s] [ 95%] [32m[1mLinking C shared library rosidl_generator_py/bumperbot_msgs/bumperbot_msgs_s__rosidl_typesupport_introspection_c.cpython-310-aarch64-linux-gnu.so[0m
[7.725s] [ 97%] [32m[1mLinking C shared library rosidl_generator_py/bumperbot_msgs/bumperbot_msgs_s__rosidl_typesupport_fastrtps_c.cpython-310-aarch64-linux-gnu.so[0m
[7.772s] [100%] [32m[1mLinking C shared library rosidl_generator_py/bumperbot_msgs/bumperbot_msgs_s__rosidl_typesupport_c.cpython-310-aarch64-linux-gnu.so[0m
[7.893s] [100%] Built target bumperbot_msgs__rosidl_typesupport_introspection_c__pyext
[7.984s] [100%] Built target bumperbot_msgs__rosidl_typesupport_c__pyext
[8.033s] [100%] Built target bumperbot_msgs__rosidl_typesupport_fastrtps_c__pyext
[8.088s] Invoked command in '/workspace/bumperbot_ws/build/bumperbot_msgs' returned '0': CMAKE_PREFIX_PATH=/opt/ros/humble /usr/bin/cmake --build /workspace/bumperbot_ws/build/bumperbot_msgs -- -j4 -l4
[8.100s] Invoking command in '/workspace/bumperbot_ws/build/bumperbot_msgs': CMAKE_PREFIX_PATH=/opt/ros/humble /usr/bin/cmake --install /workspace/bumperbot_ws/build/bumperbot_msgs
[8.129s] -- Install configuration: ""
[8.133s] -- Installing: /workspace/bumperbot_ws/install/bumperbot_msgs/share/ament_index/resource_index/rosidl_interfaces/bumperbot_msgs
[8.133s] -- Installing: /workspace/bumperbot_ws/install/bumperbot_msgs/include/bumperbot_msgs/bumperbot_msgs
[8.133s] -- Installing: /workspace/bumperbot_ws/install/bumperbot_msgs/include/bumperbot_msgs/bumperbot_msgs/action
[8.133s] -- Installing: /workspace/bumperbot_ws/install/bumperbot_msgs/include/bumperbot_msgs/bumperbot_msgs/action/detail
[8.133s] -- Installing: /workspace/bumperbot_ws/install/bumperbot_msgs/include/bumperbot_msgs/bumperbot_msgs/action/detail/fibonacci__struct.h
[8.133s] -- Installing: /workspace/bumperbot_ws/install/bumperbot_msgs/include/bumperbot_msgs/bumperbot_msgs/action/detail/fibonacci__functions.h
[8.133s] -- Installing: /workspace/bumperbot_ws/install/bumperbot_msgs/include/bumperbot_msgs/bumperbot_msgs/action/detail/fibonacci__functions.c
[8.137s] -- Installing: /workspace/bumperbot_ws/install/bumperbot_msgs/include/bumperbot_msgs/bumperbot_msgs/action/detail/fibonacci__type_support.h
[8.138s] -- Installing: /workspace/bumperbot_ws/install/bumperbot_msgs/include/bumperbot_msgs/bumperbot_msgs/action/fibonacci.h
[8.138s] -- Installing: /workspace/bumperbot_ws/install/bumperbot_msgs/include/bumperbot_msgs/bumperbot_msgs/srv
[8.138s] -- Installing: /workspace/bumperbot_ws/install/bumperbot_msgs/include/bumperbot_msgs/bumperbot_msgs/srv/get_transform.h
[8.139s] -- Installing: /workspace/bumperbot_ws/install/bumperbot_msgs/include/bumperbot_msgs/bumperbot_msgs/srv/detail
[8.142s] -- Installing: /workspace/bumperbot_ws/install/bumperbot_msgs/include/bumperbot_msgs/bumperbot_msgs/srv/detail/add_two_ints__type_support.h
[8.142s] -- Installing: /workspace/bumperbot_ws/install/bumperbot_msgs/include/bumperbot_msgs/bumperbot_msgs/srv/detail/get_transform__functions.h
[8.142s] -- Installing: /workspace/bumperbot_ws/install/bumperbot_msgs/include/bumperbot_msgs/bumperbot_msgs/srv/detail/add_two_ints__functions.h
[8.142s] -- Installing: /workspace/bumperbot_ws/install/bumperbot_msgs/include/bumperbot_msgs/bumperbot_msgs/srv/detail/add_two_ints__struct.h
[8.142s] -- Installing: /workspace/bumperbot_ws/install/bumperbot_msgs/include/bumperbot_msgs/bumperbot_msgs/srv/detail/get_transform__struct.h
[8.143s] -- Installing: /workspace/bumperbot_ws/install/bumperbot_msgs/include/bumperbot_msgs/bumperbot_msgs/srv/detail/add_two_ints__functions.c
[8.143s] -- Installing: /workspace/bumperbot_ws/install/bumperbot_msgs/include/bumperbot_msgs/bumperbot_msgs/srv/detail/get_transform__functions.c
[8.143s] -- Installing: /workspace/bumperbot_ws/install/bumperbot_msgs/include/bumperbot_msgs/bumperbot_msgs/srv/detail/get_transform__type_support.h
[8.143s] -- Installing: /workspace/bumperbot_ws/install/bumperbot_msgs/include/bumperbot_msgs/bumperbot_msgs/srv/add_two_ints.h
[8.145s] -- Installing: /workspace/bumperbot_ws/install/bumperbot_msgs/include/bumperbot_msgs/bumperbot_msgs/msg
[8.147s] -- Installing: /workspace/bumperbot_ws/install/bumperbot_msgs/include/bumperbot_msgs/bumperbot_msgs/msg/rosidl_generator_c__visibility_control.h
[8.147s] -- Installing: /workspace/bumperbot_ws/install/bumperbot_msgs/share/bumperbot_msgs/environment/library_path.sh
[8.147s] -- Installing: /workspace/bumperbot_ws/install/bumperbot_msgs/share/bumperbot_msgs/environment/library_path.dsv
[8.151s] -- Installing: /workspace/bumperbot_ws/install/bumperbot_msgs/lib/libbumperbot_msgs__rosidl_generator_c.so
[8.151s] -- Set runtime path of "/workspace/bumperbot_ws/install/bumperbot_msgs/lib/libbumperbot_msgs__rosidl_generator_c.so" to ""
[8.151s] -- Up-to-date: /workspace/bumperbot_ws/install/bumperbot_msgs/include/bumperbot_msgs/bumperbot_msgs
[8.151s] -- Up-to-date: /workspace/bumperbot_ws/install/bumperbot_msgs/include/bumperbot_msgs/bumperbot_msgs/action
[8.151s] -- Up-to-date: /workspace/bumperbot_ws/install/bumperbot_msgs/include/bumperbot_msgs/bumperbot_msgs/action/detail
[8.151s] -- Installing: /workspace/bumperbot_ws/install/bumperbot_msgs/include/bumperbot_msgs/bumperbot_msgs/action/detail/fibonacci__rosidl_typesupport_fastrtps_c.h
[8.152s] -- Up-to-date: /workspace/bumperbot_ws/install/bumperbot_msgs/include/bumperbot_msgs/bumperbot_msgs/srv
[8.152s] -- Up-to-date: /workspace/bumperbot_ws/install/bumperbot_msgs/include/bumperbot_msgs/bumperbot_msgs/srv/detail
[8.152s] -- Installing: /workspace/bumperbot_ws/install/bumperbot_msgs/include/bumperbot_msgs/bumperbot_msgs/srv/detail/get_transform__rosidl_typesupport_fastrtps_c.h
[8.155s] -- Installing: /workspace/bumperbot_ws/install/bumperbot_msgs/include/bumperbot_msgs/bumperbot_msgs/srv/detail/add_two_ints__rosidl_typesupport_fastrtps_c.h
[8.156s] -- Up-to-date: /workspace/bumperbot_ws/install/bumperbot_msgs/include/bumperbot_msgs/bumperbot_msgs/msg
[8.156s] -- Installing: /workspace/bumperbot_ws/install/bumperbot_msgs/include/bumperbot_msgs/bumperbot_msgs/msg/rosidl_typesupport_fastrtps_c__visibility_control.h
[8.158s] -- Installing: /workspace/bumperbot_ws/install/bumperbot_msgs/lib/libbumperbot_msgs__rosidl_typesupport_fastrtps_c.so
[8.160s] -- Set runtime path of "/workspace/bumperbot_ws/install/bumperbot_msgs/lib/libbumperbot_msgs__rosidl_typesupport_fastrtps_c.so" to ""
[8.160s] -- Up-to-date: /workspace/bumperbot_ws/install/bumperbot_msgs/include/bumperbot_msgs/bumperbot_msgs
[8.160s] -- Up-to-date: /workspace/bumperbot_ws/install/bumperbot_msgs/include/bumperbot_msgs/bumperbot_msgs/action
[8.160s] -- Installing: /workspace/bumperbot_ws/install/bumperbot_msgs/include/bumperbot_msgs/bumperbot_msgs/action/fibonacci.hpp
[8.163s] -- Up-to-date: /workspace/bumperbot_ws/install/bumperbot_msgs/include/bumperbot_msgs/bumperbot_msgs/action/detail
[8.164s] -- Installing: /workspace/bumperbot_ws/install/bumperbot_msgs/include/bumperbot_msgs/bumperbot_msgs/action/detail/fibonacci__traits.hpp
[8.164s] -- Installing: /workspace/bumperbot_ws/install/bumperbot_msgs/include/bumperbot_msgs/bumperbot_msgs/action/detail/fibonacci__struct.hpp
[8.165s] -- Installing: /workspace/bumperbot_ws/install/bumperbot_msgs/include/bumperbot_msgs/bumperbot_msgs/action/detail/fibonacci__type_support.hpp
[8.165s] -- Installing: /workspace/bumperbot_ws/install/bumperbot_msgs/include/bumperbot_msgs/bumperbot_msgs/action/detail/fibonacci__builder.hpp
[8.166s] -- Up-to-date: /workspace/bumperbot_ws/install/bumperbot_msgs/include/bumperbot_msgs/bumperbot_msgs/srv
[8.166s] -- Installing: /workspace/bumperbot_ws/install/bumperbot_msgs/include/bumperbot_msgs/bumperbot_msgs/srv/add_two_ints.hpp
[8.167s] -- Installing: /workspace/bumperbot_ws/install/bumperbot_msgs/include/bumperbot_msgs/bumperbot_msgs/srv/get_transform.hpp
[8.171s] -- Up-to-date: /workspace/bumperbot_ws/install/bumperbot_msgs/include/bumperbot_msgs/bumperbot_msgs/srv/detail
[8.171s] -- Installing: /workspace/bumperbot_ws/install/bumperbot_msgs/include/bumperbot_msgs/bumperbot_msgs/srv/detail/add_two_ints__struct.hpp
[8.173s] -- Installing: /workspace/bumperbot_ws/install/bumperbot_msgs/include/bumperbot_msgs/bumperbot_msgs/srv/detail/get_transform__traits.hpp
[8.173s] -- Installing: /workspace/bumperbot_ws/install/bumperbot_msgs/include/bumperbot_msgs/bumperbot_msgs/srv/detail/add_two_ints__type_support.hpp
[8.173s] -- Installing: /workspace/bumperbot_ws/install/bumperbot_msgs/include/bumperbot_msgs/bumperbot_msgs/srv/detail/add_two_ints__traits.hpp
[8.173s] -- Installing: /workspace/bumperbot_ws/install/bumperbot_msgs/include/bumperbot_msgs/bumperbot_msgs/srv/detail/get_transform__struct.hpp
[8.173s] -- Installing: /workspace/bumperbot_ws/install/bumperbot_msgs/include/bumperbot_msgs/bumperbot_msgs/srv/detail/get_transform__builder.hpp
[8.174s] -- Installing: /workspace/bumperbot_ws/install/bumperbot_msgs/include/bumperbot_msgs/bumperbot_msgs/srv/detail/add_two_ints__builder.hpp
[8.174s] -- Installing: /workspace/bumperbot_ws/install/bumperbot_msgs/include/bumperbot_msgs/bumperbot_msgs/srv/detail/get_transform__type_support.hpp
[8.177s] -- Up-to-date: /workspace/bumperbot_ws/install/bumperbot_msgs/include/bumperbot_msgs/bumperbot_msgs/msg
[8.177s] -- Installing: /workspace/bumperbot_ws/install/bumperbot_msgs/include/bumperbot_msgs/bumperbot_msgs/msg/rosidl_generator_cpp__visibility_control.hpp
[8.177s] -- Up-to-date: /workspace/bumperbot_ws/install/bumperbot_msgs/include/bumperbot_msgs/bumperbot_msgs
[8.177s] -- Up-to-date: /workspace/bumperbot_ws/install/bumperbot_msgs/include/bumperbot_msgs/bumperbot_msgs/action
[8.177s] -- Up-to-date: /workspace/bumperbot_ws/install/bumperbot_msgs/include/bumperbot_msgs/bumperbot_msgs/action/detail
[8.179s] -- Installing: /workspace/bumperbot_ws/install/bumperbot_msgs/include/bumperbot_msgs/bumperbot_msgs/action/detail/dds_fastrtps
[8.179s] -- Installing: /workspace/bumperbot_ws/install/bumperbot_msgs/include/bumperbot_msgs/bumperbot_msgs/action/detail/fibonacci__rosidl_typesupport_fastrtps_cpp.hpp
[8.180s] -- Up-to-date: /workspace/bumperbot_ws/install/bumperbot_msgs/include/bumperbot_msgs/bumperbot_msgs/srv
[8.180s] -- Up-to-date: /workspace/bumperbot_ws/install/bumperbot_msgs/include/bumperbot_msgs/bumperbot_msgs/srv/detail
[8.180s] -- Installing: /workspace/bumperbot_ws/install/bumperbot_msgs/include/bumperbot_msgs/bumperbot_msgs/srv/detail/dds_fastrtps
[8.180s] -- Installing: /workspace/bumperbot_ws/install/bumperbot_msgs/include/bumperbot_msgs/bumperbot_msgs/srv/detail/get_transform__rosidl_typesupport_fastrtps_cpp.hpp
[8.181s] -- Installing: /workspace/bumperbot_ws/install/bumperbot_msgs/include/bumperbot_msgs/bumperbot_msgs/srv/detail/add_two_ints__rosidl_typesupport_fastrtps_cpp.hpp
[8.187s] -- Up-to-date: /workspace/bumperbot_ws/install/bumperbot_msgs/include/bumperbot_msgs/bumperbot_msgs/msg
[8.187s] -- Installing: /workspace/bumperbot_ws/install/bumperbot_msgs/include/bumperbot_msgs/bumperbot_msgs/msg/rosidl_typesupport_fastrtps_cpp__visibility_control.h
[8.187s] -- Installing: /workspace/bumperbot_ws/install/bumperbot_msgs/lib/libbumperbot_msgs__rosidl_typesupport_fastrtps_cpp.so
[8.188s] -- Set runtime path of "/workspace/bumperbot_ws/install/bumperbot_msgs/lib/libbumperbot_msgs__rosidl_typesupport_fastrtps_cpp.so" to ""
[8.188s] -- Up-to-date: /workspace/bumperbot_ws/install/bumperbot_msgs/include/bumperbot_msgs/bumperbot_msgs
[8.188s] -- Up-to-date: /workspace/bumperbot_ws/install/bumperbot_msgs/include/bumperbot_msgs/bumperbot_msgs/action
[8.189s] -- Up-to-date: /workspace/bumperbot_ws/install/bumperbot_msgs/include/bumperbot_msgs/bumperbot_msgs/action/detail
[8.189s] -- Installing: /workspace/bumperbot_ws/install/bumperbot_msgs/include/bumperbot_msgs/bumperbot_msgs/action/detail/fibonacci__rosidl_typesupport_introspection_c.h
[8.189s] -- Installing: /workspace/bumperbot_ws/install/bumperbot_msgs/include/bumperbot_msgs/bumperbot_msgs/action/detail/fibonacci__type_support.c
[8.189s] -- Up-to-date: /workspace/bumperbot_ws/install/bumperbot_msgs/include/bumperbot_msgs/bumperbot_msgs/srv
[8.189s] -- Up-to-date: /workspace/bumperbot_ws/install/bumperbot_msgs/include/bumperbot_msgs/bumperbot_msgs/srv/detail
[8.192s] -- Installing: /workspace/bumperbot_ws/install/bumperbot_msgs/include/bumperbot_msgs/bumperbot_msgs/srv/detail/get_transform__type_support.c
[8.192s] -- Installing: /workspace/bumperbot_ws/install/bumperbot_msgs/include/bumperbot_msgs/bumperbot_msgs/srv/detail/get_transform__rosidl_typesupport_introspection_c.h
[8.192s] -- Installing: /workspace/bumperbot_ws/install/bumperbot_msgs/include/bumperbot_msgs/bumperbot_msgs/srv/detail/add_two_ints__type_support.c
[8.192s] -- Installing: /workspace/bumperbot_ws/install/bumperbot_msgs/include/bumperbot_msgs/bumperbot_msgs/srv/detail/add_two_ints__rosidl_typesupport_introspection_c.h
[8.196s] -- Up-to-date: /workspace/bumperbot_ws/install/bumperbot_msgs/include/bumperbot_msgs/bumperbot_msgs/msg
[8.196s] -- Installing: /workspace/bumperbot_ws/install/bumperbot_msgs/include/bumperbot_msgs/bumperbot_msgs/msg/rosidl_typesupport_introspection_c__visibility_control.h
[8.197s] -- Installing: /workspace/bumperbot_ws/install/bumperbot_msgs/lib/libbumperbot_msgs__rosidl_typesupport_introspection_c.so
[8.197s] -- Set runtime path of "/workspace/bumperbot_ws/install/bumperbot_msgs/lib/libbumperbot_msgs__rosidl_typesupport_introspection_c.so" to ""
[8.197s] -- Installing: /workspace/bumperbot_ws/install/bumperbot_msgs/lib/libbumperbot_msgs__rosidl_typesupport_c.so
[8.198s] -- Set runtime path of "/workspace/bumperbot_ws/install/bumperbot_msgs/lib/libbumperbot_msgs__rosidl_typesupport_c.so" to ""
[8.201s] -- Up-to-date: /workspace/bumperbot_ws/install/bumperbot_msgs/include/bumperbot_msgs/bumperbot_msgs
[8.205s] -- Up-to-date: /workspace/bumperbot_ws/install/bumperbot_msgs/include/bumperbot_msgs/bumperbot_msgs/action
[8.205s] -- Up-to-date: /workspace/bumperbot_ws/install/bumperbot_msgs/include/bumperbot_msgs/bumperbot_msgs/action/detail
[8.205s] -- Installing: /workspace/bumperbot_ws/install/bumperbot_msgs/include/bumperbot_msgs/bumperbot_msgs/action/detail/fibonacci__type_support.cpp
[8.211s] -- Installing: /workspace/bumperbot_ws/install/bumperbot_msgs/include/bumperbot_msgs/bumperbot_msgs/action/detail/fibonacci__rosidl_typesupport_introspection_cpp.hpp
[8.212s] -- Up-to-date: /workspace/bumperbot_ws/install/bumperbot_msgs/include/bumperbot_msgs/bumperbot_msgs/srv
[8.212s] -- Up-to-date: /workspace/bumperbot_ws/install/bumperbot_msgs/include/bumperbot_msgs/bumperbot_msgs/srv/detail
[8.212s] -- Installing: /workspace/bumperbot_ws/install/bumperbot_msgs/include/bumperbot_msgs/bumperbot_msgs/srv/detail/add_two_ints__rosidl_typesupport_introspection_cpp.hpp
[8.213s] -- Installing: /workspace/bumperbot_ws/install/bumperbot_msgs/include/bumperbot_msgs/bumperbot_msgs/srv/detail/add_two_ints__type_support.cpp
[8.216s] -- Installing: /workspace/bumperbot_ws/install/bumperbot_msgs/include/bumperbot_msgs/bumperbot_msgs/srv/detail/get_transform__rosidl_typesupport_introspection_cpp.hpp
[8.220s] -- Installing: /workspace/bumperbot_ws/install/bumperbot_msgs/include/bumperbot_msgs/bumperbot_msgs/srv/detail/get_transform__type_support.cpp
[8.221s] -- Installing: /workspace/bumperbot_ws/install/bumperbot_msgs/lib/libbumperbot_msgs__rosidl_typesupport_introspection_cpp.so
[8.224s] -- Set runtime path of "/workspace/bumperbot_ws/install/bumperbot_msgs/lib/libbumperbot_msgs__rosidl_typesupport_introspection_cpp.so" to ""
[8.224s] -- Installing: /workspace/bumperbot_ws/install/bumperbot_msgs/lib/libbumperbot_msgs__rosidl_typesupport_cpp.so
[8.228s] -- Set runtime path of "/workspace/bumperbot_ws/install/bumperbot_msgs/lib/libbumperbot_msgs__rosidl_typesupport_cpp.so" to ""
[8.230s] -- Installing: /workspace/bumperbot_ws/install/bumperbot_msgs/share/bumperbot_msgs/environment/pythonpath.sh
[8.231s] -- Installing: /workspace/bumperbot_ws/install/bumperbot_msgs/share/bumperbot_msgs/environment/pythonpath.dsv
[8.236s] -- Installing: /workspace/bumperbot_ws/install/bumperbot_msgs/local/lib/python3.10/dist-packages/bumperbot_msgs-0.0.0-py3.10.egg-info
[8.238s] -- Installing: /workspace/bumperbot_ws/install/bumperbot_msgs/local/lib/python3.10/dist-packages/bumperbot_msgs-0.0.0-py3.10.egg-info/SOURCES.txt
[8.239s] -- Installing: /workspace/bumperbot_ws/install/bumperbot_msgs/local/lib/python3.10/dist-packages/bumperbot_msgs-0.0.0-py3.10.egg-info/PKG-INFO
[8.239s] -- Installing: /workspace/bumperbot_ws/install/bumperbot_msgs/local/lib/python3.10/dist-packages/bumperbot_msgs-0.0.0-py3.10.egg-info/dependency_links.txt
[8.239s] -- Installing: /workspace/bumperbot_ws/install/bumperbot_msgs/local/lib/python3.10/dist-packages/bumperbot_msgs-0.0.0-py3.10.egg-info/top_level.txt
[8.239s] -- Installing: /workspace/bumperbot_ws/install/bumperbot_msgs/local/lib/python3.10/dist-packages/bumperbot_msgs
[8.239s] -- Installing: /workspace/bumperbot_ws/install/bumperbot_msgs/local/lib/python3.10/dist-packages/bumperbot_msgs/_bumperbot_msgs_s.ep.rosidl_typesupport_fastrtps_c.c
[8.239s] -- Installing: /workspace/bumperbot_ws/install/bumperbot_msgs/local/lib/python3.10/dist-packages/bumperbot_msgs/_bumperbot_msgs_s.ep.rosidl_typesupport_introspection_c.c
[8.240s] -- Installing: /workspace/bumperbot_ws/install/bumperbot_msgs/local/lib/python3.10/dist-packages/bumperbot_msgs/bumperbot_msgs_s__rosidl_typesupport_introspection_c.cpython-310-aarch64-linux-gnu.so
[8.240s] -- Installing: /workspace/bumperbot_ws/install/bumperbot_msgs/local/lib/python3.10/dist-packages/bumperbot_msgs/_bumperbot_msgs_s.ep.rosidl_typesupport_c.c
[8.241s] -- Installing: /workspace/bumperbot_ws/install/bumperbot_msgs/local/lib/python3.10/dist-packages/bumperbot_msgs/libbumperbot_msgs__rosidl_generator_py.so
[8.246s] -- Installing: /workspace/bumperbot_ws/install/bumperbot_msgs/local/lib/python3.10/dist-packages/bumperbot_msgs/bumperbot_msgs_s__rosidl_typesupport_fastrtps_c.cpython-310-aarch64-linux-gnu.so
[8.246s] -- Installing: /workspace/bumperbot_ws/install/bumperbot_msgs/local/lib/python3.10/dist-packages/bumperbot_msgs/__init__.py
[8.246s] -- Installing: /workspace/bumperbot_ws/install/bumperbot_msgs/local/lib/python3.10/dist-packages/bumperbot_msgs/action
[8.247s] -- Installing: /workspace/bumperbot_ws/install/bumperbot_msgs/local/lib/python3.10/dist-packages/bumperbot_msgs/action/_fibonacci_s.c
[8.247s] -- Installing: /workspace/bumperbot_ws/install/bumperbot_msgs/local/lib/python3.10/dist-packages/bumperbot_msgs/action/__init__.py
[8.252s] -- Installing: /workspace/bumperbot_ws/install/bumperbot_msgs/local/lib/python3.10/dist-packages/bumperbot_msgs/action/_fibonacci.py
[8.254s] -- Installing: /workspace/bumperbot_ws/install/bumperbot_msgs/local/lib/python3.10/dist-packages/bumperbot_msgs/bumperbot_msgs_s__rosidl_typesupport_c.cpython-310-aarch64-linux-gnu.so
[8.254s] -- Installing: /workspace/bumperbot_ws/install/bumperbot_msgs/local/lib/python3.10/dist-packages/bumperbot_msgs/srv
[8.254s] -- Installing: /workspace/bumperbot_ws/install/bumperbot_msgs/local/lib/python3.10/dist-packages/bumperbot_msgs/srv/_get_transform_s.c
[8.254s] -- Installing: /workspace/bumperbot_ws/install/bumperbot_msgs/local/lib/python3.10/dist-packages/bumperbot_msgs/srv/_add_two_ints_s.c
[8.254s] -- Installing: /workspace/bumperbot_ws/install/bumperbot_msgs/local/lib/python3.10/dist-packages/bumperbot_msgs/srv/_add_two_ints.py
[8.254s] -- Installing: /workspace/bumperbot_ws/install/bumperbot_msgs/local/lib/python3.10/dist-packages/bumperbot_msgs/srv/__init__.py
[8.255s] -- Installing: /workspace/bumperbot_ws/install/bumperbot_msgs/local/lib/python3.10/dist-packages/bumperbot_msgs/srv/_get_transform.py
[8.398s] Listing '/workspace/bumperbot_ws/install/bumperbot_msgs/local/lib/python3.10/dist-packages/bumperbot_msgs'...
[8.398s] Compiling '/workspace/bumperbot_ws/install/bumperbot_msgs/local/lib/python3.10/dist-packages/bumperbot_msgs/__init__.py'...
[8.399s] Listing '/workspace/bumperbot_ws/install/bumperbot_msgs/local/lib/python3.10/dist-packages/bumperbot_msgs/action'...
[8.399s] Compiling '/workspace/bumperbot_ws/install/bumperbot_msgs/local/lib/python3.10/dist-packages/bumperbot_msgs/action/__init__.py'...
[8.399s] Compiling '/workspace/bumperbot_ws/install/bumperbot_msgs/local/lib/python3.10/dist-packages/bumperbot_msgs/action/_fibonacci.py'...
[8.399s] Listing '/workspace/bumperbot_ws/install/bumperbot_msgs/local/lib/python3.10/dist-packages/bumperbot_msgs/srv'...
[8.399s] Compiling '/workspace/bumperbot_ws/install/bumperbot_msgs/local/lib/python3.10/dist-packages/bumperbot_msgs/srv/__init__.py'...
[8.399s] Compiling '/workspace/bumperbot_ws/install/bumperbot_msgs/local/lib/python3.10/dist-packages/bumperbot_msgs/srv/_add_two_ints.py'...
[8.399s] Compiling '/workspace/bumperbot_ws/install/bumperbot_msgs/local/lib/python3.10/dist-packages/bumperbot_msgs/srv/_get_transform.py'...
[8.427s] -- Installing: /workspace/bumperbot_ws/install/bumperbot_msgs/local/lib/python3.10/dist-packages/bumperbot_msgs/bumperbot_msgs_s__rosidl_typesupport_fastrtps_c.cpython-310-aarch64-linux-gnu.so
[8.427s] -- Set runtime path of "/workspace/bumperbot_ws/install/bumperbot_msgs/local/lib/python3.10/dist-packages/bumperbot_msgs/bumperbot_msgs_s__rosidl_typesupport_fastrtps_c.cpython-310-aarch64-linux-gnu.so" to ""
[8.428s] -- Installing: /workspace/bumperbot_ws/install/bumperbot_msgs/local/lib/python3.10/dist-packages/bumperbot_msgs/bumperbot_msgs_s__rosidl_typesupport_introspection_c.cpython-310-aarch64-linux-gnu.so
[8.435s] -- Set runtime path of "/workspace/bumperbot_ws/install/bumperbot_msgs/local/lib/python3.10/dist-packages/bumperbot_msgs/bumperbot_msgs_s__rosidl_typesupport_introspection_c.cpython-310-aarch64-linux-gnu.so" to ""
[8.435s] -- Installing: /workspace/bumperbot_ws/install/bumperbot_msgs/local/lib/python3.10/dist-packages/bumperbot_msgs/bumperbot_msgs_s__rosidl_typesupport_c.cpython-310-aarch64-linux-gnu.so
[8.435s] -- Set runtime path of "/workspace/bumperbot_ws/install/bumperbot_msgs/local/lib/python3.10/dist-packages/bumperbot_msgs/bumperbot_msgs_s__rosidl_typesupport_c.cpython-310-aarch64-linux-gnu.so" to ""
[8.443s] -- Installing: /workspace/bumperbot_ws/install/bumperbot_msgs/lib/libbumperbot_msgs__rosidl_generator_py.so
[8.444s] -- Set runtime path of "/workspace/bumperbot_ws/install/bumperbot_msgs/lib/libbumperbot_msgs__rosidl_generator_py.so" to ""
[8.444s] -- Installing: /workspace/bumperbot_ws/install/bumperbot_msgs/share/bumperbot_msgs/action/Fibonacci.idl
[8.446s] -- Installing: /workspace/bumperbot_ws/install/bumperbot_msgs/share/bumperbot_msgs/srv/AddTwoInts.idl
[8.446s] -- Installing: /workspace/bumperbot_ws/install/bumperbot_msgs/share/bumperbot_msgs/srv/GetTransform.idl
[8.446s] -- Installing: /workspace/bumperbot_ws/install/bumperbot_msgs/share/bumperbot_msgs/action/Fibonacci.action
[8.453s] -- Installing: /workspace/bumperbot_ws/install/bumperbot_msgs/share/bumperbot_msgs/srv/AddTwoInts.srv
[8.453s] -- Installing: /workspace/bumperbot_ws/install/bumperbot_msgs/share/bumperbot_msgs/srv/AddTwoInts_Request.msg
[8.454s] -- Installing: /workspace/bumperbot_ws/install/bumperbot_msgs/share/bumperbot_msgs/srv/AddTwoInts_Response.msg
[8.455s] -- Installing: /workspace/bumperbot_ws/install/bumperbot_msgs/share/bumperbot_msgs/srv/GetTransform.srv
[8.455s] -- Installing: /workspace/bumperbot_ws/install/bumperbot_msgs/share/bumperbot_msgs/srv/GetTransform_Request.msg
[8.456s] -- Installing: /workspace/bumperbot_ws/install/bumperbot_msgs/share/bumperbot_msgs/srv/GetTransform_Response.msg
[8.458s] -- Installing: /workspace/bumperbot_ws/install/bumperbot_msgs/share/ament_index/resource_index/package_run_dependencies/bumperbot_msgs
[8.458s] -- Installing: /workspace/bumperbot_ws/install/bumperbot_msgs/share/ament_index/resource_index/parent_prefix_path/bumperbot_msgs
[8.458s] -- Installing: /workspace/bumperbot_ws/install/bumperbot_msgs/share/bumperbot_msgs/environment/ament_prefix_path.sh
[8.458s] -- Installing: /workspace/bumperbot_ws/install/bumperbot_msgs/share/bumperbot_msgs/environment/ament_prefix_path.dsv
[8.461s] -- Installing: /workspace/bumperbot_ws/install/bumperbot_msgs/share/bumperbot_msgs/environment/path.sh
[8.461s] -- Installing: /workspace/bumperbot_ws/install/bumperbot_msgs/share/bumperbot_msgs/environment/path.dsv
[8.461s] -- Installing: /workspace/bumperbot_ws/install/bumperbot_msgs/share/bumperbot_msgs/local_setup.bash
[8.466s] -- Installing: /workspace/bumperbot_ws/install/bumperbot_msgs/share/bumperbot_msgs/local_setup.sh
[8.466s] -- Installing: /workspace/bumperbot_ws/install/bumperbot_msgs/share/bumperbot_msgs/local_setup.zsh
[8.466s] -- Installing: /workspace/bumperbot_ws/install/bumperbot_msgs/share/bumperbot_msgs/local_setup.dsv
[8.466s] -- Installing: /workspace/bumperbot_ws/install/bumperbot_msgs/share/bumperbot_msgs/package.dsv
[8.467s] -- Installing: /workspace/bumperbot_ws/install/bumperbot_msgs/share/ament_index/resource_index/packages/bumperbot_msgs
[8.472s] -- Installing: /workspace/bumperbot_ws/install/bumperbot_msgs/share/bumperbot_msgs/cmake/export_bumperbot_msgs__rosidl_generator_cExport.cmake
[8.472s] -- Installing: /workspace/bumperbot_ws/install/bumperbot_msgs/share/bumperbot_msgs/cmake/export_bumperbot_msgs__rosidl_generator_cExport-noconfig.cmake
[8.473s] -- Installing: /workspace/bumperbot_ws/install/bumperbot_msgs/share/bumperbot_msgs/cmake/export_bumperbot_msgs__rosidl_typesupport_fastrtps_cExport.cmake
[8.475s] -- Installing: /workspace/bumperbot_ws/install/bumperbot_msgs/share/bumperbot_msgs/cmake/export_bumperbot_msgs__rosidl_typesupport_fastrtps_cExport-noconfig.cmake
[8.475s] -- Installing: /workspace/bumperbot_ws/install/bumperbot_msgs/share/bumperbot_msgs/cmake/export_bumperbot_msgs__rosidl_generator_cppExport.cmake
[8.475s] -- Installing: /workspace/bumperbot_ws/install/bumperbot_msgs/share/bumperbot_msgs/cmake/export_bumperbot_msgs__rosidl_typesupport_fastrtps_cppExport.cmake
[8.475s] -- Installing: /workspace/bumperbot_ws/install/bumperbot_msgs/share/bumperbot_msgs/cmake/export_bumperbot_msgs__rosidl_typesupport_fastrtps_cppExport-noconfig.cmake
[8.479s] -- Installing: /workspace/bumperbot_ws/install/bumperbot_msgs/share/bumperbot_msgs/cmake/bumperbot_msgs__rosidl_typesupport_introspection_cExport.cmake
[8.479s] -- Installing: /workspace/bumperbot_ws/install/bumperbot_msgs/share/bumperbot_msgs/cmake/bumperbot_msgs__rosidl_typesupport_introspection_cExport-noconfig.cmake
[8.479s] -- Installing: /workspace/bumperbot_ws/install/bumperbot_msgs/share/bumperbot_msgs/cmake/bumperbot_msgs__rosidl_typesupport_cExport.cmake
[8.479s] -- Installing: /workspace/bumperbot_ws/install/bumperbot_msgs/share/bumperbot_msgs/cmake/bumperbot_msgs__rosidl_typesupport_cExport-noconfig.cmake
[8.480s] -- Installing: /workspace/bumperbot_ws/install/bumperbot_msgs/share/bumperbot_msgs/cmake/bumperbot_msgs__rosidl_typesupport_introspection_cppExport.cmake
[8.486s] -- Installing: /workspace/bumperbot_ws/install/bumperbot_msgs/share/bumperbot_msgs/cmake/bumperbot_msgs__rosidl_typesupport_introspection_cppExport-noconfig.cmake
[8.486s] -- Installing: /workspace/bumperbot_ws/install/bumperbot_msgs/share/bumperbot_msgs/cmake/bumperbot_msgs__rosidl_typesupport_cppExport.cmake
[8.486s] -- Installing: /workspace/bumperbot_ws/install/bumperbot_msgs/share/bumperbot_msgs/cmake/bumperbot_msgs__rosidl_typesupport_cppExport-noconfig.cmake
[8.486s] -- Installing: /workspace/bumperbot_ws/install/bumperbot_msgs/share/bumperbot_msgs/cmake/export_bumperbot_msgs__rosidl_generator_pyExport.cmake
[8.487s] -- Installing: /workspace/bumperbot_ws/install/bumperbot_msgs/share/bumperbot_msgs/cmake/export_bumperbot_msgs__rosidl_generator_pyExport-noconfig.cmake
[8.487s] -- Installing: /workspace/bumperbot_ws/install/bumperbot_msgs/share/bumperbot_msgs/cmake/rosidl_cmake-extras.cmake
[8.488s] -- Installing: /workspace/bumperbot_ws/install/bumperbot_msgs/share/bumperbot_msgs/cmake/ament_cmake_export_dependencies-extras.cmake
[8.493s] -- Installing: /workspace/bumperbot_ws/install/bumperbot_msgs/share/bumperbot_msgs/cmake/ament_cmake_export_include_directories-extras.cmake
[8.493s] -- Installing: /workspace/bumperbot_ws/install/bumperbot_msgs/share/bumperbot_msgs/cmake/ament_cmake_export_libraries-extras.cmake
[8.494s] -- Installing: /workspace/bumperbot_ws/install/bumperbot_msgs/share/bumperbot_msgs/cmake/ament_cmake_export_targets-extras.cmake
[8.494s] -- Installing: /workspace/bumperbot_ws/install/bumperbot_msgs/share/bumperbot_msgs/cmake/rosidl_cmake_export_typesupport_targets-extras.cmake
[8.499s] -- Installing: /workspace/bumperbot_ws/install/bumperbot_msgs/share/bumperbot_msgs/cmake/rosidl_cmake_export_typesupport_libraries-extras.cmake
[8.499s] -- Installing: /workspace/bumperbot_ws/install/bumperbot_msgs/share/bumperbot_msgs/cmake/bumperbot_msgsConfig.cmake
[8.499s] -- Installing: /workspace/bumperbot_ws/install/bumperbot_msgs/share/bumperbot_msgs/cmake/bumperbot_msgsConfig-version.cmake
[8.499s] -- Installing: /workspace/bumperbot_ws/install/bumperbot_msgs/share/bumperbot_msgs/package.xml
[8.514s] Invoked command in '/workspace/bumperbot_ws/build/bumperbot_msgs' returned '0': CMAKE_PREFIX_PATH=/opt/ros/humble /usr/bin/cmake --install /workspace/bumperbot_ws/build/bumperbot_msgs
