[0.026s] Invoking command in '/workspace/bumperbot_ws/build/bumperbot_cpp_examples': CMAKE_PREFIX_PATH=/workspace/bumperbot_ws/install/bumperbot_msgs:/workspace/bumperbot_ws/install/bumperbot_bringup:/workspace/bumperbot_ws/install/robot_nav2:/workspace/bumperbot_ws/install/robot_bringup:/workspace/bumperbot_ws/install/bumperbot_utils:/workspace/bumperbot_ws/install/bumperbot_cpp_examples:/workspace/bumperbot_ws/install/rplidar_ros:/workspace/bumperbot_ws/install/bumperbot_mapping:/workspace/bumperbot_ws/install/bumperbot_localization:/workspace/bumperbot_ws/install/bumperbot_firmware:/workspace/bumperbot_ws/install/bumperbot_description:/workspace/bumperbot_ws/install/bumperbot_controller:/workspace/bumperbot_ws/install/bumperbot_py_examples:/opt/ros/humble LD_LIBRARY_PATH=/workspace/bumperbot_ws/install/bumperbot_msgs/lib:/workspace/bumperbot_ws/install/bumperbot_cpp_examples/lib:/workspace/bumperbot_ws/install/bumperbot_firmware/lib:/opt/ros/humble/opt/rviz_ogre_vendor/lib:/opt/ros/humble/lib/aarch64-linux-gnu:/opt/ros/humble/lib /usr/bin/cmake --build /workspace/bumperbot_ws/build/bumperbot_cpp_examples -- -j4 -l4
[0.162s] [35m[1mConsolidate compiler generated dependencies of target simple_subscriber[0m
[0.171s] [35m[1mConsolidate compiler generated dependencies of target simple_turtlesim_kinematics[0m
[0.176s] [35m[1mConsolidate compiler generated dependencies of target simple_publisher[0m
[0.181s] [35m[1mConsolidate compiler generated dependencies of target simple_parameter[0m
[0.242s] [  7%] Built target simple_subscriber
[0.251s] [ 14%] Built target simple_publisher
[0.264s] [ 21%] Built target simple_turtlesim_kinematics
[0.269s] [ 28%] Built target simple_parameter
[0.285s] [35m[1mConsolidate compiler generated dependencies of target simple_service_server[0m
[0.302s] [35m[1mConsolidate compiler generated dependencies of target simple_service_client[0m
[0.312s] [35m[1mConsolidate compiler generated dependencies of target simple_lifecycle_node[0m
[0.333s] [35m[1mConsolidate compiler generated dependencies of target simple_tf_kinematics[0m
[0.339s] [ 35%] Built target simple_service_server
[0.375s] [35m[1mConsolidate compiler generated dependencies of target simple_qos_publisher[0m
[0.393s] [ 42%] Built target simple_lifecycle_node
[0.400s] [ 50%] Built target simple_service_client
[0.407s] [ 57%] Built target simple_tf_kinematics
[0.432s] [ 64%] Built target simple_qos_publisher
[0.451s] [35m[1mConsolidate compiler generated dependencies of target simple_qos_subscriber[0m
[0.459s] [35m[1mConsolidate compiler generated dependencies of target simple_action_server[0m
[0.462s] [35m[1mConsolidate compiler generated dependencies of target simple_action_client[0m
[0.472s] [35m[1mConsolidate compiler generated dependencies of target simple_action_server_node[0m
[0.527s] [ 71%] Built target simple_qos_subscriber
[0.537s] [ 78%] Built target simple_action_client
[0.542s] [ 85%] Built target simple_action_server
[0.554s] [ 92%] Built target simple_action_server_node
[0.556s] [35m[1mConsolidate compiler generated dependencies of target simple_action_client_node[0m
[0.596s] [100%] Built target simple_action_client_node
[0.798s] Invoked command in '/workspace/bumperbot_ws/build/bumperbot_cpp_examples' returned '0': CMAKE_PREFIX_PATH=/workspace/bumperbot_ws/install/bumperbot_msgs:/workspace/bumperbot_ws/install/bumperbot_bringup:/workspace/bumperbot_ws/install/robot_nav2:/workspace/bumperbot_ws/install/robot_bringup:/workspace/bumperbot_ws/install/bumperbot_utils:/workspace/bumperbot_ws/install/bumperbot_cpp_examples:/workspace/bumperbot_ws/install/rplidar_ros:/workspace/bumperbot_ws/install/bumperbot_mapping:/workspace/bumperbot_ws/install/bumperbot_localization:/workspace/bumperbot_ws/install/bumperbot_firmware:/workspace/bumperbot_ws/install/bumperbot_description:/workspace/bumperbot_ws/install/bumperbot_controller:/workspace/bumperbot_ws/install/bumperbot_py_examples:/opt/ros/humble LD_LIBRARY_PATH=/workspace/bumperbot_ws/install/bumperbot_msgs/lib:/workspace/bumperbot_ws/install/bumperbot_cpp_examples/lib:/workspace/bumperbot_ws/install/bumperbot_firmware/lib:/opt/ros/humble/opt/rviz_ogre_vendor/lib:/opt/ros/humble/lib/aarch64-linux-gnu:/opt/ros/humble/lib /usr/bin/cmake --build /workspace/bumperbot_ws/build/bumperbot_cpp_examples -- -j4 -l4
[0.802s] Invoking command in '/workspace/bumperbot_ws/build/bumperbot_cpp_examples': CMAKE_PREFIX_PATH=/workspace/bumperbot_ws/install/bumperbot_msgs:/workspace/bumperbot_ws/install/bumperbot_bringup:/workspace/bumperbot_ws/install/robot_nav2:/workspace/bumperbot_ws/install/robot_bringup:/workspace/bumperbot_ws/install/bumperbot_utils:/workspace/bumperbot_ws/install/bumperbot_cpp_examples:/workspace/bumperbot_ws/install/rplidar_ros:/workspace/bumperbot_ws/install/bumperbot_mapping:/workspace/bumperbot_ws/install/bumperbot_localization:/workspace/bumperbot_ws/install/bumperbot_firmware:/workspace/bumperbot_ws/install/bumperbot_description:/workspace/bumperbot_ws/install/bumperbot_controller:/workspace/bumperbot_ws/install/bumperbot_py_examples:/opt/ros/humble LD_LIBRARY_PATH=/workspace/bumperbot_ws/install/bumperbot_msgs/lib:/workspace/bumperbot_ws/install/bumperbot_cpp_examples/lib:/workspace/bumperbot_ws/install/bumperbot_firmware/lib:/opt/ros/humble/opt/rviz_ogre_vendor/lib:/opt/ros/humble/lib/aarch64-linux-gnu:/opt/ros/humble/lib /usr/bin/cmake --install /workspace/bumperbot_ws/build/bumperbot_cpp_examples
[0.823s] -- Install configuration: ""
[0.824s] -- Up-to-date: /workspace/bumperbot_ws/install/bumperbot_cpp_examples/lib/bumperbot_cpp_examples/simple_action_server_node
[0.825s] -- Up-to-date: /workspace/bumperbot_ws/install/bumperbot_cpp_examples/lib/bumperbot_cpp_examples/simple_action_client_node
[0.826s] -- Up-to-date: /workspace/bumperbot_ws/install/bumperbot_cpp_examples/include/include
[0.826s] -- Up-to-date: /workspace/bumperbot_ws/install/bumperbot_cpp_examples/include/include/bumperbot_cpp_examples
[0.826s] -- Up-to-date: /workspace/bumperbot_ws/install/bumperbot_cpp_examples/include/include/bumperbot_cpp_examples/simple_turtlesim_kinematics.hpp
[0.827s] -- Up-to-date: /workspace/bumperbot_ws/install/bumperbot_cpp_examples/include/include/bumperbot_cpp_examples/simple_tf_kinematics.hpp
[0.827s] -- Up-to-date: /workspace/bumperbot_ws/install/bumperbot_cpp_examples/lib/bumperbot_cpp_examples/simple_publisher
[0.830s] -- Up-to-date: /workspace/bumperbot_ws/install/bumperbot_cpp_examples/lib/bumperbot_cpp_examples/simple_subscriber
[0.830s] -- Up-to-date: /workspace/bumperbot_ws/install/bumperbot_cpp_examples/lib/bumperbot_cpp_examples/simple_parameter
[0.831s] -- Up-to-date: /workspace/bumperbot_ws/install/bumperbot_cpp_examples/lib/bumperbot_cpp_examples/simple_turtlesim_kinematics
[0.831s] -- Up-to-date: /workspace/bumperbot_ws/install/bumperbot_cpp_examples/lib/bumperbot_cpp_examples/simple_service_server
[0.831s] -- Up-to-date: /workspace/bumperbot_ws/install/bumperbot_cpp_examples/lib/bumperbot_cpp_examples/simple_service_client
[0.831s] -- Up-to-date: /workspace/bumperbot_ws/install/bumperbot_cpp_examples/lib/bumperbot_cpp_examples/simple_tf_kinematics
[0.832s] -- Up-to-date: /workspace/bumperbot_ws/install/bumperbot_cpp_examples/lib/bumperbot_cpp_examples/simple_lifecycle_node
[0.833s] -- Up-to-date: /workspace/bumperbot_ws/install/bumperbot_cpp_examples/lib/bumperbot_cpp_examples/simple_qos_publisher
[0.834s] -- Up-to-date: /workspace/bumperbot_ws/install/bumperbot_cpp_examples/lib/bumperbot_cpp_examples/simple_qos_subscriber
[0.835s] -- Up-to-date: /workspace/bumperbot_ws/install/bumperbot_cpp_examples/lib/libsimple_action_server.so
[0.836s] -- Up-to-date: /workspace/bumperbot_ws/install/bumperbot_cpp_examples/lib/libsimple_action_client.so
[0.838s] -- Up-to-date: /workspace/bumperbot_ws/install/bumperbot_cpp_examples/share/ament_index/resource_index/package_run_dependencies/bumperbot_cpp_examples
[0.838s] -- Up-to-date: /workspace/bumperbot_ws/install/bumperbot_cpp_examples/share/ament_index/resource_index/parent_prefix_path/bumperbot_cpp_examples
[0.839s] -- Up-to-date: /workspace/bumperbot_ws/install/bumperbot_cpp_examples/share/bumperbot_cpp_examples/environment/ament_prefix_path.sh
[0.839s] -- Up-to-date: /workspace/bumperbot_ws/install/bumperbot_cpp_examples/share/bumperbot_cpp_examples/environment/ament_prefix_path.dsv
[0.839s] -- Up-to-date: /workspace/bumperbot_ws/install/bumperbot_cpp_examples/share/bumperbot_cpp_examples/environment/path.sh
[0.839s] -- Up-to-date: /workspace/bumperbot_ws/install/bumperbot_cpp_examples/share/bumperbot_cpp_examples/environment/path.dsv
[0.839s] -- Up-to-date: /workspace/bumperbot_ws/install/bumperbot_cpp_examples/share/bumperbot_cpp_examples/local_setup.bash
[0.840s] -- Up-to-date: /workspace/bumperbot_ws/install/bumperbot_cpp_examples/share/bumperbot_cpp_examples/local_setup.sh
[0.840s] -- Up-to-date: /workspace/bumperbot_ws/install/bumperbot_cpp_examples/share/bumperbot_cpp_examples/local_setup.zsh
[0.840s] -- Up-to-date: /workspace/bumperbot_ws/install/bumperbot_cpp_examples/share/bumperbot_cpp_examples/local_setup.dsv
[0.840s] -- Installing: /workspace/bumperbot_ws/install/bumperbot_cpp_examples/share/bumperbot_cpp_examples/package.dsv
[0.840s] -- Up-to-date: /workspace/bumperbot_ws/install/bumperbot_cpp_examples/share/ament_index/resource_index/packages/bumperbot_cpp_examples
[0.840s] -- Up-to-date: /workspace/bumperbot_ws/install/bumperbot_cpp_examples/share/ament_index/resource_index/rclcpp_components/bumperbot_cpp_examples
[0.840s] -- Up-to-date: /workspace/bumperbot_ws/install/bumperbot_cpp_examples/share/bumperbot_cpp_examples/cmake/bumperbot_cpp_examplesConfig.cmake
[0.843s] -- Up-to-date: /workspace/bumperbot_ws/install/bumperbot_cpp_examples/share/bumperbot_cpp_examples/cmake/bumperbot_cpp_examplesConfig-version.cmake
[0.843s] -- Up-to-date: /workspace/bumperbot_ws/install/bumperbot_cpp_examples/share/bumperbot_cpp_examples/package.xml
[0.853s] Invoked command in '/workspace/bumperbot_ws/build/bumperbot_cpp_examples' returned '0': CMAKE_PREFIX_PATH=/workspace/bumperbot_ws/install/bumperbot_msgs:/workspace/bumperbot_ws/install/bumperbot_bringup:/workspace/bumperbot_ws/install/robot_nav2:/workspace/bumperbot_ws/install/robot_bringup:/workspace/bumperbot_ws/install/bumperbot_utils:/workspace/bumperbot_ws/install/bumperbot_cpp_examples:/workspace/bumperbot_ws/install/rplidar_ros:/workspace/bumperbot_ws/install/bumperbot_mapping:/workspace/bumperbot_ws/install/bumperbot_localization:/workspace/bumperbot_ws/install/bumperbot_firmware:/workspace/bumperbot_ws/install/bumperbot_description:/workspace/bumperbot_ws/install/bumperbot_controller:/workspace/bumperbot_ws/install/bumperbot_py_examples:/opt/ros/humble LD_LIBRARY_PATH=/workspace/bumperbot_ws/install/bumperbot_msgs/lib:/workspace/bumperbot_ws/install/bumperbot_cpp_examples/lib:/workspace/bumperbot_ws/install/bumperbot_firmware/lib:/opt/ros/humble/opt/rviz_ogre_vendor/lib:/opt/ros/humble/lib/aarch64-linux-gnu:/opt/ros/humble/lib /usr/bin/cmake --install /workspace/bumperbot_ws/build/bumperbot_cpp_examples
