[0.100s] Invoking command in '/workspace/bumperbot_ws/build/bumperbot_utils': CMAKE_PREFIX_PATH=${CMAKE_PREFIX_PATH}:/workspace/bumperbot_ws/install/bumperbot_py_examples:/opt/ros/humble /usr/bin/cmake --build /workspace/bumperbot_ws/build/bumperbot_utils -- -j4 -l4
[0.312s] [  0%] Built target ament_cmake_python_copy_bumperbot_utils
[0.384s] [100%] Built target safety_stop
[0.898s] running egg_info
[0.906s] writing bumperbot_utils.egg-info/PKG-INFO
[0.911s] writing dependency_links to bumperbot_utils.egg-info/dependency_links.txt
[0.918s] writing top-level names to bumperbot_utils.egg-info/top_level.txt
[0.926s] reading manifest file 'bumperbot_utils.egg-info/SOURCES.txt'
[0.928s] writing manifest file 'bumperbot_utils.egg-info/SOURCES.txt'
[1.050s] [100%] Built target ament_cmake_python_build_bumperbot_utils_egg
[1.168s] Invoked command in '/workspace/bumperbot_ws/build/bumperbot_utils' returned '0': CMAKE_PREFIX_PATH=${CMAKE_PREFIX_PATH}:/workspace/bumperbot_ws/install/bumperbot_py_examples:/opt/ros/humble /usr/bin/cmake --build /workspace/bumperbot_ws/build/bumperbot_utils -- -j4 -l4
[1.203s] Invoking command in '/workspace/bumperbot_ws/build/bumperbot_utils': CMAKE_PREFIX_PATH=${CMAKE_PREFIX_PATH}:/workspace/bumperbot_ws/install/bumperbot_py_examples:/opt/ros/humble /usr/bin/cmake --install /workspace/bumperbot_ws/build/bumperbot_utils
[1.249s] -- Install configuration: ""
[1.249s] -- Up-to-date: /workspace/bumperbot_ws/install/bumperbot_utils/share/bumperbot_utils/environment/pythonpath.sh
[1.249s] -- Up-to-date: /workspace/bumperbot_ws/install/bumperbot_utils/share/bumperbot_utils/environment/pythonpath.dsv
[1.249s] -- Up-to-date: /workspace/bumperbot_ws/install/bumperbot_utils/local/lib/python3.10/dist-packages/bumperbot_utils-0.0.0-py3.10.egg-info
[1.249s] -- Installing: /workspace/bumperbot_ws/install/bumperbot_utils/local/lib/python3.10/dist-packages/bumperbot_utils-0.0.0-py3.10.egg-info/SOURCES.txt
[1.250s] -- Installing: /workspace/bumperbot_ws/install/bumperbot_utils/local/lib/python3.10/dist-packages/bumperbot_utils-0.0.0-py3.10.egg-info/PKG-INFO
[1.252s] -- Installing: /workspace/bumperbot_ws/install/bumperbot_utils/local/lib/python3.10/dist-packages/bumperbot_utils-0.0.0-py3.10.egg-info/dependency_links.txt
[1.255s] -- Installing: /workspace/bumperbot_ws/install/bumperbot_utils/local/lib/python3.10/dist-packages/bumperbot_utils-0.0.0-py3.10.egg-info/top_level.txt
[1.256s] -- Up-to-date: /workspace/bumperbot_ws/install/bumperbot_utils/local/lib/python3.10/dist-packages/bumperbot_utils
[1.256s] -- Up-to-date: /workspace/bumperbot_ws/install/bumperbot_utils/local/lib/python3.10/dist-packages/bumperbot_utils/safety_stop.py
[1.256s] -- Up-to-date: /workspace/bumperbot_ws/install/bumperbot_utils/local/lib/python3.10/dist-packages/bumperbot_utils/__init__.py
[1.320s] Listing '/workspace/bumperbot_ws/install/bumperbot_utils/local/lib/python3.10/dist-packages/bumperbot_utils'...
[1.340s] -- Up-to-date: /workspace/bumperbot_ws/install/bumperbot_utils/lib/bumperbot_utils/safety_stop
[1.340s] -- Up-to-date: /workspace/bumperbot_ws/install/bumperbot_utils/lib/bumperbot_utils/safety_stop.py
[1.341s] -- Up-to-date: /workspace/bumperbot_ws/install/bumperbot_utils/share/ament_index/resource_index/package_run_dependencies/bumperbot_utils
[1.341s] -- Up-to-date: /workspace/bumperbot_ws/install/bumperbot_utils/share/ament_index/resource_index/parent_prefix_path/bumperbot_utils
[1.341s] -- Up-to-date: /workspace/bumperbot_ws/install/bumperbot_utils/share/bumperbot_utils/environment/ament_prefix_path.sh
[1.341s] -- Up-to-date: /workspace/bumperbot_ws/install/bumperbot_utils/share/bumperbot_utils/environment/ament_prefix_path.dsv
[1.341s] -- Up-to-date: /workspace/bumperbot_ws/install/bumperbot_utils/share/bumperbot_utils/environment/path.sh
[1.342s] -- Up-to-date: /workspace/bumperbot_ws/install/bumperbot_utils/share/bumperbot_utils/environment/path.dsv
[1.342s] -- Up-to-date: /workspace/bumperbot_ws/install/bumperbot_utils/share/bumperbot_utils/local_setup.bash
[1.342s] -- Up-to-date: /workspace/bumperbot_ws/install/bumperbot_utils/share/bumperbot_utils/local_setup.sh
[1.344s] -- Up-to-date: /workspace/bumperbot_ws/install/bumperbot_utils/share/bumperbot_utils/local_setup.zsh
[1.345s] -- Up-to-date: /workspace/bumperbot_ws/install/bumperbot_utils/share/bumperbot_utils/local_setup.dsv
[1.345s] -- Installing: /workspace/bumperbot_ws/install/bumperbot_utils/share/bumperbot_utils/package.dsv
[1.345s] -- Up-to-date: /workspace/bumperbot_ws/install/bumperbot_utils/share/ament_index/resource_index/packages/bumperbot_utils
[1.345s] -- Up-to-date: /workspace/bumperbot_ws/install/bumperbot_utils/share/bumperbot_utils/cmake/bumperbot_utilsConfig.cmake
[1.345s] -- Up-to-date: /workspace/bumperbot_ws/install/bumperbot_utils/share/bumperbot_utils/cmake/bumperbot_utilsConfig-version.cmake
[1.347s] -- Up-to-date: /workspace/bumperbot_ws/install/bumperbot_utils/share/bumperbot_utils/package.xml
[1.383s] Invoked command in '/workspace/bumperbot_ws/build/bumperbot_utils' returned '0': CMAKE_PREFIX_PATH=${CMAKE_PREFIX_PATH}:/workspace/bumperbot_ws/install/bumperbot_py_examples:/opt/ros/humble /usr/bin/cmake --install /workspace/bumperbot_ws/build/bumperbot_utils
