[0.029s] Invoking command in '/workspace/bumperbot_ws/build/robot_nav2': CMAKE_PREFIX_PATH=${CMAKE_PREFIX_PATH}:/workspace/bumperbot_ws/install/bumperbot_py_examples:/opt/ros/humble /usr/bin/cmake --build /workspace/bumperbot_ws/build/robot_nav2 -- -j4 -l4
[0.135s] Invoked command in '/workspace/bumperbot_ws/build/robot_nav2' returned '0': CMAKE_PREFIX_PATH=${CMAKE_PREFIX_PATH}:/workspace/bumperbot_ws/install/bumperbot_py_examples:/opt/ros/humble /usr/bin/cmake --build /workspace/bumperbot_ws/build/robot_nav2 -- -j4 -l4
[0.136s] Invoking command in '/workspace/bumperbot_ws/build/robot_nav2': CMAKE_PREFIX_PATH=${CMAKE_PREFIX_PATH}:/workspace/bumperbot_ws/install/bumperbot_py_examples:/opt/ros/humble /usr/bin/cmake --install /workspace/bumperbot_ws/build/robot_nav2
[0.164s] -- Install configuration: ""
[0.167s] -- Up-to-date: /workspace/bumperbot_ws/install/robot_nav2/share/robot_nav2//launch
[0.167s] -- Up-to-date: /workspace/bumperbot_ws/install/robot_nav2/share/robot_nav2//launch/robot_nav2.launch.py
[0.170s] -- Up-to-date: /workspace/bumperbot_ws/install/robot_nav2/share/robot_nav2//launch/nav2_bringup.launch.py
[0.174s] -- Up-to-date: /workspace/bumperbot_ws/install/robot_nav2/share/robot_nav2//launch/robot_nav2_v1.launch.py
[0.174s] -- Up-to-date: /workspace/bumperbot_ws/install/robot_nav2/share/robot_nav2//params
[0.174s] -- Up-to-date: /workspace/bumperbot_ws/install/robot_nav2/share/robot_nav2//params/nav2_param_v1.yaml
[0.174s] -- Up-to-date: /workspace/bumperbot_ws/install/robot_nav2/share/robot_nav2//params/nav2_param.yaml
[0.175s] -- Up-to-date: /workspace/bumperbot_ws/install/robot_nav2/share/robot_nav2//rviz
[0.175s] -- Up-to-date: /workspace/bumperbot_ws/install/robot_nav2/share/robot_nav2//maps
[0.175s] -- Up-to-date: /workspace/bumperbot_ws/install/robot_nav2/share/robot_nav2//maps/map.pgm
[0.175s] -- Up-to-date: /workspace/bumperbot_ws/install/robot_nav2/share/robot_nav2//maps/map.yaml
[0.178s] -- Up-to-date: /workspace/bumperbot_ws/install/robot_nav2/share/ament_index/resource_index/package_run_dependencies/robot_nav2
[0.183s] -- Up-to-date: /workspace/bumperbot_ws/install/robot_nav2/share/ament_index/resource_index/parent_prefix_path/robot_nav2
[0.184s] -- Up-to-date: /workspace/bumperbot_ws/install/robot_nav2/share/robot_nav2/environment/ament_prefix_path.sh
[0.184s] -- Up-to-date: /workspace/bumperbot_ws/install/robot_nav2/share/robot_nav2/environment/ament_prefix_path.dsv
[0.186s] -- Up-to-date: /workspace/bumperbot_ws/install/robot_nav2/share/robot_nav2/environment/path.sh
[0.188s] -- Up-to-date: /workspace/bumperbot_ws/install/robot_nav2/share/robot_nav2/environment/path.dsv
[0.189s] -- Up-to-date: /workspace/bumperbot_ws/install/robot_nav2/share/robot_nav2/local_setup.bash
[0.190s] -- Up-to-date: /workspace/bumperbot_ws/install/robot_nav2/share/robot_nav2/local_setup.sh
[0.190s] -- Up-to-date: /workspace/bumperbot_ws/install/robot_nav2/share/robot_nav2/local_setup.zsh
[0.191s] -- Up-to-date: /workspace/bumperbot_ws/install/robot_nav2/share/robot_nav2/local_setup.dsv
[0.192s] -- Installing: /workspace/bumperbot_ws/install/robot_nav2/share/robot_nav2/package.dsv
[0.193s] -- Up-to-date: /workspace/bumperbot_ws/install/robot_nav2/share/ament_index/resource_index/packages/robot_nav2
[0.193s] -- Up-to-date: /workspace/bumperbot_ws/install/robot_nav2/share/robot_nav2/cmake/robot_nav2Config.cmake
[0.193s] -- Up-to-date: /workspace/bumperbot_ws/install/robot_nav2/share/robot_nav2/cmake/robot_nav2Config-version.cmake
[0.193s] -- Up-to-date: /workspace/bumperbot_ws/install/robot_nav2/share/robot_nav2/package.xml
[0.193s] Invoked command in '/workspace/bumperbot_ws/build/robot_nav2' returned '0': CMAKE_PREFIX_PATH=${CMAKE_PREFIX_PATH}:/workspace/bumperbot_ws/install/bumperbot_py_examples:/opt/ros/humble /usr/bin/cmake --install /workspace/bumperbot_ws/build/robot_nav2
