[0.013s] Invoking command in '/workspace/bumperbot_ws/build/bumperbot_localization': CMAKE_PREFIX_PATH=/opt/ros/humble /usr/bin/cmake /workspace/bumperbot_ws/src/bumperbot_localization -DCMAKE_INSTALL_PREFIX=/workspace/bumperbot_ws/install/bumperbot_localization
[0.128s] -- The C compiler identification is GNU 11.4.0
[0.251s] -- The CXX compiler identification is GNU 11.4.0
[0.265s] -- Detecting C compiler ABI info
[0.429s] -- Detecting C compiler ABI info - done
[0.445s] -- Check for working C compiler: /usr/bin/cc - skipped
[0.449s] -- Detecting C compile features
[0.450s] -- Detecting C compile features - done
[0.455s] -- Detecting CXX compiler ABI info
[0.616s] -- Detecting CXX compiler ABI info - done
[0.629s] -- Check for working CXX compiler: /usr/bin/c++ - skipped
[0.630s] -- Detecting CXX compile features
[0.631s] -- Detecting CXX compile features - done
[0.636s] -- Found ament_cmake: 1.3.11 (/opt/ros/humble/share/ament_cmake/cmake)
[1.270s] -- Found Python3: /usr/bin/python3 (found version "3.10.12") found components: Interpreter 
[2.018s] -- Found rclcpp: 16.0.11 (/opt/ros/humble/share/rclcpp/cmake)
[2.111s] -- Found rosidl_generator_c: 3.1.6 (/opt/ros/humble/share/rosidl_generator_c/cmake)
[2.120s] -- Found rosidl_adapter: 3.1.6 (/opt/ros/humble/share/rosidl_adapter/cmake)
[2.135s] -- Found rosidl_generator_cpp: 3.1.6 (/opt/ros/humble/share/rosidl_generator_cpp/cmake)
[2.157s] -- Using all available rosidl_typesupport_c: rosidl_typesupport_fastrtps_c;rosidl_typesupport_introspection_c
[2.186s] -- Using all available rosidl_typesupport_cpp: rosidl_typesupport_fastrtps_cpp;rosidl_typesupport_introspection_cpp
[2.276s] -- Found rmw_implementation_cmake: 6.1.2 (/opt/ros/humble/share/rmw_implementation_cmake/cmake)
[2.285s] -- Found rmw_fastrtps_cpp: 6.2.7 (/opt/ros/humble/share/rmw_fastrtps_cpp/cmake)
[2.506s] -- Found OpenSSL: /usr/lib/aarch64-linux-gnu/libcrypto.so (found version "3.0.2")  
[2.599s] -- Found FastRTPS: /opt/ros/humble/include  
[2.698s] -- Using RMW implementation 'rmw_fastrtps_cpp' as default
[2.720s] -- Looking for pthread.h
[3.003s] -- Looking for pthread.h - found
[3.006s] -- Performing Test CMAKE_HAVE_LIBC_PTHREAD
[3.397s] -- Performing Test CMAKE_HAVE_LIBC_PTHREAD - Success
[3.403s] -- Found Threads: TRUE  
[3.681s] -- Found rclpy: 3.3.15 (/opt/ros/humble/share/rclpy/cmake)
[3.688s] -- Found nav_msgs: 4.2.4 (/opt/ros/humble/share/nav_msgs/cmake)
[3.842s] -- Found sensor_msgs: 4.2.4 (/opt/ros/humble/share/sensor_msgs/cmake)
[3.885s] -- Found tf2: 0.25.11 (/opt/ros/humble/share/tf2/cmake)
[5.160s] -- Configuring done
[5.243s] -- Generating done
[5.335s] -- Build files have been written to: /workspace/bumperbot_ws/build/bumperbot_localization
[5.449s] Invoked command in '/workspace/bumperbot_ws/build/bumperbot_localization' returned '0': CMAKE_PREFIX_PATH=/opt/ros/humble /usr/bin/cmake /workspace/bumperbot_ws/src/bumperbot_localization -DCMAKE_INSTALL_PREFIX=/workspace/bumperbot_ws/install/bumperbot_localization
[5.449s] Invoking command in '/workspace/bumperbot_ws/build/bumperbot_localization': CMAKE_PREFIX_PATH=/opt/ros/humble /usr/bin/cmake --build /workspace/bumperbot_ws/build/bumperbot_localization -- -j4 -l4
[5.636s] [ 16%] [32mBuilding CXX object CMakeFiles/kalman_filter.dir/src/kalman_filter.cpp.o[0m
[5.677s] [ 33%] [32mBuilding CXX object CMakeFiles/odometry_motion_model.dir/src/odometry_motion_model.cpp.o[0m
[5.686s] [ 50%] [32mBuilding CXX object CMakeFiles/imu_republisher.dir/src/imu_republisher.cpp.o[0m
[9.301s] [ 50%] Built target ament_cmake_python_copy_bumperbot_localization
[12.564s] running egg_info
[12.564s] creating bumperbot_localization.egg-info
[12.569s] writing bumperbot_localization.egg-info/PKG-INFO
[12.569s] writing dependency_links to bumperbot_localization.egg-info/dependency_links.txt
[12.569s] writing top-level names to bumperbot_localization.egg-info/top_level.txt
[12.569s] writing manifest file 'bumperbot_localization.egg-info/SOURCES.txt'
[12.581s] reading manifest file 'bumperbot_localization.egg-info/SOURCES.txt'
[12.581s] writing manifest file 'bumperbot_localization.egg-info/SOURCES.txt'
[13.755s] [ 50%] Built target ament_cmake_python_build_bumperbot_localization_egg
