/workspace/bumperbot_ws/install/bumperbot_py_examples/lib/python3.10/site-packages/bumperbot_py_examples/simple_publisher.py
/workspace/bumperbot_ws/install/bumperbot_py_examples/lib/python3.10/site-packages/bumperbot_py_examples/simple_lifecycle_node.py
/workspace/bumperbot_ws/install/bumperbot_py_examples/lib/python3.10/site-packages/bumperbot_py_examples/simple_action_client.py
/workspace/bumperbot_ws/install/bumperbot_py_examples/lib/python3.10/site-packages/bumperbot_py_examples/simple_tf_kinematics.py
/workspace/bumperbot_ws/install/bumperbot_py_examples/lib/python3.10/site-packages/bumperbot_py_examples/simple_service_client.py
/workspace/bumperbot_ws/install/bumperbot_py_examples/lib/python3.10/site-packages/bumperbot_py_examples/simple_turtlesim_kinematics.py
/workspace/bumperbot_ws/install/bumperbot_py_examples/lib/python3.10/site-packages/bumperbot_py_examples/simple_action_server.py
/workspace/bumperbot_ws/install/bumperbot_py_examples/lib/python3.10/site-packages/bumperbot_py_examples/simple_parameter.py
/workspace/bumperbot_ws/install/bumperbot_py_examples/lib/python3.10/site-packages/bumperbot_py_examples/__init__.py
/workspace/bumperbot_ws/install/bumperbot_py_examples/lib/python3.10/site-packages/bumperbot_py_examples/simple_service_server.py
/workspace/bumperbot_ws/install/bumperbot_py_examples/lib/python3.10/site-packages/bumperbot_py_examples/simple_qos_subscriber.py
/workspace/bumperbot_ws/install/bumperbot_py_examples/lib/python3.10/site-packages/bumperbot_py_examples/simple_qos_publisher.py
/workspace/bumperbot_ws/install/bumperbot_py_examples/lib/python3.10/site-packages/bumperbot_py_examples/simple_subscriber.py
/workspace/bumperbot_ws/install/bumperbot_py_examples/lib/python3.10/site-packages/bumperbot_py_examples/__pycache__/simple_publisher.cpython-310.pyc
/workspace/bumperbot_ws/install/bumperbot_py_examples/lib/python3.10/site-packages/bumperbot_py_examples/__pycache__/simple_lifecycle_node.cpython-310.pyc
/workspace/bumperbot_ws/install/bumperbot_py_examples/lib/python3.10/site-packages/bumperbot_py_examples/__pycache__/simple_action_client.cpython-310.pyc
/workspace/bumperbot_ws/install/bumperbot_py_examples/lib/python3.10/site-packages/bumperbot_py_examples/__pycache__/simple_tf_kinematics.cpython-310.pyc
/workspace/bumperbot_ws/install/bumperbot_py_examples/lib/python3.10/site-packages/bumperbot_py_examples/__pycache__/simple_service_client.cpython-310.pyc
/workspace/bumperbot_ws/install/bumperbot_py_examples/lib/python3.10/site-packages/bumperbot_py_examples/__pycache__/simple_turtlesim_kinematics.cpython-310.pyc
/workspace/bumperbot_ws/install/bumperbot_py_examples/lib/python3.10/site-packages/bumperbot_py_examples/__pycache__/simple_action_server.cpython-310.pyc
/workspace/bumperbot_ws/install/bumperbot_py_examples/lib/python3.10/site-packages/bumperbot_py_examples/__pycache__/simple_parameter.cpython-310.pyc
/workspace/bumperbot_ws/install/bumperbot_py_examples/lib/python3.10/site-packages/bumperbot_py_examples/__pycache__/__init__.cpython-310.pyc
/workspace/bumperbot_ws/install/bumperbot_py_examples/lib/python3.10/site-packages/bumperbot_py_examples/__pycache__/simple_service_server.cpython-310.pyc
/workspace/bumperbot_ws/install/bumperbot_py_examples/lib/python3.10/site-packages/bumperbot_py_examples/__pycache__/simple_qos_subscriber.cpython-310.pyc
/workspace/bumperbot_ws/install/bumperbot_py_examples/lib/python3.10/site-packages/bumperbot_py_examples/__pycache__/simple_qos_publisher.cpython-310.pyc
/workspace/bumperbot_ws/install/bumperbot_py_examples/lib/python3.10/site-packages/bumperbot_py_examples/__pycache__/simple_subscriber.cpython-310.pyc
/workspace/bumperbot_ws/install/bumperbot_py_examples/share/ament_index/resource_index/packages/bumperbot_py_examples
/workspace/bumperbot_ws/install/bumperbot_py_examples/share/bumperbot_py_examples/package.xml
/workspace/bumperbot_ws/install/bumperbot_py_examples/lib/python3.10/site-packages/bumperbot_py_examples-0.0.0-py3.10.egg-info/SOURCES.txt
/workspace/bumperbot_ws/install/bumperbot_py_examples/lib/python3.10/site-packages/bumperbot_py_examples-0.0.0-py3.10.egg-info/PKG-INFO
/workspace/bumperbot_ws/install/bumperbot_py_examples/lib/python3.10/site-packages/bumperbot_py_examples-0.0.0-py3.10.egg-info/dependency_links.txt
/workspace/bumperbot_ws/install/bumperbot_py_examples/lib/python3.10/site-packages/bumperbot_py_examples-0.0.0-py3.10.egg-info/top_level.txt
/workspace/bumperbot_ws/install/bumperbot_py_examples/lib/python3.10/site-packages/bumperbot_py_examples-0.0.0-py3.10.egg-info/requires.txt
/workspace/bumperbot_ws/install/bumperbot_py_examples/lib/python3.10/site-packages/bumperbot_py_examples-0.0.0-py3.10.egg-info/zip-safe
/workspace/bumperbot_ws/install/bumperbot_py_examples/lib/python3.10/site-packages/bumperbot_py_examples-0.0.0-py3.10.egg-info/entry_points.txt
/workspace/bumperbot_ws/install/bumperbot_py_examples/lib/bumperbot_py_examples/simple_action_client
/workspace/bumperbot_ws/install/bumperbot_py_examples/lib/bumperbot_py_examples/simple_action_server
/workspace/bumperbot_ws/install/bumperbot_py_examples/lib/bumperbot_py_examples/simple_lifecycle_node
/workspace/bumperbot_ws/install/bumperbot_py_examples/lib/bumperbot_py_examples/simple_parameter
/workspace/bumperbot_ws/install/bumperbot_py_examples/lib/bumperbot_py_examples/simple_publisher
/workspace/bumperbot_ws/install/bumperbot_py_examples/lib/bumperbot_py_examples/simple_qos_publisher
/workspace/bumperbot_ws/install/bumperbot_py_examples/lib/bumperbot_py_examples/simple_qos_subscriber
/workspace/bumperbot_ws/install/bumperbot_py_examples/lib/bumperbot_py_examples/simple_service_client
/workspace/bumperbot_ws/install/bumperbot_py_examples/lib/bumperbot_py_examples/simple_service_server
/workspace/bumperbot_ws/install/bumperbot_py_examples/lib/bumperbot_py_examples/simple_subscriber
/workspace/bumperbot_ws/install/bumperbot_py_examples/lib/bumperbot_py_examples/simple_tf_kinematics
/workspace/bumperbot_ws/install/bumperbot_py_examples/lib/bumperbot_py_examples/simple_turtlesim_kinematics
