[0.039s] Invoking command in '/workspace/bumperbot_ws/build/bumperbot_firmware': CMAKE_PREFIX_PATH=/opt/ros/humble /usr/bin/cmake /workspace/bumperbot_ws/src/bumperbot_firmware -DCMAKE_INSTALL_PREFIX=/workspace/bumperbot_ws/install/bumperbot_firmware
[0.589s] -- The C compiler identification is GNU 11.4.0
[1.003s] -- The CXX compiler identification is GNU 11.4.0
[1.029s] -- Detecting C compiler ABI info
[1.268s] -- Detecting C compiler ABI info - done
[1.286s] -- Check for working C compiler: /usr/bin/cc - skipped
[1.286s] -- Detecting C compile features
[1.290s] -- Detecting C compile features - done
[1.301s] -- Detecting CXX compiler ABI info
[1.530s] -- Detecting CXX compiler ABI info - done
[1.546s] -- Check for working CXX compiler: /usr/bin/c++ - skipped
[1.547s] -- Detecting CXX compile features
[1.548s] -- Detecting CXX compile features - done
[1.571s] -- Found ament_cmake: 1.3.11 (/opt/ros/humble/share/ament_cmake/cmake)
[1.964s] -- Found Python3: /usr/bin/python3 (found version "3.10.12") found components: Interpreter 
[2.285s] -- Found rclcpp: 16.0.11 (/opt/ros/humble/share/rclcpp/cmake)
[2.439s] -- Found rosidl_generator_c: 3.1.6 (/opt/ros/humble/share/rosidl_generator_c/cmake)
[2.460s] -- Found rosidl_adapter: 3.1.6 (/opt/ros/humble/share/rosidl_adapter/cmake)
[2.489s] -- Found rosidl_generator_cpp: 3.1.6 (/opt/ros/humble/share/rosidl_generator_cpp/cmake)
[2.538s] -- Using all available rosidl_typesupport_c: rosidl_typesupport_fastrtps_c;rosidl_typesupport_introspection_c
[2.588s] -- Using all available rosidl_typesupport_cpp: rosidl_typesupport_fastrtps_cpp;rosidl_typesupport_introspection_cpp
[2.763s] -- Found rmw_implementation_cmake: 6.1.2 (/opt/ros/humble/share/rmw_implementation_cmake/cmake)
[2.772s] -- Found rmw_fastrtps_cpp: 6.2.7 (/opt/ros/humble/share/rmw_fastrtps_cpp/cmake)
[3.055s] -- Found OpenSSL: /usr/lib/aarch64-linux-gnu/libcrypto.so (found version "3.0.2")  
[3.128s] -- Found FastRTPS: /opt/ros/humble/include  
[3.224s] -- Using RMW implementation 'rmw_fastrtps_cpp' as default
[3.314s] -- Looking for pthread.h
[3.623s] -- Looking for pthread.h - found
[3.623s] -- Performing Test CMAKE_HAVE_LIBC_PTHREAD
[3.803s] -- Performing Test CMAKE_HAVE_LIBC_PTHREAD - Success
[3.805s] -- Found Threads: TRUE  
[3.994s] -- Found rclpy: 3.3.15 (/opt/ros/humble/share/rclpy/cmake)
[3.999s] -- Found hardware_interface: 2.48.0 (/opt/ros/humble/share/hardware_interface/cmake)
[4.964s] -- Found PkgConfig: /usr/bin/pkg-config (found version "0.29.2") 
[4.969s] -- Checking for module 'libserial'
[5.000s] --   Found libserial, version 1.0.0
[5.473s] -- Configuring done
[5.661s] -- Generating done
[5.683s] -- Build files have been written to: /workspace/bumperbot_ws/build/bumperbot_firmware
[5.723s] Invoked command in '/workspace/bumperbot_ws/build/bumperbot_firmware' returned '0': CMAKE_PREFIX_PATH=/opt/ros/humble /usr/bin/cmake /workspace/bumperbot_ws/src/bumperbot_firmware -DCMAKE_INSTALL_PREFIX=/workspace/bumperbot_ws/install/bumperbot_firmware
[5.724s] Invoking command in '/workspace/bumperbot_ws/build/bumperbot_firmware': CMAKE_PREFIX_PATH=/opt/ros/humble /usr/bin/cmake --build /workspace/bumperbot_ws/build/bumperbot_firmware -- -j4 -l4
[5.995s] [ 16%] [32mBuilding CXX object CMakeFiles/simple_serial_receiver.dir/src/simple_serial_receiver.cpp.o[0m
[6.000s] [ 33%] [32mBuilding CXX object CMakeFiles/bumperbot_firmware.dir/src/bumperbot_interface.cpp.o[0m
[6.000s] [ 50%] [32mBuilding CXX object CMakeFiles/simple_serial_transmitter.dir/src/simple_serial_transmitter.cpp.o[0m
[6.041s] [ 50%] Built target ament_cmake_python_copy_bumperbot_firmware
[6.897s] running egg_info
[6.897s] creating bumperbot_firmware.egg-info
[6.897s] writing bumperbot_firmware.egg-info/PKG-INFO
[6.897s] writing dependency_links to bumperbot_firmware.egg-info/dependency_links.txt
[6.898s] writing top-level names to bumperbot_firmware.egg-info/top_level.txt
[6.898s] writing manifest file 'bumperbot_firmware.egg-info/SOURCES.txt'
[6.903s] reading manifest file 'bumperbot_firmware.egg-info/SOURCES.txt'
[6.906s] writing manifest file 'bumperbot_firmware.egg-info/SOURCES.txt'
[7.013s] [ 50%] Built target ament_cmake_python_build_bumperbot_firmware_egg
