[0.023s] Invoking command in '/workspace/bumperbot_ws/build/bumperbot_utils': CMAKE_PREFIX_PATH=/opt/ros/humble /usr/bin/cmake /workspace/bumperbot_ws/src/bumperbot_utils -DCMAKE_INSTALL_PREFIX=/workspace/bumperbot_ws/install/bumperbot_utils
[0.240s] -- The C compiler identification is GNU 11.4.0
[0.451s] -- The CXX compiler identification is GNU 11.4.0
[0.479s] -- Detecting C compiler ABI info
[0.820s] -- Detecting C compiler ABI info - done
[0.845s] -- Check for working C compiler: /usr/bin/cc - skipped
[0.852s] -- Detecting C compile features
[0.852s] -- Detecting C compile features - done
[0.860s] -- Detecting CXX compiler ABI info
[1.333s] -- Detecting CXX compiler ABI info - done
[1.374s] -- Check for working CXX compiler: /usr/bin/c++ - skipped
[1.374s] -- Detecting CXX compile features
[1.374s] -- Detecting CXX compile features - done
[1.392s] -- Found ament_cmake: 1.3.11 (/opt/ros/humble/share/ament_cmake/cmake)
[1.703s] -- Found Python3: /usr/bin/python3 (found version "3.10.12") found components: Interpreter 
[1.907s] -- Found rclcpp: 16.0.11 (/opt/ros/humble/share/rclcpp/cmake)
[1.983s] -- Found rosidl_generator_c: 3.1.6 (/opt/ros/humble/share/rosidl_generator_c/cmake)
[1.994s] -- Found rosidl_adapter: 3.1.6 (/opt/ros/humble/share/rosidl_adapter/cmake)
[2.012s] -- Found rosidl_generator_cpp: 3.1.6 (/opt/ros/humble/share/rosidl_generator_cpp/cmake)
[2.036s] -- Using all available rosidl_typesupport_c: rosidl_typesupport_fastrtps_c;rosidl_typesupport_introspection_c
[2.069s] -- Using all available rosidl_typesupport_cpp: rosidl_typesupport_fastrtps_cpp;rosidl_typesupport_introspection_cpp
[2.157s] -- Found rmw_implementation_cmake: 6.1.2 (/opt/ros/humble/share/rmw_implementation_cmake/cmake)
[2.166s] -- Found rmw_fastrtps_cpp: 6.2.7 (/opt/ros/humble/share/rmw_fastrtps_cpp/cmake)
[2.476s] -- Found OpenSSL: /usr/lib/aarch64-linux-gnu/libcrypto.so (found version "3.0.2")  
[2.622s] -- Found FastRTPS: /opt/ros/humble/include  
[2.832s] -- Using RMW implementation 'rmw_fastrtps_cpp' as default
[2.875s] -- Looking for pthread.h
[3.212s] -- Looking for pthread.h - found
[3.216s] -- Performing Test CMAKE_HAVE_LIBC_PTHREAD
[3.495s] -- Performing Test CMAKE_HAVE_LIBC_PTHREAD - Success
[3.500s] -- Found Threads: TRUE  
[3.819s] -- Found rclpy: 3.3.15 (/opt/ros/humble/share/rclpy/cmake)
[3.826s] -- Found geometry_msgs: 4.2.4 (/opt/ros/humble/share/geometry_msgs/cmake)
[3.886s] -- Found sensor_msgs: 4.2.4 (/opt/ros/humble/share/sensor_msgs/cmake)
[4.001s] -- Found twist_mux_msgs: 3.0.1 (/opt/ros/humble/share/twist_mux_msgs/cmake)
[4.257s] -- Found rclcpp_action: 16.0.11 (/opt/ros/humble/share/rclcpp_action/cmake)
[4.332s] -- Found visualization_msgs: 4.2.4 (/opt/ros/humble/share/visualization_msgs/cmake)
[5.280s] -- Configuring done
[5.360s] -- Generating done
[5.395s] -- Build files have been written to: /workspace/bumperbot_ws/build/bumperbot_utils
[5.457s] Invoked command in '/workspace/bumperbot_ws/build/bumperbot_utils' returned '0': CMAKE_PREFIX_PATH=/opt/ros/humble /usr/bin/cmake /workspace/bumperbot_ws/src/bumperbot_utils -DCMAKE_INSTALL_PREFIX=/workspace/bumperbot_ws/install/bumperbot_utils
[5.458s] Invoking command in '/workspace/bumperbot_ws/build/bumperbot_utils': CMAKE_PREFIX_PATH=/opt/ros/humble /usr/bin/cmake --build /workspace/bumperbot_ws/build/bumperbot_utils -- -j4 -l4
[5.677s] [ 50%] [32mBuilding CXX object CMakeFiles/safety_stop.dir/src/safety_stop.cpp.o[0m
[5.704s] [ 50%] Built target ament_cmake_python_copy_bumperbot_utils
[6.617s] running egg_info
[6.624s] creating bumperbot_utils.egg-info
[6.624s] writing bumperbot_utils.egg-info/PKG-INFO
[6.628s] writing dependency_links to bumperbot_utils.egg-info/dependency_links.txt
[6.628s] writing top-level names to bumperbot_utils.egg-info/top_level.txt
[6.629s] writing manifest file 'bumperbot_utils.egg-info/SOURCES.txt'
[6.641s] reading manifest file 'bumperbot_utils.egg-info/SOURCES.txt'
[6.647s] writing manifest file 'bumperbot_utils.egg-info/SOURCES.txt'
[6.887s] [ 50%] Built target ament_cmake_python_build_bumperbot_utils_egg
