[0.024s] Invoking command in '/workspace/bumperbot_ws/build/robot_bringup': CMAKE_PREFIX_PATH=${CMAKE_PREFIX_PATH}:/opt/ros/humble /usr/bin/cmake /workspace/bumperbot_ws/src/robot_bringup -DCMAKE_INSTALL_PREFIX=/workspace/bumperbot_ws/install/robot_bringup
[0.580s] -- The C compiler identification is GNU 11.4.0
[0.794s] -- The CXX compiler identification is GNU 11.4.0
[0.826s] -- Detecting C compiler ABI info
[1.010s] -- Detecting C compiler ABI info - done
[1.022s] -- Check for working C compiler: /usr/bin/cc - skipped
[1.023s] -- Detecting C compile features
[1.023s] -- Detecting C compile features - done
[1.029s] -- Detecting CXX compiler ABI info
[1.226s] -- Detecting CXX compiler ABI info - done
[1.240s] -- Check for working CXX compiler: /usr/bin/c++ - skipped
[1.241s] -- Detecting CXX compile features
[1.242s] -- Detecting CXX compile features - done
[1.255s] -- Found ament_cmake: 1.3.11 (/opt/ros/humble/share/ament_cmake/cmake)
[1.609s] -- Found Python3: /usr/bin/python3 (found version "3.10.12") found components: Interpreter 
[1.896s] -- Found ament_lint_auto: 0.12.11 (/opt/ros/humble/share/ament_lint_auto/cmake)
[2.118s] -- Added test 'flake8' to check Python code syntax and style conventions
[2.121s] -- Added test 'lint_cmake' to check CMake code style
[2.123s] -- Added test 'pep257' to check Python code against some of the docstring style conventions in PEP 257
[2.126s] -- Added test 'xmllint' to check XML markup files
[2.129s] -- Configuring done
[2.134s] -- Generating done
[2.137s] -- Build files have been written to: /workspace/bumperbot_ws/build/robot_bringup
[2.151s] Invoked command in '/workspace/bumperbot_ws/build/robot_bringup' returned '0': CMAKE_PREFIX_PATH=${CMAKE_PREFIX_PATH}:/opt/ros/humble /usr/bin/cmake /workspace/bumperbot_ws/src/robot_bringup -DCMAKE_INSTALL_PREFIX=/workspace/bumperbot_ws/install/robot_bringup
[2.156s] Invoking command in '/workspace/bumperbot_ws/build/robot_bringup': CMAKE_PREFIX_PATH=${CMAKE_PREFIX_PATH}:/opt/ros/humble /usr/bin/cmake --build /workspace/bumperbot_ws/build/robot_bringup -- -j4 -l4
[2.299s] Invoked command in '/workspace/bumperbot_ws/build/robot_bringup' returned '0': CMAKE_PREFIX_PATH=${CMAKE_PREFIX_PATH}:/opt/ros/humble /usr/bin/cmake --build /workspace/bumperbot_ws/build/robot_bringup -- -j4 -l4
[2.304s] Invoking command in '/workspace/bumperbot_ws/build/robot_bringup': CMAKE_PREFIX_PATH=${CMAKE_PREFIX_PATH}:/opt/ros/humble /usr/bin/cmake --install /workspace/bumperbot_ws/build/robot_bringup
[2.319s] -- Install configuration: ""
[2.321s] -- Installing: /workspace/bumperbot_ws/install/robot_bringup/share/robot_bringup//launch
[2.321s] -- Installing: /workspace/bumperbot_ws/install/robot_bringup/share/robot_bringup//launch/robot_bringup.launch.py
[2.322s] -- Installing: /workspace/bumperbot_ws/install/robot_bringup/lib/robot_bringup/cal_odom.py
[2.325s] -- Installing: /workspace/bumperbot_ws/install/robot_bringup/lib/robot_bringup/control_vel_mortor.py
[2.325s] -- Installing: /workspace/bumperbot_ws/install/robot_bringup/share/ament_index/resource_index/package_run_dependencies/robot_bringup
[2.327s] -- Installing: /workspace/bumperbot_ws/install/robot_bringup/share/ament_index/resource_index/parent_prefix_path/robot_bringup
[2.327s] -- Installing: /workspace/bumperbot_ws/install/robot_bringup/share/robot_bringup/environment/ament_prefix_path.sh
[2.327s] -- Installing: /workspace/bumperbot_ws/install/robot_bringup/share/robot_bringup/environment/ament_prefix_path.dsv
[2.327s] -- Installing: /workspace/bumperbot_ws/install/robot_bringup/share/robot_bringup/environment/path.sh
[2.328s] -- Installing: /workspace/bumperbot_ws/install/robot_bringup/share/robot_bringup/environment/path.dsv
[2.330s] -- Installing: /workspace/bumperbot_ws/install/robot_bringup/share/robot_bringup/local_setup.bash
[2.331s] -- Installing: /workspace/bumperbot_ws/install/robot_bringup/share/robot_bringup/local_setup.sh
[2.331s] -- Installing: /workspace/bumperbot_ws/install/robot_bringup/share/robot_bringup/local_setup.zsh
[2.331s] -- Installing: /workspace/bumperbot_ws/install/robot_bringup/share/robot_bringup/local_setup.dsv
[2.331s] -- Installing: /workspace/bumperbot_ws/install/robot_bringup/share/robot_bringup/package.dsv
[2.331s] -- Installing: /workspace/bumperbot_ws/install/robot_bringup/share/ament_index/resource_index/packages/robot_bringup
[2.335s] -- Installing: /workspace/bumperbot_ws/install/robot_bringup/share/robot_bringup/cmake/robot_bringupConfig.cmake
[2.335s] -- Installing: /workspace/bumperbot_ws/install/robot_bringup/share/robot_bringup/cmake/robot_bringupConfig-version.cmake
[2.335s] -- Installing: /workspace/bumperbot_ws/install/robot_bringup/share/robot_bringup/package.xml
[2.377s] Invoked command in '/workspace/bumperbot_ws/build/robot_bringup' returned '0': CMAKE_PREFIX_PATH=${CMAKE_PREFIX_PATH}:/opt/ros/humble /usr/bin/cmake --install /workspace/bumperbot_ws/build/robot_bringup
