[ 50%] [32mBuilding CXX object CMakeFiles/safety_stop.dir/src/safety_stop.cpp.o[0m
[ 50%] Built target ament_cmake_python_copy_bumperbot_utils
running egg_info
writing bumperbot_utils.egg-info/PKG-INFO
writing dependency_links to bumperbot_utils.egg-info/dependency_links.txt
writing top-level names to bumperbot_utils.egg-info/top_level.txt
reading manifest file 'bumperbot_utils.egg-info/SOURCES.txt'
writing manifest file 'bumperbot_utils.egg-info/SOURCES.txt'
[ 50%] Built target ament_cmake_python_build_bumperbot_utils_egg
[100%] [32m[1mLinking CXX executable safety_stop[0m
[100%] Built target safety_stop
-- Install configuration: ""
-- Installing: /workspace/bumperbot_ws/install/bumperbot_utils/share/bumperbot_utils/environment/pythonpath.sh
-- Installing: /workspace/bumperbot_ws/install/bumperbot_utils/share/bumperbot_utils/environment/pythonpath.dsv
-- Installing: /workspace/bumperbot_ws/install/bumperbot_utils/local/lib/python3.10/dist-packages/bumperbot_utils-0.0.0-py3.10.egg-info
-- Installing: /workspace/bumperbot_ws/install/bumperbot_utils/local/lib/python3.10/dist-packages/bumperbot_utils-0.0.0-py3.10.egg-info/SOURCES.txt
-- Installing: /workspace/bumperbot_ws/install/bumperbot_utils/local/lib/python3.10/dist-packages/bumperbot_utils-0.0.0-py3.10.egg-info/PKG-INFO
-- Installing: /workspace/bumperbot_ws/install/bumperbot_utils/local/lib/python3.10/dist-packages/bumperbot_utils-0.0.0-py3.10.egg-info/dependency_links.txt
-- Installing: /workspace/bumperbot_ws/install/bumperbot_utils/local/lib/python3.10/dist-packages/bumperbot_utils-0.0.0-py3.10.egg-info/top_level.txt
-- Installing: /workspace/bumperbot_ws/install/bumperbot_utils/local/lib/python3.10/dist-packages/bumperbot_utils
-- Installing: /workspace/bumperbot_ws/install/bumperbot_utils/local/lib/python3.10/dist-packages/bumperbot_utils/safety_stop.py
-- Installing: /workspace/bumperbot_ws/install/bumperbot_utils/local/lib/python3.10/dist-packages/bumperbot_utils/__init__.py
Listing '/workspace/bumperbot_ws/install/bumperbot_utils/local/lib/python3.10/dist-packages/bumperbot_utils'...
Compiling '/workspace/bumperbot_ws/install/bumperbot_utils/local/lib/python3.10/dist-packages/bumperbot_utils/__init__.py'...
Compiling '/workspace/bumperbot_ws/install/bumperbot_utils/local/lib/python3.10/dist-packages/bumperbot_utils/safety_stop.py'...
-- Installing: /workspace/bumperbot_ws/install/bumperbot_utils/lib/bumperbot_utils/safety_stop
-- Set runtime path of "/workspace/bumperbot_ws/install/bumperbot_utils/lib/bumperbot_utils/safety_stop" to ""
-- Installing: /workspace/bumperbot_ws/install/bumperbot_utils/lib/bumperbot_utils/safety_stop.py
-- Installing: /workspace/bumperbot_ws/install/bumperbot_utils/share/ament_index/resource_index/package_run_dependencies/bumperbot_utils
-- Installing: /workspace/bumperbot_ws/install/bumperbot_utils/share/ament_index/resource_index/parent_prefix_path/bumperbot_utils
-- Installing: /workspace/bumperbot_ws/install/bumperbot_utils/share/bumperbot_utils/environment/ament_prefix_path.sh
-- Installing: /workspace/bumperbot_ws/install/bumperbot_utils/share/bumperbot_utils/environment/ament_prefix_path.dsv
-- Installing: /workspace/bumperbot_ws/install/bumperbot_utils/share/bumperbot_utils/environment/path.sh
-- Installing: /workspace/bumperbot_ws/install/bumperbot_utils/share/bumperbot_utils/environment/path.dsv
-- Installing: /workspace/bumperbot_ws/install/bumperbot_utils/share/bumperbot_utils/local_setup.bash
-- Installing: /workspace/bumperbot_ws/install/bumperbot_utils/share/bumperbot_utils/local_setup.sh
-- Installing: /workspace/bumperbot_ws/install/bumperbot_utils/share/bumperbot_utils/local_setup.zsh
-- Installing: /workspace/bumperbot_ws/install/bumperbot_utils/share/bumperbot_utils/local_setup.dsv
-- Installing: /workspace/bumperbot_ws/install/bumperbot_utils/share/bumperbot_utils/package.dsv
-- Installing: /workspace/bumperbot_ws/install/bumperbot_utils/share/ament_index/resource_index/packages/bumperbot_utils
-- Installing: /workspace/bumperbot_ws/install/bumperbot_utils/share/bumperbot_utils/cmake/bumperbot_utilsConfig.cmake
-- Installing: /workspace/bumperbot_ws/install/bumperbot_utils/share/bumperbot_utils/cmake/bumperbot_utilsConfig-version.cmake
-- Installing: /workspace/bumperbot_ws/install/bumperbot_utils/share/bumperbot_utils/package.xml
