[0.045s] Invoking command in '/workspace/bumperbot_ws/build/bumperbot_controller': CMAKE_PREFIX_PATH=/opt/ros/humble /usr/bin/cmake --build /workspace/bumperbot_ws/build/bumperbot_controller -- -j4 -l4
[0.532s] [  0%] Built target ament_cmake_python_copy_bumperbot_controller
[0.892s] [ 33%] Built target twist_relay
[0.892s] [ 66%] Built target simple_controller
[0.893s] [100%] Built target noisy_controller
[1.385s] running egg_info
[1.388s] writing bumperbot_controller.egg-info/PKG-INFO
[1.388s] writing dependency_links to bumperbot_controller.egg-info/dependency_links.txt
[1.391s] writing top-level names to bumperbot_controller.egg-info/top_level.txt
[1.407s] reading manifest file 'bumperbot_controller.egg-info/SOURCES.txt'
[1.415s] writing manifest file 'bumperbot_controller.egg-info/SOURCES.txt'
[1.522s] [100%] Built target ament_cmake_python_build_bumperbot_controller_egg
[1.551s] Invoked command in '/workspace/bumperbot_ws/build/bumperbot_controller' returned '0': CMAKE_PREFIX_PATH=/opt/ros/humble /usr/bin/cmake --build /workspace/bumperbot_ws/build/bumperbot_controller -- -j4 -l4
[1.561s] Invoking command in '/workspace/bumperbot_ws/build/bumperbot_controller': CMAKE_PREFIX_PATH=/opt/ros/humble /usr/bin/cmake --install /workspace/bumperbot_ws/build/bumperbot_controller
[1.579s] -- Install configuration: ""
[1.579s] -- Up-to-date: /workspace/bumperbot_ws/install/bumperbot_controller/share/bumperbot_controller/environment/pythonpath.sh
[1.580s] -- Up-to-date: /workspace/bumperbot_ws/install/bumperbot_controller/share/bumperbot_controller/environment/pythonpath.dsv
[1.581s] -- Up-to-date: /workspace/bumperbot_ws/install/bumperbot_controller/local/lib/python3.10/dist-packages/bumperbot_controller-0.0.0-py3.10.egg-info
[1.582s] -- Installing: /workspace/bumperbot_ws/install/bumperbot_controller/local/lib/python3.10/dist-packages/bumperbot_controller-0.0.0-py3.10.egg-info/SOURCES.txt
[1.582s] -- Installing: /workspace/bumperbot_ws/install/bumperbot_controller/local/lib/python3.10/dist-packages/bumperbot_controller-0.0.0-py3.10.egg-info/PKG-INFO
[1.583s] -- Installing: /workspace/bumperbot_ws/install/bumperbot_controller/local/lib/python3.10/dist-packages/bumperbot_controller-0.0.0-py3.10.egg-info/dependency_links.txt
[1.583s] -- Installing: /workspace/bumperbot_ws/install/bumperbot_controller/local/lib/python3.10/dist-packages/bumperbot_controller-0.0.0-py3.10.egg-info/top_level.txt
[1.584s] -- Up-to-date: /workspace/bumperbot_ws/install/bumperbot_controller/local/lib/python3.10/dist-packages/bumperbot_controller
[1.585s] -- Up-to-date: /workspace/bumperbot_ws/install/bumperbot_controller/local/lib/python3.10/dist-packages/bumperbot_controller/simple_controller.py
[1.585s] -- Up-to-date: /workspace/bumperbot_ws/install/bumperbot_controller/local/lib/python3.10/dist-packages/bumperbot_controller/noisy_controller.py
[1.585s] -- Up-to-date: /workspace/bumperbot_ws/install/bumperbot_controller/local/lib/python3.10/dist-packages/bumperbot_controller/twist_relay.py
[1.587s] -- Up-to-date: /workspace/bumperbot_ws/install/bumperbot_controller/local/lib/python3.10/dist-packages/bumperbot_controller/__init__.py
[1.681s] Listing '/workspace/bumperbot_ws/install/bumperbot_controller/local/lib/python3.10/dist-packages/bumperbot_controller'...
[1.696s] -- Up-to-date: /workspace/bumperbot_ws/install/bumperbot_controller/include/include
[1.696s] -- Up-to-date: /workspace/bumperbot_ws/install/bumperbot_controller/include/include/bumperbot_controller
[1.696s] -- Up-to-date: /workspace/bumperbot_ws/install/bumperbot_controller/include/include/bumperbot_controller/noisy_controller.hpp
[1.696s] -- Up-to-date: /workspace/bumperbot_ws/install/bumperbot_controller/include/include/bumperbot_controller/simple_controller.hpp
[1.705s] -- Up-to-date: /workspace/bumperbot_ws/install/bumperbot_controller/lib/bumperbot_controller/simple_controller
[1.708s] -- Up-to-date: /workspace/bumperbot_ws/install/bumperbot_controller/lib/bumperbot_controller/noisy_controller
[1.716s] -- Up-to-date: /workspace/bumperbot_ws/install/bumperbot_controller/lib/bumperbot_controller/twist_relay
[1.716s] -- Up-to-date: /workspace/bumperbot_ws/install/bumperbot_controller/share/bumperbot_controller/launch
[1.719s] -- Up-to-date: /workspace/bumperbot_ws/install/bumperbot_controller/share/bumperbot_controller/launch/controller.launch.py
[1.719s] -- Up-to-date: /workspace/bumperbot_ws/install/bumperbot_controller/share/bumperbot_controller/launch/joystick_teleop.launch.py
[1.719s] -- Up-to-date: /workspace/bumperbot_ws/install/bumperbot_controller/share/bumperbot_controller/config
[1.720s] -- Up-to-date: /workspace/bumperbot_ws/install/bumperbot_controller/share/bumperbot_controller/config/twist_mux_topics.yaml
[1.720s] -- Up-to-date: /workspace/bumperbot_ws/install/bumperbot_controller/share/bumperbot_controller/config/bumperbot_controllers.yaml
[1.720s] -- Up-to-date: /workspace/bumperbot_ws/install/bumperbot_controller/share/bumperbot_controller/config/twist_mux_joy.yaml
[1.720s] -- Up-to-date: /workspace/bumperbot_ws/install/bumperbot_controller/share/bumperbot_controller/config/twist_mux_locks.yaml
[1.720s] -- Up-to-date: /workspace/bumperbot_ws/install/bumperbot_controller/share/bumperbot_controller/config/joy_teleop.yaml
[1.721s] -- Up-to-date: /workspace/bumperbot_ws/install/bumperbot_controller/share/bumperbot_controller/config/joy_config.yaml
[1.721s] -- Up-to-date: /workspace/bumperbot_ws/install/bumperbot_controller/lib/bumperbot_controller/simple_controller.py
[1.721s] -- Up-to-date: /workspace/bumperbot_ws/install/bumperbot_controller/lib/bumperbot_controller/noisy_controller.py
[1.721s] -- Up-to-date: /workspace/bumperbot_ws/install/bumperbot_controller/lib/bumperbot_controller/twist_relay.py
[1.721s] -- Up-to-date: /workspace/bumperbot_ws/install/bumperbot_controller/share/ament_index/resource_index/package_run_dependencies/bumperbot_controller
[1.721s] -- Up-to-date: /workspace/bumperbot_ws/install/bumperbot_controller/share/ament_index/resource_index/parent_prefix_path/bumperbot_controller
[1.721s] -- Up-to-date: /workspace/bumperbot_ws/install/bumperbot_controller/share/bumperbot_controller/environment/ament_prefix_path.sh
[1.721s] -- Up-to-date: /workspace/bumperbot_ws/install/bumperbot_controller/share/bumperbot_controller/environment/ament_prefix_path.dsv
[1.721s] -- Up-to-date: /workspace/bumperbot_ws/install/bumperbot_controller/share/bumperbot_controller/environment/path.sh
[1.721s] -- Up-to-date: /workspace/bumperbot_ws/install/bumperbot_controller/share/bumperbot_controller/environment/path.dsv
[1.722s] -- Up-to-date: /workspace/bumperbot_ws/install/bumperbot_controller/share/bumperbot_controller/local_setup.bash
[1.722s] -- Up-to-date: /workspace/bumperbot_ws/install/bumperbot_controller/share/bumperbot_controller/local_setup.sh
[1.722s] -- Up-to-date: /workspace/bumperbot_ws/install/bumperbot_controller/share/bumperbot_controller/local_setup.zsh
[1.722s] -- Up-to-date: /workspace/bumperbot_ws/install/bumperbot_controller/share/bumperbot_controller/local_setup.dsv
[1.722s] -- Installing: /workspace/bumperbot_ws/install/bumperbot_controller/share/bumperbot_controller/package.dsv
[1.722s] -- Up-to-date: /workspace/bumperbot_ws/install/bumperbot_controller/share/ament_index/resource_index/packages/bumperbot_controller
[1.722s] -- Up-to-date: /workspace/bumperbot_ws/install/bumperbot_controller/share/bumperbot_controller/cmake/bumperbot_controllerConfig.cmake
[1.722s] -- Up-to-date: /workspace/bumperbot_ws/install/bumperbot_controller/share/bumperbot_controller/cmake/bumperbot_controllerConfig-version.cmake
[1.723s] -- Up-to-date: /workspace/bumperbot_ws/install/bumperbot_controller/share/bumperbot_controller/package.xml
[1.775s] Invoked command in '/workspace/bumperbot_ws/build/bumperbot_controller' returned '0': CMAKE_PREFIX_PATH=/opt/ros/humble /usr/bin/cmake --install /workspace/bumperbot_ws/build/bumperbot_controller
