[1.319s] Invoking command in '/workspace/bumperbot_ws/src/bumperbot_py_examples': AMENT_PREFIX_PATH=/workspace/bumperbot_ws/install/bumperbot_msgs:${AMENT_PREFIX_PATH} CMAKE_PREFIX_PATH=/workspace/bumperbot_ws/install/bumperbot_msgs LD_LIBRARY_PATH=/workspace/bumperbot_ws/install/bumperbot_msgs/lib:${LD_LIBRARY_PATH} PYTHONPATH=/workspace/bumperbot_ws/build/bumperbot_py_examples/prefix_override:/usr/lib/python3/dist-packages/colcon_core/task/python/colcon_distutils_commands:/workspace/bumperbot_ws/install/bumperbot_py_examples/lib/python3.10/site-packages:/workspace/bumperbot_ws/install/bumperbot_msgs/local/lib/python3.10/dist-packages:${PYTHONPATH} /usr/bin/python3 -W ignore:setup.py install is deprecated -W ignore:easy_install command is deprecated setup.py egg_info --egg-base ../../build/bumperbot_py_examples build --build-base /workspace/bumperbot_ws/build/bumperbot_py_examples/build install --record /workspace/bumperbot_ws/build/bumperbot_py_examples/install.log --single-version-externally-managed install_data
[1.601s] running egg_info
[1.602s] writing ../../build/bumperbot_py_examples/bumperbot_py_examples.egg-info/PKG-INFO
[1.602s] writing dependency_links to ../../build/bumperbot_py_examples/bumperbot_py_examples.egg-info/dependency_links.txt
[1.607s] writing entry points to ../../build/bumperbot_py_examples/bumperbot_py_examples.egg-info/entry_points.txt
[1.608s] writing requirements to ../../build/bumperbot_py_examples/bumperbot_py_examples.egg-info/requires.txt
[1.609s] writing top-level names to ../../build/bumperbot_py_examples/bumperbot_py_examples.egg-info/top_level.txt
[1.613s] reading manifest file '../../build/bumperbot_py_examples/bumperbot_py_examples.egg-info/SOURCES.txt'
[1.615s] writing manifest file '../../build/bumperbot_py_examples/bumperbot_py_examples.egg-info/SOURCES.txt'
[1.615s] running build
[1.615s] running build_py
[1.616s] running install
[1.617s] running install_lib
[1.619s] running install_data
[1.619s] running install_egg_info
[1.622s] removing '/workspace/bumperbot_ws/install/bumperbot_py_examples/lib/python3.10/site-packages/bumperbot_py_examples-0.0.0-py3.10.egg-info' (and everything under it)
[1.623s] Copying ../../build/bumperbot_py_examples/bumperbot_py_examples.egg-info to /workspace/bumperbot_ws/install/bumperbot_py_examples/lib/python3.10/site-packages/bumperbot_py_examples-0.0.0-py3.10.egg-info
[1.626s] running install_scripts
[1.659s] Installing simple_action_client script to /workspace/bumperbot_ws/install/bumperbot_py_examples/lib/bumperbot_py_examples
[1.659s] Installing simple_action_server script to /workspace/bumperbot_ws/install/bumperbot_py_examples/lib/bumperbot_py_examples
[1.662s] Installing simple_lifecycle_node script to /workspace/bumperbot_ws/install/bumperbot_py_examples/lib/bumperbot_py_examples
[1.663s] Installing simple_parameter script to /workspace/bumperbot_ws/install/bumperbot_py_examples/lib/bumperbot_py_examples
[1.664s] Installing simple_publisher script to /workspace/bumperbot_ws/install/bumperbot_py_examples/lib/bumperbot_py_examples
[1.665s] Installing simple_qos_publisher script to /workspace/bumperbot_ws/install/bumperbot_py_examples/lib/bumperbot_py_examples
[1.666s] Installing simple_qos_subscriber script to /workspace/bumperbot_ws/install/bumperbot_py_examples/lib/bumperbot_py_examples
[1.667s] Installing simple_service_client script to /workspace/bumperbot_ws/install/bumperbot_py_examples/lib/bumperbot_py_examples
[1.669s] Installing simple_service_server script to /workspace/bumperbot_ws/install/bumperbot_py_examples/lib/bumperbot_py_examples
[1.670s] Installing simple_subscriber script to /workspace/bumperbot_ws/install/bumperbot_py_examples/lib/bumperbot_py_examples
[1.672s] Installing simple_tf_kinematics script to /workspace/bumperbot_ws/install/bumperbot_py_examples/lib/bumperbot_py_examples
[1.673s] Installing simple_turtlesim_kinematics script to /workspace/bumperbot_ws/install/bumperbot_py_examples/lib/bumperbot_py_examples
[1.675s] writing list of installed files to '/workspace/bumperbot_ws/build/bumperbot_py_examples/install.log'
[1.734s] Invoked command in '/workspace/bumperbot_ws/src/bumperbot_py_examples' returned '0': AMENT_PREFIX_PATH=/workspace/bumperbot_ws/install/bumperbot_msgs:${AMENT_PREFIX_PATH} CMAKE_PREFIX_PATH=/workspace/bumperbot_ws/install/bumperbot_msgs LD_LIBRARY_PATH=/workspace/bumperbot_ws/install/bumperbot_msgs/lib:${LD_LIBRARY_PATH} PYTHONPATH=/workspace/bumperbot_ws/build/bumperbot_py_examples/prefix_override:/usr/lib/python3/dist-packages/colcon_core/task/python/colcon_distutils_commands:/workspace/bumperbot_ws/install/bumperbot_py_examples/lib/python3.10/site-packages:/workspace/bumperbot_ws/install/bumperbot_msgs/local/lib/python3.10/dist-packages:${PYTHONPATH} /usr/bin/python3 -W ignore:setup.py install is deprecated -W ignore:easy_install command is deprecated setup.py egg_info --egg-base ../../build/bumperbot_py_examples build --build-base /workspace/bumperbot_ws/build/bumperbot_py_examples/build install --record /workspace/bumperbot_ws/build/bumperbot_py_examples/install.log --single-version-externally-managed install_data
