[0.055s] Invoking command in '/workspace/bumperbot_ws/build/bumperbot_mapping': CMAKE_PREFIX_PATH=/opt/ros/humble /usr/bin/cmake --build /workspace/bumperbot_ws/build/bumperbot_mapping -- -j4 -l4
[0.145s] [35m[1mConsolidate compiler generated dependencies of target mapping_with_known_poses[0m
[0.185s] [100%] Built target mapping_with_known_poses
[0.248s] [100%] Built target ament_cmake_python_copy_bumperbot_mapping
[0.636s] running egg_info
[0.637s] writing bumperbot_mapping.egg-info/PKG-INFO
[0.638s] writing dependency_links to bumperbot_mapping.egg-info/dependency_links.txt
[0.641s] writing top-level names to bumperbot_mapping.egg-info/top_level.txt
[0.645s] reading manifest file 'bumperbot_mapping.egg-info/SOURCES.txt'
[0.646s] writing manifest file 'bumperbot_mapping.egg-info/SOURCES.txt'
[0.732s] [100%] Built target ament_cmake_python_build_bumperbot_mapping_egg
[0.758s] Invoked command in '/workspace/bumperbot_ws/build/bumperbot_mapping' returned '0': CMAKE_PREFIX_PATH=/opt/ros/humble /usr/bin/cmake --build /workspace/bumperbot_ws/build/bumperbot_mapping -- -j4 -l4
[0.784s] Invoking command in '/workspace/bumperbot_ws/build/bumperbot_mapping': CMAKE_PREFIX_PATH=/opt/ros/humble /usr/bin/cmake --install /workspace/bumperbot_ws/build/bumperbot_mapping
[0.802s] -- Install configuration: ""
[0.803s] -- Up-to-date: /workspace/bumperbot_ws/install/bumperbot_mapping/share/bumperbot_mapping/environment/pythonpath.sh
[0.803s] -- Up-to-date: /workspace/bumperbot_ws/install/bumperbot_mapping/share/bumperbot_mapping/environment/pythonpath.dsv
[0.804s] -- Up-to-date: /workspace/bumperbot_ws/install/bumperbot_mapping/local/lib/python3.10/dist-packages/bumperbot_mapping-0.0.0-py3.10.egg-info
[0.805s] -- Installing: /workspace/bumperbot_ws/install/bumperbot_mapping/local/lib/python3.10/dist-packages/bumperbot_mapping-0.0.0-py3.10.egg-info/SOURCES.txt
[0.805s] -- Installing: /workspace/bumperbot_ws/install/bumperbot_mapping/local/lib/python3.10/dist-packages/bumperbot_mapping-0.0.0-py3.10.egg-info/PKG-INFO
[0.805s] -- Installing: /workspace/bumperbot_ws/install/bumperbot_mapping/local/lib/python3.10/dist-packages/bumperbot_mapping-0.0.0-py3.10.egg-info/dependency_links.txt
[0.806s] -- Installing: /workspace/bumperbot_ws/install/bumperbot_mapping/local/lib/python3.10/dist-packages/bumperbot_mapping-0.0.0-py3.10.egg-info/top_level.txt
[0.806s] -- Up-to-date: /workspace/bumperbot_ws/install/bumperbot_mapping/local/lib/python3.10/dist-packages/bumperbot_mapping
[0.808s] -- Up-to-date: /workspace/bumperbot_ws/install/bumperbot_mapping/local/lib/python3.10/dist-packages/bumperbot_mapping/mapping_with_known_poses.py
[0.808s] -- Up-to-date: /workspace/bumperbot_ws/install/bumperbot_mapping/local/lib/python3.10/dist-packages/bumperbot_mapping/__init__.py
[0.875s] Listing '/workspace/bumperbot_ws/install/bumperbot_mapping/local/lib/python3.10/dist-packages/bumperbot_mapping'...
[0.889s] -- Up-to-date: /workspace/bumperbot_ws/install/bumperbot_mapping/include/include
[0.891s] -- Up-to-date: /workspace/bumperbot_ws/install/bumperbot_mapping/include/include/bumperbot_mapping
[0.891s] -- Up-to-date: /workspace/bumperbot_ws/install/bumperbot_mapping/include/include/bumperbot_mapping/mapping_with_known_poses.hpp
[0.891s] -- Up-to-date: /workspace/bumperbot_ws/install/bumperbot_mapping/lib/bumperbot_mapping/mapping_with_known_poses
[0.891s] -- Up-to-date: /workspace/bumperbot_ws/install/bumperbot_mapping/share/bumperbot_mapping/config
[0.891s] -- Up-to-date: /workspace/bumperbot_ws/install/bumperbot_mapping/share/bumperbot_mapping/config/slam_toolbox.yaml
[0.892s] -- Up-to-date: /workspace/bumperbot_ws/install/bumperbot_mapping/share/bumperbot_mapping/launch
[0.892s] -- Up-to-date: /workspace/bumperbot_ws/install/bumperbot_mapping/share/bumperbot_mapping/launch/slam.launch.py
[0.892s] -- Up-to-date: /workspace/bumperbot_ws/install/bumperbot_mapping/share/bumperbot_mapping/maps
[0.892s] -- Up-to-date: /workspace/bumperbot_ws/install/bumperbot_mapping/share/bumperbot_mapping/maps/small_house
[0.892s] -- Up-to-date: /workspace/bumperbot_ws/install/bumperbot_mapping/share/bumperbot_mapping/maps/small_house/map.pgm
[0.892s] -- Up-to-date: /workspace/bumperbot_ws/install/bumperbot_mapping/share/bumperbot_mapping/maps/small_house/map.yaml
[0.892s] -- Up-to-date: /workspace/bumperbot_ws/install/bumperbot_mapping/share/bumperbot_mapping/maps/small_warehouse
[0.892s] -- Up-to-date: /workspace/bumperbot_ws/install/bumperbot_mapping/share/bumperbot_mapping/maps/small_warehouse/map.pgm
[0.893s] -- Up-to-date: /workspace/bumperbot_ws/install/bumperbot_mapping/share/bumperbot_mapping/maps/small_warehouse/map.yaml
[0.893s] -- Up-to-date: /workspace/bumperbot_ws/install/bumperbot_mapping/share/bumperbot_mapping/rviz
[0.893s] -- Up-to-date: /workspace/bumperbot_ws/install/bumperbot_mapping/share/bumperbot_mapping/rviz/slam.rviz
[0.893s] -- Up-to-date: /workspace/bumperbot_ws/install/bumperbot_mapping/lib/bumperbot_mapping/mapping_with_known_poses.py
[0.893s] -- Up-to-date: /workspace/bumperbot_ws/install/bumperbot_mapping/share/ament_index/resource_index/package_run_dependencies/bumperbot_mapping
[0.893s] -- Up-to-date: /workspace/bumperbot_ws/install/bumperbot_mapping/share/ament_index/resource_index/parent_prefix_path/bumperbot_mapping
[0.894s] -- Up-to-date: /workspace/bumperbot_ws/install/bumperbot_mapping/share/bumperbot_mapping/environment/ament_prefix_path.sh
[0.894s] -- Up-to-date: /workspace/bumperbot_ws/install/bumperbot_mapping/share/bumperbot_mapping/environment/ament_prefix_path.dsv
[0.894s] -- Up-to-date: /workspace/bumperbot_ws/install/bumperbot_mapping/share/bumperbot_mapping/environment/path.sh
[0.894s] -- Up-to-date: /workspace/bumperbot_ws/install/bumperbot_mapping/share/bumperbot_mapping/environment/path.dsv
[0.894s] -- Up-to-date: /workspace/bumperbot_ws/install/bumperbot_mapping/share/bumperbot_mapping/local_setup.bash
[0.894s] -- Up-to-date: /workspace/bumperbot_ws/install/bumperbot_mapping/share/bumperbot_mapping/local_setup.sh
[0.895s] -- Up-to-date: /workspace/bumperbot_ws/install/bumperbot_mapping/share/bumperbot_mapping/local_setup.zsh
[0.895s] -- Up-to-date: /workspace/bumperbot_ws/install/bumperbot_mapping/share/bumperbot_mapping/local_setup.dsv
[0.895s] -- Installing: /workspace/bumperbot_ws/install/bumperbot_mapping/share/bumperbot_mapping/package.dsv
[0.895s] -- Up-to-date: /workspace/bumperbot_ws/install/bumperbot_mapping/share/ament_index/resource_index/packages/bumperbot_mapping
[0.895s] -- Up-to-date: /workspace/bumperbot_ws/install/bumperbot_mapping/share/bumperbot_mapping/cmake/bumperbot_mappingConfig.cmake
[0.895s] -- Up-to-date: /workspace/bumperbot_ws/install/bumperbot_mapping/share/bumperbot_mapping/cmake/bumperbot_mappingConfig-version.cmake
[0.896s] -- Up-to-date: /workspace/bumperbot_ws/install/bumperbot_mapping/share/bumperbot_mapping/package.xml
[0.899s] Invoked command in '/workspace/bumperbot_ws/build/bumperbot_mapping' returned '0': CMAKE_PREFIX_PATH=/opt/ros/humble /usr/bin/cmake --install /workspace/bumperbot_ws/build/bumperbot_mapping
